#
# There is insufficient memory for the Java Runtime Environment to continue.
# Native memory allocation (malloc) failed to allocate 1040656 bytes for Chunk::new
# Possible reasons:
#   The system is out of physical RAM or swap space
#   The process is running with CompressedOops enabled, and the Java Heap may be blocking the growth of the native heap
# Possible solutions:
#   Reduce memory load on the system
#   Increase physical memory or swap space
#   Check if swap backing store is full
#   Decrease Java heap size (-Xmx/-Xms)
#   Decrease number of Java threads
#   Decrease Java thread stack sizes (-Xss)
#   Set larger code cache with -XX:ReservedCodeCacheSize=
#   JVM is running with Zero Based Compressed Oops mode in which the Java heap is
#     placed in the first 32GB address space. The Java Heap base address is the
#     maximum limit for the native heap growth. Please use -XX:HeapBaseMinAddress
#     to set the Java Heap base and to place the Java Heap above 32GB virtual address.
# This output file may be truncated or incomplete.
#
#  Out of Memory Error (allocation.cpp:389), pid=53740, tid=0x000000000000551c
#
# JRE version: OpenJDK Runtime Environment (8.0_292-b10) (build 1.8.0_292-b10)
# Java VM: OpenJDK 64-Bit Server VM (25.292-b10 mixed mode windows-amd64 compressed oops)
# Failed to write core dump. Minidumps are not enabled by default on client versions of Windows
#

---------------  T H R E A D  ---------------

Current thread (0x0000025c7558d800):  JavaThread "C2 CompilerThread0" daemon [_thread_in_native, id=21788, stack(0x000000669cf00000,0x000000669d000000)]

Stack: [0x000000669cf00000,0x000000669d000000]
[error occurred during error reporting (printing stack bounds), id 0xc0000005]

Native frames: (J=compiled Java code, j=interpreted, Vv=VM code, C=native code)


Current CompileTask:
C2:  23312 12306       4       net.minecraft.client.gui.fonts.FontResourceManager$1::lambda$prepare$2 (52 bytes)


---------------  P R O C E S S  ---------------

Java Threads: ( => current thread )
  0x0000025c12d96000 JavaThread "Forge Version Check" daemon [_thread_in_native, id=49292, stack(0x000000669fc00000,0x000000669fd00000)]
  0x0000025c12d95000 JavaThread "Worker-Main-14" daemon [_thread_blocked, id=48912, stack(0x000000669fb00000,0x000000669fc00000)]
  0x0000025c111ad800 JavaThread "Worker-Main-13" daemon [_thread_in_Java, id=59456, stack(0x000000669fa00000,0x000000669fb00000)]
  0x0000025c19f1f800 JavaThread "Worker-Main-12" daemon [_thread_blocked, id=61532, stack(0x000000669f900000,0x000000669fa00000)]
  0x0000025c19f1e000 JavaThread "Worker-Main-11" daemon [_thread_blocked, id=70084, stack(0x000000669f800000,0x000000669f900000)]
  0x0000025c19f1d000 JavaThread "Worker-Main-10" daemon [_thread_blocked, id=47240, stack(0x000000669f700000,0x000000669f800000)]
  0x0000025c19f1c800 JavaThread "Worker-Main-9" daemon [_thread_blocked, id=61096, stack(0x000000669f600000,0x000000669f700000)]
  0x0000025c19f1e800 JavaThread "Worker-Main-8" daemon [_thread_in_vm, id=45124, stack(0x000000669f500000,0x000000669f600000)]
  0x0000025c19f1a000 JavaThread "Narrator" [_thread_blocked, id=51356, stack(0x000000669f400000,0x000000669f500000)]
  0x0000025c19f14800 JavaThread "Sound engine" daemon [_thread_blocked, id=60504, stack(0x000000669f300000,0x000000669f400000)]
  0x0000025c19f1b800 JavaThread "modloading-worker-6" daemon [_thread_blocked, id=61684, stack(0x000000669f200000,0x000000669f300000)]
  0x0000025c19f1a800 JavaThread "modloading-worker-13" daemon [_thread_blocked, id=48372, stack(0x000000669f100000,0x000000669f200000)]
  0x0000025c19f16000 JavaThread "modloading-worker-4" daemon [_thread_blocked, id=23104, stack(0x000000669e200000,0x000000669e300000)]
  0x0000025c19f15000 JavaThread "modloading-worker-11" daemon [_thread_blocked, id=13124, stack(0x000000669e100000,0x000000669e200000)]
  0x0000025c19f19000 JavaThread "modloading-worker-2" daemon [_thread_blocked, id=36740, stack(0x000000669e000000,0x000000669e100000)]
  0x0000025c19f13800 JavaThread "modloading-worker-9" daemon [_thread_blocked, id=67232, stack(0x000000669df00000,0x000000669e000000)]
  0x0000025c19f10800 JavaThread "Keep-Alive-Timer" daemon [_thread_blocked, id=55928, stack(0x000000669f000000,0x000000669f100000)]
  0x0000025c19f11800 JavaThread "Snooper Timer" daemon [_thread_blocked, id=54188, stack(0x000000669ec00000,0x000000669ed00000)]
  0x0000025c111b3000 JavaThread "Timer hack thread" daemon [_thread_blocked, id=38300, stack(0x000000669e400000,0x000000669e500000)]
  0x0000025c111b0800 JavaThread "Worker-Bootstrap-7" daemon [_thread_in_Java, id=61828, stack(0x000000669eb00000,0x000000669ec00000)]
  0x0000025c111af000 JavaThread "Worker-Bootstrap-6" daemon [_thread_in_Java, id=45720, stack(0x000000669ea00000,0x000000669eb00000)]
  0x0000025c111af800 JavaThread "Worker-Bootstrap-5" daemon [_thread_in_Java, id=70512, stack(0x000000669e900000,0x000000669ea00000)]
  0x0000025c111ae000 JavaThread "Worker-Bootstrap-4" daemon [_thread_in_Java, id=60528, stack(0x000000669e800000,0x000000669e900000)]
  0x0000025c111ac800 JavaThread "Worker-Bootstrap-3" daemon [_thread_in_Java, id=25820, stack(0x000000669e700000,0x000000669e800000)]
  0x0000025c111b1800 JavaThread "Worker-Bootstrap-2" daemon [_thread_in_Java, id=70080, stack(0x000000669e600000,0x000000669e700000)]
  0x0000025c111ac000 JavaThread "Worker-Bootstrap-1" daemon [_thread_in_Java, id=69684, stack(0x000000669e500000,0x000000669e600000)]
  0x0000025c77eaf800 JavaThread "Thread-2" daemon [_thread_in_native, id=64644, stack(0x000000669d700000,0x000000669d800000)]
  0x0000025c764fc000 JavaThread "Thread-1" daemon [_thread_blocked, id=53584, stack(0x000000669d600000,0x000000669d700000)]
  0x0000025c77eb3000 JavaThread "ForkJoinPool.commonPool-worker-9" daemon [_thread_blocked, id=15436, stack(0x000000669d500000,0x000000669d600000)]
  0x0000025c7562a800 JavaThread "Service Thread" daemon [_thread_blocked, id=62580, stack(0x000000669d300000,0x000000669d400000)]
  0x0000025c7559c000 JavaThread "C1 CompilerThread3" daemon [_thread_blocked, id=41484, stack(0x000000669d200000,0x000000669d300000)]
  0x0000025c7558f000 JavaThread "C2 CompilerThread2" daemon [_thread_in_native, id=67112, stack(0x000000669d100000,0x000000669d200000)]
  0x0000025c7558e800 JavaThread "C2 CompilerThread1" daemon [_thread_in_native, id=67308, stack(0x000000669d000000,0x000000669d100000)]
=>0x0000025c7558d800 JavaThread "C2 CompilerThread0" daemon [_thread_in_native, id=21788, stack(0x000000669cf00000,0x000000669d000000)]
  0x0000025c7509d800 JavaThread "JDWP Command Reader" daemon [_thread_in_native, id=44404, stack(0x000000669ce00000,0x000000669cf00000)]
  0x0000025c75098800 JavaThread "JDWP Event Helper Thread" daemon [_thread_blocked, id=62876, stack(0x000000669cd00000,0x000000669ce00000)]
  0x0000025c75084800 JavaThread "JDWP Transport Listener: dt_socket" daemon [_thread_blocked, id=17896, stack(0x000000669cc00000,0x000000669cd00000)]
  0x0000025c72d47800 JavaThread "Attach Listener" daemon [_thread_blocked, id=30840, stack(0x000000669cb00000,0x000000669cc00000)]
  0x0000025c72d46800 JavaThread "Signal Dispatcher" daemon [_thread_blocked, id=63524, stack(0x000000669ca00000,0x000000669cb00000)]
  0x0000025c72d28800 JavaThread "Finalizer" daemon [_thread_blocked, id=66968, stack(0x000000669c900000,0x000000669ca00000)]
  0x0000025c5e85c000 JavaThread "Reference Handler" daemon [_thread_blocked, id=60056, stack(0x000000669c800000,0x000000669c900000)]
  0x0000025c5e7ba800 JavaThread "Render thread" [_thread_in_native, id=63680, stack(0x000000669bc00000,0x000000669bd00000)]

Other Threads:
  0x0000025c72d03000 VMThread [stack: 0x000000669c700000,0x000000669c800000] [id=38128]
  0x0000025c7562d800 WatcherThread [stack: 0x000000669d400000,0x000000669d500000] [id=66696]

VM state:not at safepoint (normal execution)

VM Mutex/Monitor currently owned by a thread: None

heap address: 0x00000005c1a00000, size: 8166 MB, Compressed Oops mode: Zero based, Oop shift amount: 3
Narrow klass base: 0x0000000000000000, Narrow klass shift: 3
Compressed class space size: 1073741824 Address: 0x00000007c0000000

Heap:
 PSYoungGen      total 2718720K, used 1331064K [0x0000000715e00000, 0x00000007c0000000, 0x00000007c0000000)
  eden space 2664448K, 47% used [0x0000000715e00000,0x0000000763cdfd90,0x00000007b8800000)
  from space 54272K, 99% used [0x00000007b8800000,0x00000007bbcfe400,0x00000007bbd00000)
  to   space 67584K, 0% used [0x00000007bbe00000,0x00000007bbe00000,0x00000007c0000000)
 ParOldGen       total 491520K, used 206615K [0x00000005c1a00000, 0x00000005dfa00000, 0x0000000715e00000)
  object space 491520K, 42% used [0x00000005c1a00000,0x00000005ce3c5fa0,0x00000005dfa00000)
 Metaspace       used 87191K, capacity 96122K, committed 96408K, reserved 1130496K
  class space    used 12960K, capacity 15736K, committed 15784K, reserved 1048576K

Card table byte_map: [0x0000025c6f520000,0x0000025c70520000] byte_map_base: 0x0000025c6c713000

Marking Bits: (ParMarkBitMap*) 0x0000000077d3f7f0
 Begin Bits: [0x0000025c00000000, 0x0000025c07f98000)
 End Bits:   [0x0000025c07f98000, 0x0000025c0ff30000)

Polling page: 0x0000025c5e750000

CodeCache: size=245760Kb used=29381Kb max_used=29381Kb free=216378Kb
 bounds [0x0000025c60160000, 0x0000025c61e40000, 0x0000025c6f160000]
 total_blobs=10685 nmethods=9074 adapters=1530
 compilation: enabled

Compilation events (10 events):
Event: 23.293 Thread 0x0000025c7559c000 12353       3       com.mojang.blaze3d.systems.RenderSystem$$Lambda$3072/823775087::get (7 bytes)
Event: 23.293 Thread 0x0000025c7559c000 nmethod 12353 0x0000025c61e13590 code [0x0000025c61e13700, 0x0000025c61e13938]
Event: 23.293 Thread 0x0000025c7559c000 12354       3       com.mojang.blaze3d.platform.GlStateManager::scalef (15 bytes)
Event: 23.293 Thread 0x0000025c7559c000 nmethod 12354 0x0000025c61e0ea10 code [0x0000025c61e0ec00, 0x0000025c61e0f400]
Event: 23.293 Thread 0x0000025c7559c000 12355       3       com.mojang.blaze3d.platform.GlStateManager$$Lambda$3073/1841945133::get (7 bytes)
Event: 23.293 Thread 0x0000025c7559c000 nmethod 12355 0x0000025c61e0e4d0 code [0x0000025c61e0e640, 0x0000025c61e0e938]
Event: 23.293 Thread 0x0000025c7559c000 12356       3       net.minecraftforge.fml.client.EarlyLoaderGUI::renderMessage (125 bytes)
Event: 23.300 Thread 0x0000025c7559c000 nmethod 12356 0x0000025c61e25510 code [0x0000025c61e26340, 0x0000025c61e2f280]
Event: 23.300 Thread 0x0000025c7559c000 12357       3       com.mojang.blaze3d.systems.RenderSystem::disableCull (12 bytes)
Event: 23.301 Thread 0x0000025c7559c000 nmethod 12357 0x0000025c61e359d0 code [0x0000025c61e35c40, 0x0000025c61e36a10]

GC Heap History (10 events):
Event: 20.421 GC heap before
{Heap before GC invocations=36 (full 3):
 PSYoungGen      total 2732032K, used 2714904K [0x0000000715e00000, 0x00000007c0000000, 0x00000007c0000000)
  eden space 2679808K, 100% used [0x0000000715e00000,0x00000007b9700000,0x00000007b9700000)
  from space 52224K, 67% used [0x00000007bcd00000,0x00000007bef46030,0x00000007c0000000)
  to   space 53760K, 0% used [0x00000007b9700000,0x00000007b9700000,0x00000007bcb80000)
 ParOldGen       total 491520K, used 189021K [0x00000005c1a00000, 0x00000005dfa00000, 0x0000000715e00000)
  object space 491520K, 38% used [0x00000005c1a00000,0x00000005cd297430,0x00000005dfa00000)
 Metaspace       used 81014K, capacity 88934K, committed 89112K, reserved 1124352K
  class space    used 12125K, capacity 14632K, committed 14632K, reserved 1048576K
Event: 20.434 GC heap after
Heap after GC invocations=36 (full 3):
 PSYoungGen      total 2718720K, used 38751K [0x0000000715e00000, 0x00000007c0000000, 0x00000007c0000000)
  eden space 2679808K, 0% used [0x0000000715e00000,0x0000000715e00000,0x00000007b9700000)
  from space 38912K, 99% used [0x00000007b9700000,0x00000007bbcd7e60,0x00000007bbd00000)
  to   space 56320K, 0% used [0x00000007bc900000,0x00000007bc900000,0x00000007c0000000)
 ParOldGen       total 491520K, used 189669K [0x00000005c1a00000, 0x00000005dfa00000, 0x0000000715e00000)
  object space 491520K, 38% used [0x00000005c1a00000,0x00000005cd3395b0,0x00000005dfa00000)
 Metaspace       used 81014K, capacity 88934K, committed 89112K, reserved 1124352K
  class space    used 12125K, capacity 14632K, committed 14632K, reserved 1048576K
}
Event: 20.912 GC heap before
{Heap before GC invocations=37 (full 3):
 PSYoungGen      total 2718720K, used 2718559K [0x0000000715e00000, 0x00000007c0000000, 0x00000007c0000000)
  eden space 2679808K, 100% used [0x0000000715e00000,0x00000007b9700000,0x00000007b9700000)
  from space 38912K, 99% used [0x00000007b9700000,0x00000007bbcd7e60,0x00000007bbd00000)
  to   space 56320K, 0% used [0x00000007bc900000,0x00000007bc900000,0x00000007c0000000)
 ParOldGen       total 491520K, used 189669K [0x00000005c1a00000, 0x00000005dfa00000, 0x0000000715e00000)
  object space 491520K, 38% used [0x00000005c1a00000,0x00000005cd3395b0,0x00000005dfa00000)
 Metaspace       used 82042K, capacity 90152K, committed 90392K, reserved 1124352K
  class space    used 12285K, capacity 14843K, committed 14888K, reserved 1048576K
Event: 20.925 GC heap after
Heap after GC invocations=37 (full 3):
 PSYoungGen      total 2723840K, used 41843K [0x0000000715e00000, 0x00000007c0000000, 0x00000007c0000000)
  eden space 2667520K, 0% used [0x0000000715e00000,0x0000000715e00000,0x00000007b8b00000)
  from space 56320K, 74% used [0x00000007bc900000,0x00000007bf1dcf00,0x00000007c0000000)
  to   space 59904K, 0% used [0x00000007b8b00000,0x00000007b8b00000,0x00000007bc580000)
 ParOldGen       total 491520K, used 190153K [0x00000005c1a00000, 0x00000005dfa00000, 0x0000000715e00000)
  object space 491520K, 38% used [0x00000005c1a00000,0x00000005cd3b27c8,0x00000005dfa00000)
 Metaspace       used 82042K, capacity 90152K, committed 90392K, reserved 1124352K
  class space    used 12285K, capacity 14843K, committed 14888K, reserved 1048576K
}
Event: 21.452 GC heap before
{Heap before GC invocations=38 (full 3):
 PSYoungGen      total 2723840K, used 2709363K [0x0000000715e00000, 0x00000007c0000000, 0x00000007c0000000)
  eden space 2667520K, 100% used [0x0000000715e00000,0x00000007b8b00000,0x00000007b8b00000)
  from space 56320K, 74% used [0x00000007bc900000,0x00000007bf1dcf00,0x00000007c0000000)
  to   space 59904K, 0% used [0x00000007b8b00000,0x00000007b8b00000,0x00000007bc580000)
 ParOldGen       total 491520K, used 190153K [0x00000005c1a00000, 0x00000005dfa00000, 0x0000000715e00000)
  object space 491520K, 38% used [0x00000005c1a00000,0x00000005cd3b27c8,0x00000005dfa00000)
 Metaspace       used 83716K, capacity 92248K, committed 92312K, reserved 1126400K
  class space    used 12591K, capacity 15249K, committed 15272K, reserved 1048576K
Event: 21.471 GC heap after
Heap after GC invocations=38 (full 3):
 PSYoungGen      total 2727424K, used 33053K [0x0000000715e00000, 0x00000007c0000000, 0x00000007c0000000)
  eden space 2667520K, 0% used [0x0000000715e00000,0x0000000715e00000,0x00000007b8b00000)
  from space 59904K, 55% used [0x00000007b8b00000,0x00000007bab47420,0x00000007bc580000)
  to   space 58880K, 0% used [0x00000007bc680000,0x00000007bc680000,0x00000007c0000000)
 ParOldGen       total 491520K, used 201986K [0x00000005c1a00000, 0x00000005dfa00000, 0x0000000715e00000)
  object space 491520K, 41% used [0x00000005c1a00000,0x00000005cdf408c8,0x00000005dfa00000)
 Metaspace       used 83716K, capacity 92248K, committed 92312K, reserved 1126400K
  class space    used 12591K, capacity 15249K, committed 15272K, reserved 1048576K
}
Event: 22.230 GC heap before
{Heap before GC invocations=39 (full 3):
 PSYoungGen      total 2727424K, used 2700573K [0x0000000715e00000, 0x00000007c0000000, 0x00000007c0000000)
  eden space 2667520K, 100% used [0x0000000715e00000,0x00000007b8b00000,0x00000007b8b00000)
  from space 59904K, 55% used [0x00000007b8b00000,0x00000007bab47420,0x00000007bc580000)
  to   space 58880K, 0% used [0x00000007bc680000,0x00000007bc680000,0x00000007c0000000)
 ParOldGen       total 491520K, used 201986K [0x00000005c1a00000, 0x00000005dfa00000, 0x0000000715e00000)
  object space 491520K, 41% used [0x00000005c1a00000,0x00000005cdf408c8,0x00000005dfa00000)
 Metaspace       used 85488K, capacity 94114K, committed 94360K, reserved 1128448K
  class space    used 12758K, capacity 15478K, committed 15528K, reserved 1048576K
Event: 22.251 GC heap after
Heap after GC invocations=39 (full 3):
 PSYoungGen      total 2723328K, used 42503K [0x0000000715e00000, 0x00000007c0000000, 0x00000007c0000000)
  eden space 2664448K, 0% used [0x0000000715e00000,0x0000000715e00000,0x00000007b8800000)
  from space 58880K, 72% used [0x00000007bc680000,0x00000007bf001f88,0x00000007c0000000)
  to   space 61440K, 0% used [0x00000007b8800000,0x00000007b8800000,0x00000007bc400000)
 ParOldGen       total 491520K, used 206073K [0x00000005c1a00000, 0x00000005dfa00000, 0x0000000715e00000)
  object space 491520K, 41% used [0x00000005c1a00000,0x00000005ce33e660,0x00000005dfa00000)
 Metaspace       used 85488K, capacity 94114K, committed 94360K, reserved 1128448K
  class space    used 12758K, capacity 15478K, committed 15528K, reserved 1048576K
}
Event: 23.011 GC heap before
{Heap before GC invocations=40 (full 3):
 PSYoungGen      total 2723328K, used 2706951K [0x0000000715e00000, 0x00000007c0000000, 0x00000007c0000000)
  eden space 2664448K, 100% used [0x0000000715e00000,0x00000007b8800000,0x00000007b8800000)
  from space 58880K, 72% used [0x00000007bc680000,0x00000007bf001f88,0x00000007c0000000)
  to   space 61440K, 0% used [0x00000007b8800000,0x00000007b8800000,0x00000007bc400000)
 ParOldGen       total 491520K, used 206073K [0x00000005c1a00000, 0x00000005dfa00000, 0x0000000715e00000)
  object space 491520K, 41% used [0x00000005c1a00000,0x00000005ce33e660,0x00000005dfa00000)
 Metaspace       used 87148K, capacity 96052K, committed 96152K, reserved 1130496K
  class space    used 12959K, capacity 15735K, committed 15784K, reserved 1048576K
Event: 23.036 GC heap after
Heap after GC invocations=40 (full 3):
 PSYoungGen      total 2718720K, used 54265K [0x0000000715e00000, 0x00000007c0000000, 0x00000007c0000000)
  eden space 2664448K, 0% used [0x0000000715e00000,0x0000000715e00000,0x00000007b8800000)
  from space 54272K, 99% used [0x00000007b8800000,0x00000007bbcfe400,0x00000007bbd00000)
  to   space 67584K, 0% used [0x00000007bbe00000,0x00000007bbe00000,0x00000007c0000000)
 ParOldGen       total 491520K, used 206615K [0x00000005c1a00000, 0x00000005dfa00000, 0x0000000715e00000)
  object space 491520K, 42% used [0x00000005c1a00000,0x00000005ce3c5fa0,0x00000005dfa00000)
 Metaspace       used 87148K, capacity 96052K, committed 96152K, reserved 1130496K
  class space    used 12959K, capacity 15735K, committed 15784K, reserved 1048576K
}

Deoptimization events (10 events):
Event: 22.795 Thread 0x0000025c19f1e800 Uncommon trap: reason=speculate_class_check action=maybe_recompile pc=0x0000025c61d54c30 method=com.google.common.collect.SortedLists.binarySearch(Ljava/util/List;Ljava/lang/Object;Ljava/util/Comparator;Lcom/google/common/collect/SortedLists$KeyPresentBeh
Event: 22.814 Thread 0x0000025c12d96000 Uncommon trap: reason=class_check action=maybe_recompile pc=0x0000025c611ef930 method=java.util.Collections$UnmodifiableCollection.isEmpty()Z @ 4
Event: 22.864 Thread 0x0000025c19f1d000 Uncommon trap: reason=unstable_if action=reinterpret pc=0x0000025c6134e304 method=java.util.concurrent.CompletableFuture.postComplete()V @ 13
Event: 23.068 Thread 0x0000025c12d96000 Uncommon trap: reason=class_check action=maybe_recompile pc=0x0000025c611ef930 method=java.util.Collections$UnmodifiableCollection.isEmpty()Z @ 4
Event: 23.069 Thread 0x0000025c12d96000 Uncommon trap: reason=class_check action=maybe_recompile pc=0x0000025c611ef930 method=java.util.Collections$UnmodifiableCollection.isEmpty()Z @ 4
Event: 23.069 Thread 0x0000025c12d96000 Uncommon trap: reason=class_check action=maybe_recompile pc=0x0000025c611ef930 method=java.util.Collections$UnmodifiableCollection.isEmpty()Z @ 4
Event: 23.069 Thread 0x0000025c12d96000 Uncommon trap: reason=unstable_if action=reinterpret pc=0x0000025c6053b688 method=java.lang.String.indexOf([CII[CIII)I @ 27
Event: 23.080 Thread 0x0000025c12d96000 Uncommon trap: reason=bimorphic action=maybe_recompile pc=0x0000025c6137cadc method=sun.security.provider.DigestBase.engineUpdate([BII)V @ 128
Event: 23.080 Thread 0x0000025c12d96000 Uncommon trap: reason=bimorphic action=maybe_recompile pc=0x0000025c6137cadc method=sun.security.provider.DigestBase.engineUpdate([BII)V @ 128
Event: 23.080 Thread 0x0000025c12d96000 Uncommon trap: reason=bimorphic action=maybe_recompile pc=0x0000025c6137cadc method=sun.security.provider.DigestBase.engineUpdate([BII)V @ 128

Classes redefined (0 events):
No events

Internal exceptions (10 events):
Event: 23.308 Thread 0x0000025c19f1e800 Exception <a 'sun/nio/fs/WindowsException'> (0x00000007605eeb10) thrown at [C:\wsjdk\Corretto8Src\installers\windows\zip\corretto-build\buildRoot\src\hotspot\src\share\vm\prims\jni.cpp, line 711]
Event: 23.308 Thread 0x0000025c19f1e800 Exception <a 'sun/nio/fs/WindowsException'> (0x00000007605ef200) thrown at [C:\wsjdk\Corretto8Src\installers\windows\zip\corretto-build\buildRoot\src\hotspot\src\share\vm\prims\jni.cpp, line 711]
Event: 23.308 Thread 0x0000025c19f1e800 Exception <a 'sun/nio/fs/WindowsException'> (0x00000007605eff60) thrown at [C:\wsjdk\Corretto8Src\installers\windows\zip\corretto-build\buildRoot\src\hotspot\src\share\vm\prims\jni.cpp, line 711]
Event: 23.309 Thread 0x0000025c19f1e800 Exception <a 'sun/nio/fs/WindowsException'> (0x00000007605f0640) thrown at [C:\wsjdk\Corretto8Src\installers\windows\zip\corretto-build\buildRoot\src\hotspot\src\share\vm\prims\jni.cpp, line 711]
Event: 23.310 Thread 0x0000025c19f1e800 Exception <a 'sun/nio/fs/WindowsException'> (0x000000076060b448) thrown at [C:\wsjdk\Corretto8Src\installers\windows\zip\corretto-build\buildRoot\src\hotspot\src\share\vm\prims\jni.cpp, line 711]
Event: 23.310 Thread 0x0000025c19f1e800 Exception <a 'sun/nio/fs/WindowsException'> (0x000000076060bb28) thrown at [C:\wsjdk\Corretto8Src\installers\windows\zip\corretto-build\buildRoot\src\hotspot\src\share\vm\prims\jni.cpp, line 711]
Event: 23.310 Thread 0x0000025c19f1e800 Exception <a 'sun/nio/fs/WindowsException'> (0x000000076060cb60) thrown at [C:\wsjdk\Corretto8Src\installers\windows\zip\corretto-build\buildRoot\src\hotspot\src\share\vm\prims\jni.cpp, line 711]
Event: 23.310 Thread 0x0000025c19f1e800 Exception <a 'sun/nio/fs/WindowsException'> (0x000000076060d250) thrown at [C:\wsjdk\Corretto8Src\installers\windows\zip\corretto-build\buildRoot\src\hotspot\src\share\vm\prims\jni.cpp, line 711]
Event: 23.310 Thread 0x0000025c19f1e800 Exception <a 'sun/nio/fs/WindowsException'> (0x000000076060dfb0) thrown at [C:\wsjdk\Corretto8Src\installers\windows\zip\corretto-build\buildRoot\src\hotspot\src\share\vm\prims\jni.cpp, line 711]
Event: 23.310 Thread 0x0000025c19f1e800 Exception <a 'sun/nio/fs/WindowsException'> (0x000000076060e690) thrown at [C:\wsjdk\Corretto8Src\installers\windows\zip\corretto-build\buildRoot\src\hotspot\src\share\vm\prims\jni.cpp, line 711]

Events (10 events):
Event: 23.310 Thread 0x0000025c19f1e800 DEOPT PACKING pc=0x0000025c61a21efc sp=0x000000669f5fd9e0
Event: 23.310 Thread 0x0000025c19f1e800 DEOPT UNPACKING pc=0x0000025c601a75d8 sp=0x000000669f5fd738 mode 1
Event: 23.310 Thread 0x0000025c19f1e800 DEOPT PACKING pc=0x0000025c61db97a4 sp=0x000000669f5fdaa0
Event: 23.310 Thread 0x0000025c19f1e800 DEOPT UNPACKING pc=0x0000025c601a75d8 sp=0x000000669f5fd780 mode 1
Event: 23.310 Thread 0x0000025c19f1e800 DEOPT PACKING pc=0x0000025c60e74cf4 sp=0x000000669f5fdb00
Event: 23.310 Thread 0x0000025c19f1e800 DEOPT UNPACKING pc=0x0000025c601a75d8 sp=0x000000669f5fd708 mode 1
Event: 23.310 Thread 0x0000025c19f1e800 DEOPT PACKING pc=0x0000025c61821d0c sp=0x000000669f5fd8d0
Event: 23.310 Thread 0x0000025c19f1e800 DEOPT UNPACKING pc=0x0000025c601a75d8 sp=0x000000669f5fd648 mode 1
Event: 23.310 Thread 0x0000025c19f1e800 DEOPT PACKING pc=0x0000025c60f4ba60 sp=0x000000669f5fd980
Event: 23.310 Thread 0x0000025c19f1e800 DEOPT UNPACKING pc=0x0000025c601a75d8 sp=0x000000669f5fd6f8 mode 1


Dynamic libraries:
0x00007ff74e350000 - 0x00007ff74e38a000 	C:\Users\1zaia\.jdks\corretto-1.8.0_292\bin\java.exe
0x00007ff879960000 - 0x00007ff879b50000 	C:\Windows\SYSTEM32\ntdll.dll
0x00007ff878470000 - 0x00007ff878522000 	C:\Windows\System32\KERNEL32.DLL
0x00007ff8769d0000 - 0x00007ff876c75000 	C:\Windows\System32\KERNELBASE.dll
0x00007ff877ea0000 - 0x00007ff877f43000 	C:\Windows\System32\ADVAPI32.dll
0x00007ff878690000 - 0x00007ff87872e000 	C:\Windows\System32\msvcrt.dll
0x00007ff8783c0000 - 0x00007ff878457000 	C:\Windows\System32\sechost.dll
0x00007ff877a10000 - 0x00007ff877b2f000 	C:\Windows\System32\RPCRT4.dll
0x00007ff877be0000 - 0x00007ff877d74000 	C:\Windows\System32\USER32.dll
0x00007ff8778a0000 - 0x00007ff8778c1000 	C:\Windows\System32\win32u.dll
0x00007ff877e00000 - 0x00007ff877e26000 	C:\Windows\System32\GDI32.dll
0x00007ff877550000 - 0x00007ff8776e8000 	C:\Windows\System32\gdi32full.dll
0x00007ff8774b0000 - 0x00007ff87754e000 	C:\Windows\System32\msvcp_win.dll
0x00007ff8768d0000 - 0x00007ff8769ca000 	C:\Windows\System32\ucrtbase.dll
0x00007ff85d190000 - 0x00007ff85d414000 	C:\Windows\WinSxS\amd64_microsoft.windows.common-controls_6595b64144ccf1df_6.0.18362.1556_none_9e7e372fe45e41d5\COMCTL32.dll
0x00007ff877f50000 - 0x00007ff878286000 	C:\Windows\System32\combase.dll
0x00007ff877920000 - 0x00007ff8779a1000 	C:\Windows\System32\bcryptPrimitives.dll
0x00007ff879620000 - 0x00007ff87964e000 	C:\Windows\System32\IMM32.DLL
0x00007ff834d60000 - 0x00007ff834e4f000 	C:\Users\1zaia\.jdks\corretto-1.8.0_292\jre\bin\msvcr120.dll
0x00007ff83e7c0000 - 0x00007ff83e866000 	C:\Users\1zaia\.jdks\corretto-1.8.0_292\jre\bin\msvcp120.dll
0x0000000077550000 - 0x0000000077dbe000 	C:\Users\1zaia\.jdks\corretto-1.8.0_292\jre\bin\server\jvm.dll
0x00007ff879580000 - 0x00007ff879588000 	C:\Windows\System32\PSAPI.DLL
0x00007ff872c00000 - 0x00007ff872c24000 	C:\Windows\SYSTEM32\WINMM.dll
0x00007ff86fa30000 - 0x00007ff86fa3a000 	C:\Windows\SYSTEM32\VERSION.dll
0x00007ff872db0000 - 0x00007ff872db9000 	C:\Windows\SYSTEM32\WSOCK32.dll
0x00007ff879590000 - 0x00007ff8795ff000 	C:\Windows\System32\WS2_32.dll
0x00007ff872bd0000 - 0x00007ff872bfd000 	C:\Windows\SYSTEM32\WINMMBASE.dll
0x00007ff8778d0000 - 0x00007ff87791a000 	C:\Windows\System32\cfgmgr32.dll
0x00007ff866cb0000 - 0x00007ff866cbf000 	C:\Users\1zaia\.jdks\corretto-1.8.0_292\jre\bin\verify.dll
0x00007ff861480000 - 0x00007ff8614a9000 	C:\Users\1zaia\.jdks\corretto-1.8.0_292\jre\bin\java.dll
0x00007ff862e60000 - 0x00007ff862e95000 	C:\Users\1zaia\.jdks\corretto-1.8.0_292\jre\bin\jdwp.dll
0x00007ff8681f0000 - 0x00007ff8681f8000 	C:\Users\1zaia\.jdks\corretto-1.8.0_292\jre\bin\npt.dll
0x00007ff862de0000 - 0x00007ff862e0a000 	C:\Users\1zaia\.jdks\corretto-1.8.0_292\jre\bin\instrument.dll
0x00007ff862290000 - 0x00007ff8622a6000 	C:\Users\1zaia\.jdks\corretto-1.8.0_292\jre\bin\zip.dll
0x00007ff878c00000 - 0x00007ff8792e7000 	C:\Windows\System32\SHELL32.dll
0x00007ff879870000 - 0x00007ff879918000 	C:\Windows\System32\shcore.dll
0x00007ff876c80000 - 0x00007ff8773fb000 	C:\Windows\System32\windows.storage.dll
0x00007ff876820000 - 0x00007ff87683e000 	C:\Windows\System32\profapi.dll
0x00007ff876880000 - 0x00007ff8768ca000 	C:\Windows\System32\powrprof.dll
0x00007ff876810000 - 0x00007ff876820000 	C:\Windows\System32\UMPDC.dll
0x00007ff879660000 - 0x00007ff8796b2000 	C:\Windows\System32\shlwapi.dll
0x00007ff876860000 - 0x00007ff876871000 	C:\Windows\System32\kernel.appcore.dll
0x00007ff877880000 - 0x00007ff877897000 	C:\Windows\System32\cryptsp.dll
0x00007ff867d80000 - 0x00007ff867d89000 	C:\Users\1zaia\.jdks\corretto-1.8.0_292\jre\bin\dt_socket.dll
0x00007ff876050000 - 0x00007ff8760b7000 	C:\Windows\system32\mswsock.dll
0x00007ff866a10000 - 0x00007ff866a1d000 	C:\Users\1zaia\.jdks\corretto-1.8.0_292\jre\bin\management.dll
0x00007ff861be0000 - 0x00007ff861bfa000 	C:\Users\1zaia\.jdks\corretto-1.8.0_292\jre\bin\net.dll
0x00007ff84c0f0000 - 0x00007ff84c106000 	C:\Windows\system32\napinsp.dll
0x00007ff84bf80000 - 0x00007ff84bf9a000 	C:\Windows\system32\pnrpnsp.dll
0x00007ff8742a0000 - 0x00007ff8742bc000 	C:\Windows\system32\NLAapi.dll
0x00007ff875d60000 - 0x00007ff875d9a000 	C:\Windows\SYSTEM32\IPHLPAPI.DLL
0x00007ff875da0000 - 0x00007ff875e6b000 	C:\Windows\SYSTEM32\DNSAPI.dll
0x00007ff879650000 - 0x00007ff879658000 	C:\Windows\System32\NSI.dll
0x00007ff84c0e0000 - 0x00007ff84c0ee000 	C:\Windows\System32\winrnr.dll
0x00000000543d0000 - 0x00000000543f6000 	C:\Program Files\Bonjour\mdnsNSP.dll
0x00007ff8724f0000 - 0x00007ff872505000 	C:\Windows\system32\wshbth.dll
0x00007ff870c50000 - 0x00007ff870c5a000 	C:\Windows\System32\rasadhlp.dll
0x00007ff86f560000 - 0x00007ff86f5d7000 	C:\Windows\System32\fwpuclnt.dll
0x00007ff8776f0000 - 0x00007ff877716000 	C:\Windows\System32\bcrypt.dll
0x00007ff860be0000 - 0x00007ff860bf2000 	C:\Users\1zaia\.jdks\corretto-1.8.0_292\jre\bin\nio.dll
0x00007ff85c140000 - 0x00007ff85c163000 	C:\Users\1zaia\.jdks\corretto-1.8.0_292\jre\bin\sunec.dll
0x00007ff875bd0000 - 0x00007ff875c03000 	C:\Windows\system32\rsaenh.dll
0x00007ff876700000 - 0x00007ff876725000 	C:\Windows\SYSTEM32\USERENV.dll
0x00007ff876220000 - 0x00007ff87622c000 	C:\Windows\SYSTEM32\CRYPTBASE.dll
0x00007ff870200000 - 0x00007ff870216000 	C:\Windows\SYSTEM32\dhcpcsvc6.DLL
0x00007ff86f910000 - 0x00007ff86f92c000 	C:\Windows\SYSTEM32\dhcpcsvc.DLL
0x00007ff83e2e0000 - 0x00007ff83e352000 	C:\Users\1zaia\AppData\Local\Temp\lwjgl1zaia\3.2.2-build-10\lwjgl.dll
0x00007ff829e90000 - 0x00007ff82a0e1000 	C:\Users\1zaia\AppData\Local\Temp\lwjgl1zaia\3.2.2-build-10\jemalloc.dll
0x00007ff862560000 - 0x00007ff8625be000 	C:\Users\1zaia\AppData\Local\Temp\lwjgl1zaia\3.2.2-build-10\glfw.dll
0x00007ff874ab0000 - 0x00007ff874b49000 	C:\Windows\system32\uxtheme.dll
0x00007ff81d150000 - 0x00007ff81d193000 	C:\Windows\SYSTEM32\dinput8.dll
0x00007ff862ee0000 - 0x00007ff862ef1000 	C:\Windows\SYSTEM32\xinput1_4.dll
0x00007ff876600000 - 0x00007ff87662a000 	C:\Windows\SYSTEM32\DEVOBJ.dll
0x00007ff874f70000 - 0x00007ff874f9d000 	C:\Windows\SYSTEM32\dwmapi.dll
0x00007ff866210000 - 0x00007ff86632b000 	C:\Windows\SYSTEM32\inputhost.dll
0x00007ff870ed0000 - 0x00007ff8711fa000 	C:\Windows\SYSTEM32\CoreUIComponents.dll
0x00007ff874770000 - 0x00007ff874844000 	C:\Windows\SYSTEM32\CoreMessaging.dll
0x00007ff8725f0000 - 0x00007ff872742000 	C:\Windows\SYSTEM32\wintypes.dll
0x00007ff873160000 - 0x00007ff87324f000 	C:\Windows\SYSTEM32\PROPSYS.dll
0x00007ff8792f0000 - 0x00007ff8793b5000 	C:\Windows\System32\OLEAUT32.dll
0x00007ff875850000 - 0x00007ff875881000 	C:\Windows\SYSTEM32\ntmarta.dll
0x00007ff879440000 - 0x00007ff879575000 	C:\Windows\System32\MSCTF.dll
0x00007ff8753f0000 - 0x00007ff8753fe000 	C:\Windows\SYSTEM32\HID.DLL
0x00007ff878730000 - 0x00007ff878ba0000 	C:\Windows\System32\SETUPAPI.DLL
0x00007ff8779b0000 - 0x00007ff877a0c000 	C:\Windows\System32\WINTRUST.dll
0x00007ff876840000 - 0x00007ff876852000 	C:\Windows\System32\MSASN1.dll
0x00007ff877720000 - 0x00007ff877871000 	C:\Windows\System32\CRYPT32.dll
0x00007ff834720000 - 0x00007ff834876000 	C:\Windows\SYSTEM32\opengl32.dll
0x00007ff862790000 - 0x00007ff8627bc000 	C:\Windows\SYSTEM32\GLU32.dll
0x00007ff875450000 - 0x00007ff875470000 	C:\Windows\SYSTEM32\dxcore.dll
0x00007ff806f30000 - 0x00007ff80990e000 	C:\Windows\System32\DriverStore\FileRepository\nvhdci.inf_amd64_5b345abba51a5621\nvoglv64.dll
0x00007ff878530000 - 0x00007ff878687000 	C:\Windows\System32\ole32.dll
0x00007ff872300000 - 0x00007ff872313000 	C:\Windows\SYSTEM32\WTSAPI32.dll
0x00007ff86e6b0000 - 0x00007ff86e6df000 	C:\Windows\SYSTEM32\cryptnet.dll
0x00007ff84b610000 - 0x00007ff84b8d3000 	C:\Windows\system32\nvspcap64.dll
0x00007ff8758c0000 - 0x00007ff875916000 	C:\Windows\SYSTEM32\WINSTA.dll
0x00007ff838fd0000 - 0x00007ff83904f000 	C:\Users\1zaia\AppData\Local\Temp\lwjgl1zaia\3.2.2-build-10\lwjgl_stb.dll
0x00007ff8702d0000 - 0x00007ff87037e000 	C:\Windows\SYSTEM32\mscms.dll
0x00007ff871e20000 - 0x00007ff871e37000 	C:\Windows\SYSTEM32\ColorAdapterClient.dll
0x00007ff81d600000 - 0x00007ff81d643000 	C:\Windows\SYSTEM32\icm32.dll
0x00007ff868350000 - 0x00007ff8683eb000 	C:\Windows\System32\TextInputFramework.dll
0x00007ff866330000 - 0x00007ff8665d7000 	C:\Windows\System32\iertutil.dll
0x00007ff877b30000 - 0x00007ff877bd2000 	C:\Windows\System32\clbcatq.dll
0x00007ff86c010000 - 0x00007ff86c03a000 	C:\Windows\System32\Speech\SpeechUX\SpTip.dll
0x00007ff842600000 - 0x00007ff842658000 	C:\Users\1zaia\AppData\Local\Temp\lwjgl1zaia\3.2.2-build-10\lwjgl_opengl.dll
0x00007ff81caa0000 - 0x00007ff81cb29000 	D:\Overwolf\0.173.0.16\OWExplorer.dll
0x00007ff866730000 - 0x00007ff86673c000 	C:\Users\1zaia\.jdks\corretto-1.8.0_292\jre\bin\sunmscapi.dll
0x00007ff876330000 - 0x00007ff876356000 	C:\Windows\SYSTEM32\ncrypt.dll
0x00007ff8762f0000 - 0x00007ff87632b000 	C:\Windows\SYSTEM32\NTASN1.dll
0x00007ff8645b0000 - 0x00007ff864787000 	C:\Windows\system32\urlmon.dll
0x00007ff8498f0000 - 0x00007ff849932000 	C:\Users\1zaia\AppData\Local\Temp\jna-48983600\jna3682715278472665043.dll
0x00007ff864200000 - 0x00007ff86421a000 	C:\Users\1zaia\OneDrive\Documents\GitHub\MoreTimeCapsules-1.16\build\natives\SAPIWrapper_x64.dll
0x00007ff81d7e0000 - 0x00007ff81d960000 	C:\Windows\System32\Speech\Common\sapi.dll
0x00007ff868470000 - 0x00007ff86847b000 	C:\Windows\SYSTEM32\msdmo.dll
0x00007ff843c90000 - 0x00007ff843cac000 	C:\Windows\SYSTEM32\MSACM32.dll
0x00007ff870d60000 - 0x00007ff870dd2000 	C:\Windows\System32\MMDevApi.dll

VM Arguments:
jvm_args: -agentlib:jdwp=transport=dt_socket,address=127.0.0.1:60059,suspend=y,server=n -Dforge.logging.console.level=debug -Dforge.logging.markers=SCAN,REGISTRIES,REGISTRYDUMP -XX:HeapDumpPath=MojangTricksIntelDriversForPerformance_javaw.exe_minecraft.exe.heapdump -Dos.name=Windows 10 -Dos.version=10.0 -javaagent:C:\Users\1zaia\AppData\Local\JetBrains\IdeaIC2020.3\groovyHotSwap\gragent.jar -javaagent:C:\Users\1zaia\AppData\Local\JetBrains\IdeaIC2020.3\captureAgent\debugger-agent.jar -Dfile.encoding=UTF-8 
java_command: net.minecraftforge.userdev.LaunchTesting
java_class_path (initial): C:\Users\1zaia\.jdks\corretto-1.8.0_292\jre\lib\charsets.jar;C:\Users\1zaia\.jdks\corretto-1.8.0_292\jre\lib\ext\access-bridge-64.jar;C:\Users\1zaia\.jdks\corretto-1.8.0_292\jre\lib\ext\cldrdata.jar;C:\Users\1zaia\.jdks\corretto-1.8.0_292\jre\lib\ext\dnsns.jar;C:\Users\1zaia\.jdks\corretto-1.8.0_292\jre\lib\ext\jaccess.jar;C:\Users\1zaia\.jdks\corretto-1.8.0_292\jre\lib\ext\jfxrt.jar;C:\Users\1zaia\.jdks\corretto-1.8.0_292\jre\lib\ext\localedata.jar;C:\Users\1zaia\.jdks\corretto-1.8.0_292\jre\lib\ext\nashorn.jar;C:\Users\1zaia\.jdks\corretto-1.8.0_292\jre\lib\ext\sunec.jar;C:\Users\1zaia\.jdks\corretto-1.8.0_292\jre\lib\ext\sunjce_provider.jar;C:\Users\1zaia\.jdks\corretto-1.8.0_292\jre\lib\ext\sunmscapi.jar;C:\Users\1zaia\.jdks\corretto-1.8.0_292\jre\lib\ext\sunpkcs11.jar;C:\Users\1zaia\.jdks\corretto-1.8.0_292\jre\lib\ext\zipfs.jar;C:\Users\1zaia\.jdks\corretto-1.8.0_292\jre\lib\jce.jar;C:\Users\1zaia\.jdks\corretto-1.8.0_292\jre\lib\jfr.jar;C:\Users\1zaia\.jdks\corretto-1.8.0_292\jre\lib\jfxswt.jar;C:\Users\1zaia\.jdks\corretto-1.8.0_292\jre\lib\jsse.jar;C:\Users\1zaia\.jdks\corretto-1.8.0_292\jre\lib\management-agent.jar;C:\Users\1zaia\.jdks\corretto-1.8.0_292\jre\lib\resources.jar;C:\Users\1zaia\.jdks\corretto-1.8.0_292\jre\lib\rt.jar;C:\Users\1zaia\OneDrive\Documents\GitHub\MoreTimeCapsules-1.16\build\classes\java\main;C:\Users\1zaia\OneDrive\Documents\GitHub\MoreTimeCapsules-1.16\build\resources\main;C:\Users\1zaia\.gradle\caches\forge_gradle\deobf_dependencies\com\gitlab\Spectre0987\TardisMod-1-14\1.16-SNAPSHOT_mapped_snapshot_20201028-1.16.3\TardisMod-1-14-1.16-SNAPSHOT_mapped_snapshot_20201028-1.16.3.jar;C:\Users\1zaia\.gradle\caches\forge_gradle\minecraft_user_repo\net\minecraftforge\forge\1.16.5-36.1.32_mapped_snapshot_20201028-1.16.3\forge-1.16.5-36.1.32_mapped_snapshot_20201028-1.16.3-recomp.jar;C:\Users\1zaia\.gradle\caches\forge_gradle\minecraft_user_repo\net\minecraftforge\forge\1.16.5-36.1.32_mapped_snapshot_20201028-1.
Launcher Type: SUN_STANDARD

Environment Variables:
JAVA_HOME=C:\Program Files\AdoptOpenJDK\jdk-8.0.282.8-hotspot
PATH=C:\Program Files (x86)\Common Files\Oracle\Java\javapath;C:\Program Files (x86)\Razer Chroma SDK\bin;C:\Program Files\Razer Chroma SDK\bin;C:\Program Files (x86)\Common Files\Intel\Shared Libraries\redist\intel64_win\compiler;C:\Program Files (x86)\Razer\ChromaBroadcast\bin;C:\Program Files\Razer\ChromaBroadcast\bin;C:\windows\system32;C:\windows;C:\windows\System32\Wbem;C:\windows\System32\WindowsPowerShell\v1.0\;C:\windows\System32\OpenSSH\;C:\Program Files (x86)\Intel\Intel(R) Management Engine Components\DAL;C:\Program Files\Intel\Intel(R) Management Engine Components\DAL;C:\Program Files (x86)\Intel\Intel(R) Management Engine Components\IPT;C:\Program Files\Intel\Intel(R) Management Engine Components\IPT;C:\Windows\system32;C:\Windows;C:\Windows\System32\Wbem;C:\Windows\System32\WindowsPowerShell\v1.0\;C:\Windows\System32\OpenSSH\;C:\Windows\system32\config\systemprofile\AppData\Local\Microsoft\WindowsApps;D:\Program Files\nodejs\;C:\Program Files (x86)\NVIDIA Corporation\PhysX\Common;C:\Program Files\NVIDIA Corporation\NVIDIA NvDLISR;C:\Program Files\remoteit\resources\x64;C:\Program Files\Git\cmd;C:\Users\1zaia\AppData\Local\Microsoft\WindowsApps;C:\Users\1zaia\AppData\Roaming\npm;D:\Users\1zaia\AppData\Local\Programs\Microsoft VS Code\bin;C:\Users\1zaia\spicetify-cli;D:\Program Files\JetBrains\IntelliJ IDEA Community Edition 2020.3.3\bin;;C:\Users\1zaia\AppData\Local\GitHubDesktop\bin
USERNAME=1zaia
OS=Windows_NT
PROCESSOR_IDENTIFIER=Intel64 Family 6 Model 158 Stepping 10, GenuineIntel



---------------  S Y S T E M  ---------------

OS: Windows 10.0 , 64 bit Build 18362 (10.0.18362.1500)

CPU:total 12 (initial active 12) (6 cores per cpu, 2 threads per core) family 6 model 158 stepping 10, cmov, cx8, fxsr, mmx, sse, sse2, sse3, ssse3, sse4.1, sse4.2, popcnt, avx, avx2, aes, clmul, erms, rtm, 3dnowpref, lzcnt, ht, tsc, tscinvbit, bmi1, bmi2, adx

Memory: 4k page, physical 33443044k(17096668k free), swap 135843044k(9516k free)

vm_info: OpenJDK 64-Bit Server VM (25.292-b10) for windows-amd64 JRE (1.8.0_292-b10), built on Apr 14 2021 23:06:53 by "Administrator" with MS VC++ 12.0 (VS2013)

time: Fri Jul 02 04:11:21 2021
timezone: Arab Standard Time
elapsed time: 23.331880 seconds (0d 0h 0m 23s)

