#
# A fatal error has been detected by the Java Runtime Environment:
#
#  EXCEPTION_ACCESS_VIOLATION (0xc0000005) at pc=0x00000007bfaea2fd, pid=35576, tid=0x0000000000008818
#
# JRE version: OpenJDK Runtime Environment (8.0_292-b10) (build 1.8.0_292-b10)
# Java VM: OpenJDK 64-Bit Server VM (25.292-b10 mixed mode windows-amd64 compressed oops)
# Problematic frame:
# C  0x00000007bfaea2fd
#
# Failed to write core dump. Minidumps are not enabled by default on client versions of Windows
#
# If you would like to submit a bug report, please visit:
#   https://github.com/corretto/corretto-8/issues/
#

---------------  T H R E A D  ---------------

Current thread (0x0000021bc5fd0800):  GCTaskThread [stack: 0x0000004530700000,0x0000004530800000] [id=34840]

siginfo: ExceptionCode=0xc0000005, ExceptionInformation=0x0000000000000008 0x00000007bfaea2fd

Registers:
RAX=0x00000007bfaea2fd, RBX=0x0000021bc6018360, RCX=0x0000000000000000, RDX=0x0000021bec361c68
RSP=0x00000045307ff5b0, RBP=0x0000021bc5f9f190, RSI=0x0000021bea560880, RDI=0x0000021bea560880
R8 =0x000000000001cb85, R9 =0x000000000000000a, R10=0x0000000000000000, R11=0x00000045307ff580
R12=0x0000021bc5fc0110, R13=0x00000007bfaea2fd, R14=0x000000006ff3ad1c, R15=0x00000007bfaea2e0
RIP=0x00000007bfaea2fd, EFLAGS=0x0000000000010246

Top of Stack: (sp=0x00000045307ff5b0)
0x00000045307ff5b0:   0000021bc6018360 0000021bc5f9f190
0x00000045307ff5c0:   0000021bea560880 000000006fc5251e
0x00000045307ff5d0:   0000000000000000 0000021bc5fd0f00
0x00000045307ff5e0:   0000000000000005 00000007c00063e8
0x00000045307ff5f0:   0000021bc5fc0110 0000021bea560920
0x00000045307ff600:   0000000000000000 0000021bc5fd0f01
0x00000045307ff610:   003971750001cb84 000000006ff3a830
0x00000045307ff620:   00000007bfaea2d4 00000045307ff6c0
0x00000045307ff630:   0000021bea560880 000000006ff3ad1c
0x00000045307ff640:   00000007bfaea2d4 000000006ff3b75a
0x00000045307ff650:   0000021bea560880 00000007bfaea02d
0x00000045307ff660:   0000021bc00000bb 0000000000000000
0x00000045307ff670:   003971750001cb84 00007ffad113cf88
0x00000045307ff680:   0032617300016766 003971750001cb84
0x00000045307ff690:   00000045307ff720 003971740001cb84
0x00000045307ff6a0:   0000021bc5fc0110 000000007018d988 

Instructions: (pc=0x00000007bfaea2fd)
0x00000007bfaea2dd:   7d f5 f7 0d 00 00 00 00 00 00 00 7d 0c 00 f8 ca
0x00000007bfaea2ed:   94 37 f6 1a 5c 34 b8 00 00 00 00 57 d4 f5 f7 17
0x00000007bfaea2fd:   9b f5 f7 57 d4 f5 f7 04 c4 f5 f7 1a 5c 34 b8 5f
0x00000007bfaea30d:   d4 f5 f7 00 00 00 00 5f d4 f5 f7 5f d4 f5 f7 8e 


Register to memory mapping:

RAX=0x00000007bfaea2fd is an unknown value
RBX=0x0000021bc6018360 is an unknown value
RCX=0x0000000000000000 is an unknown value
RDX=0x0000021bec361c68 is an unknown value
RSP=0x00000045307ff5b0 is an unknown value
RBP=0x0000021bc5f9f190 is an unknown value
RSI=0x0000021bea560880 is an unknown value
RDI=0x0000021bea560880 is an unknown value
R8 =0x000000000001cb85 is an unknown value
R9 =0x000000000000000a is an unknown value
R10=0x0000000000000000 is an unknown value
R11=0x00000045307ff580 is an unknown value
R12=0x0000021bc5fc0110 is an unknown value
R13=0x00000007bfaea2fd is an unknown value
R14=0x000000006ff3ad1c is an unknown value
R15=0x00000007bfaea2e0 is an oop
sun.misc.Cleaner 
 - klass: 'sun/misc/Cleaner'


Stack: [0x0000004530700000,0x0000004530800000],  sp=0x00000045307ff5b0,  free space=1021k
Native frames: (J=compiled Java code, j=interpreted, Vv=VM code, C=native code)
C  0x00000007bfaea2fd


---------------  P R O C E S S  ---------------

Java Threads: ( => current thread )
  0x0000021bed8b6800 JavaThread "Sound engine" daemon [_thread_blocked, id=27620, stack(0x0000004532500000,0x0000004532600000)]
  0x0000021babd62000 JavaThread "Netty Server IO #1" daemon [_thread_in_native, id=33428, stack(0x0000004534b00000,0x0000004534c00000)]
  0x0000021babd61000 JavaThread "Netty Local Client IO #0" daemon [_thread_blocked, id=34680, stack(0x0000004534a00000,0x0000004534b00000)]
  0x0000021babd60800 JavaThread "Netty Server IO #0" daemon [_thread_in_native, id=3464, stack(0x0000004534800000,0x0000004534900000)]
  0x0000021b809ae800 JavaThread "ObjectCleanerThread" daemon [_thread_blocked, id=22836, stack(0x0000004534700000,0x0000004534800000)]
  0x0000021b809b0000 JavaThread "Java2D Disposer" daemon [_thread_blocked, id=34016, stack(0x0000004532900000,0x0000004532a00000)]
  0x0000021bfd53e800 JavaThread "Thread-11" daemon [_thread_in_native, id=35372, stack(0x0000004533a00000,0x0000004533b00000)]
  0x0000021bfd53b000 JavaThread "Server thread" [_thread_blocked, id=35436, stack(0x0000004533800000,0x0000004533900000)]
  0x0000021bed8c4800 JavaThread "Snooper Timer" daemon [_thread_blocked, id=8880, stack(0x0000004533400000,0x0000004533500000)]
  0x0000021bfd543000 JavaThread "Narrator" [_thread_blocked, id=17572, stack(0x0000004533900000,0x0000004533a00000)]
  0x0000021bfd53d000 JavaThread "Snooper Timer" daemon [_thread_blocked, id=28800, stack(0x0000004533000000,0x0000004533100000)]
  0x0000021bfd53f000 JavaThread "Timer hack thread" daemon [_thread_blocked, id=34900, stack(0x0000004532800000,0x0000004532900000)]
  0x0000021bef1d3000 JavaThread "Thread-2" daemon [_thread_in_native, id=25812, stack(0x0000004531b00000,0x0000004531c00000)]
  0x0000021bedfbf800 JavaThread "Thread-1" daemon [_thread_blocked, id=32500, stack(0x0000004531a00000,0x0000004531b00000)]
  0x0000021bece8b800 JavaThread "Service Thread" daemon [_thread_blocked, id=14192, stack(0x0000004531700000,0x0000004531800000)]
  0x0000021becdc2800 JavaThread "C1 CompilerThread3" daemon [_thread_blocked, id=35548, stack(0x0000004531600000,0x0000004531700000)]
  0x0000021becdbf800 JavaThread "C2 CompilerThread2" daemon [_thread_blocked, id=28824, stack(0x0000004531500000,0x0000004531600000)]
  0x0000021becda8800 JavaThread "C2 CompilerThread1" daemon [_thread_blocked, id=34932, stack(0x0000004531400000,0x0000004531500000)]
  0x0000021becda7800 JavaThread "C2 CompilerThread0" daemon [_thread_blocked, id=13600, stack(0x0000004531300000,0x0000004531400000)]
  0x0000021bec8f0000 JavaThread "JDWP Command Reader" daemon [_thread_in_native, id=35396, stack(0x0000004531200000,0x0000004531300000)]
  0x0000021bec8eb800 JavaThread "JDWP Event Helper Thread" daemon [_thread_blocked, id=27244, stack(0x0000004531100000,0x0000004531200000)]
  0x0000021bea5a5000 JavaThread "JDWP Transport Listener: dt_socket" daemon [_thread_blocked, id=33488, stack(0x0000004531000000,0x0000004531100000)]
  0x0000021bec8da000 JavaThread "Attach Listener" daemon [_thread_blocked, id=32824, stack(0x0000004530f00000,0x0000004531000000)]
  0x0000021bec8d9800 JavaThread "Signal Dispatcher" daemon [_thread_blocked, id=27160, stack(0x0000004530e00000,0x0000004530f00000)]
  0x0000021bc603b800 JavaThread "Finalizer" daemon [_thread_blocked, id=35276, stack(0x0000004530d00000,0x0000004530e00000)]
  0x0000021bc6035800 JavaThread "Reference Handler" daemon [_thread_blocked, id=35580, stack(0x0000004530c00000,0x0000004530d00000)]
  0x0000021bc5f99000 JavaThread "Render thread" [_thread_blocked, id=35072, stack(0x0000004530000000,0x0000004530100000)]

Other Threads:
  0x0000021bea562800 VMThread [stack: 0x0000004530b00000,0x0000004530c00000] [id=33084]
  0x0000021becda9000 WatcherThread [stack: 0x0000004531800000,0x0000004531900000] [id=8684]

=>0x0000021bc5fd0800 (exited) GCTaskThread [stack: 0x0000004530700000,0x0000004530800000] [id=34840]

VM state:at safepoint (normal execution)

VM Mutex/Monitor currently owned by a thread:  ([mutex/lock_event])
[0x0000021bc5fab360] Threads_lock - owner thread: 0x0000021bea562800
[0x0000021bc5faad60] Heap_lock - owner thread: 0x0000021bc5f99000

heap address: 0x00000005c1a00000, size: 8166 MB, Compressed Oops mode: Zero based, Oop shift amount: 3
Narrow klass base: 0x0000000000000000, Narrow klass shift: 3
Compressed class space size: 1073741824 Address: 0x00000007c0000000

Heap:
 PSYoungGen      total 2781184K, used 2780608K [0x0000000715e00000, 0x00000007c0000000, 0x00000007c0000000)
  eden space 2775040K, 100% used [0x0000000715e00000,0x00000007bf400000,0x00000007bf400000)
  from space 6144K, 90% used [0x00000007bf400000,0x00000007bf970000,0x00000007bfa00000)
  to   space 6144K, 90% used [0x00000007bfa00000,0x00000007bff70000,0x00000007c0000000)
 ParOldGen       total 959488K, used 539409K [0x00000005c1a00000, 0x00000005fc300000, 0x0000000715e00000)
  object space 959488K, 56% used [0x00000005c1a00000,0x00000005e28c46c8,0x00000005fc300000)
 Metaspace       used 115767K, capacity 132142K, committed 132432K, reserved 1161216K
  class space    used 16729K, capacity 20763K, committed 20864K, reserved 1048576K

Card table byte_map: [0x0000021bd6ef0000,0x0000021bd7ef0000] byte_map_base: 0x0000021bd40e3000

Marking Bits: (ParMarkBitMap*) 0x000000007034f7f0
 Begin Bits: [0x0000021bd89a0000, 0x0000021be0938000)
 End Bits:   [0x0000021be0938000, 0x0000021be88d0000)

Polling page: 0x0000021bc5f20000

CodeCache: size=245760Kb used=75501Kb max_used=76445Kb free=170258Kb
 bounds [0x0000021bc7b30000, 0x0000021bcc680000, 0x0000021bd6b30000]
 total_blobs=22040 nmethods=20174 adapters=1783
 compilation: enabled

Compilation events (10 events):
Event: 2713.201 Thread 0x0000021becda8800 30819       4       io.netty.util.concurrent.AbstractScheduledEventExecutor::hasScheduledTasks (44 bytes)
Event: 2713.201 Thread 0x0000021becda8800 nmethod 30819 0x0000021bcacd7590 code [0x0000021bcacd76c0, 0x0000021bcacd7738]
Event: 2722.211 Thread 0x0000021becda7800 30820       4       java.util.concurrent.TimeUnit$3::toNanos (11 bytes)
Event: 2722.212 Thread 0x0000021becda7800 nmethod 30820 0x0000021bca850c50 code [0x0000021bca850d80, 0x0000021bca850e58]
Event: 3075.299 Thread 0x0000021becdc2800 30821 % !   3       net.minecraft.server.MinecraftServer::func_240802_v_ @ 74 (655 bytes)
Event: 3075.304 Thread 0x0000021becdc2800 nmethod 30821% 0x0000021bcb8b6190 code [0x0000021bcb8b6da0, 0x0000021bcb8bf620]
Event: 3126.498 Thread 0x0000021becdc2800 30822   !   3       net.minecraft.server.MinecraftServer::func_240802_v_ (655 bytes)
Event: 3126.503 Thread 0x0000021becdc2800 nmethod 30822 0x0000021bcc452690 code [0x0000021bcc453280, 0x0000021bcc45aec0]
Event: 3469.243 Thread 0x0000021becda8800 30823   !   4       org.lwjgl.system.Struct::wrap (39 bytes)
Event: 3469.245 Thread 0x0000021becda8800 nmethod 30823 0x0000021bcaab8990 code [0x0000021bcaab8ae0, 0x0000021bcaab8c98]

GC Heap History (10 events):
Event: 3651.430 GC heap after
Heap after GC invocations=4216 (full 5):
 PSYoungGen      total 2781184K, used 5568K [0x0000000715e00000, 0x00000007c0000000, 0x00000007c0000000)
  eden space 2775040K, 0% used [0x0000000715e00000,0x0000000715e00000,0x00000007bf400000)
  from space 6144K, 90% used [0x00000007bf400000,0x00000007bf970000,0x00000007bfa00000)
  to   space 6144K, 0% used [0x00000007bfa00000,0x00000007bfa00000,0x00000007c0000000)
 ParOldGen       total 959488K, used 539409K [0x00000005c1a00000, 0x00000005fc300000, 0x0000000715e00000)
  object space 959488K, 56% used [0x00000005c1a00000,0x00000005e28c46c8,0x00000005fc300000)
 Metaspace       used 115767K, capacity 132142K, committed 132432K, reserved 1161216K
  class space    used 16729K, capacity 20763K, committed 20864K, reserved 1048576K
}
Event: 3657.004 GC heap before
{Heap before GC invocations=4217 (full 5):
 PSYoungGen      total 2781184K, used 2780608K [0x0000000715e00000, 0x00000007c0000000, 0x00000007c0000000)
  eden space 2775040K, 100% used [0x0000000715e00000,0x00000007bf400000,0x00000007bf400000)
  from space 6144K, 90% used [0x00000007bf400000,0x00000007bf970000,0x00000007bfa00000)
  to   space 6144K, 0% used [0x00000007bfa00000,0x00000007bfa00000,0x00000007c0000000)
 ParOldGen       total 959488K, used 539409K [0x00000005c1a00000, 0x00000005fc300000, 0x0000000715e00000)
  object space 959488K, 56% used [0x00000005c1a00000,0x00000005e28c46c8,0x00000005fc300000)
 Metaspace       used 115767K, capacity 132142K, committed 132432K, reserved 1161216K
  class space    used 16729K, capacity 20763K, committed 20864K, reserved 1048576K
Event: 3657.025 GC heap after
Heap after GC invocations=4217 (full 5):
 PSYoungGen      total 2781184K, used 5568K [0x0000000715e00000, 0x00000007c0000000, 0x00000007c0000000)
  eden space 2775040K, 0% used [0x0000000715e00000,0x0000000715e00000,0x00000007bf400000)
  from space 6144K, 90% used [0x00000007bfa00000,0x00000007bff70000,0x00000007c0000000)
  to   space 6144K, 0% used [0x00000007bf400000,0x00000007bf400000,0x00000007bfa00000)
 ParOldGen       total 959488K, used 539409K [0x00000005c1a00000, 0x00000005fc300000, 0x0000000715e00000)
  object space 959488K, 56% used [0x00000005c1a00000,0x00000005e28c46c8,0x00000005fc300000)
 Metaspace       used 115767K, capacity 132142K, committed 132432K, reserved 1161216K
  class space    used 16729K, capacity 20763K, committed 20864K, reserved 1048576K
}
Event: 3662.510 GC heap before
{Heap before GC invocations=4218 (full 5):
 PSYoungGen      total 2781184K, used 2780608K [0x0000000715e00000, 0x00000007c0000000, 0x00000007c0000000)
  eden space 2775040K, 100% used [0x0000000715e00000,0x00000007bf400000,0x00000007bf400000)
  from space 6144K, 90% used [0x00000007bfa00000,0x00000007bff70000,0x00000007c0000000)
  to   space 6144K, 0% used [0x00000007bf400000,0x00000007bf400000,0x00000007bfa00000)
 ParOldGen       total 959488K, used 539409K [0x00000005c1a00000, 0x00000005fc300000, 0x0000000715e00000)
  object space 959488K, 56% used [0x00000005c1a00000,0x00000005e28c46c8,0x00000005fc300000)
 Metaspace       used 115767K, capacity 132142K, committed 132432K, reserved 1161216K
  class space    used 16729K, capacity 20763K, committed 20864K, reserved 1048576K
Event: 3662.532 GC heap after
Heap after GC invocations=4218 (full 5):
 PSYoungGen      total 2781184K, used 5568K [0x0000000715e00000, 0x00000007c0000000, 0x00000007c0000000)
  eden space 2775040K, 0% used [0x0000000715e00000,0x0000000715e00000,0x00000007bf400000)
  from space 6144K, 90% used [0x00000007bf400000,0x00000007bf970000,0x00000007bfa00000)
  to   space 6144K, 0% used [0x00000007bfa00000,0x00000007bfa00000,0x00000007c0000000)
 ParOldGen       total 959488K, used 539409K [0x00000005c1a00000, 0x00000005fc300000, 0x0000000715e00000)
  object space 959488K, 56% used [0x00000005c1a00000,0x00000005e28c46c8,0x00000005fc300000)
 Metaspace       used 115767K, capacity 132142K, committed 132432K, reserved 1161216K
  class space    used 16729K, capacity 20763K, committed 20864K, reserved 1048576K
}
Event: 3668.070 GC heap before
{Heap before GC invocations=4219 (full 5):
 PSYoungGen      total 2781184K, used 2780608K [0x0000000715e00000, 0x00000007c0000000, 0x00000007c0000000)
  eden space 2775040K, 100% used [0x0000000715e00000,0x00000007bf400000,0x00000007bf400000)
  from space 6144K, 90% used [0x00000007bf400000,0x00000007bf970000,0x00000007bfa00000)
  to   space 6144K, 0% used [0x00000007bfa00000,0x00000007bfa00000,0x00000007c0000000)
 ParOldGen       total 959488K, used 539409K [0x00000005c1a00000, 0x00000005fc300000, 0x0000000715e00000)
  object space 959488K, 56% used [0x00000005c1a00000,0x00000005e28c46c8,0x00000005fc300000)
 Metaspace       used 115767K, capacity 132142K, committed 132432K, reserved 1161216K
  class space    used 16729K, capacity 20763K, committed 20864K, reserved 1048576K
Event: 3668.091 GC heap after
Heap after GC invocations=4219 (full 5):
 PSYoungGen      total 2781184K, used 5632K [0x0000000715e00000, 0x00000007c0000000, 0x00000007c0000000)
  eden space 2775040K, 0% used [0x0000000715e00000,0x0000000715e00000,0x00000007bf400000)
  from space 6144K, 91% used [0x00000007bfa00000,0x00000007bff80000,0x00000007c0000000)
  to   space 6144K, 0% used [0x00000007bf400000,0x00000007bf400000,0x00000007bfa00000)
 ParOldGen       total 959488K, used 539409K [0x00000005c1a00000, 0x00000005fc300000, 0x0000000715e00000)
  object space 959488K, 56% used [0x00000005c1a00000,0x00000005e28c46c8,0x00000005fc300000)
 Metaspace       used 115767K, capacity 132142K, committed 132432K, reserved 1161216K
  class space    used 16729K, capacity 20763K, committed 20864K, reserved 1048576K
}
Event: 3673.702 GC heap before
{Heap before GC invocations=4220 (full 5):
 PSYoungGen      total 2781184K, used 2780672K [0x0000000715e00000, 0x00000007c0000000, 0x00000007c0000000)
  eden space 2775040K, 100% used [0x0000000715e00000,0x00000007bf400000,0x00000007bf400000)
  from space 6144K, 91% used [0x00000007bfa00000,0x00000007bff80000,0x00000007c0000000)
  to   space 6144K, 0% used [0x00000007bf400000,0x00000007bf400000,0x00000007bfa00000)
 ParOldGen       total 959488K, used 539409K [0x00000005c1a00000, 0x00000005fc300000, 0x0000000715e00000)
  object space 959488K, 56% used [0x00000005c1a00000,0x00000005e28c46c8,0x00000005fc300000)
 Metaspace       used 115767K, capacity 132142K, committed 132432K, reserved 1161216K
  class space    used 16729K, capacity 20763K, committed 20864K, reserved 1048576K
Event: 3673.724 GC heap after
Heap after GC invocations=4220 (full 5):
 PSYoungGen      total 2781184K, used 5568K [0x0000000715e00000, 0x00000007c0000000, 0x00000007c0000000)
  eden space 2775040K, 0% used [0x0000000715e00000,0x0000000715e00000,0x00000007bf400000)
  from space 6144K, 90% used [0x00000007bf400000,0x00000007bf970000,0x00000007bfa00000)
  to   space 6144K, 0% used [0x00000007bfa00000,0x00000007bfa00000,0x00000007c0000000)
 ParOldGen       total 959488K, used 539409K [0x00000005c1a00000, 0x00000005fc300000, 0x0000000715e00000)
  object space 959488K, 56% used [0x00000005c1a00000,0x00000005e28c46c8,0x00000005fc300000)
 Metaspace       used 115767K, capacity 132142K, committed 132432K, reserved 1161216K
  class space    used 16729K, capacity 20763K, committed 20864K, reserved 1048576K
}
Event: 3679.335 GC heap before
{Heap before GC invocations=4221 (full 5):
 PSYoungGen      total 2781184K, used 2780608K [0x0000000715e00000, 0x00000007c0000000, 0x00000007c0000000)
  eden space 2775040K, 100% used [0x0000000715e00000,0x00000007bf400000,0x00000007bf400000)
  from space 6144K, 90% used [0x00000007bf400000,0x00000007bf970000,0x00000007bfa00000)
  to   space 6144K, 0% used [0x00000007bfa00000,0x00000007bfa00000,0x00000007c0000000)
 ParOldGen       total 959488K, used 539409K [0x00000005c1a00000, 0x00000005fc300000, 0x0000000715e00000)
  object space 959488K, 56% used [0x00000005c1a00000,0x00000005e28c46c8,0x00000005fc300000)
 Metaspace       used 115767K, capacity 132142K, committed 132432K, reserved 1161216K
  class space    used 16729K, capacity 20763K, committed 20864K, reserved 1048576K

Deoptimization events (10 events):
Event: 568.799 Thread 0x0000021bc5f99000 Uncommon trap: reason=class_check action=maybe_recompile pc=0x0000021bc9d4a980 method=com.google.common.cache.LocalCache$Segment.setValue(Lcom/google/common/cache/LocalCache$ReferenceEntry;Ljava/lang/Object;Ljava/lang/Object;J)V @ 1
Event: 572.143 Thread 0x0000021bfd53a800 Uncommon trap: reason=unstable_if action=reinterpret pc=0x0000021bca427d90 method=java.util.concurrent.ConcurrentLinkedQueue.offer(Ljava/lang/Object;)Z @ 72
Event: 574.274 Thread 0x0000021bfd546000 Uncommon trap: reason=unstable_if action=reinterpret pc=0x0000021bc7ddcdf4 method=java.util.concurrent.ConcurrentLinkedQueue.offer(Ljava/lang/Object;)Z @ 72
Event: 577.683 Thread 0x0000021bc5f99000 Uncommon trap: reason=unstable_if action=reinterpret pc=0x0000021bcb7110e0 method=net.minecraft.entity.player.PlayerEntity.isSwimming()Z @ 7
Event: 578.382 Thread 0x0000021bc5f99000 Uncommon trap: reason=unstable_if action=reinterpret pc=0x0000021bcab20ae4 method=net.minecraftforge.common.extensions.IForgeBlock.collisionExtendsVertically(Lnet/minecraft/block/BlockState;Lnet/minecraft/world/IBlockReader;Lnet/minecraft/util/math/BlockP
Event: 578.382 Thread 0x0000021bc5f99000 Uncommon trap: reason=unstable_if action=reinterpret pc=0x0000021bcba70cac method=net.minecraft.entity.Entity.getOnPosition()Lnet/minecraft/util/math/BlockPos; @ 91
Event: 582.780 Thread 0x0000021bc5f99000 Uncommon trap: reason=unstable_if action=reinterpret pc=0x0000021bcc30b3e4 method=net.minecraft.client.renderer.WorldRenderer.addRainParticles(Lnet/minecraft/client/renderer/ActiveRenderInfo;)V @ 247
Event: 595.263 Thread 0x0000021bc5f99000 Uncommon trap: reason=unstable_if action=reinterpret pc=0x0000021bcbd69540 method=net.minecraft.client.MouseHelper.updatePlayerLook()V @ 30
Event: 595.267 Thread 0x0000021bc5f99000 Uncommon trap: reason=unstable_if action=reinterpret pc=0x0000021bcb6b6408 method=net.minecraft.client.MouseHelper.updatePlayerLook()V @ 30
Event: 595.757 Thread 0x0000021bc5f99000 Uncommon trap: reason=unstable_if action=reinterpret pc=0x0000021bcc065d08 method=net.minecraft.client.Minecraft.displayInGameMenu(Z)V @ 4

Classes redefined (0 events):
No events

Internal exceptions (10 events):
Event: 595.997 Thread 0x0000021babd63800 Exception <a 'sun/nio/fs/WindowsException'> (0x000000071c35a400) thrown at [C:\wsjdk\Corretto8Src\installers\windows\zip\corretto-build\buildRoot\src\hotspot\src\share\vm\prims\jni.cpp, line 711]
Event: 595.998 Thread 0x0000021babd5d000 Exception <a 'sun/nio/fs/WindowsException'> (0x000000071c380690) thrown at [C:\wsjdk\Corretto8Src\installers\windows\zip\corretto-build\buildRoot\src\hotspot\src\share\vm\prims\jni.cpp, line 711]
Event: 596.000 Thread 0x0000021babd63800 Exception <a 'sun/nio/fs/WindowsException'> (0x000000071c360af0) thrown at [C:\wsjdk\Corretto8Src\installers\windows\zip\corretto-build\buildRoot\src\hotspot\src\share\vm\prims\jni.cpp, line 711]
Event: 596.002 Thread 0x0000021babd5d000 Exception <a 'sun/nio/fs/WindowsException'> (0x000000071c386ca0) thrown at [C:\wsjdk\Corretto8Src\installers\windows\zip\corretto-build\buildRoot\src\hotspot\src\share\vm\prims\jni.cpp, line 711]
Event: 596.003 Thread 0x0000021babd63800 Exception <a 'sun/nio/fs/WindowsException'> (0x000000071cbca990) thrown at [C:\wsjdk\Corretto8Src\installers\windows\zip\corretto-build\buildRoot\src\hotspot\src\share\vm\prims\jni.cpp, line 711]
Event: 596.005 Thread 0x0000021babd5d000 Exception <a 'sun/nio/fs/WindowsException'> (0x000000071c38e040) thrown at [C:\wsjdk\Corretto8Src\installers\windows\zip\corretto-build\buildRoot\src\hotspot\src\share\vm\prims\jni.cpp, line 711]
Event: 596.007 Thread 0x0000021babd63800 Exception <a 'sun/nio/fs/WindowsException'> (0x000000071cbd0f70) thrown at [C:\wsjdk\Corretto8Src\installers\windows\zip\corretto-build\buildRoot\src\hotspot\src\share\vm\prims\jni.cpp, line 711]
Event: 596.009 Thread 0x0000021babd5d000 Exception <a 'sun/nio/fs/WindowsException'> (0x000000071c395040) thrown at [C:\wsjdk\Corretto8Src\installers\windows\zip\corretto-build\buildRoot\src\hotspot\src\share\vm\prims\jni.cpp, line 711]
Event: 596.010 Thread 0x0000021babd63800 Exception <a 'sun/nio/fs/WindowsException'> (0x000000071cbd7b70) thrown at [C:\wsjdk\Corretto8Src\installers\windows\zip\corretto-build\buildRoot\src\hotspot\src\share\vm\prims\jni.cpp, line 711]
Event: 596.012 Thread 0x0000021babd5d000 Exception <a 'sun/nio/fs/WindowsException'> (0x000000071c39be78) thrown at [C:\wsjdk\Corretto8Src\installers\windows\zip\corretto-build\buildRoot\src\hotspot\src\share\vm\prims\jni.cpp, line 711]

Events (10 events):
Event: 3651.430 Executing VM operation: ParallelGCFailedAllocation done
Event: 3657.004 Executing VM operation: ParallelGCFailedAllocation
Event: 3657.025 Executing VM operation: ParallelGCFailedAllocation done
Event: 3662.510 Executing VM operation: ParallelGCFailedAllocation
Event: 3662.532 Executing VM operation: ParallelGCFailedAllocation done
Event: 3668.070 Executing VM operation: ParallelGCFailedAllocation
Event: 3668.091 Executing VM operation: ParallelGCFailedAllocation done
Event: 3673.702 Executing VM operation: ParallelGCFailedAllocation
Event: 3673.724 Executing VM operation: ParallelGCFailedAllocation done
Event: 3679.335 Executing VM operation: ParallelGCFailedAllocation


Dynamic libraries:
0x00007ff7b20e0000 - 0x00007ff7b211a000 	C:\Users\1zaia\.jdks\corretto-1.8.0_292\bin\java.exe
0x00007ffad40c0000 - 0x00007ffad42b0000 	C:\Windows\SYSTEM32\ntdll.dll
0x00007ffad25c0000 - 0x00007ffad2672000 	C:\Windows\System32\KERNEL32.DLL
0x00007ffad10e0000 - 0x00007ffad1385000 	C:\Windows\System32\KERNELBASE.dll
0x00007ffad2a30000 - 0x00007ffad2ad3000 	C:\Windows\System32\ADVAPI32.dll
0x00007ffad2680000 - 0x00007ffad271e000 	C:\Windows\System32\msvcrt.dll
0x00007ffad2ea0000 - 0x00007ffad2f37000 	C:\Windows\System32\sechost.dll
0x00007ffad22d0000 - 0x00007ffad23ef000 	C:\Windows\System32\RPCRT4.dll
0x00007ffad2c80000 - 0x00007ffad2e14000 	C:\Windows\System32\USER32.dll
0x00007ffad1030000 - 0x00007ffad1051000 	C:\Windows\System32\win32u.dll
0x00007ffad2c20000 - 0x00007ffad2c46000 	C:\Windows\System32\GDI32.dll
0x00007ffad1fa0000 - 0x00007ffad2138000 	C:\Windows\System32\gdi32full.dll
0x00007ffad1eb0000 - 0x00007ffad1f4e000 	C:\Windows\System32\msvcp_win.dll
0x00007ffad1db0000 - 0x00007ffad1eaa000 	C:\Windows\System32\ucrtbase.dll
0x00007ffad0460000 - 0x00007ffad06e4000 	C:\Windows\WinSxS\amd64_microsoft.windows.common-controls_6595b64144ccf1df_6.0.18362.1556_none_9e7e372fe45e41d5\COMCTL32.dll
0x00007ffad3020000 - 0x00007ffad3356000 	C:\Windows\System32\combase.dll
0x00007ffad1bc0000 - 0x00007ffad1c41000 	C:\Windows\System32\bcryptPrimitives.dll
0x00007ffad2c50000 - 0x00007ffad2c7e000 	C:\Windows\System32\IMM32.DLL
0x00007ffa6c790000 - 0x00007ffa6c87f000 	C:\Users\1zaia\.jdks\corretto-1.8.0_292\jre\bin\msvcr120.dll
0x00007ffa82400000 - 0x00007ffa824a6000 	C:\Users\1zaia\.jdks\corretto-1.8.0_292\jre\bin\msvcp120.dll
0x000000006fb60000 - 0x00000000703ce000 	C:\Users\1zaia\.jdks\corretto-1.8.0_292\jre\bin\server\jvm.dll
0x00007ffad2720000 - 0x00007ffad2728000 	C:\Windows\System32\PSAPI.DLL
0x00007ffab7430000 - 0x00007ffab7439000 	C:\Windows\SYSTEM32\WSOCK32.dll
0x00007ffacd510000 - 0x00007ffacd534000 	C:\Windows\SYSTEM32\WINMM.dll
0x00007ffaca5b0000 - 0x00007ffaca5ba000 	C:\Windows\SYSTEM32\VERSION.dll
0x00007ffad2e20000 - 0x00007ffad2e8f000 	C:\Windows\System32\WS2_32.dll
0x00007ffacd470000 - 0x00007ffacd49d000 	C:\Windows\SYSTEM32\winmmbase.dll
0x00007ffad1f50000 - 0x00007ffad1f9a000 	C:\Windows\System32\cfgmgr32.dll
0x00007ffacd570000 - 0x00007ffacd57f000 	C:\Users\1zaia\.jdks\corretto-1.8.0_292\jre\bin\verify.dll
0x00007ffa93130000 - 0x00007ffa93159000 	C:\Users\1zaia\.jdks\corretto-1.8.0_292\jre\bin\java.dll
0x00007ffab6f70000 - 0x00007ffab6fa5000 	C:\Users\1zaia\.jdks\corretto-1.8.0_292\jre\bin\jdwp.dll
0x00007ffacdc60000 - 0x00007ffacdc68000 	C:\Users\1zaia\.jdks\corretto-1.8.0_292\jre\bin\npt.dll
0x00007ffaaffa0000 - 0x00007ffaaffca000 	C:\Users\1zaia\.jdks\corretto-1.8.0_292\jre\bin\instrument.dll
0x00007ffa91f50000 - 0x00007ffa91f66000 	C:\Users\1zaia\.jdks\corretto-1.8.0_292\jre\bin\zip.dll
0x00007ffad38e0000 - 0x00007ffad3fc7000 	C:\Windows\System32\SHELL32.dll
0x00007ffad3360000 - 0x00007ffad3408000 	C:\Windows\System32\shcore.dll
0x00007ffad1390000 - 0x00007ffad1b0b000 	C:\Windows\System32\windows.storage.dll
0x00007ffad0ff0000 - 0x00007ffad100e000 	C:\Windows\System32\profapi.dll
0x00007ffad0fa0000 - 0x00007ffad0fea000 	C:\Windows\System32\powrprof.dll
0x00007ffad0f70000 - 0x00007ffad0f80000 	C:\Windows\System32\UMPDC.dll
0x00007ffad2ae0000 - 0x00007ffad2b32000 	C:\Windows\System32\shlwapi.dll
0x00007ffad0f80000 - 0x00007ffad0f91000 	C:\Windows\System32\kernel.appcore.dll
0x00007ffad10c0000 - 0x00007ffad10d7000 	C:\Windows\System32\cryptsp.dll
0x00007ffacdc50000 - 0x00007ffacdc59000 	C:\Users\1zaia\.jdks\corretto-1.8.0_292\jre\bin\dt_socket.dll
0x00007ffad0130000 - 0x00007ffad0197000 	C:\Windows\system32\mswsock.dll
0x00007ffad0a10000 - 0x00007ffad0a1d000 	C:\Users\1zaia\.jdks\corretto-1.8.0_292\jre\bin\management.dll
0x00007ffa83630000 - 0x00007ffa8364a000 	C:\Users\1zaia\.jdks\corretto-1.8.0_292\jre\bin\net.dll
0x00007ffaaa6a0000 - 0x00007ffaaa6b6000 	C:\Windows\system32\napinsp.dll
0x00007ffaaa680000 - 0x00007ffaaa69a000 	C:\Windows\system32\pnrpnsp.dll
0x00007ffacd610000 - 0x00007ffacd62c000 	C:\Windows\system32\NLAapi.dll
0x00007ffacfe40000 - 0x00007ffacfe7a000 	C:\Windows\SYSTEM32\IPHLPAPI.DLL
0x00007ffacfe80000 - 0x00007ffacff4b000 	C:\Windows\SYSTEM32\DNSAPI.dll
0x00007ffad2e90000 - 0x00007ffad2e98000 	C:\Windows\System32\NSI.dll
0x00007ffaaa670000 - 0x00007ffaaa67e000 	C:\Windows\System32\winrnr.dll
0x00000000739b0000 - 0x00000000739d6000 	C:\Program Files\Bonjour\mdnsNSP.dll
0x00007ffacc320000 - 0x00007ffacc335000 	C:\Windows\system32\wshbth.dll
0x00007ffac9ca0000 - 0x00007ffac9caa000 	C:\Windows\System32\rasadhlp.dll
0x00007ffac9860000 - 0x00007ffac98d7000 	C:\Windows\System32\fwpuclnt.dll
0x00007ffad2140000 - 0x00007ffad2166000 	C:\Windows\System32\bcrypt.dll
0x00007ffa83610000 - 0x00007ffa83622000 	C:\Users\1zaia\.jdks\corretto-1.8.0_292\jre\bin\nio.dll
0x00007ffa92220000 - 0x00007ffa92243000 	C:\Users\1zaia\.jdks\corretto-1.8.0_292\jre\bin\sunec.dll
0x00007ffacfcb0000 - 0x00007ffacfce3000 	C:\Windows\system32\rsaenh.dll
0x00007ffad0e90000 - 0x00007ffad0eb5000 	C:\Windows\SYSTEM32\USERENV.dll
0x00007ffad0340000 - 0x00007ffad034c000 	C:\Windows\SYSTEM32\CRYPTBASE.dll
0x00007ffac9c80000 - 0x00007ffac9c96000 	C:\Windows\SYSTEM32\dhcpcsvc6.DLL
0x00007ffac9c60000 - 0x00007ffac9c7c000 	C:\Windows\SYSTEM32\dhcpcsvc.DLL
0x00007ffaaff20000 - 0x00007ffaaff92000 	C:\Users\1zaia\AppData\Local\Temp\lwjgl1zaia\3.2.2-build-10\lwjgl.dll
0x00007ffa61f20000 - 0x00007ffa62171000 	C:\Users\1zaia\AppData\Local\Temp\lwjgl1zaia\3.2.2-build-10\jemalloc.dll
0x00007ffaafe30000 - 0x00007ffaafe8e000 	C:\Users\1zaia\AppData\Local\Temp\lwjgl1zaia\3.2.2-build-10\glfw.dll
0x00007ffacec80000 - 0x00007ffaced19000 	C:\Windows\system32\uxtheme.dll
0x00007ffa6f4c0000 - 0x00007ffa6f503000 	C:\Windows\SYSTEM32\dinput8.dll
0x00007ffab7010000 - 0x00007ffab7021000 	C:\Windows\SYSTEM32\xinput1_4.dll
0x00007ffad0d60000 - 0x00007ffad0d8a000 	C:\Windows\SYSTEM32\DEVOBJ.dll
0x00007ffacf170000 - 0x00007ffacf19d000 	C:\Windows\SYSTEM32\dwmapi.dll
0x00007ffac36f0000 - 0x00007ffac380b000 	C:\Windows\SYSTEM32\inputhost.dll
0x00007fface3f0000 - 0x00007fface4c4000 	C:\Windows\SYSTEM32\CoreMessaging.dll
0x00007ffacce10000 - 0x00007ffacceff000 	C:\Windows\SYSTEM32\PROPSYS.dll
0x00007ffacc480000 - 0x00007ffacc5d2000 	C:\Windows\SYSTEM32\wintypes.dll
0x00007ffacb780000 - 0x00007ffacbaaa000 	C:\Windows\SYSTEM32\CoreUIComponents.dll
0x00007ffad2960000 - 0x00007ffad2a25000 	C:\Windows\System32\OLEAUT32.dll
0x00007ffad0d20000 - 0x00007ffad0d51000 	C:\Windows\SYSTEM32\ntmarta.dll
0x00007ffad27a0000 - 0x00007ffad28d5000 	C:\Windows\System32\MSCTF.dll
0x00007ffacf4e0000 - 0x00007ffacf4ee000 	C:\Windows\SYSTEM32\HID.DLL
0x00007ffad3470000 - 0x00007ffad38e0000 	C:\Windows\System32\SETUPAPI.DLL
0x00007ffad1060000 - 0x00007ffad10bc000 	C:\Windows\System32\WINTRUST.dll
0x00007ffad1010000 - 0x00007ffad1022000 	C:\Windows\System32\MSASN1.dll
0x00007ffad1c50000 - 0x00007ffad1da1000 	C:\Windows\System32\CRYPT32.dll
0x00007ffa65140000 - 0x00007ffa65296000 	C:\Windows\SYSTEM32\opengl32.dll
0x00007ffa824b0000 - 0x00007ffa824dc000 	C:\Windows\SYSTEM32\GLU32.dll
0x00007ffacf540000 - 0x00007ffacf560000 	C:\Windows\SYSTEM32\dxcore.dll
0x00007ffa46a50000 - 0x00007ffa4942e000 	C:\Windows\System32\DriverStore\FileRepository\nvhdci.inf_amd64_5b345abba51a5621\nvoglv64.dll
0x00007ffad2170000 - 0x00007ffad22c7000 	C:\Windows\System32\ole32.dll
0x00007ffacc770000 - 0x00007ffacc783000 	C:\Windows\SYSTEM32\WTSAPI32.dll
0x00007ffac62b0000 - 0x00007ffac62df000 	C:\Windows\SYSTEM32\cryptnet.dll
0x00007ffaab020000 - 0x00007ffaab2e3000 	C:\Windows\system32\nvspcap64.dll
0x00007ffacf9a0000 - 0x00007ffacf9f6000 	C:\Windows\SYSTEM32\WINSTA.dll
0x00007ffaa6600000 - 0x00007ffaa667f000 	C:\Users\1zaia\AppData\Local\Temp\lwjgl1zaia\3.2.2-build-10\lwjgl_stb.dll
0x00007ffaca660000 - 0x00007ffaca70e000 	C:\Windows\SYSTEM32\mscms.dll
0x00007ffaca4b0000 - 0x00007ffaca4c7000 	C:\Windows\SYSTEM32\ColorAdapterClient.dll
0x00007ffa6f5e0000 - 0x00007ffa6f623000 	C:\Windows\SYSTEM32\icm32.dll
0x00007ffac3810000 - 0x00007ffac38ab000 	C:\Windows\System32\TextInputFramework.dll
0x00007ffac17a0000 - 0x00007ffac1a47000 	C:\Windows\System32\iertutil.dll
0x00007ffad3fd0000 - 0x00007ffad4072000 	C:\Windows\System32\clbcatq.dll
0x00007ffab7cb0000 - 0x00007ffab7cda000 	C:\Windows\System32\Speech\SpeechUX\SpTip.dll
0x00007ffa6ebd0000 - 0x00007ffa6ec59000 	D:\Overwolf\0.173.0.16\OWExplorer.dll
0x00007ffa8dc80000 - 0x00007ffa8dcd8000 	C:\Users\1zaia\AppData\Local\Temp\lwjgl1zaia\3.2.2-build-10\lwjgl_opengl.dll
0x00007ffad0a00000 - 0x00007ffad0a0c000 	C:\Users\1zaia\.jdks\corretto-1.8.0_292\jre\bin\sunmscapi.dll
0x00007ffad0430000 - 0x00007ffad0456000 	C:\Windows\SYSTEM32\ncrypt.dll
0x00007ffad03f0000 - 0x00007ffad042b000 	C:\Windows\SYSTEM32\NTASN1.dll
0x00007ffac0d00000 - 0x00007ffac0ed7000 	C:\Windows\system32\urlmon.dll
0x00007ffa82710000 - 0x00007ffa82752000 	C:\Users\1zaia\AppData\Local\Temp\jna-48983600\jna386995779959241236.dll
0x00007ffaa6470000 - 0x00007ffaa648a000 	C:\Users\1zaia\OneDrive\Documents\GitHub\MoreTimeCapsules-1.16\build\natives\SAPIWrapper_x64.dll
0x00007ffa7f0f0000 - 0x00007ffa7f270000 	C:\Windows\System32\Speech\Common\sapi.dll
0x00007ffa81f90000 - 0x00007ffa81fac000 	C:\Windows\SYSTEM32\MSACM32.dll
0x00007ffab6ed0000 - 0x00007ffab6edb000 	C:\Windows\SYSTEM32\msdmo.dll
0x00007ffacb6d0000 - 0x00007ffacb742000 	C:\Windows\System32\MMDevApi.dll
0x00007ffa6cde0000 - 0x00007ffa6cef4000 	C:\Users\1zaia\AppData\Local\Temp\lwjgl1zaia\3.2.2-build-10\OpenAL.dll
0x00007ffacb450000 - 0x00007ffacb5b1000 	C:\Windows\SYSTEM32\AUDIOSES.DLL
0x00007ffacf050000 - 0x00007ffacf064000 	C:\Windows\SYSTEM32\resourcepolicyclient.dll
0x00007ffa61370000 - 0x00007ffa61505000 	C:\Users\1zaia\.jdks\corretto-1.8.0_292\jre\bin\awt.dll
0x00007ffaceb50000 - 0x00007ffacebdf000 	C:\Windows\SYSTEM32\apphelp.dll
0x00007ffad0a40000 - 0x00007ffad0c34000 	C:\Windows\SYSTEM32\dbghelp.dll

VM Arguments:
jvm_args: -agentlib:jdwp=transport=dt_socket,address=127.0.0.1:56515,suspend=y,server=n -Dforge.logging.console.level=debug -Dforge.logging.markers=SCAN,REGISTRIES,REGISTRYDUMP -XX:HeapDumpPath=MojangTricksIntelDriversForPerformance_javaw.exe_minecraft.exe.heapdump -Dos.name=Windows 10 -Dos.version=10.0 -javaagent:C:\Users\1zaia\AppData\Local\JetBrains\IdeaIC2020.3\groovyHotSwap\gragent.jar -javaagent:C:\Users\1zaia\AppData\Local\JetBrains\IdeaIC2020.3\captureAgent\debugger-agent.jar -Dfile.encoding=UTF-8 
java_command: net.minecraftforge.userdev.LaunchTesting
java_class_path (initial): C:\Users\1zaia\.jdks\corretto-1.8.0_292\jre\lib\charsets.jar;C:\Users\1zaia\.jdks\corretto-1.8.0_292\jre\lib\ext\access-bridge-64.jar;C:\Users\1zaia\.jdks\corretto-1.8.0_292\jre\lib\ext\cldrdata.jar;C:\Users\1zaia\.jdks\corretto-1.8.0_292\jre\lib\ext\dnsns.jar;C:\Users\1zaia\.jdks\corretto-1.8.0_292\jre\lib\ext\jaccess.jar;C:\Users\1zaia\.jdks\corretto-1.8.0_292\jre\lib\ext\jfxrt.jar;C:\Users\1zaia\.jdks\corretto-1.8.0_292\jre\lib\ext\localedata.jar;C:\Users\1zaia\.jdks\corretto-1.8.0_292\jre\lib\ext\nashorn.jar;C:\Users\1zaia\.jdks\corretto-1.8.0_292\jre\lib\ext\sunec.jar;C:\Users\1zaia\.jdks\corretto-1.8.0_292\jre\lib\ext\sunjce_provider.jar;C:\Users\1zaia\.jdks\corretto-1.8.0_292\jre\lib\ext\sunmscapi.jar;C:\Users\1zaia\.jdks\corretto-1.8.0_292\jre\lib\ext\sunpkcs11.jar;C:\Users\1zaia\.jdks\corretto-1.8.0_292\jre\lib\ext\zipfs.jar;C:\Users\1zaia\.jdks\corretto-1.8.0_292\jre\lib\jce.jar;C:\Users\1zaia\.jdks\corretto-1.8.0_292\jre\lib\jfr.jar;C:\Users\1zaia\.jdks\corretto-1.8.0_292\jre\lib\jfxswt.jar;C:\Users\1zaia\.jdks\corretto-1.8.0_292\jre\lib\jsse.jar;C:\Users\1zaia\.jdks\corretto-1.8.0_292\jre\lib\management-agent.jar;C:\Users\1zaia\.jdks\corretto-1.8.0_292\jre\lib\resources.jar;C:\Users\1zaia\.jdks\corretto-1.8.0_292\jre\lib\rt.jar;C:\Users\1zaia\OneDrive\Documents\GitHub\MoreTimeCapsules-1.16\build\classes\java\main;C:\Users\1zaia\OneDrive\Documents\GitHub\MoreTimeCapsules-1.16\build\resources\main;C:\Users\1zaia\.gradle\caches\forge_gradle\deobf_dependencies\com\gitlab\Spectre0987\TardisMod-1-14\1.16-SNAPSHOT_mapped_snapshot_20201028-1.16.3\TardisMod-1-14-1.16-SNAPSHOT_mapped_snapshot_20201028-1.16.3.jar;C:\Users\1zaia\.gradle\caches\forge_gradle\minecraft_user_repo\net\minecraftforge\forge\1.16.5-36.1.32_mapped_snapshot_20201028-1.16.3\forge-1.16.5-36.1.32_mapped_snapshot_20201028-1.16.3-recomp.jar;C:\Users\1zaia\.gradle\caches\forge_gradle\minecraft_user_repo\net\minecraftforge\forge\1.16.5-36.1.32_mapped_snapshot_20201028-1.
Launcher Type: SUN_STANDARD

Environment Variables:
JAVA_HOME=C:\Program Files\AdoptOpenJDK\jdk-8.0.282.8-hotspot
PATH=C:\Program Files (x86)\Common Files\Oracle\Java\javapath;C:\Program Files (x86)\Razer Chroma SDK\bin;C:\Program Files\Razer Chroma SDK\bin;C:\Program Files (x86)\Common Files\Intel\Shared Libraries\redist\intel64_win\compiler;C:\Program Files (x86)\Razer\ChromaBroadcast\bin;C:\Program Files\Razer\ChromaBroadcast\bin;C:\windows\system32;C:\windows;C:\windows\System32\Wbem;C:\windows\System32\WindowsPowerShell\v1.0\;C:\windows\System32\OpenSSH\;C:\Program Files (x86)\Intel\Intel(R) Management Engine Components\DAL;C:\Program Files\Intel\Intel(R) Management Engine Components\DAL;C:\Program Files (x86)\Intel\Intel(R) Management Engine Components\IPT;C:\Program Files\Intel\Intel(R) Management Engine Components\IPT;C:\Windows\system32;C:\Windows;C:\Windows\System32\Wbem;C:\Windows\System32\WindowsPowerShell\v1.0\;C:\Windows\System32\OpenSSH\;C:\Windows\system32\config\systemprofile\AppData\Local\Microsoft\WindowsApps;D:\Program Files\nodejs\;C:\Program Files (x86)\NVIDIA Corporation\PhysX\Common;C:\Program Files\NVIDIA Corporation\NVIDIA NvDLISR;C:\Program Files\remoteit\resources\x64;C:\Program Files\Git\cmd;C:\Users\1zaia\AppData\Local\Microsoft\WindowsApps;C:\Users\1zaia\AppData\Roaming\npm;D:\Users\1zaia\AppData\Local\Programs\Microsoft VS Code\bin;C:\Users\1zaia\spicetify-cli;D:\Program Files\JetBrains\IntelliJ IDEA Community Edition 2020.3.3\bin;;C:\Users\1zaia\AppData\Local\GitHubDesktop\bin
USERNAME=1zaia
OS=Windows_NT
PROCESSOR_IDENTIFIER=Intel64 Family 6 Model 158 Stepping 10, GenuineIntel



---------------  S Y S T E M  ---------------

OS: Windows 10.0 , 64 bit Build 18362 (10.0.18362.1500)

CPU:total 12 (initial active 12) (6 cores per cpu, 2 threads per core) family 6 model 158 stepping 10, cmov, cx8, fxsr, mmx, sse, sse2, sse3, ssse3, sse4.1, sse4.2, popcnt, avx, avx2, aes, clmul, erms, rtm, 3dnowpref, lzcnt, ht, tsc, tscinvbit, bmi1, bmi2, adx

Memory: 4k page, physical 33443044k(16245196k free), swap 51092184k(7849568k free)

vm_info: OpenJDK 64-Bit Server VM (25.292-b10) for windows-amd64 JRE (1.8.0_292-b10), built on Apr 14 2021 23:06:53 by "Administrator" with MS VC++ 12.0 (VS2013)

time: Fri Jul 02 21:31:16 2021
timezone: Arab Standard Time
elapsed time: 3679.393406 seconds (0d 1h 1m 19s)

