#
# There is insufficient memory for the Java Runtime Environment to continue.
# Native memory allocation (malloc) failed to allocate 32744 bytes for ChunkPool::allocate
# Possible reasons:
#   The system is out of physical RAM or swap space
#   The process is running with CompressedOops enabled, and the Java Heap may be blocking the growth of the native heap
# Possible solutions:
#   Reduce memory load on the system
#   Increase physical memory or swap space
#   Check if swap backing store is full
#   Decrease Java heap size (-Xmx/-Xms)
#   Decrease number of Java threads
#   Decrease Java thread stack sizes (-Xss)
#   Set larger code cache with -XX:ReservedCodeCacheSize=
#   JVM is running with Zero Based Compressed Oops mode in which the Java heap is
#     placed in the first 32GB address space. The Java Heap base address is the
#     maximum limit for the native heap growth. Please use -XX:HeapBaseMinAddress
#     to set the Java Heap base and to place the Java Heap above 32GB virtual address.
# This output file may be truncated or incomplete.
#
#  Out of Memory Error (allocation.cpp:272), pid=66964, tid=0x000000000000ef54
#
# JRE version: OpenJDK Runtime Environment (8.0_292-b10) (build 1.8.0_292-b10)
# Java VM: OpenJDK 64-Bit Server VM (25.292-b10 mixed mode windows-amd64 compressed oops)
# Failed to write core dump. Minidumps are not enabled by default on client versions of Windows
#

---------------  T H R E A D  ---------------

Current thread (0x000002dbdbb61800):  JavaThread "C2 CompilerThread0" daemon [_thread_in_native, id=61268, stack(0x000000f265500000,0x000000f265600000)]

Stack: [0x000000f265500000,0x000000f265600000]
[error occurred during error reporting (printing stack bounds), id 0xc0000005]

Native frames: (J=compiled Java code, j=interpreted, Vv=VM code, C=native code)


Current CompileTask:
C2:  44674 18213 %     4       net.minecraft.world.server.ChunkManager::func_219236_a @ 31 (177 bytes)


---------------  P R O C E S S  ---------------

Java Threads: ( => current thread )
  0x000002dbe933e000 JavaThread "IO-Worker-20" [_thread_blocked, id=43192, stack(0x000000f266c00000,0x000000f266d00000)]
  0x000002dbe9339800 JavaThread "IO-Worker-19" [_thread_blocked, id=46084, stack(0x000000f268600000,0x000000f268700000)]
  0x000002dbe933a800 JavaThread "IO-Worker-18" [_thread_blocked, id=47576, stack(0x000000f268100000,0x000000f268200000)]
  0x000002dbeea2d800 JavaThread "Thread-11" daemon [_thread_in_native, id=34040, stack(0x000000f268000000,0x000000f268100000)]
  0x000002dbeea2c000 JavaThread "Server thread" [_thread_blocked, id=63124, stack(0x000000f267c00000,0x000000f267d00000)]
  0x000002dbeea2c800 JavaThread "Snooper Timer" daemon [_thread_blocked, id=61816, stack(0x000000f267900000,0x000000f267a00000)]
  0x000002dbeea2b000 JavaThread "Sound engine" daemon [_thread_blocked, id=65220, stack(0x000000f266700000,0x000000f266800000)]
  0x000002dbeea27000 JavaThread "Worker-Main-17" daemon [_thread_blocked, id=40672, stack(0x000000f267600000,0x000000f267700000)]
  0x000002dbeea29800 JavaThread "ForkJoinPool.commonPool-worker-2" daemon [_thread_blocked, id=63764, stack(0x000000f267100000,0x000000f267200000)]
  0x000002dbeea20000 JavaThread "Worker-Main-16" daemon [_thread_blocked, id=19764, stack(0x000000f266f00000,0x000000f267000000)]
  0x000002dbeea24000 JavaThread "Worker-Main-15" daemon [_thread_blocked, id=62172, stack(0x000000f266d00000,0x000000f266e00000)]
  0x000002dbeea25000 JavaThread "Worker-Main-12" daemon [_thread_blocked, id=66368, stack(0x000000f267f00000,0x000000f268000000)]
  0x000002dbeea1f800 JavaThread "Worker-Main-11" daemon [_thread_blocked, id=35988, stack(0x000000f267e00000,0x000000f267f00000)]
  0x000002dbeea23000 JavaThread "Worker-Main-10" daemon [_thread_in_Java, id=39848, stack(0x000000f267d00000,0x000000f267e00000)]
  0x000002dbeea21800 JavaThread "Worker-Main-8" daemon [_thread_blocked, id=40968, stack(0x000000f267b00000,0x000000f267c00000)]
  0x000002dbeea26800 JavaThread "Narrator" [_thread_blocked, id=63580, stack(0x000000f267a00000,0x000000f267b00000)]
  0x000002dbe9338800 JavaThread "modloading-worker-6" daemon [_thread_blocked, id=63976, stack(0x000000f267800000,0x000000f267900000)]
  0x000002dbe933d800 JavaThread "modloading-worker-13" daemon [_thread_blocked, id=57308, stack(0x000000f267700000,0x000000f267800000)]
  0x000002dbe933c000 JavaThread "modloading-worker-4" daemon [_thread_blocked, id=63208, stack(0x000000f266900000,0x000000f266a00000)]
  0x000002dbebdf9800 JavaThread "modloading-worker-11" daemon [_thread_blocked, id=52260, stack(0x000000f266800000,0x000000f266900000)]
  0x000002dbebe00000 JavaThread "modloading-worker-9" daemon [_thread_blocked, id=43440, stack(0x000000f266600000,0x000000f266700000)]
  0x000002dbebdff000 JavaThread "Snooper Timer" daemon [_thread_blocked, id=42240, stack(0x000000f267200000,0x000000f267300000)]
  0x000002dbebdfc000 JavaThread "Timer hack thread" daemon [_thread_blocked, id=59112, stack(0x000000f266a00000,0x000000f266b00000)]
  0x000002dbebdfe800 JavaThread "Worker-Bootstrap-6" daemon [_thread_blocked, id=68016, stack(0x000000f267000000,0x000000f267100000)]
  0x000002dbe9338000 JavaThread "Worker-Bootstrap-4" daemon [_thread_blocked, id=56852, stack(0x000000f266e00000,0x000000f266f00000)]
  0x000002dbe933c800 JavaThread "Worker-Bootstrap-1" daemon [_thread_blocked, id=6172, stack(0x000000f266b00000,0x000000f266c00000)]
  0x000002dbde6e9000 JavaThread "Thread-2" daemon [_thread_in_native, id=65772, stack(0x000000f265d00000,0x000000f265e00000)]
  0x000002dbdd215000 JavaThread "Thread-1" daemon [_thread_blocked, id=62052, stack(0x000000f265c00000,0x000000f265d00000)]
  0x000002dbdbc0b000 JavaThread "Service Thread" daemon [_thread_blocked, id=57940, stack(0x000000f265900000,0x000000f265a00000)]
  0x000002dbdbb5e000 JavaThread "C1 CompilerThread3" daemon [_thread_blocked, id=65132, stack(0x000000f265800000,0x000000f265900000)]
  0x000002dbdbb63000 JavaThread "C2 CompilerThread2" daemon [_thread_in_native, id=30184, stack(0x000000f265700000,0x000000f265800000)]
  0x000002dbdbb62800 JavaThread "C2 CompilerThread1" daemon [_thread_in_native, id=66972, stack(0x000000f265600000,0x000000f265700000)]
=>0x000002dbdbb61800 JavaThread "C2 CompilerThread0" daemon [_thread_in_native, id=61268, stack(0x000000f265500000,0x000000f265600000)]
  0x000002dbdb670800 JavaThread "JDWP Command Reader" daemon [_thread_in_native, id=48480, stack(0x000000f265400000,0x000000f265500000)]
  0x000002dbdb66c000 JavaThread "JDWP Event Helper Thread" daemon [_thread_blocked, id=40772, stack(0x000000f265300000,0x000000f265400000)]
  0x000002dbdb664000 JavaThread "JDWP Transport Listener: dt_socket" daemon [_thread_blocked, id=59488, stack(0x000000f265200000,0x000000f265300000)]
  0x000002dbd9325000 JavaThread "Attach Listener" daemon [_thread_blocked, id=57584, stack(0x000000f265100000,0x000000f265200000)]
  0x000002dbd9324000 JavaThread "Signal Dispatcher" daemon [_thread_blocked, id=58292, stack(0x000000f265000000,0x000000f265100000)]
  0x000002dbd9308000 JavaThread "Finalizer" daemon [_thread_blocked, id=65864, stack(0x000000f264f00000,0x000000f265000000)]
  0x000002dbb4e8d000 JavaThread "Reference Handler" daemon [_thread_blocked, id=56980, stack(0x000000f264e00000,0x000000f264f00000)]
  0x000002dbb4dfc000 JavaThread "Render thread" [_thread_blocked, id=53232, stack(0x000000f264200000,0x000000f264300000)]

Other Threads:
  0x000002dbd92e2800 VMThread [stack: 0x000000f264d00000,0x000000f264e00000] [id=65424]
  0x000002dbdbb7a800 WatcherThread [stack: 0x000000f265a00000,0x000000f265b00000] [id=60932]

VM state:not at safepoint (normal execution)

VM Mutex/Monitor currently owned by a thread: None

heap address: 0x00000005c1a00000, size: 8166 MB, Compressed Oops mode: Zero based, Oop shift amount: 3
Narrow klass base: 0x0000000000000000, Narrow klass shift: 3
Compressed class space size: 1073741824 Address: 0x00000007c0000000

Heap:
 PSYoungGen      total 2691584K, used 2080635K [0x0000000715e00000, 0x00000007c0000000, 0x00000007c0000000)
  eden space 2595840K, 80% used [0x0000000715e00000,0x0000000794dded00,0x00000007b4500000)
  from space 95744K, 0% used [0x00000007b4500000,0x00000007b4500000,0x00000007ba280000)
  to   space 95744K, 0% used [0x00000007ba280000,0x00000007ba280000,0x00000007c0000000)
 ParOldGen       total 488960K, used 337773K [0x00000005c1a00000, 0x00000005df780000, 0x0000000715e00000)
  object space 488960K, 69% used [0x00000005c1a00000,0x00000005d63db608,0x00000005df780000)
 Metaspace       used 100007K, capacity 112970K, committed 113048K, reserved 1144832K
  class space    used 14832K, capacity 18295K, committed 18344K, reserved 1048576K

Card table byte_map: [0x000002dbc5be0000,0x000002dbc6be0000] byte_map_base: 0x000002dbc2dd3000

Marking Bits: (ParMarkBitMap*) 0x0000000077d3f7f0
 Begin Bits: [0x000002dbc7690000, 0x000002dbcf628000)
 End Bits:   [0x000002dbcf628000, 0x000002dbd75c0000)

Polling page: 0x000002dbb67f0000

CodeCache: size=245760Kb used=45620Kb max_used=45620Kb free=200139Kb
 bounds [0x000002dbb6820000, 0x000002dbb94f0000, 0x000002dbc5820000]
 total_blobs=14836 nmethods=13098 adapters=1656
 compilation: enabled

Compilation events (10 events):
Event: 44.568 Thread 0x000002dbdbb5e000 18291       1       net.minecraft.world.gen.feature.structure.StructurePiece::getCoordBaseMode (5 bytes)
Event: 44.568 Thread 0x000002dbdbb5e000 nmethod 18291 0x000002dbb94db1d0 code [0x000002dbb94db320, 0x000002dbb94db438]
Event: 44.659 Thread 0x000002dbdbb5e000 18298       3       net.minecraft.world.gen.carver.WorldCarver::func_227208_a_ (501 bytes)
Event: 44.661 Thread 0x000002dbdbb5e000 nmethod 18298 0x000002dbb94db490 code [0x000002dbb94db860, 0x000002dbb94dd7e0]
Event: 44.661 Thread 0x000002dbdbb5e000 18299       2       net.minecraft.world.chunk.ChunkPrimer::getFluidState (67 bytes)
Event: 44.661 Thread 0x000002dbdbb5e000 nmethod 18299 0x000002dbb94df510 code [0x000002dbb94df6a0, 0x000002dbb94dfa90]
Event: 44.667 Thread 0x000002dbdbb5e000 18304       2       net.minecraft.world.gen.WorldGenRegion::getHeight (27 bytes)
Event: 44.667 Thread 0x000002dbdbb5e000 nmethod 18304 0x000002dbb94dff10 code [0x000002dbb94e0080, 0x000002dbb94e02a0]
Event: 44.668 Thread 0x000002dbdbb5e000 18309       2       java.util.stream.IntStream::range (24 bytes)
Event: 44.668 Thread 0x000002dbdbb5e000 nmethod 18309 0x000002dbb94e03d0 code [0x000002dbb94e0560, 0x000002dbb94e08e0]

GC Heap History (10 events):
Event: 22.322 GC heap before
{Heap before GC invocations=45 (full 3):
 PSYoungGen      total 2677760K, used 2677678K [0x0000000715e00000, 0x00000007c0000000, 0x00000007c0000000)
  eden space 2613248K, 100% used [0x0000000715e00000,0x00000007b5600000,0x00000007b5600000)
  from space 64512K, 99% used [0x00000007b5600000,0x00000007b94eb888,0x00000007b9500000)
  to   space 91648K, 0% used [0x00000007ba680000,0x00000007ba680000,0x00000007c0000000)
 ParOldGen       total 488960K, used 206845K [0x00000005c1a00000, 0x00000005df780000, 0x0000000715e00000)
  object space 488960K, 42% used [0x00000005c1a00000,0x00000005ce3ff6f0,0x00000005df780000)
 Metaspace       used 87313K, capacity 96390K, committed 96664K, reserved 1130496K
  class space    used 12967K, capacity 15742K, committed 15784K, reserved 1048576K
Event: 22.343 GC heap after
Heap after GC invocations=45 (full 3):
 PSYoungGen      total 2693632K, used 57886K [0x0000000715e00000, 0x00000007c0000000, 0x00000007c0000000)
  eden space 2601984K, 0% used [0x0000000715e00000,0x0000000715e00000,0x00000007b4b00000)
  from space 91648K, 63% used [0x00000007ba680000,0x00000007bdf07848,0x00000007c0000000)
  to   space 92672K, 0% used [0x00000007b4b00000,0x00000007b4b00000,0x00000007ba580000)
 ParOldGen       total 488960K, used 215121K [0x00000005c1a00000, 0x00000005df780000, 0x0000000715e00000)
  object space 488960K, 43% used [0x00000005c1a00000,0x00000005cec147b0,0x00000005df780000)
 Metaspace       used 87313K, capacity 96390K, committed 96664K, reserved 1130496K
  class space    used 12967K, capacity 15742K, committed 15784K, reserved 1048576K
}
Event: 22.793 GC heap before
{Heap before GC invocations=46 (full 3):
 PSYoungGen      total 2693632K, used 2659870K [0x0000000715e00000, 0x00000007c0000000, 0x00000007c0000000)
  eden space 2601984K, 100% used [0x0000000715e00000,0x00000007b4b00000,0x00000007b4b00000)
  from space 91648K, 63% used [0x00000007ba680000,0x00000007bdf07848,0x00000007c0000000)
  to   space 92672K, 0% used [0x00000007b4b00000,0x00000007b4b00000,0x00000007ba580000)
 ParOldGen       total 488960K, used 215123K [0x00000005c1a00000, 0x00000005df780000, 0x0000000715e00000)
  object space 488960K, 43% used [0x00000005c1a00000,0x00000005cec14c68,0x00000005df780000)
 Metaspace       used 87331K, capacity 96390K, committed 96664K, reserved 1130496K
  class space    used 12969K, capacity 15742K, committed 15784K, reserved 1048576K
Event: 22.812 GC heap after
Heap after GC invocations=46 (full 3):
 PSYoungGen      total 2663424K, used 61006K [0x0000000715e00000, 0x00000007c0000000, 0x00000007c0000000)
  eden space 2601984K, 0% used [0x0000000715e00000,0x0000000715e00000,0x00000007b4b00000)
  from space 61440K, 99% used [0x00000007b4b00000,0x00000007b8693838,0x00000007b8700000)
  to   space 94208K, 0% used [0x00000007ba400000,0x00000007ba400000,0x00000007c0000000)
 ParOldGen       total 488960K, used 217483K [0x00000005c1a00000, 0x00000005df780000, 0x0000000715e00000)
  object space 488960K, 44% used [0x00000005c1a00000,0x00000005cee62df8,0x00000005df780000)
 Metaspace       used 87331K, capacity 96390K, committed 96664K, reserved 1130496K
  class space    used 12969K, capacity 15742K, committed 15784K, reserved 1048576K
}
Event: 23.316 GC heap before
{Heap before GC invocations=47 (full 3):
 PSYoungGen      total 2663424K, used 2662990K [0x0000000715e00000, 0x00000007c0000000, 0x00000007c0000000)
  eden space 2601984K, 100% used [0x0000000715e00000,0x00000007b4b00000,0x00000007b4b00000)
  from space 61440K, 99% used [0x00000007b4b00000,0x00000007b8693838,0x00000007b8700000)
  to   space 94208K, 0% used [0x00000007ba400000,0x00000007ba400000,0x00000007c0000000)
 ParOldGen       total 488960K, used 217995K [0x00000005c1a00000, 0x00000005df780000, 0x0000000715e00000)
  object space 488960K, 44% used [0x00000005c1a00000,0x00000005ceee2e68,0x00000005df780000)
 Metaspace       used 87349K, capacity 96478K, committed 96664K, reserved 1130496K
  class space    used 12971K, capacity 15744K, committed 15784K, reserved 1048576K
Event: 23.337 GC heap after
Heap after GC invocations=47 (full 3):
 PSYoungGen      total 2690048K, used 62478K [0x0000000715e00000, 0x00000007c0000000, 0x00000007c0000000)
  eden space 2595840K, 0% used [0x0000000715e00000,0x0000000715e00000,0x00000007b4500000)
  from space 94208K, 66% used [0x00000007ba400000,0x00000007be103838,0x00000007c0000000)
  to   space 95744K, 0% used [0x00000007b4500000,0x00000007b4500000,0x00000007ba280000)
 ParOldGen       total 488960K, used 223035K [0x00000005c1a00000, 0x00000005df780000, 0x0000000715e00000)
  object space 488960K, 45% used [0x00000005c1a00000,0x00000005cf3cee88,0x00000005df780000)
 Metaspace       used 87349K, capacity 96478K, committed 96664K, reserved 1130496K
  class space    used 12971K, capacity 15744K, committed 15784K, reserved 1048576K
}
Event: 26.954 GC heap before
{Heap before GC invocations=48 (full 3):
 PSYoungGen      total 2690048K, used 2309298K [0x0000000715e00000, 0x00000007c0000000, 0x00000007c0000000)
  eden space 2595840K, 86% used [0x0000000715e00000,0x000000079f028fd0,0x00000007b4500000)
  from space 94208K, 66% used [0x00000007ba400000,0x00000007be103838,0x00000007c0000000)
  to   space 95744K, 0% used [0x00000007b4500000,0x00000007b4500000,0x00000007ba280000)
 ParOldGen       total 488960K, used 223035K [0x00000005c1a00000, 0x00000005df780000, 0x0000000715e00000)
  object space 488960K, 45% used [0x00000005c1a00000,0x00000005cf3cee88,0x00000005df780000)
 Metaspace       used 89218K, capacity 98566K, committed 98600K, reserved 1132544K
  class space    used 13197K, capacity 16028K, committed 16040K, reserved 1048576K
Event: 26.996 GC heap after
Heap after GC invocations=48 (full 3):
 PSYoungGen      total 2691584K, used 95719K [0x0000000715e00000, 0x00000007c0000000, 0x00000007c0000000)
  eden space 2595840K, 0% used [0x0000000715e00000,0x0000000715e00000,0x00000007b4500000)
  from space 95744K, 99% used [0x00000007b4500000,0x00000007ba279fd8,0x00000007ba280000)
  to   space 95744K, 0% used [0x00000007ba280000,0x00000007ba280000,0x00000007c0000000)
 ParOldGen       total 488960K, used 248640K [0x00000005c1a00000, 0x00000005df780000, 0x0000000715e00000)
  object space 488960K, 50% used [0x00000005c1a00000,0x00000005d0cd0020,0x00000005df780000)
 Metaspace       used 89218K, capacity 98566K, committed 98600K, reserved 1132544K
  class space    used 13197K, capacity 16028K, committed 16040K, reserved 1048576K
}
Event: 26.996 GC heap before
{Heap before GC invocations=49 (full 4):
 PSYoungGen      total 2691584K, used 95719K [0x0000000715e00000, 0x00000007c0000000, 0x00000007c0000000)
  eden space 2595840K, 0% used [0x0000000715e00000,0x0000000715e00000,0x00000007b4500000)
  from space 95744K, 99% used [0x00000007b4500000,0x00000007ba279fd8,0x00000007ba280000)
  to   space 95744K, 0% used [0x00000007ba280000,0x00000007ba280000,0x00000007c0000000)
 ParOldGen       total 488960K, used 248640K [0x00000005c1a00000, 0x00000005df780000, 0x0000000715e00000)
  object space 488960K, 50% used [0x00000005c1a00000,0x00000005d0cd0020,0x00000005df780000)
 Metaspace       used 89218K, capacity 98566K, committed 98600K, reserved 1132544K
  class space    used 13197K, capacity 16028K, committed 16040K, reserved 1048576K
Event: 27.596 GC heap after
Heap after GC invocations=49 (full 4):
 PSYoungGen      total 2691584K, used 0K [0x0000000715e00000, 0x00000007c0000000, 0x00000007c0000000)
  eden space 2595840K, 0% used [0x0000000715e00000,0x0000000715e00000,0x00000007b4500000)
  from space 95744K, 0% used [0x00000007b4500000,0x00000007b4500000,0x00000007ba280000)
  to   space 95744K, 0% used [0x00000007ba280000,0x00000007ba280000,0x00000007c0000000)
 ParOldGen       total 488960K, used 337773K [0x00000005c1a00000, 0x00000005df780000, 0x0000000715e00000)
  object space 488960K, 69% used [0x00000005c1a00000,0x00000005d63db608,0x00000005df780000)
 Metaspace       used 89200K, capacity 98520K, committed 98600K, reserved 1132544K
  class space    used 13190K, capacity 16017K, committed 16040K, reserved 1048576K
}

Deoptimization events (10 events):
Event: 44.466 Thread 0x000002dbeea2c000 Uncommon trap: reason=unstable_if action=reinterpret pc=0x000002dbb6eeb730 method=java.util.concurrent.ConcurrentLinkedQueue.first()Ljava/util/concurrent/ConcurrentLinkedQueue$Node; @ 54
Event: 44.472 Thread 0x000002dbeea2c000 Uncommon trap: reason=class_check action=maybe_recompile pc=0x000002dbb7dde878 method=java.util.Comparator.lambda$comparingLong$6043328a$1(Ljava/util/function/ToLongFunction;Ljava/lang/Object;Ljava/lang/Object;)I @ 2
Event: 44.472 Thread 0x000002dbeea2c000 Uncommon trap: reason=class_check action=maybe_recompile pc=0x000002dbb7dde950 method=java.util.Comparator.lambda$thenComparing$36697e65$1(Ljava/util/Comparator;Ljava/lang/Object;Ljava/lang/Object;)I @ 23
Event: 44.472 Thread 0x000002dbeea2c000 Uncommon trap: reason=class_check action=maybe_recompile pc=0x000002dbb7dde878 method=java.util.Comparator.lambda$comparingLong$6043328a$1(Ljava/util/function/ToLongFunction;Ljava/lang/Object;Ljava/lang/Object;)I @ 2
Event: 44.472 Thread 0x000002dbeea2c000 Uncommon trap: reason=class_check action=maybe_recompile pc=0x000002dbb7dde950 method=java.util.Comparator.lambda$thenComparing$36697e65$1(Ljava/util/Comparator;Ljava/lang/Object;Ljava/lang/Object;)I @ 23
Event: 44.472 Thread 0x000002dbeea2c000 Uncommon trap: reason=class_check action=maybe_recompile pc=0x000002dbb7dde878 method=java.util.Comparator.lambda$comparingLong$6043328a$1(Ljava/util/function/ToLongFunction;Ljava/lang/Object;Ljava/lang/Object;)I @ 2
Event: 44.472 Thread 0x000002dbeea2c000 Uncommon trap: reason=class_check action=maybe_recompile pc=0x000002dbb7dde950 method=java.util.Comparator.lambda$thenComparing$36697e65$1(Ljava/util/Comparator;Ljava/lang/Object;Ljava/lang/Object;)I @ 23
Event: 44.472 Thread 0x000002dbeea2c000 Uncommon trap: reason=class_check action=maybe_recompile pc=0x000002dbb7dde878 method=java.util.Comparator.lambda$comparingLong$6043328a$1(Ljava/util/function/ToLongFunction;Ljava/lang/Object;Ljava/lang/Object;)I @ 2
Event: 44.472 Thread 0x000002dbeea2c000 Uncommon trap: reason=class_check action=maybe_recompile pc=0x000002dbb7dde950 method=java.util.Comparator.lambda$thenComparing$36697e65$1(Ljava/util/Comparator;Ljava/lang/Object;Ljava/lang/Object;)I @ 23
Event: 44.528 Thread 0x000002dbe9339800 Uncommon trap: reason=unstable_if action=reinterpret pc=0x000002dbb891b44c method=java.util.concurrent.ConcurrentLinkedQueue.updateHead(Ljava/util/concurrent/ConcurrentLinkedQueue$Node;Ljava/util/concurrent/ConcurrentLinkedQueue$Node;)V @ 11

Classes redefined (0 events):
No events

Internal exceptions (10 events):
Event: 44.564 Thread 0x000002dbeea25000 Exception <a 'sun/nio/fs/WindowsException'> (0x0000000794c855e8) thrown at [C:\wsjdk\Corretto8Src\installers\windows\zip\corretto-build\buildRoot\src\hotspot\src\share\vm\prims\jni.cpp, line 711]
Event: 44.564 Thread 0x000002dbeea25000 Exception <a 'sun/nio/fs/WindowsException'> (0x0000000794c85ce8) thrown at [C:\wsjdk\Corretto8Src\installers\windows\zip\corretto-build\buildRoot\src\hotspot\src\share\vm\prims\jni.cpp, line 711]
Event: 44.564 Thread 0x000002dbeea25000 Exception <a 'sun/nio/fs/WindowsException'> (0x0000000794c86a48) thrown at [C:\wsjdk\Corretto8Src\installers\windows\zip\corretto-build\buildRoot\src\hotspot\src\share\vm\prims\jni.cpp, line 711]
Event: 44.564 Thread 0x000002dbeea25000 Exception <a 'sun/nio/fs/WindowsException'> (0x0000000794c87138) thrown at [C:\wsjdk\Corretto8Src\installers\windows\zip\corretto-build\buildRoot\src\hotspot\src\share\vm\prims\jni.cpp, line 711]
Event: 44.565 Thread 0x000002dbeea25000 Exception <a 'sun/nio/fs/WindowsException'> (0x0000000794c90898) thrown at [C:\wsjdk\Corretto8Src\installers\windows\zip\corretto-build\buildRoot\src\hotspot\src\share\vm\prims\jni.cpp, line 711]
Event: 44.565 Thread 0x000002dbeea25000 Exception <a 'sun/nio/fs/WindowsException'> (0x0000000794c90f08) thrown at [C:\wsjdk\Corretto8Src\installers\windows\zip\corretto-build\buildRoot\src\hotspot\src\share\vm\prims\jni.cpp, line 711]
Event: 44.566 Thread 0x000002dbeea25000 Exception <a 'sun/nio/fs/WindowsException'> (0x0000000794c91ec0) thrown at [C:\wsjdk\Corretto8Src\installers\windows\zip\corretto-build\buildRoot\src\hotspot\src\share\vm\prims\jni.cpp, line 711]
Event: 44.566 Thread 0x000002dbeea25000 Exception <a 'sun/nio/fs/WindowsException'> (0x0000000794c92530) thrown at [C:\wsjdk\Corretto8Src\installers\windows\zip\corretto-build\buildRoot\src\hotspot\src\share\vm\prims\jni.cpp, line 711]
Event: 44.566 Thread 0x000002dbeea25000 Exception <a 'sun/nio/fs/WindowsException'> (0x0000000794c93250) thrown at [C:\wsjdk\Corretto8Src\installers\windows\zip\corretto-build\buildRoot\src\hotspot\src\share\vm\prims\jni.cpp, line 711]
Event: 44.566 Thread 0x000002dbeea25000 Exception <a 'sun/nio/fs/WindowsException'> (0x0000000794c938c0) thrown at [C:\wsjdk\Corretto8Src\installers\windows\zip\corretto-build\buildRoot\src\hotspot\src\share\vm\prims\jni.cpp, line 711]

Events (10 events):
Event: 44.566 Thread 0x000002dbeea25000 DEOPT PACKING pc=0x000002dbb813693c sp=0x000000f267ffc350
Event: 44.566 Thread 0x000002dbeea25000 DEOPT UNPACKING pc=0x000002dbb68675d8 sp=0x000000f267ffc0a8 mode 1
Event: 44.566 Thread 0x000002dbeea25000 DEOPT PACKING pc=0x000002dbb693d324 sp=0x000000f267ffc410
Event: 44.566 Thread 0x000002dbeea25000 DEOPT UNPACKING pc=0x000002dbb68675d8 sp=0x000000f267ffc1d0 mode 1
Event: 44.566 Thread 0x000002dbeea25000 DEOPT PACKING pc=0x000002dbb6a8ca40 sp=0x000000f267ffc550
Event: 44.566 Thread 0x000002dbeea25000 DEOPT UNPACKING pc=0x000002dbb68675d8 sp=0x000000f267ffc1c8 mode 1
Event: 44.566 Thread 0x000002dbeea25000 DEOPT PACKING pc=0x000002dbb81486e0 sp=0x000000f267ffc400
Event: 44.566 Thread 0x000002dbeea25000 DEOPT UNPACKING pc=0x000002dbb68675d8 sp=0x000000f267ffc140 mode 1
Event: 44.669 Thread 0x000002dbeea23000 DEOPT PACKING pc=0x000002dbb825ac3e sp=0x000000f267dfd600
Event: 44.669 Thread 0x000002dbeea23000 DEOPT UNPACKING pc=0x000002dbb68675d8 sp=0x000000f267dfd3f0 mode 0


Dynamic libraries:
0x00007ff74e350000 - 0x00007ff74e38a000 	C:\Users\1zaia\.jdks\corretto-1.8.0_292\bin\java.exe
0x00007ff879960000 - 0x00007ff879b50000 	C:\Windows\SYSTEM32\ntdll.dll
0x00007ff878470000 - 0x00007ff878522000 	C:\Windows\System32\KERNEL32.DLL
0x00007ff8769d0000 - 0x00007ff876c75000 	C:\Windows\System32\KERNELBASE.dll
0x00007ff877ea0000 - 0x00007ff877f43000 	C:\Windows\System32\ADVAPI32.dll
0x00007ff878690000 - 0x00007ff87872e000 	C:\Windows\System32\msvcrt.dll
0x00007ff8783c0000 - 0x00007ff878457000 	C:\Windows\System32\sechost.dll
0x00007ff877a10000 - 0x00007ff877b2f000 	C:\Windows\System32\RPCRT4.dll
0x00007ff877be0000 - 0x00007ff877d74000 	C:\Windows\System32\USER32.dll
0x00007ff8778a0000 - 0x00007ff8778c1000 	C:\Windows\System32\win32u.dll
0x00007ff877e00000 - 0x00007ff877e26000 	C:\Windows\System32\GDI32.dll
0x00007ff877550000 - 0x00007ff8776e8000 	C:\Windows\System32\gdi32full.dll
0x00007ff8774b0000 - 0x00007ff87754e000 	C:\Windows\System32\msvcp_win.dll
0x00007ff8768d0000 - 0x00007ff8769ca000 	C:\Windows\System32\ucrtbase.dll
0x00007ff85d190000 - 0x00007ff85d414000 	C:\Windows\WinSxS\amd64_microsoft.windows.common-controls_6595b64144ccf1df_6.0.18362.1556_none_9e7e372fe45e41d5\COMCTL32.dll
0x00007ff877f50000 - 0x00007ff878286000 	C:\Windows\System32\combase.dll
0x00007ff877920000 - 0x00007ff8779a1000 	C:\Windows\System32\bcryptPrimitives.dll
0x00007ff879620000 - 0x00007ff87964e000 	C:\Windows\System32\IMM32.DLL
0x00007ff834d60000 - 0x00007ff834e4f000 	C:\Users\1zaia\.jdks\corretto-1.8.0_292\jre\bin\msvcr120.dll
0x00007ff83e7c0000 - 0x00007ff83e866000 	C:\Users\1zaia\.jdks\corretto-1.8.0_292\jre\bin\msvcp120.dll
0x0000000077550000 - 0x0000000077dbe000 	C:\Users\1zaia\.jdks\corretto-1.8.0_292\jre\bin\server\jvm.dll
0x00007ff879580000 - 0x00007ff879588000 	C:\Windows\System32\PSAPI.DLL
0x00007ff872db0000 - 0x00007ff872db9000 	C:\Windows\SYSTEM32\WSOCK32.dll
0x00007ff872c00000 - 0x00007ff872c24000 	C:\Windows\SYSTEM32\WINMM.dll
0x00007ff879590000 - 0x00007ff8795ff000 	C:\Windows\System32\WS2_32.dll
0x00007ff86fa30000 - 0x00007ff86fa3a000 	C:\Windows\SYSTEM32\VERSION.dll
0x00007ff872bd0000 - 0x00007ff872bfd000 	C:\Windows\SYSTEM32\WINMMBASE.dll
0x00007ff8778d0000 - 0x00007ff87791a000 	C:\Windows\System32\cfgmgr32.dll
0x00007ff866cb0000 - 0x00007ff866cbf000 	C:\Users\1zaia\.jdks\corretto-1.8.0_292\jre\bin\verify.dll
0x00007ff861480000 - 0x00007ff8614a9000 	C:\Users\1zaia\.jdks\corretto-1.8.0_292\jre\bin\java.dll
0x00007ff864190000 - 0x00007ff8641c5000 	C:\Users\1zaia\.jdks\corretto-1.8.0_292\jre\bin\jdwp.dll
0x00007ff86b310000 - 0x00007ff86b318000 	C:\Users\1zaia\.jdks\corretto-1.8.0_292\jre\bin\npt.dll
0x00007ff864160000 - 0x00007ff86418a000 	C:\Users\1zaia\.jdks\corretto-1.8.0_292\jre\bin\instrument.dll
0x00007ff862290000 - 0x00007ff8622a6000 	C:\Users\1zaia\.jdks\corretto-1.8.0_292\jre\bin\zip.dll
0x00007ff878c00000 - 0x00007ff8792e7000 	C:\Windows\System32\SHELL32.dll
0x00007ff879870000 - 0x00007ff879918000 	C:\Windows\System32\shcore.dll
0x00007ff876c80000 - 0x00007ff8773fb000 	C:\Windows\System32\windows.storage.dll
0x00007ff876820000 - 0x00007ff87683e000 	C:\Windows\System32\profapi.dll
0x00007ff876880000 - 0x00007ff8768ca000 	C:\Windows\System32\powrprof.dll
0x00007ff876810000 - 0x00007ff876820000 	C:\Windows\System32\UMPDC.dll
0x00007ff879660000 - 0x00007ff8796b2000 	C:\Windows\System32\shlwapi.dll
0x00007ff876860000 - 0x00007ff876871000 	C:\Windows\System32\kernel.appcore.dll
0x00007ff877880000 - 0x00007ff877897000 	C:\Windows\System32\cryptsp.dll
0x00007ff86b300000 - 0x00007ff86b309000 	C:\Users\1zaia\.jdks\corretto-1.8.0_292\jre\bin\dt_socket.dll
0x00007ff876050000 - 0x00007ff8760b7000 	C:\Windows\system32\mswsock.dll
0x00007ff866a10000 - 0x00007ff866a1d000 	C:\Users\1zaia\.jdks\corretto-1.8.0_292\jre\bin\management.dll
0x00007ff861be0000 - 0x00007ff861bfa000 	C:\Users\1zaia\.jdks\corretto-1.8.0_292\jre\bin\net.dll
0x00007ff84c0f0000 - 0x00007ff84c106000 	C:\Windows\system32\napinsp.dll
0x00007ff84bf80000 - 0x00007ff84bf9a000 	C:\Windows\system32\pnrpnsp.dll
0x00007ff8742a0000 - 0x00007ff8742bc000 	C:\Windows\system32\NLAapi.dll
0x00007ff875d60000 - 0x00007ff875d9a000 	C:\Windows\SYSTEM32\IPHLPAPI.DLL
0x00007ff875da0000 - 0x00007ff875e6b000 	C:\Windows\SYSTEM32\DNSAPI.dll
0x00007ff879650000 - 0x00007ff879658000 	C:\Windows\System32\NSI.dll
0x00007ff84c0e0000 - 0x00007ff84c0ee000 	C:\Windows\System32\winrnr.dll
0x00000000543d0000 - 0x00000000543f6000 	C:\Program Files\Bonjour\mdnsNSP.dll
0x00007ff8724f0000 - 0x00007ff872505000 	C:\Windows\system32\wshbth.dll
0x00007ff870c50000 - 0x00007ff870c5a000 	C:\Windows\System32\rasadhlp.dll
0x00007ff86f560000 - 0x00007ff86f5d7000 	C:\Windows\System32\fwpuclnt.dll
0x00007ff8776f0000 - 0x00007ff877716000 	C:\Windows\System32\bcrypt.dll
0x00007ff860be0000 - 0x00007ff860bf2000 	C:\Users\1zaia\.jdks\corretto-1.8.0_292\jre\bin\nio.dll
0x00007ff85c140000 - 0x00007ff85c163000 	C:\Users\1zaia\.jdks\corretto-1.8.0_292\jre\bin\sunec.dll
0x00007ff875bd0000 - 0x00007ff875c03000 	C:\Windows\system32\rsaenh.dll
0x00007ff876700000 - 0x00007ff876725000 	C:\Windows\SYSTEM32\USERENV.dll
0x00007ff876220000 - 0x00007ff87622c000 	C:\Windows\SYSTEM32\CRYPTBASE.dll
0x00007ff870200000 - 0x00007ff870216000 	C:\Windows\SYSTEM32\dhcpcsvc6.DLL
0x00007ff86f910000 - 0x00007ff86f92c000 	C:\Windows\SYSTEM32\dhcpcsvc.DLL
0x00007ff8640e0000 - 0x00007ff864152000 	C:\Users\1zaia\AppData\Local\Temp\lwjgl1zaia\3.2.2-build-10\lwjgl.dll
0x00007ff82ef60000 - 0x00007ff82f1b1000 	C:\Users\1zaia\AppData\Local\Temp\lwjgl1zaia\3.2.2-build-10\jemalloc.dll
0x00007ff864080000 - 0x00007ff8640de000 	C:\Users\1zaia\AppData\Local\Temp\lwjgl1zaia\3.2.2-build-10\glfw.dll
0x00007ff874ab0000 - 0x00007ff874b49000 	C:\Windows\system32\uxtheme.dll
0x00007ff81d150000 - 0x00007ff81d193000 	C:\Windows\SYSTEM32\dinput8.dll
0x00007ff862ee0000 - 0x00007ff862ef1000 	C:\Windows\SYSTEM32\xinput1_4.dll
0x00007ff876600000 - 0x00007ff87662a000 	C:\Windows\SYSTEM32\DEVOBJ.dll
0x00007ff874f70000 - 0x00007ff874f9d000 	C:\Windows\SYSTEM32\dwmapi.dll
0x00007ff866210000 - 0x00007ff86632b000 	C:\Windows\SYSTEM32\inputhost.dll
0x00007ff870ed0000 - 0x00007ff8711fa000 	C:\Windows\SYSTEM32\CoreUIComponents.dll
0x00007ff874770000 - 0x00007ff874844000 	C:\Windows\SYSTEM32\CoreMessaging.dll
0x00007ff8725f0000 - 0x00007ff872742000 	C:\Windows\SYSTEM32\wintypes.dll
0x00007ff873160000 - 0x00007ff87324f000 	C:\Windows\SYSTEM32\PROPSYS.dll
0x00007ff8792f0000 - 0x00007ff8793b5000 	C:\Windows\System32\OLEAUT32.dll
0x00007ff875850000 - 0x00007ff875881000 	C:\Windows\SYSTEM32\ntmarta.dll
0x00007ff879440000 - 0x00007ff879575000 	C:\Windows\System32\MSCTF.dll
0x00007ff8753f0000 - 0x00007ff8753fe000 	C:\Windows\SYSTEM32\HID.DLL
0x00007ff878730000 - 0x00007ff878ba0000 	C:\Windows\System32\SETUPAPI.DLL
0x00007ff8779b0000 - 0x00007ff877a0c000 	C:\Windows\System32\WINTRUST.dll
0x00007ff876840000 - 0x00007ff876852000 	C:\Windows\System32\MSASN1.dll
0x00007ff877720000 - 0x00007ff877871000 	C:\Windows\System32\CRYPT32.dll
0x00007ff834720000 - 0x00007ff834876000 	C:\Windows\SYSTEM32\opengl32.dll
0x00007ff862790000 - 0x00007ff8627bc000 	C:\Windows\SYSTEM32\GLU32.dll
0x00007ff875450000 - 0x00007ff875470000 	C:\Windows\SYSTEM32\dxcore.dll
0x00007ff806f30000 - 0x00007ff80990e000 	C:\Windows\System32\DriverStore\FileRepository\nvhdci.inf_amd64_5b345abba51a5621\nvoglv64.dll
0x00007ff878530000 - 0x00007ff878687000 	C:\Windows\System32\ole32.dll
0x00007ff872300000 - 0x00007ff872313000 	C:\Windows\SYSTEM32\WTSAPI32.dll
0x00007ff86e6b0000 - 0x00007ff86e6df000 	C:\Windows\SYSTEM32\cryptnet.dll
0x00007ff84b610000 - 0x00007ff84b8d3000 	C:\Windows\system32\nvspcap64.dll
0x00007ff8758c0000 - 0x00007ff875916000 	C:\Windows\SYSTEM32\WINSTA.dll
0x00007ff861790000 - 0x00007ff86180f000 	C:\Users\1zaia\AppData\Local\Temp\lwjgl1zaia\3.2.2-build-10\lwjgl_stb.dll
0x00007ff8702d0000 - 0x00007ff87037e000 	C:\Windows\SYSTEM32\mscms.dll
0x00007ff871e20000 - 0x00007ff871e37000 	C:\Windows\SYSTEM32\ColorAdapterClient.dll
0x00007ff81d600000 - 0x00007ff81d643000 	C:\Windows\SYSTEM32\icm32.dll
0x00007ff868350000 - 0x00007ff8683eb000 	C:\Windows\System32\TextInputFramework.dll
0x00007ff866330000 - 0x00007ff8665d7000 	C:\Windows\System32\iertutil.dll
0x00007ff877b30000 - 0x00007ff877bd2000 	C:\Windows\System32\clbcatq.dll
0x00007ff86c010000 - 0x00007ff86c03a000 	C:\Windows\System32\Speech\SpeechUX\SpTip.dll
0x00007ff81caa0000 - 0x00007ff81cb29000 	D:\Overwolf\0.173.0.16\OWExplorer.dll
0x00007ff861730000 - 0x00007ff861788000 	C:\Users\1zaia\AppData\Local\Temp\lwjgl1zaia\3.2.2-build-10\lwjgl_opengl.dll
0x00007ff866730000 - 0x00007ff86673c000 	C:\Users\1zaia\.jdks\corretto-1.8.0_292\jre\bin\sunmscapi.dll
0x00007ff876330000 - 0x00007ff876356000 	C:\Windows\SYSTEM32\ncrypt.dll
0x00007ff8762f0000 - 0x00007ff87632b000 	C:\Windows\SYSTEM32\NTASN1.dll
0x00007ff8645b0000 - 0x00007ff864787000 	C:\Windows\system32\urlmon.dll
0x00007ff8616e0000 - 0x00007ff861722000 	C:\Users\1zaia\AppData\Local\Temp\jna-48983600\jna9021224192925715187.dll
0x00007ff868240000 - 0x00007ff86825a000 	C:\Users\1zaia\OneDrive\Documents\GitHub\MoreTimeCapsules-1.16\build\natives\SAPIWrapper_x64.dll
0x00007ff81d7e0000 - 0x00007ff81d960000 	C:\Windows\System32\Speech\Common\sapi.dll
0x00007ff868470000 - 0x00007ff86847b000 	C:\Windows\SYSTEM32\msdmo.dll
0x00007ff843c90000 - 0x00007ff843cac000 	C:\Windows\SYSTEM32\MSACM32.dll
0x00007ff870d60000 - 0x00007ff870dd2000 	C:\Windows\System32\MMDevApi.dll
0x00007ff838db0000 - 0x00007ff838ec4000 	C:\Users\1zaia\AppData\Local\Temp\lwjgl1zaia\3.2.2-build-10\OpenAL.dll
0x00007ff871200000 - 0x00007ff871361000 	C:\Windows\SYSTEM32\AUDIOSES.DLL
0x00007ff874e80000 - 0x00007ff874e94000 	C:\Windows\SYSTEM32\resourcepolicyclient.dll

VM Arguments:
jvm_args: -agentlib:jdwp=transport=dt_socket,address=127.0.0.1:64459,suspend=y,server=n -Dforge.logging.console.level=debug -Dforge.logging.markers=SCAN,REGISTRIES,REGISTRYDUMP -XX:HeapDumpPath=MojangTricksIntelDriversForPerformance_javaw.exe_minecraft.exe.heapdump -Dos.name=Windows 10 -Dos.version=10.0 -javaagent:C:\Users\1zaia\AppData\Local\JetBrains\IdeaIC2020.3\groovyHotSwap\gragent.jar -javaagent:C:\Users\1zaia\AppData\Local\JetBrains\IdeaIC2020.3\captureAgent\debugger-agent.jar -Dfile.encoding=UTF-8 
java_command: net.minecraftforge.userdev.LaunchTesting
java_class_path (initial): C:\Users\1zaia\.jdks\corretto-1.8.0_292\jre\lib\charsets.jar;C:\Users\1zaia\.jdks\corretto-1.8.0_292\jre\lib\ext\access-bridge-64.jar;C:\Users\1zaia\.jdks\corretto-1.8.0_292\jre\lib\ext\cldrdata.jar;C:\Users\1zaia\.jdks\corretto-1.8.0_292\jre\lib\ext\dnsns.jar;C:\Users\1zaia\.jdks\corretto-1.8.0_292\jre\lib\ext\jaccess.jar;C:\Users\1zaia\.jdks\corretto-1.8.0_292\jre\lib\ext\jfxrt.jar;C:\Users\1zaia\.jdks\corretto-1.8.0_292\jre\lib\ext\localedata.jar;C:\Users\1zaia\.jdks\corretto-1.8.0_292\jre\lib\ext\nashorn.jar;C:\Users\1zaia\.jdks\corretto-1.8.0_292\jre\lib\ext\sunec.jar;C:\Users\1zaia\.jdks\corretto-1.8.0_292\jre\lib\ext\sunjce_provider.jar;C:\Users\1zaia\.jdks\corretto-1.8.0_292\jre\lib\ext\sunmscapi.jar;C:\Users\1zaia\.jdks\corretto-1.8.0_292\jre\lib\ext\sunpkcs11.jar;C:\Users\1zaia\.jdks\corretto-1.8.0_292\jre\lib\ext\zipfs.jar;C:\Users\1zaia\.jdks\corretto-1.8.0_292\jre\lib\jce.jar;C:\Users\1zaia\.jdks\corretto-1.8.0_292\jre\lib\jfr.jar;C:\Users\1zaia\.jdks\corretto-1.8.0_292\jre\lib\jfxswt.jar;C:\Users\1zaia\.jdks\corretto-1.8.0_292\jre\lib\jsse.jar;C:\Users\1zaia\.jdks\corretto-1.8.0_292\jre\lib\management-agent.jar;C:\Users\1zaia\.jdks\corretto-1.8.0_292\jre\lib\resources.jar;C:\Users\1zaia\.jdks\corretto-1.8.0_292\jre\lib\rt.jar;C:\Users\1zaia\OneDrive\Documents\GitHub\MoreTimeCapsules-1.16\build\classes\java\main;C:\Users\1zaia\OneDrive\Documents\GitHub\MoreTimeCapsules-1.16\build\resources\main;C:\Users\1zaia\.gradle\caches\forge_gradle\deobf_dependencies\com\gitlab\Spectre0987\TardisMod-1-14\1.16-SNAPSHOT_mapped_snapshot_20201028-1.16.3\TardisMod-1-14-1.16-SNAPSHOT_mapped_snapshot_20201028-1.16.3.jar;C:\Users\1zaia\.gradle\caches\forge_gradle\minecraft_user_repo\net\minecraftforge\forge\1.16.5-36.1.32_mapped_snapshot_20201028-1.16.3\forge-1.16.5-36.1.32_mapped_snapshot_20201028-1.16.3-recomp.jar;C:\Users\1zaia\.gradle\caches\forge_gradle\minecraft_user_repo\net\minecraftforge\forge\1.16.5-36.1.32_mapped_snapshot_20201028-1.
Launcher Type: SUN_STANDARD

Environment Variables:
JAVA_HOME=C:\Program Files\AdoptOpenJDK\jdk-8.0.282.8-hotspot
PATH=C:\Program Files (x86)\Common Files\Oracle\Java\javapath;C:\Program Files (x86)\Razer Chroma SDK\bin;C:\Program Files\Razer Chroma SDK\bin;C:\Program Files (x86)\Common Files\Intel\Shared Libraries\redist\intel64_win\compiler;C:\Program Files (x86)\Razer\ChromaBroadcast\bin;C:\Program Files\Razer\ChromaBroadcast\bin;C:\windows\system32;C:\windows;C:\windows\System32\Wbem;C:\windows\System32\WindowsPowerShell\v1.0\;C:\windows\System32\OpenSSH\;C:\Program Files (x86)\Intel\Intel(R) Management Engine Components\DAL;C:\Program Files\Intel\Intel(R) Management Engine Components\DAL;C:\Program Files (x86)\Intel\Intel(R) Management Engine Components\IPT;C:\Program Files\Intel\Intel(R) Management Engine Components\IPT;C:\Windows\system32;C:\Windows;C:\Windows\System32\Wbem;C:\Windows\System32\WindowsPowerShell\v1.0\;C:\Windows\System32\OpenSSH\;C:\Windows\system32\config\systemprofile\AppData\Local\Microsoft\WindowsApps;D:\Program Files\nodejs\;C:\Program Files (x86)\NVIDIA Corporation\PhysX\Common;C:\Program Files\NVIDIA Corporation\NVIDIA NvDLISR;C:\Program Files\remoteit\resources\x64;C:\Program Files\Git\cmd;C:\Users\1zaia\AppData\Local\Microsoft\WindowsApps;C:\Users\1zaia\AppData\Roaming\npm;D:\Users\1zaia\AppData\Local\Programs\Microsoft VS Code\bin;C:\Users\1zaia\spicetify-cli;D:\Program Files\JetBrains\IntelliJ IDEA Community Edition 2020.3.3\bin;;C:\Users\1zaia\AppData\Local\GitHubDesktop\bin
USERNAME=1zaia
OS=Windows_NT
PROCESSOR_IDENTIFIER=Intel64 Family 6 Model 158 Stepping 10, GenuineIntel



---------------  S Y S T E M  ---------------

OS: Windows 10.0 , 64 bit Build 18362 (10.0.18362.1500)

CPU:total 12 (initial active 12) (6 cores per cpu, 2 threads per core) family 6 model 158 stepping 10, cmov, cx8, fxsr, mmx, sse, sse2, sse3, ssse3, sse4.1, sse4.2, popcnt, avx, avx2, aes, clmul, erms, rtm, 3dnowpref, lzcnt, ht, tsc, tscinvbit, bmi1, bmi2, adx

Memory: 4k page, physical 33443044k(15690396k free), swap 135843044k(5120k free)

vm_info: OpenJDK 64-Bit Server VM (25.292-b10) for windows-amd64 JRE (1.8.0_292-b10), built on Apr 14 2021 23:06:53 by "Administrator" with MS VC++ 12.0 (VS2013)

time: Fri Jul 02 02:44:08 2021
timezone: Arab Standard Time
elapsed time: 44.687210 seconds (0d 0h 0m 44s)

