#
# There is insufficient memory for the Java Runtime Environment to continue.
# Native memory allocation (malloc) failed to allocate 32744 bytes for ChunkPool::allocate
# Possible reasons:
#   The system is out of physical RAM or swap space
#   The process is running with CompressedOops enabled, and the Java Heap may be blocking the growth of the native heap
# Possible solutions:
#   Reduce memory load on the system
#   Increase physical memory or swap space
#   Check if swap backing store is full
#   Decrease Java heap size (-Xmx/-Xms)
#   Decrease number of Java threads
#   Decrease Java thread stack sizes (-Xss)
#   Set larger code cache with -XX:ReservedCodeCacheSize=
#   JVM is running with Zero Based Compressed Oops mode in which the Java heap is
#     placed in the first 32GB address space. The Java Heap base address is the
#     maximum limit for the native heap growth. Please use -XX:HeapBaseMinAddress
#     to set the Java Heap base and to place the Java Heap above 32GB virtual address.
# This output file may be truncated or incomplete.
#
#  Out of Memory Error (allocation.cpp:272), pid=61020, tid=0x000000000000f19c
#
# JRE version: OpenJDK Runtime Environment (8.0_292-b10) (build 1.8.0_292-b10)
# Java VM: OpenJDK 64-Bit Server VM (25.292-b10 mixed mode windows-amd64 compressed oops)
# Failed to write core dump. Minidumps are not enabled by default on client versions of Windows
#

---------------  T H R E A D  ---------------

Current thread (0x000001aafccde000):  JavaThread "C1 CompilerThread3" daemon [_thread_in_native, id=61852, stack(0x0000000549f00000,0x000000054a000000)]

Stack: [0x0000000549f00000,0x000000054a000000]
[error occurred during error reporting (printing stack bounds), id 0xc0000005]

Native frames: (J=compiled Java code, j=interpreted, Vv=VM code, C=native code)


Current CompileTask:
C1:  51999 21879   !   2       net.minecraft.world.chunk.storage.ChunkSerializer::write (1148 bytes)


---------------  P R O C E S S  ---------------

Java Threads: ( => current thread )
  0x000001aafe235000 JavaThread "IO-Worker-24" [_thread_blocked, id=40012, stack(0x000000054ce00000,0x000000054cf00000)]
  0x000001aafe23d800 JavaThread "IO-Worker-23" [_thread_in_Java, id=47836, stack(0x000000054ae00000,0x000000054af00000)]
  0x000001aafe234000 JavaThread "Sound engine" daemon [_thread_blocked, id=68416, stack(0x000000054d500000,0x000000054d600000)]
  0x000001aafe23b000 JavaThread "Netty Server IO #1" daemon [_thread_in_native, id=57768, stack(0x000000054d400000,0x000000054d500000)]
  0x000001aafe237000 JavaThread "Netty Local Client IO #0" daemon [_thread_blocked, id=63296, stack(0x000000054d300000,0x000000054d400000)]
  0x000001aafe235800 JavaThread "Keep-Alive-Timer" daemon [_thread_blocked, id=66136, stack(0x000000054d200000,0x000000054d300000)]
  0x000001aafe238800 JavaThread "Netty Server IO #0" daemon [_thread_in_native, id=67232, stack(0x000000054d100000,0x000000054d200000)]
  0x000001aafe23a800 JavaThread "ObjectCleanerThread" daemon [_thread_blocked, id=5300, stack(0x000000054d000000,0x000000054d100000)]
  0x000001aafe233000 JavaThread "Java2D Disposer" daemon [_thread_blocked, id=36072, stack(0x000000054cf00000,0x000000054d000000)]
  0x000001aa9a066800 JavaThread "IO-Worker-22" [_thread_in_native, id=60912, stack(0x000000054cd00000,0x000000054ce00000)]
  0x000001aa9a069000 JavaThread "IO-Worker-20" [_thread_blocked, id=24732, stack(0x000000054c700000,0x000000054c800000)]
  0x000001aa9a065000 JavaThread "IO-Worker-19" [_thread_blocked, id=41908, stack(0x000000054c500000,0x000000054c600000)]
  0x000001aa9a068000 JavaThread "Worker-Main-18" daemon [_thread_blocked, id=54580, stack(0x000000054c400000,0x000000054c500000)]
  0x000001aa9a578000 JavaThread "Thread-11" daemon [_thread_in_native, id=59756, stack(0x000000054c000000,0x000000054c100000)]
  0x000001aa9a57b000 JavaThread "Server thread" [_thread_in_Java, id=61504, stack(0x000000054bd00000,0x000000054be00000)]
  0x000001aa9a56e000 JavaThread "Snooper Timer" daemon [_thread_blocked, id=58140, stack(0x000000054b200000,0x000000054b300000)]
  0x000001aa9a573800 JavaThread "Worker-Main-17" daemon [_thread_blocked, id=67104, stack(0x000000054b300000,0x000000054b400000)]
  0x000001aa9a574000 JavaThread "ForkJoinPool.commonPool-worker-2" daemon [_thread_blocked, id=34180, stack(0x000000054b800000,0x000000054b900000)]
  0x000001aa9a579000 JavaThread "Worker-Main-15" daemon [_thread_blocked, id=40632, stack(0x000000054b700000,0x000000054b800000)]
  0x000001aa9a57a800 JavaThread "Worker-Main-14" daemon [_thread_blocked, id=40896, stack(0x000000054c800000,0x000000054c900000)]
  0x000001aa9a575800 JavaThread "Worker-Main-12" daemon [_thread_blocked, id=62624, stack(0x000000054c600000,0x000000054c700000)]
  0x000001aa9a577000 JavaThread "Worker-Main-9" daemon [_thread_blocked, id=68580, stack(0x000000054c300000,0x000000054c400000)]
  0x000001aa9a575000 JavaThread "Worker-Main-8" daemon [_thread_blocked, id=55480, stack(0x000000054c200000,0x000000054c300000)]
  0x000001aa9a576800 JavaThread "Narrator" [_thread_blocked, id=50548, stack(0x000000054c100000,0x000000054c200000)]
  0x000001aa9a571800 JavaThread "modloading-worker-6" daemon [_thread_blocked, id=29172, stack(0x000000054bf00000,0x000000054c000000)]
  0x000001aa9a571000 JavaThread "modloading-worker-13" daemon [_thread_blocked, id=66104, stack(0x000000054be00000,0x000000054bf00000)]
  0x000001aa9a56e800 JavaThread "modloading-worker-4" daemon [_thread_blocked, id=47512, stack(0x000000054b000000,0x000000054b100000)]
  0x000001aa9a56f800 JavaThread "modloading-worker-11" daemon [_thread_blocked, id=68120, stack(0x000000054af00000,0x000000054b000000)]
  0x000001aa9a570000 JavaThread "modloading-worker-9" daemon [_thread_blocked, id=4568, stack(0x000000054ad00000,0x000000054ae00000)]
  0x000001aa9a572800 JavaThread "Snooper Timer" daemon [_thread_blocked, id=58920, stack(0x000000054b900000,0x000000054ba00000)]
  0x000001aa9a066000 JavaThread "Timer hack thread" daemon [_thread_blocked, id=54312, stack(0x000000054b100000,0x000000054b200000)]
  0x000001aa9a064800 JavaThread "Worker-Bootstrap-5" daemon [_thread_blocked, id=63892, stack(0x000000054b600000,0x000000054b700000)]
  0x000001aa9a06a800 JavaThread "Worker-Bootstrap-4" daemon [_thread_blocked, id=38572, stack(0x000000054b500000,0x000000054b600000)]
  0x000001aa9a06a000 JavaThread "Worker-Bootstrap-3" daemon [_thread_blocked, id=46000, stack(0x000000054b400000,0x000000054b500000)]
  0x000001aafdf63000 JavaThread "Thread-2" daemon [_thread_in_native, id=62996, stack(0x000000054a400000,0x000000054a500000)]
  0x000001aaff452800 JavaThread "Thread-1" daemon [_thread_blocked, id=68160, stack(0x000000054a300000,0x000000054a400000)]
  0x000001aafcd75800 JavaThread "Service Thread" daemon [_thread_blocked, id=64632, stack(0x000000054a000000,0x000000054a100000)]
=>0x000001aafccde000 JavaThread "C1 CompilerThread3" daemon [_thread_in_native, id=61852, stack(0x0000000549f00000,0x000000054a000000)]
  0x000001aafccb1800 JavaThread "C2 CompilerThread2" daemon [_thread_in_native, id=36472, stack(0x0000000549e00000,0x0000000549f00000)]
  0x000001aafccb0800 JavaThread "C2 CompilerThread1" daemon [_thread_in_native, id=30796, stack(0x0000000549d00000,0x0000000549e00000)]
  0x000001aafccb0000 JavaThread "C2 CompilerThread0" daemon [_thread_in_native, id=63552, stack(0x0000000549c00000,0x0000000549d00000)]
  0x000001aafc7e2000 JavaThread "JDWP Command Reader" daemon [_thread_in_native, id=67056, stack(0x0000000549b00000,0x0000000549c00000)]
  0x000001aafc7dd000 JavaThread "JDWP Event Helper Thread" daemon [_thread_blocked, id=31952, stack(0x0000000549a00000,0x0000000549b00000)]
  0x000001aafc7d6000 JavaThread "JDWP Transport Listener: dt_socket" daemon [_thread_blocked, id=65944, stack(0x0000000549900000,0x0000000549a00000)]
  0x000001aafa495000 JavaThread "Attach Listener" daemon [_thread_blocked, id=31160, stack(0x0000000549800000,0x0000000549900000)]
  0x000001aafa494000 JavaThread "Signal Dispatcher" daemon [_thread_blocked, id=68528, stack(0x0000000549700000,0x0000000549800000)]
  0x000001aae5fc3800 JavaThread "Finalizer" daemon [_thread_blocked, id=66352, stack(0x0000000549600000,0x0000000549700000)]
  0x000001aae5fbc800 JavaThread "Reference Handler" daemon [_thread_blocked, id=32308, stack(0x0000000549500000,0x0000000549600000)]
  0x000001aae5f2c000 JavaThread "Render thread" [_thread_blocked, id=66608, stack(0x0000000548900000,0x0000000548a00000)]

Other Threads:
  0x000001aafa453800 VMThread [stack: 0x0000000549400000,0x0000000549500000] [id=66360]
  0x000001aafccf0800 WatcherThread [stack: 0x000000054a100000,0x000000054a200000] [id=56200]

VM state:at safepoint (normal execution)

VM Mutex/Monitor currently owned by a thread:  ([mutex/lock_event])
[0x000001aae5f2bbc0] Threads_lock - owner thread: 0x000001aafa453800

OutOfMemory and StackOverflow Exception counts:
OutOfMemoryError java_heap_errors=3

heap address: 0x00000005c1a00000, size: 8166 MB, Compressed Oops mode: Zero based, Oop shift amount: 3
Narrow klass base: 0x0000000000000000, Narrow klass shift: 3
Compressed class space size: 1073741824 Address: 0x00000007c0000000

Heap:
 PSYoungGen      total 2672640K, used 133475K [0x0000000715e00000, 0x00000007c0000000, 0x00000007c0000000)
  eden space 2577408K, 1% used [0x0000000715e00000,0x00000007183a6910,0x00000007b3300000)
  from space 95232K, 99% used [0x00000007b3300000,0x00000007b8fb25b8,0x00000007b9000000)
  to   space 114688K, 0% used [0x00000007b9000000,0x00000007b9000000,0x00000007c0000000)
 ParOldGen       total 488960K, used 337716K [0x00000005c1a00000, 0x00000005df780000, 0x0000000715e00000)
  object space 488960K, 69% used [0x00000005c1a00000,0x00000005d63cd100,0x00000005df780000)
 Metaspace       used 109722K, capacity 124440K, committed 124696K, reserved 1155072K
  class space    used 16143K, capacity 19960K, committed 20008K, reserved 1048576K

Card table byte_map: [0x000001aaf6c70000,0x000001aaf7c70000] byte_map_base: 0x000001aaf3e63000

Marking Bits: (ParMarkBitMap*) 0x0000000077d3f7f0
 Begin Bits: [0x000001aa80000000, 0x000001aa87f98000)
 End Bits:   [0x000001aa87f98000, 0x000001aa8ff30000)

Polling page: 0x000001aae6050000

CodeCache: size=245760Kb used=54640Kb max_used=54813Kb free=191119Kb
 bounds [0x000001aae78b0000, 0x000001aaeae90000, 0x000001aaf68b0000]
 total_blobs=17383 nmethods=15570 adapters=1730
 compilation: enabled

Compilation events (10 events):
Event: 51.955 Thread 0x000001aafccde000 nmethod 21874 0x000001aaeaa67790 code [0x000001aaeaa67900, 0x000001aaeaa67b30]
Event: 51.955 Thread 0x000001aafccde000 21875       2       net.minecraft.nbt.NBTDynamicOps$NBTRecordBuilder::append (9 bytes)
Event: 51.955 Thread 0x000001aafccde000 nmethod 21875 0x000001aaeaa67390 code [0x000001aaeaa67500, 0x000001aaeaa676b0]
Event: 51.955 Thread 0x000001aafccde000 21876       2       mezz.jei.api.ingredients.subtypes.ISubtypeInterpreter::apply (8 bytes)
Event: 51.955 Thread 0x000001aafccde000 nmethod 21876 0x000001aaeaa66fd0 code [0x000001aaeaa67140, 0x000001aaeaa672d0]
Event: 51.955 Thread 0x000001aafccde000 21877       1       net.tardis.mod.sonic.ISonicPart$SonicPart::getInvID (5 bytes)
Event: 51.955 Thread 0x000001aafccde000 nmethod 21877 0x000001aaea683ed0 code [0x000001aaea684020, 0x000001aaea684138]
Event: 51.993 Thread 0x000001aafccde000 21878       2       java.util.zip.Inflater::finalize (5 bytes)
Event: 51.993 Thread 0x000001aafccde000 nmethod 21878 0x000001aaeaa66c50 code [0x000001aaeaa66dc0, 0x000001aaeaa66f50]
Event: 51.993 Thread 0x000001aafccde000 21879   !   2       net.minecraft.world.chunk.storage.ChunkSerializer::write (1148 bytes)

GC Heap History (10 events):
Event: 23.865 GC heap before
{Heap before GC invocations=47 (full 3):
 PSYoungGen      total 2693120K, used 2692740K [0x0000000715e00000, 0x00000007c0000000, 0x00000007c0000000)
  eden space 2637824K, 100% used [0x0000000715e00000,0x00000007b6e00000,0x00000007b6e00000)
  from space 55296K, 99% used [0x00000007b6e00000,0x00000007ba3a1358,0x00000007ba400000)
  to   space 78336K, 0% used [0x00000007bb380000,0x00000007bb380000,0x00000007c0000000)
 ParOldGen       total 488960K, used 215921K [0x00000005c1a00000, 0x00000005df780000, 0x0000000715e00000)
  object space 488960K, 44% used [0x00000005c1a00000,0x00000005cecdc528,0x00000005df780000)
 Metaspace       used 87282K, capacity 96298K, committed 96408K, reserved 1130496K
  class space    used 12962K, capacity 15738K, committed 15784K, reserved 1048576K
Event: 23.885 GC heap after
Heap after GC invocations=47 (full 3):
 PSYoungGen      total 2704896K, used 53812K [0x0000000715e00000, 0x00000007c0000000, 0x00000007c0000000)
  eden space 2626560K, 0% used [0x0000000715e00000,0x0000000715e00000,0x00000007b6300000)
  from space 78336K, 68% used [0x00000007bb380000,0x00000007be80d350,0x00000007c0000000)
  to   space 80384K, 0% used [0x00000007b6300000,0x00000007b6300000,0x00000007bb180000)
 ParOldGen       total 488960K, used 222001K [0x00000005c1a00000, 0x00000005df780000, 0x0000000715e00000)
  object space 488960K, 45% used [0x00000005c1a00000,0x00000005cf2cc638,0x00000005df780000)
 Metaspace       used 87282K, capacity 96298K, committed 96408K, reserved 1130496K
  class space    used 12962K, capacity 15738K, committed 15784K, reserved 1048576K
}
Event: 28.177 GC heap before
{Heap before GC invocations=48 (full 3):
 PSYoungGen      total 2704896K, used 1999332K [0x0000000715e00000, 0x00000007c0000000, 0x00000007c0000000)
  eden space 2626560K, 74% used [0x0000000715e00000,0x000000078c9ebeb8,0x00000007b6300000)
  from space 78336K, 68% used [0x00000007bb380000,0x00000007be80d350,0x00000007c0000000)
  to   space 80384K, 0% used [0x00000007b6300000,0x00000007b6300000,0x00000007bb180000)
 ParOldGen       total 488960K, used 222001K [0x00000005c1a00000, 0x00000005df780000, 0x0000000715e00000)
  object space 488960K, 45% used [0x00000005c1a00000,0x00000005cf2cc638,0x00000005df780000)
 Metaspace       used 89203K, capacity 98530K, committed 98600K, reserved 1132544K
  class space    used 13195K, capacity 16024K, committed 16040K, reserved 1048576K
Event: 28.226 GC heap after
Heap after GC invocations=48 (full 3):
 PSYoungGen      total 2706944K, used 80363K [0x0000000715e00000, 0x00000007c0000000, 0x00000007c0000000)
  eden space 2626560K, 0% used [0x0000000715e00000,0x0000000715e00000,0x00000007b6300000)
  from space 80384K, 99% used [0x00000007b6300000,0x00000007bb17adc8,0x00000007bb180000)
  to   space 80384K, 0% used [0x00000007bb180000,0x00000007bb180000,0x00000007c0000000)
 ParOldGen       total 488960K, used 263643K [0x00000005c1a00000, 0x00000005df780000, 0x0000000715e00000)
  object space 488960K, 53% used [0x00000005c1a00000,0x00000005d1b76d90,0x00000005df780000)
 Metaspace       used 89203K, capacity 98530K, committed 98600K, reserved 1132544K
  class space    used 13195K, capacity 16024K, committed 16040K, reserved 1048576K
}
Event: 28.226 GC heap before
{Heap before GC invocations=49 (full 4):
 PSYoungGen      total 2706944K, used 80363K [0x0000000715e00000, 0x00000007c0000000, 0x00000007c0000000)
  eden space 2626560K, 0% used [0x0000000715e00000,0x0000000715e00000,0x00000007b6300000)
  from space 80384K, 99% used [0x00000007b6300000,0x00000007bb17adc8,0x00000007bb180000)
  to   space 80384K, 0% used [0x00000007bb180000,0x00000007bb180000,0x00000007c0000000)
 ParOldGen       total 488960K, used 263643K [0x00000005c1a00000, 0x00000005df780000, 0x0000000715e00000)
  object space 488960K, 53% used [0x00000005c1a00000,0x00000005d1b76d90,0x00000005df780000)
 Metaspace       used 89203K, capacity 98530K, committed 98600K, reserved 1132544K
  class space    used 13195K, capacity 16024K, committed 16040K, reserved 1048576K
Event: 28.905 GC heap after
Heap after GC invocations=49 (full 4):
 PSYoungGen      total 2706944K, used 0K [0x0000000715e00000, 0x00000007c0000000, 0x00000007c0000000)
  eden space 2626560K, 0% used [0x0000000715e00000,0x0000000715e00000,0x00000007b6300000)
  from space 80384K, 0% used [0x00000007b6300000,0x00000007b6300000,0x00000007bb180000)
  to   space 80384K, 0% used [0x00000007bb180000,0x00000007bb180000,0x00000007c0000000)
 ParOldGen       total 488960K, used 337647K [0x00000005c1a00000, 0x00000005df780000, 0x0000000715e00000)
  object space 488960K, 69% used [0x00000005c1a00000,0x00000005d63bbfb0,0x00000005df780000)
 Metaspace       used 89191K, capacity 98498K, committed 98600K, reserved 1132544K
  class space    used 13190K, capacity 16016K, committed 16040K, reserved 1048576K
}
Event: 41.252 GC heap before
{Heap before GC invocations=50 (full 4):
 PSYoungGen      total 2706944K, used 2626560K [0x0000000715e00000, 0x00000007c0000000, 0x00000007c0000000)
  eden space 2626560K, 100% used [0x0000000715e00000,0x00000007b6300000,0x00000007b6300000)
  from space 80384K, 0% used [0x00000007b6300000,0x00000007b6300000,0x00000007bb180000)
  to   space 80384K, 0% used [0x00000007bb180000,0x00000007bb180000,0x00000007c0000000)
 ParOldGen       total 488960K, used 337668K [0x00000005c1a00000, 0x00000005df780000, 0x0000000715e00000)
  object space 488960K, 69% used [0x00000005c1a00000,0x00000005d63c1100,0x00000005df780000)
 Metaspace       used 96427K, capacity 108566K, committed 108696K, reserved 1140736K
  class space    used 14403K, capacity 17778K, committed 17832K, reserved 1048576K
Event: 41.264 GC heap after
Heap after GC invocations=50 (full 4):
 PSYoungGen      total 2657792K, used 25804K [0x0000000715e00000, 0x00000007c0000000, 0x00000007c0000000)
  eden space 2577408K, 0% used [0x0000000715e00000,0x0000000715e00000,0x00000007b3300000)
  from space 80384K, 32% used [0x00000007bb180000,0x00000007bcab3120,0x00000007c0000000)
  to   space 104960K, 0% used [0x00000007b3300000,0x00000007b3300000,0x00000007b9980000)
 ParOldGen       total 488960K, used 337684K [0x00000005c1a00000, 0x00000005df780000, 0x0000000715e00000)
  object space 488960K, 69% used [0x00000005c1a00000,0x00000005d63c5100,0x00000005df780000)
 Metaspace       used 96427K, capacity 108566K, committed 108696K, reserved 1140736K
  class space    used 14403K, capacity 17778K, committed 17832K, reserved 1048576K
}
Event: 51.956 GC heap before
{Heap before GC invocations=51 (full 4):
 PSYoungGen      total 2657792K, used 2603212K [0x0000000715e00000, 0x00000007c0000000, 0x00000007c0000000)
  eden space 2577408K, 100% used [0x0000000715e00000,0x00000007b3300000,0x00000007b3300000)
  from space 80384K, 32% used [0x00000007bb180000,0x00000007bcab3120,0x00000007c0000000)
  to   space 104960K, 0% used [0x00000007b3300000,0x00000007b3300000,0x00000007b9980000)
 ParOldGen       total 488960K, used 337684K [0x00000005c1a00000, 0x00000005df780000, 0x0000000715e00000)
  object space 488960K, 69% used [0x00000005c1a00000,0x00000005d63c5100,0x00000005df780000)
 Metaspace       used 109680K, capacity 124376K, committed 124440K, reserved 1153024K
  class space    used 16141K, capacity 19960K, committed 20008K, reserved 1048576K
Event: 51.992 GC heap after
Heap after GC invocations=51 (full 4):
 PSYoungGen      total 2672640K, used 94921K [0x0000000715e00000, 0x00000007c0000000, 0x00000007c0000000)
  eden space 2577408K, 0% used [0x0000000715e00000,0x0000000715e00000,0x00000007b3300000)
  from space 95232K, 99% used [0x00000007b3300000,0x00000007b8fb25b8,0x00000007b9000000)
  to   space 114688K, 0% used [0x00000007b9000000,0x00000007b9000000,0x00000007c0000000)
 ParOldGen       total 488960K, used 337716K [0x00000005c1a00000, 0x00000005df780000, 0x0000000715e00000)
  object space 488960K, 69% used [0x00000005c1a00000,0x00000005d63cd100,0x00000005df780000)
 Metaspace       used 109680K, capacity 124376K, committed 124440K, reserved 1153024K
  class space    used 16141K, capacity 19960K, committed 20008K, reserved 1048576K
}

Deoptimization events (10 events):
Event: 51.835 Thread 0x000001aa9a57b000 Uncommon trap: reason=class_check action=maybe_recompile pc=0x000001aaead47a0c method=net.minecraft.nbt.CompressedStreamTools.writeTag(Lnet/minecraft/nbt/INBT;Ljava/io/DataOutput;)V @ 7
Event: 51.835 Thread 0x000001aa9a57b000 Uncommon trap: reason=class_check action=maybe_recompile pc=0x000001aaead47a0c method=net.minecraft.nbt.CompressedStreamTools.writeTag(Lnet/minecraft/nbt/INBT;Ljava/io/DataOutput;)V @ 7
Event: 51.836 Thread 0x000001aa9a57b000 Uncommon trap: reason=class_check action=maybe_recompile pc=0x000001aaead47a0c method=net.minecraft.nbt.CompressedStreamTools.writeTag(Lnet/minecraft/nbt/INBT;Ljava/io/DataOutput;)V @ 7
Event: 51.841 Thread 0x000001aa9a57b000 Uncommon trap: reason=unstable_if action=reinterpret pc=0x000001aae7ebe75c method=java.lang.Integer.toString(I)Ljava/lang/String; @ 3
Event: 51.847 Thread 0x000001aa9a066800 Uncommon trap: reason=unstable_if action=reinterpret pc=0x000001aaea8e6134 method=java.util.concurrent.CompletableFuture.uniCompose(Ljava/util/concurrent/CompletableFuture;Ljava/util/function/Function;Ljava/util/concurrent/CompletableFuture$UniCompose;)Z 
Event: 51.851 Thread 0x000001aafe235000 Uncommon trap: reason=unstable_if action=reinterpret pc=0x000001aae862a7ac method=java.util.concurrent.CompletableFuture.encodeRelay(Ljava/lang/Object;)Ljava/lang/Object; @ 4
Event: 51.933 Thread 0x000001aae5f2c000 Uncommon trap: reason=unstable_if action=reinterpret pc=0x000001aae8b7510c method=sun.nio.cs.UTF_8$Encoder.encodeArrayLoop(Ljava/nio/CharBuffer;Ljava/nio/ByteBuffer;)Ljava/nio/charset/CoderResult; @ 166
Event: 51.933 Thread 0x000001aae5f2c000 Uncommon trap: reason=unstable_if action=reinterpret pc=0x000001aae917f14c method=sun.nio.cs.UTF_8$Encoder.encodeArrayLoop(Ljava/nio/CharBuffer;Ljava/nio/ByteBuffer;)Ljava/nio/charset/CoderResult; @ 166
Event: 51.996 Thread 0x000001aafe235000 Uncommon trap: reason=bimorphic action=maybe_recompile pc=0x000001aae899b344 method=java.lang.Throwable.<init>()V @ 24
Event: 51.997 Thread 0x000001aafe235000 Uncommon trap: reason=unstable_if action=reinterpret pc=0x000001aaea1aba20 method=java.lang.AbstractStringBuilder.setLength(I)V @ 23

Classes redefined (0 events):
No events

Internal exceptions (10 events):
Event: 51.995 Thread 0x000001aafe235000 Exception <a 'sun/nio/fs/WindowsException'> (0x0000000716ee0a18) thrown at [C:\wsjdk\Corretto8Src\installers\windows\zip\corretto-build\buildRoot\src\hotspot\src\share\vm\prims\jni.cpp, line 711]
Event: 51.995 Thread 0x000001aae5f2c000 Exception <a 'sun/nio/fs/WindowsException'> (0x0000000715e99e78) thrown at [C:\wsjdk\Corretto8Src\installers\windows\zip\corretto-build\buildRoot\src\hotspot\src\share\vm\prims\jni.cpp, line 711]
Event: 51.995 Thread 0x000001aae5f2c000 Exception <a 'sun/nio/fs/WindowsException'> (0x0000000715e9a568) thrown at [C:\wsjdk\Corretto8Src\installers\windows\zip\corretto-build\buildRoot\src\hotspot\src\share\vm\prims\jni.cpp, line 711]
Event: 51.995 Thread 0x000001aae5f2c000 Exception <a 'sun/nio/fs/WindowsException'> (0x0000000715e9b5a0) thrown at [C:\wsjdk\Corretto8Src\installers\windows\zip\corretto-build\buildRoot\src\hotspot\src\share\vm\prims\jni.cpp, line 711]
Event: 51.995 Thread 0x000001aae5f2c000 Exception <a 'sun/nio/fs/WindowsException'> (0x0000000715e9bc90) thrown at [C:\wsjdk\Corretto8Src\installers\windows\zip\corretto-build\buildRoot\src\hotspot\src\share\vm\prims\jni.cpp, line 711]
Event: 51.995 Thread 0x000001aae5f2c000 Exception <a 'sun/nio/fs/WindowsException'> (0x0000000715e9c9f0) thrown at [C:\wsjdk\Corretto8Src\installers\windows\zip\corretto-build\buildRoot\src\hotspot\src\share\vm\prims\jni.cpp, line 711]
Event: 51.995 Thread 0x000001aae5f2c000 Exception <a 'sun/nio/fs/WindowsException'> (0x0000000715e9d0e0) thrown at [C:\wsjdk\Corretto8Src\installers\windows\zip\corretto-build\buildRoot\src\hotspot\src\share\vm\prims\jni.cpp, line 711]
Event: 51.996 Thread 0x000001aafe235000 Exception <a 'sun/nio/fs/WindowsException'> (0x0000000716ee6928) thrown at [C:\wsjdk\Corretto8Src\installers\windows\zip\corretto-build\buildRoot\src\hotspot\src\share\vm\prims\jni.cpp, line 711]
Event: 51.996 Thread 0x000001aafe235000 Exception <a 'java/lang/OutOfMemoryError'> (0x0000000716ee8de8) thrown at [C:\wsjdk\Corretto8Src\installers\windows\zip\corretto-build\buildRoot\src\hotspot\src\share\vm\prims\jni.cpp, line 738]
Event: 51.997 Thread 0x000001aa9a069000 Exception <a 'sun/nio/fs/WindowsException'> (0x000000071786f630) thrown at [C:\wsjdk\Corretto8Src\installers\windows\zip\corretto-build\buildRoot\src\hotspot\src\share\vm\prims\jni.cpp, line 711]

Events (10 events):
Event: 51.996 Thread 0x000001aafe235000 DEOPT UNPACKING pc=0x000001aae78f75d8 sp=0x000000054cefeed8 mode 1
Event: 51.996 Thread 0x000001aafe235000 DEOPT PACKING pc=0x000001aaea7929a8 sp=0x000000054ceff1f0
Event: 51.996 Thread 0x000001aafe235000 DEOPT UNPACKING pc=0x000001aae78f75d8 sp=0x000000054cefee90 mode 1
Event: 51.996 Thread 0x000001aafe23d800 Thread added: 0x000001aafe23d800
Event: 51.997 Thread 0x000001aafe235000 Uncommon trap: trap_request=0xffffff65 fr.pc=0x000001aaea1aba20
Event: 51.997 Thread 0x000001aafe235000 DEOPT PACKING pc=0x000001aaea1aba20 sp=0x000000054cefebb0
Event: 51.997 Thread 0x000001aafe235000 DEOPT UNPACKING pc=0x000001aae78f5583 sp=0x000000054cefe960 mode 2
Event: 51.997 Thread 0x000001aa9a069000 DEOPT PACKING pc=0x000001aaeade617c sp=0x000000054c7fea20
Event: 51.997 Thread 0x000001aa9a069000 DEOPT UNPACKING pc=0x000001aae78f75d8 sp=0x000000054c7fe718 mode 1
Event: 51.998 Executing VM operation: RevokeBias


Dynamic libraries:
0x00007ff74e350000 - 0x00007ff74e38a000 	C:\Users\1zaia\.jdks\corretto-1.8.0_292\bin\java.exe
0x00007ff879960000 - 0x00007ff879b50000 	C:\Windows\SYSTEM32\ntdll.dll
0x00007ff878470000 - 0x00007ff878522000 	C:\Windows\System32\KERNEL32.DLL
0x00007ff8769d0000 - 0x00007ff876c75000 	C:\Windows\System32\KERNELBASE.dll
0x00007ff877ea0000 - 0x00007ff877f43000 	C:\Windows\System32\ADVAPI32.dll
0x00007ff878690000 - 0x00007ff87872e000 	C:\Windows\System32\msvcrt.dll
0x00007ff8783c0000 - 0x00007ff878457000 	C:\Windows\System32\sechost.dll
0x00007ff877a10000 - 0x00007ff877b2f000 	C:\Windows\System32\RPCRT4.dll
0x00007ff877be0000 - 0x00007ff877d74000 	C:\Windows\System32\USER32.dll
0x00007ff8778a0000 - 0x00007ff8778c1000 	C:\Windows\System32\win32u.dll
0x00007ff877e00000 - 0x00007ff877e26000 	C:\Windows\System32\GDI32.dll
0x00007ff877550000 - 0x00007ff8776e8000 	C:\Windows\System32\gdi32full.dll
0x00007ff8774b0000 - 0x00007ff87754e000 	C:\Windows\System32\msvcp_win.dll
0x00007ff8768d0000 - 0x00007ff8769ca000 	C:\Windows\System32\ucrtbase.dll
0x00007ff85d190000 - 0x00007ff85d414000 	C:\Windows\WinSxS\amd64_microsoft.windows.common-controls_6595b64144ccf1df_6.0.18362.1556_none_9e7e372fe45e41d5\COMCTL32.dll
0x00007ff877f50000 - 0x00007ff878286000 	C:\Windows\System32\combase.dll
0x00007ff877920000 - 0x00007ff8779a1000 	C:\Windows\System32\bcryptPrimitives.dll
0x00007ff879620000 - 0x00007ff87964e000 	C:\Windows\System32\IMM32.DLL
0x00007ff834d60000 - 0x00007ff834e4f000 	C:\Users\1zaia\.jdks\corretto-1.8.0_292\jre\bin\msvcr120.dll
0x00007ff83e7c0000 - 0x00007ff83e866000 	C:\Users\1zaia\.jdks\corretto-1.8.0_292\jre\bin\msvcp120.dll
0x0000000077550000 - 0x0000000077dbe000 	C:\Users\1zaia\.jdks\corretto-1.8.0_292\jre\bin\server\jvm.dll
0x00007ff879580000 - 0x00007ff879588000 	C:\Windows\System32\PSAPI.DLL
0x00007ff872db0000 - 0x00007ff872db9000 	C:\Windows\SYSTEM32\WSOCK32.dll
0x00007ff872c00000 - 0x00007ff872c24000 	C:\Windows\SYSTEM32\WINMM.dll
0x00007ff86fa30000 - 0x00007ff86fa3a000 	C:\Windows\SYSTEM32\VERSION.dll
0x00007ff879590000 - 0x00007ff8795ff000 	C:\Windows\System32\WS2_32.dll
0x00007ff872bd0000 - 0x00007ff872bfd000 	C:\Windows\SYSTEM32\winmmbase.dll
0x00007ff8778d0000 - 0x00007ff87791a000 	C:\Windows\System32\cfgmgr32.dll
0x00007ff866cb0000 - 0x00007ff866cbf000 	C:\Users\1zaia\.jdks\corretto-1.8.0_292\jre\bin\verify.dll
0x00007ff861480000 - 0x00007ff8614a9000 	C:\Users\1zaia\.jdks\corretto-1.8.0_292\jre\bin\java.dll
0x00007ff864190000 - 0x00007ff8641c5000 	C:\Users\1zaia\.jdks\corretto-1.8.0_292\jre\bin\jdwp.dll
0x00007ff86b310000 - 0x00007ff86b318000 	C:\Users\1zaia\.jdks\corretto-1.8.0_292\jre\bin\npt.dll
0x00007ff864160000 - 0x00007ff86418a000 	C:\Users\1zaia\.jdks\corretto-1.8.0_292\jre\bin\instrument.dll
0x00007ff862290000 - 0x00007ff8622a6000 	C:\Users\1zaia\.jdks\corretto-1.8.0_292\jre\bin\zip.dll
0x00007ff878c00000 - 0x00007ff8792e7000 	C:\Windows\System32\SHELL32.dll
0x00007ff879870000 - 0x00007ff879918000 	C:\Windows\System32\shcore.dll
0x00007ff876c80000 - 0x00007ff8773fb000 	C:\Windows\System32\windows.storage.dll
0x00007ff876820000 - 0x00007ff87683e000 	C:\Windows\System32\profapi.dll
0x00007ff876880000 - 0x00007ff8768ca000 	C:\Windows\System32\powrprof.dll
0x00007ff876810000 - 0x00007ff876820000 	C:\Windows\System32\UMPDC.dll
0x00007ff879660000 - 0x00007ff8796b2000 	C:\Windows\System32\shlwapi.dll
0x00007ff876860000 - 0x00007ff876871000 	C:\Windows\System32\kernel.appcore.dll
0x00007ff877880000 - 0x00007ff877897000 	C:\Windows\System32\cryptsp.dll
0x00007ff86b300000 - 0x00007ff86b309000 	C:\Users\1zaia\.jdks\corretto-1.8.0_292\jre\bin\dt_socket.dll
0x00007ff876050000 - 0x00007ff8760b7000 	C:\Windows\system32\mswsock.dll
0x00007ff866a10000 - 0x00007ff866a1d000 	C:\Users\1zaia\.jdks\corretto-1.8.0_292\jre\bin\management.dll
0x00007ff861be0000 - 0x00007ff861bfa000 	C:\Users\1zaia\.jdks\corretto-1.8.0_292\jre\bin\net.dll
0x00007ff84c0f0000 - 0x00007ff84c106000 	C:\Windows\system32\napinsp.dll
0x00007ff84bf80000 - 0x00007ff84bf9a000 	C:\Windows\system32\pnrpnsp.dll
0x00007ff8742a0000 - 0x00007ff8742bc000 	C:\Windows\system32\NLAapi.dll
0x00007ff875d60000 - 0x00007ff875d9a000 	C:\Windows\SYSTEM32\IPHLPAPI.DLL
0x00007ff875da0000 - 0x00007ff875e6b000 	C:\Windows\SYSTEM32\DNSAPI.dll
0x00007ff879650000 - 0x00007ff879658000 	C:\Windows\System32\NSI.dll
0x00007ff84c0e0000 - 0x00007ff84c0ee000 	C:\Windows\System32\winrnr.dll
0x00000000543d0000 - 0x00000000543f6000 	C:\Program Files\Bonjour\mdnsNSP.dll
0x00007ff8724f0000 - 0x00007ff872505000 	C:\Windows\system32\wshbth.dll
0x00007ff870c50000 - 0x00007ff870c5a000 	C:\Windows\System32\rasadhlp.dll
0x00007ff86f560000 - 0x00007ff86f5d7000 	C:\Windows\System32\fwpuclnt.dll
0x00007ff8776f0000 - 0x00007ff877716000 	C:\Windows\System32\bcrypt.dll
0x00007ff860be0000 - 0x00007ff860bf2000 	C:\Users\1zaia\.jdks\corretto-1.8.0_292\jre\bin\nio.dll
0x00007ff85c140000 - 0x00007ff85c163000 	C:\Users\1zaia\.jdks\corretto-1.8.0_292\jre\bin\sunec.dll
0x00007ff875bd0000 - 0x00007ff875c03000 	C:\Windows\system32\rsaenh.dll
0x00007ff876700000 - 0x00007ff876725000 	C:\Windows\SYSTEM32\USERENV.dll
0x00007ff876220000 - 0x00007ff87622c000 	C:\Windows\SYSTEM32\CRYPTBASE.dll
0x00007ff870200000 - 0x00007ff870216000 	C:\Windows\SYSTEM32\dhcpcsvc6.DLL
0x00007ff86f910000 - 0x00007ff86f92c000 	C:\Windows\SYSTEM32\dhcpcsvc.DLL
0x00007ff8640e0000 - 0x00007ff864152000 	C:\Users\1zaia\AppData\Local\Temp\lwjgl1zaia\3.2.2-build-10\lwjgl.dll
0x00007ff82ef60000 - 0x00007ff82f1b1000 	C:\Users\1zaia\AppData\Local\Temp\lwjgl1zaia\3.2.2-build-10\jemalloc.dll
0x00007ff864080000 - 0x00007ff8640de000 	C:\Users\1zaia\AppData\Local\Temp\lwjgl1zaia\3.2.2-build-10\glfw.dll
0x00007ff874ab0000 - 0x00007ff874b49000 	C:\Windows\system32\uxtheme.dll
0x00007ff81d150000 - 0x00007ff81d193000 	C:\Windows\SYSTEM32\dinput8.dll
0x00007ff862ee0000 - 0x00007ff862ef1000 	C:\Windows\SYSTEM32\xinput1_4.dll
0x00007ff876600000 - 0x00007ff87662a000 	C:\Windows\SYSTEM32\DEVOBJ.dll
0x00007ff874f70000 - 0x00007ff874f9d000 	C:\Windows\SYSTEM32\dwmapi.dll
0x00007ff866210000 - 0x00007ff86632b000 	C:\Windows\SYSTEM32\inputhost.dll
0x00007ff874770000 - 0x00007ff874844000 	C:\Windows\SYSTEM32\CoreMessaging.dll
0x00007ff8725f0000 - 0x00007ff872742000 	C:\Windows\SYSTEM32\wintypes.dll
0x00007ff870ed0000 - 0x00007ff8711fa000 	C:\Windows\SYSTEM32\CoreUIComponents.dll
0x00007ff873160000 - 0x00007ff87324f000 	C:\Windows\SYSTEM32\PROPSYS.dll
0x00007ff8792f0000 - 0x00007ff8793b5000 	C:\Windows\System32\OLEAUT32.dll
0x00007ff875850000 - 0x00007ff875881000 	C:\Windows\SYSTEM32\ntmarta.dll
0x00007ff879440000 - 0x00007ff879575000 	C:\Windows\System32\MSCTF.dll
0x00007ff8753f0000 - 0x00007ff8753fe000 	C:\Windows\SYSTEM32\HID.DLL
0x00007ff878730000 - 0x00007ff878ba0000 	C:\Windows\System32\SETUPAPI.DLL
0x00007ff8779b0000 - 0x00007ff877a0c000 	C:\Windows\System32\WINTRUST.dll
0x00007ff876840000 - 0x00007ff876852000 	C:\Windows\System32\MSASN1.dll
0x00007ff877720000 - 0x00007ff877871000 	C:\Windows\System32\CRYPT32.dll
0x00007ff834720000 - 0x00007ff834876000 	C:\Windows\SYSTEM32\opengl32.dll
0x00007ff862790000 - 0x00007ff8627bc000 	C:\Windows\SYSTEM32\GLU32.dll
0x00007ff875450000 - 0x00007ff875470000 	C:\Windows\SYSTEM32\dxcore.dll
0x00007ff806f30000 - 0x00007ff80990e000 	C:\Windows\System32\DriverStore\FileRepository\nvhdci.inf_amd64_5b345abba51a5621\nvoglv64.dll
0x00007ff878530000 - 0x00007ff878687000 	C:\Windows\System32\ole32.dll
0x00007ff872300000 - 0x00007ff872313000 	C:\Windows\SYSTEM32\WTSAPI32.dll
0x00007ff86e6b0000 - 0x00007ff86e6df000 	C:\Windows\SYSTEM32\cryptnet.dll
0x00007ff84b610000 - 0x00007ff84b8d3000 	C:\Windows\system32\nvspcap64.dll
0x00007ff8758c0000 - 0x00007ff875916000 	C:\Windows\SYSTEM32\WINSTA.dll
0x00007ff861790000 - 0x00007ff86180f000 	C:\Users\1zaia\AppData\Local\Temp\lwjgl1zaia\3.2.2-build-10\lwjgl_stb.dll
0x00007ff8702d0000 - 0x00007ff87037e000 	C:\Windows\SYSTEM32\mscms.dll
0x00007ff871e20000 - 0x00007ff871e37000 	C:\Windows\SYSTEM32\ColorAdapterClient.dll
0x00007ff81d600000 - 0x00007ff81d643000 	C:\Windows\SYSTEM32\icm32.dll
0x00007ff868350000 - 0x00007ff8683eb000 	C:\Windows\System32\TextInputFramework.dll
0x00007ff866330000 - 0x00007ff8665d7000 	C:\Windows\System32\iertutil.dll
0x00007ff877b30000 - 0x00007ff877bd2000 	C:\Windows\System32\clbcatq.dll
0x00007ff86c010000 - 0x00007ff86c03a000 	C:\Windows\System32\Speech\SpeechUX\SpTip.dll
0x00007ff81caa0000 - 0x00007ff81cb29000 	D:\Overwolf\0.173.0.16\OWExplorer.dll
0x00007ff861730000 - 0x00007ff861788000 	C:\Users\1zaia\AppData\Local\Temp\lwjgl1zaia\3.2.2-build-10\lwjgl_opengl.dll
0x00007ff866730000 - 0x00007ff86673c000 	C:\Users\1zaia\.jdks\corretto-1.8.0_292\jre\bin\sunmscapi.dll
0x00007ff876330000 - 0x00007ff876356000 	C:\Windows\SYSTEM32\ncrypt.dll
0x00007ff8762f0000 - 0x00007ff87632b000 	C:\Windows\SYSTEM32\NTASN1.dll
0x00007ff8645b0000 - 0x00007ff864787000 	C:\Windows\system32\urlmon.dll
0x00007ff8616e0000 - 0x00007ff861722000 	C:\Users\1zaia\AppData\Local\Temp\jna-48983600\jna5457701948091840409.dll
0x00007ff868240000 - 0x00007ff86825a000 	C:\Users\1zaia\OneDrive\Documents\GitHub\MoreTimeCapsules-1.16\build\natives\SAPIWrapper_x64.dll
0x00007ff81d7e0000 - 0x00007ff81d960000 	C:\Windows\System32\Speech\Common\sapi.dll
0x00007ff868470000 - 0x00007ff86847b000 	C:\Windows\SYSTEM32\msdmo.dll
0x00007ff843c90000 - 0x00007ff843cac000 	C:\Windows\SYSTEM32\MSACM32.dll
0x00007ff870d60000 - 0x00007ff870dd2000 	C:\Windows\System32\MMDevApi.dll
0x00007ff8378a0000 - 0x00007ff8379b4000 	C:\Users\1zaia\AppData\Local\Temp\lwjgl1zaia\3.2.2-build-10\OpenAL.dll
0x00007ff871200000 - 0x00007ff871361000 	C:\Windows\SYSTEM32\AUDIOSES.DLL
0x00007ff874e80000 - 0x00007ff874e94000 	C:\Windows\SYSTEM32\resourcepolicyclient.dll
0x00007ff8373f0000 - 0x00007ff837585000 	C:\Users\1zaia\.jdks\corretto-1.8.0_292\jre\bin\awt.dll
0x00007ff874980000 - 0x00007ff874a0f000 	C:\Windows\SYSTEM32\apphelp.dll

VM Arguments:
jvm_args: -agentlib:jdwp=transport=dt_socket,address=127.0.0.1:64381,suspend=y,server=n -Dforge.logging.console.level=debug -Dforge.logging.markers=SCAN,REGISTRIES,REGISTRYDUMP -XX:HeapDumpPath=MojangTricksIntelDriversForPerformance_javaw.exe_minecraft.exe.heapdump -Dos.name=Windows 10 -Dos.version=10.0 -javaagent:C:\Users\1zaia\AppData\Local\JetBrains\IdeaIC2020.3\groovyHotSwap\gragent.jar -javaagent:C:\Users\1zaia\AppData\Local\JetBrains\IdeaIC2020.3\captureAgent\debugger-agent.jar -Dfile.encoding=UTF-8 
java_command: net.minecraftforge.userdev.LaunchTesting
java_class_path (initial): C:\Users\1zaia\.jdks\corretto-1.8.0_292\jre\lib\charsets.jar;C:\Users\1zaia\.jdks\corretto-1.8.0_292\jre\lib\ext\access-bridge-64.jar;C:\Users\1zaia\.jdks\corretto-1.8.0_292\jre\lib\ext\cldrdata.jar;C:\Users\1zaia\.jdks\corretto-1.8.0_292\jre\lib\ext\dnsns.jar;C:\Users\1zaia\.jdks\corretto-1.8.0_292\jre\lib\ext\jaccess.jar;C:\Users\1zaia\.jdks\corretto-1.8.0_292\jre\lib\ext\jfxrt.jar;C:\Users\1zaia\.jdks\corretto-1.8.0_292\jre\lib\ext\localedata.jar;C:\Users\1zaia\.jdks\corretto-1.8.0_292\jre\lib\ext\nashorn.jar;C:\Users\1zaia\.jdks\corretto-1.8.0_292\jre\lib\ext\sunec.jar;C:\Users\1zaia\.jdks\corretto-1.8.0_292\jre\lib\ext\sunjce_provider.jar;C:\Users\1zaia\.jdks\corretto-1.8.0_292\jre\lib\ext\sunmscapi.jar;C:\Users\1zaia\.jdks\corretto-1.8.0_292\jre\lib\ext\sunpkcs11.jar;C:\Users\1zaia\.jdks\corretto-1.8.0_292\jre\lib\ext\zipfs.jar;C:\Users\1zaia\.jdks\corretto-1.8.0_292\jre\lib\jce.jar;C:\Users\1zaia\.jdks\corretto-1.8.0_292\jre\lib\jfr.jar;C:\Users\1zaia\.jdks\corretto-1.8.0_292\jre\lib\jfxswt.jar;C:\Users\1zaia\.jdks\corretto-1.8.0_292\jre\lib\jsse.jar;C:\Users\1zaia\.jdks\corretto-1.8.0_292\jre\lib\management-agent.jar;C:\Users\1zaia\.jdks\corretto-1.8.0_292\jre\lib\resources.jar;C:\Users\1zaia\.jdks\corretto-1.8.0_292\jre\lib\rt.jar;C:\Users\1zaia\OneDrive\Documents\GitHub\MoreTimeCapsules-1.16\build\classes\java\main;C:\Users\1zaia\OneDrive\Documents\GitHub\MoreTimeCapsules-1.16\build\resources\main;C:\Users\1zaia\.gradle\caches\forge_gradle\deobf_dependencies\com\gitlab\Spectre0987\TardisMod-1-14\1.16-SNAPSHOT_mapped_snapshot_20201028-1.16.3\TardisMod-1-14-1.16-SNAPSHOT_mapped_snapshot_20201028-1.16.3.jar;C:\Users\1zaia\.gradle\caches\forge_gradle\minecraft_user_repo\net\minecraftforge\forge\1.16.5-36.1.32_mapped_snapshot_20201028-1.16.3\forge-1.16.5-36.1.32_mapped_snapshot_20201028-1.16.3-recomp.jar;C:\Users\1zaia\.gradle\caches\forge_gradle\minecraft_user_repo\net\minecraftforge\forge\1.16.5-36.1.32_mapped_snapshot_20201028-1.
Launcher Type: SUN_STANDARD

Environment Variables:
JAVA_HOME=C:\Program Files\AdoptOpenJDK\jdk-8.0.282.8-hotspot
PATH=C:\Program Files (x86)\Common Files\Oracle\Java\javapath;C:\Program Files (x86)\Razer Chroma SDK\bin;C:\Program Files\Razer Chroma SDK\bin;C:\Program Files (x86)\Common Files\Intel\Shared Libraries\redist\intel64_win\compiler;C:\Program Files (x86)\Razer\ChromaBroadcast\bin;C:\Program Files\Razer\ChromaBroadcast\bin;C:\windows\system32;C:\windows;C:\windows\System32\Wbem;C:\windows\System32\WindowsPowerShell\v1.0\;C:\windows\System32\OpenSSH\;C:\Program Files (x86)\Intel\Intel(R) Management Engine Components\DAL;C:\Program Files\Intel\Intel(R) Management Engine Components\DAL;C:\Program Files (x86)\Intel\Intel(R) Management Engine Components\IPT;C:\Program Files\Intel\Intel(R) Management Engine Components\IPT;C:\Windows\system32;C:\Windows;C:\Windows\System32\Wbem;C:\Windows\System32\WindowsPowerShell\v1.0\;C:\Windows\System32\OpenSSH\;C:\Windows\system32\config\systemprofile\AppData\Local\Microsoft\WindowsApps;D:\Program Files\nodejs\;C:\Program Files (x86)\NVIDIA Corporation\PhysX\Common;C:\Program Files\NVIDIA Corporation\NVIDIA NvDLISR;C:\Program Files\remoteit\resources\x64;C:\Program Files\Git\cmd;C:\Users\1zaia\AppData\Local\Microsoft\WindowsApps;C:\Users\1zaia\AppData\Roaming\npm;D:\Users\1zaia\AppData\Local\Programs\Microsoft VS Code\bin;C:\Users\1zaia\spicetify-cli;D:\Program Files\JetBrains\IntelliJ IDEA Community Edition 2020.3.3\bin;;C:\Users\1zaia\AppData\Local\GitHubDesktop\bin
USERNAME=1zaia
OS=Windows_NT
PROCESSOR_IDENTIFIER=Intel64 Family 6 Model 158 Stepping 10, GenuineIntel



---------------  S Y S T E M  ---------------

OS: Windows 10.0 , 64 bit Build 18362 (10.0.18362.1500)

CPU:total 12 (initial active 12) (6 cores per cpu, 2 threads per core) family 6 model 158 stepping 10, cmov, cx8, fxsr, mmx, sse, sse2, sse3, ssse3, sse4.1, sse4.2, popcnt, avx, avx2, aes, clmul, erms, rtm, 3dnowpref, lzcnt, ht, tsc, tscinvbit, bmi1, bmi2, adx

Memory: 4k page, physical 33443044k(15643528k free), swap 135843044k(5296k free)

vm_info: OpenJDK 64-Bit Server VM (25.292-b10) for windows-amd64 JRE (1.8.0_292-b10), built on Apr 14 2021 23:06:53 by "Administrator" with MS VC++ 12.0 (VS2013)

time: Fri Jul 02 02:43:08 2021
timezone: Arab Standard Time
elapsed time: 52.013211 seconds (0d 0h 0m 52s)

