#
# There is insufficient memory for the Java Runtime Environment to continue.
# Native memory allocation (malloc) failed to allocate 3994944 bytes for Chunk::new
# Possible reasons:
#   The system is out of physical RAM or swap space
#   The process is running with CompressedOops enabled, and the Java Heap may be blocking the growth of the native heap
# Possible solutions:
#   Reduce memory load on the system
#   Increase physical memory or swap space
#   Check if swap backing store is full
#   Decrease Java heap size (-Xmx/-Xms)
#   Decrease number of Java threads
#   Decrease Java thread stack sizes (-Xss)
#   Set larger code cache with -XX:ReservedCodeCacheSize=
#   JVM is running with Zero Based Compressed Oops mode in which the Java heap is
#     placed in the first 32GB address space. The Java Heap base address is the
#     maximum limit for the native heap growth. Please use -XX:HeapBaseMinAddress
#     to set the Java Heap base and to place the Java Heap above 32GB virtual address.
# This output file may be truncated or incomplete.
#
#  Out of Memory Error (allocation.cpp:389), pid=22756, tid=0x000000000000eb7c
#
# JRE version: OpenJDK Runtime Environment (8.0_292-b10) (build 1.8.0_292-b10)
# Java VM: OpenJDK 64-Bit Server VM (25.292-b10 mixed mode windows-amd64 compressed oops)
# Failed to write core dump. Minidumps are not enabled by default on client versions of Windows
#

---------------  T H R E A D  ---------------

Current thread (0x0000029394341800):  JavaThread "C2 CompilerThread1" daemon [_thread_in_native, id=60284, stack(0x000000ea27f00000,0x000000ea28000000)]

Stack: [0x000000ea27f00000,0x000000ea28000000]
[error occurred during error reporting (printing stack bounds), id 0xc0000005]

Native frames: (J=compiled Java code, j=interpreted, Vv=VM code, C=native code)


Current CompileTask:
C2:  58385 25438       4       net.minecraft.client.renderer.BlockModelRenderer$AmbientOcclusionFace::renderBlockModel (1960 bytes)


---------------  P R O C E S S  ---------------

Java Threads: ( => current thread )
  0x00000293a7fb0000 JavaThread "Sound engine" daemon [_thread_blocked, id=46280, stack(0x000000ea29900000,0x000000ea29a00000)]
  0x00000293a81e3000 JavaThread "IO-Worker-23" [_thread_in_native, id=51332, stack(0x000000ea29000000,0x000000ea29100000)]
  0x00000293943ea800 JavaThread "Worker-Main-22" daemon [_thread_blocked, id=70128, stack(0x000000ea2a900000,0x000000ea2aa00000)]
  0x00000293943e9000 JavaThread "Netty Server IO #1" daemon [_thread_in_native, id=48616, stack(0x000000ea2b500000,0x000000ea2b600000)]
  0x00000293943e8800 JavaThread "Netty Local Client IO #0" daemon [_thread_blocked, id=35964, stack(0x000000ea2b400000,0x000000ea2b500000)]
  0x00000293943e7800 JavaThread "Keep-Alive-Timer" daemon [_thread_blocked, id=66568, stack(0x000000ea2b300000,0x000000ea2b400000)]
  0x000002939e5f8800 JavaThread "Netty Server IO #0" daemon [_thread_in_native, id=66896, stack(0x000000ea2b200000,0x000000ea2b300000)]
  0x000002939e5f7800 JavaThread "ObjectCleanerThread" daemon [_thread_blocked, id=69112, stack(0x000000ea2b100000,0x000000ea2b200000)]
  0x000002939e5ec000 JavaThread "Java2D Disposer" daemon [_thread_blocked, id=68832, stack(0x000000ea2b000000,0x000000ea2b100000)]
  0x000002939e5eb000 JavaThread "IO-Worker-21" [_thread_blocked, id=70164, stack(0x000000ea2ab00000,0x000000ea2ac00000)]
  0x00000293a81ef000 JavaThread "IO-Worker-20" [_thread_blocked, id=68836, stack(0x000000ea2aa00000,0x000000ea2ab00000)]
  0x00000293a81ee000 JavaThread "IO-Worker-19" [_thread_blocked, id=58268, stack(0x000000ea2a800000,0x000000ea2a900000)]
  0x00000293a81ed000 JavaThread "Worker-Main-18" daemon [_thread_blocked, id=68860, stack(0x000000ea2a700000,0x000000ea2a800000)]
  0x00000293a81ec800 JavaThread "Thread-11" daemon [_thread_in_native, id=63120, stack(0x000000ea2a500000,0x000000ea2a600000)]
  0x00000293a81eb800 JavaThread "Server thread" [_thread_in_native, id=8932, stack(0x000000ea2a200000,0x000000ea2a300000)]
  0x00000293a81eb000 JavaThread "Snooper Timer" daemon [_thread_blocked, id=68868, stack(0x000000ea29500000,0x000000ea29600000)]
  0x00000293a81e4800 JavaThread "Worker-Main-17" daemon [_thread_blocked, id=68892, stack(0x000000ea29400000,0x000000ea29500000)]
  0x00000293a81e4000 JavaThread "Worker-Main-16" daemon [_thread_blocked, id=58816, stack(0x000000ea2a400000,0x000000ea2a500000)]
  0x00000293a81e7000 JavaThread "ForkJoinPool.commonPool-worker-2" daemon [_thread_blocked, id=68916, stack(0x000000ea29a00000,0x000000ea29b00000)]
  0x00000293a81e8800 JavaThread "Worker-Main-15" daemon [_thread_blocked, id=37476, stack(0x000000ea29800000,0x000000ea29900000)]
  0x00000293943ea000 JavaThread "Worker-Main-11" daemon [_thread_blocked, id=69268, stack(0x000000ea2a600000,0x000000ea2a700000)]
  0x000002939e5f3800 JavaThread "Worker-Main-8" daemon [_thread_blocked, id=68948, stack(0x000000ea2a300000,0x000000ea2a400000)]
  0x000002939e5f9000 JavaThread "Narrator" [_thread_blocked, id=68876, stack(0x000000ea29f00000,0x000000ea2a000000)]
  0x000002939e5f6000 JavaThread "modloading-worker-6" daemon [_thread_blocked, id=60880, stack(0x000000ea2a100000,0x000000ea2a200000)]
  0x000002939e5ee000 JavaThread "modloading-worker-13" daemon [_thread_blocked, id=70360, stack(0x000000ea2a000000,0x000000ea2a100000)]
  0x000002939e5f5000 JavaThread "modloading-worker-4" daemon [_thread_blocked, id=69164, stack(0x000000ea29200000,0x000000ea29300000)]
  0x000002939e5ed800 JavaThread "modloading-worker-11" daemon [_thread_blocked, id=69172, stack(0x000000ea29100000,0x000000ea29200000)]
  0x000002939e5ef000 JavaThread "Snooper Timer" daemon [_thread_blocked, id=69348, stack(0x000000ea29b00000,0x000000ea29c00000)]
  0x000002939e5f0800 JavaThread "Timer hack thread" daemon [_thread_blocked, id=69472, stack(0x000000ea29300000,0x000000ea29400000)]
  0x000002939e5ef800 JavaThread "Worker-Bootstrap-4" daemon [_thread_blocked, id=53388, stack(0x000000ea29700000,0x000000ea29800000)]
  0x000002939e5ea000 JavaThread "Worker-Bootstrap-3" daemon [_thread_blocked, id=68004, stack(0x000000ea29600000,0x000000ea29700000)]
  0x00000293943e7000 JavaThread "Thread-2" daemon [_thread_in_native, id=11320, stack(0x000000ea28600000,0x000000ea28700000)]
  0x00000293943e5000 JavaThread "Thread-1" daemon [_thread_blocked, id=57772, stack(0x000000ea28500000,0x000000ea28600000)]
  0x00000293943e6000 JavaThread "Service Thread" daemon [_thread_blocked, id=67828, stack(0x000000ea28200000,0x000000ea28300000)]
  0x0000029394347000 JavaThread "C1 CompilerThread3" daemon [_thread_blocked, id=18784, stack(0x000000ea28100000,0x000000ea28200000)]
  0x0000029394344800 JavaThread "C2 CompilerThread2" daemon [_thread_in_native, id=19428, stack(0x000000ea28000000,0x000000ea28100000)]
=>0x0000029394341800 JavaThread "C2 CompilerThread1" daemon [_thread_in_native, id=60284, stack(0x000000ea27f00000,0x000000ea28000000)]
  0x0000029394340800 JavaThread "C2 CompilerThread0" daemon [_thread_in_native, id=37896, stack(0x000000ea27e00000,0x000000ea27f00000)]
  0x0000029393e51800 JavaThread "JDWP Command Reader" daemon [_thread_in_native, id=67112, stack(0x000000ea27d00000,0x000000ea27e00000)]
  0x0000029393e4c800 JavaThread "JDWP Event Helper Thread" daemon [_thread_blocked, id=66532, stack(0x000000ea27c00000,0x000000ea27d00000)]
  0x0000029393e47000 JavaThread "JDWP Transport Listener: dt_socket" daemon [_thread_blocked, id=65780, stack(0x000000ea27b00000,0x000000ea27c00000)]
  0x0000029391b07800 JavaThread "Attach Listener" daemon [_thread_blocked, id=60336, stack(0x000000ea27a00000,0x000000ea27b00000)]
  0x0000029391b06800 JavaThread "Signal Dispatcher" daemon [_thread_blocked, id=68308, stack(0x000000ea27900000,0x000000ea27a00000)]
  0x00000293ed7a3000 JavaThread "Finalizer" daemon [_thread_blocked, id=55324, stack(0x000000ea27800000,0x000000ea27900000)]
  0x00000293ed794000 JavaThread "Reference Handler" daemon [_thread_blocked, id=70264, stack(0x000000ea27700000,0x000000ea27800000)]
  0x00000293ed70d000 JavaThread "Render thread" [_thread_in_Java, id=51368, stack(0x000000ea26b00000,0x000000ea26c00000)]

Other Threads:
  0x0000029391ac3000 VMThread [stack: 0x000000ea27600000,0x000000ea27700000] [id=44404]
  0x00000293943ed800 WatcherThread [stack: 0x000000ea28300000,0x000000ea28400000] [id=64780]

VM state:not at safepoint (normal execution)

VM Mutex/Monitor currently owned by a thread: None

heap address: 0x00000005c1a00000, size: 8166 MB, Compressed Oops mode: Zero based, Oop shift amount: 3
Narrow klass base: 0x0000000000000000, Narrow klass shift: 3
Compressed class space size: 1073741824 Address: 0x00000007c0000000

Heap:
 PSYoungGen      total 2665472K, used 1563942K [0x0000000715e00000, 0x00000007bfe80000, 0x00000007c0000000)
  eden space 2547200K, 58% used [0x0000000715e00000,0x0000000771036c18,0x00000007b1580000)
  from space 118272K, 59% used [0x00000007b8b00000,0x00000007bd012e20,0x00000007bfe80000)
  to   space 119296K, 0% used [0x00000007b1580000,0x00000007b1580000,0x00000007b8a00000)
 ParOldGen       total 750592K, used 338068K [0x00000005c1a00000, 0x00000005ef700000, 0x0000000715e00000)
  object space 750592K, 45% used [0x00000005c1a00000,0x00000005d64253f8,0x00000005ef700000)
 Metaspace       used 113531K, capacity 129178K, committed 129352K, reserved 1159168K
  class space    used 16553K, capacity 20499K, committed 20596K, reserved 1048576K

Card table byte_map: [0x00000293fe390000,0x00000293ff390000] byte_map_base: 0x00000293fb583000

Marking Bits: (ParMarkBitMap*) 0x0000000077d3f7f0
 Begin Bits: [0x0000029380000000, 0x0000029387f98000)
 End Bits:   [0x0000029387f98000, 0x000002938ff30000)

Polling page: 0x00000293ed7d0000

CodeCache: size=245760Kb used=61480Kb max_used=62479Kb free=184279Kb
 bounds [0x00000293eefd0000, 0x00000293f2d30000, 0x00000293fdfd0000]
 total_blobs=19775 nmethods=17929 adapters=1763
 compilation: enabled

Compilation events (10 events):
Event: 58.375 Thread 0x0000029394347000 25678       2       net.minecraft.client.renderer.FluidBlockRenderer::getFluidHeight (161 bytes)
Event: 58.376 Thread 0x0000029394347000 nmethod 25678 0x00000293f0347e90 code [0x00000293f03480a0, 0x00000293f03485e0]
Event: 58.376 Thread 0x0000029394347000 25679       2       net.minecraft.client.renderer.texture.TextureAtlasSprite::getWidth (8 bytes)
Event: 58.376 Thread 0x0000029394347000 nmethod 25679 0x00000293f2b53e90 code [0x00000293f2b53fe0, 0x00000293f2b54138]
Event: 58.376 Thread 0x0000029394347000 25680       2       net.minecraft.client.renderer.texture.TextureAtlasSprite::getHeight (8 bytes)
Event: 58.376 Thread 0x0000029394347000 nmethod 25680 0x00000293f03de990 code [0x00000293f03deae0, 0x00000293f03dec38]
Event: 58.378 Thread 0x0000029394347000 25681       2       net.minecraft.client.renderer.FluidBlockRenderer::func_239281_a_ (28 bytes)
Event: 58.379 Thread 0x0000029394347000 nmethod 25681 0x00000293f03474d0 code [0x00000293f03476a0, 0x00000293f0347a00]
Event: 58.379 Thread 0x0000029394347000 25682       2       net.minecraft.client.renderer.FluidBlockRenderer::func_239282_a_ (12 bytes)
Event: 58.379 Thread 0x0000029394347000 nmethod 25682 0x00000293f03de410 code [0x00000293f03de5a0, 0x00000293f03de7b0]

GC Heap History (10 events):
Event: 25.325 GC heap before
{Heap before GC invocations=46 (full 3):
 PSYoungGen      total 2688000K, used 2658714K [0x0000000715e00000, 0x00000007c0000000, 0x00000007c0000000)
  eden space 2592768K, 100% used [0x0000000715e00000,0x00000007b4200000,0x00000007b4200000)
  from space 95232K, 69% used [0x00000007ba300000,0x00000007be366988,0x00000007c0000000)
  to   space 97280K, 0% used [0x00000007b4200000,0x00000007b4200000,0x00000007ba100000)
 ParOldGen       total 470016K, used 227660K [0x00000005c1a00000, 0x00000005de500000, 0x0000000715e00000)
  object space 470016K, 48% used [0x00000005c1a00000,0x00000005cf8533f0,0x00000005de500000)
 Metaspace       used 87377K, capacity 96464K, committed 96756K, reserved 1130496K
  class space    used 12971K, capacity 15739K, committed 15860K, reserved 1048576K
Event: 25.347 GC heap after
Heap after GC invocations=46 (full 3):
 PSYoungGen      total 2656256K, used 63018K [0x0000000715e00000, 0x00000007c0000000, 0x00000007c0000000)
  eden space 2592768K, 0% used [0x0000000715e00000,0x0000000715e00000,0x00000007b4200000)
  from space 63488K, 99% used [0x00000007b4200000,0x00000007b7f8a878,0x00000007b8000000)
  to   space 98304K, 0% used [0x00000007ba000000,0x00000007ba000000,0x00000007c0000000)
 ParOldGen       total 470016K, used 232597K [0x00000005c1a00000, 0x00000005de500000, 0x0000000715e00000)
  object space 470016K, 49% used [0x00000005c1a00000,0x00000005cfd25748,0x00000005de500000)
 Metaspace       used 87377K, capacity 96464K, committed 96756K, reserved 1130496K
  class space    used 12971K, capacity 15739K, committed 15860K, reserved 1048576K
}
Event: 30.737 GC heap before
{Heap before GC invocations=47 (full 3):
 PSYoungGen      total 2656256K, used 1826720K [0x0000000715e00000, 0x00000007c0000000, 0x00000007c0000000)
  eden space 2592768K, 68% used [0x0000000715e00000,0x000000078185d818,0x00000007b4200000)
  from space 63488K, 99% used [0x00000007b4200000,0x00000007b7f8a878,0x00000007b8000000)
  to   space 98304K, 0% used [0x00000007ba000000,0x00000007ba000000,0x00000007c0000000)
 ParOldGen       total 470016K, used 232597K [0x00000005c1a00000, 0x00000005de500000, 0x0000000715e00000)
  object space 470016K, 49% used [0x00000005c1a00000,0x00000005cfd25748,0x00000005de500000)
 Metaspace       used 89857K, capacity 99432K, committed 99528K, reserved 1132544K
  class space    used 13275K, capacity 16109K, committed 16116K, reserved 1048576K
Event: 30.783 GC heap after
Heap after GC invocations=47 (full 3):
 PSYoungGen      total 2644992K, used 98281K [0x0000000715e00000, 0x00000007c0000000, 0x00000007c0000000)
  eden space 2546688K, 0% used [0x0000000715e00000,0x0000000715e00000,0x00000007b1500000)
  from space 98304K, 99% used [0x00000007ba000000,0x00000007bfffa5f0,0x00000007c0000000)
  to   space 120320K, 0% used [0x00000007b1500000,0x00000007b1500000,0x00000007b8a80000)
 ParOldGen       total 470016K, used 256984K [0x00000005c1a00000, 0x00000005de500000, 0x0000000715e00000)
  object space 470016K, 54% used [0x00000005c1a00000,0x00000005d14f6170,0x00000005de500000)
 Metaspace       used 89857K, capacity 99432K, committed 99528K, reserved 1132544K
  class space    used 13275K, capacity 16109K, committed 16116K, reserved 1048576K
}
Event: 30.783 GC heap before
{Heap before GC invocations=48 (full 4):
 PSYoungGen      total 2644992K, used 98281K [0x0000000715e00000, 0x00000007c0000000, 0x00000007c0000000)
  eden space 2546688K, 0% used [0x0000000715e00000,0x0000000715e00000,0x00000007b1500000)
  from space 98304K, 99% used [0x00000007ba000000,0x00000007bfffa5f0,0x00000007c0000000)
  to   space 120320K, 0% used [0x00000007b1500000,0x00000007b1500000,0x00000007b8a80000)
 ParOldGen       total 470016K, used 256984K [0x00000005c1a00000, 0x00000005de500000, 0x0000000715e00000)
  object space 470016K, 54% used [0x00000005c1a00000,0x00000005d14f6170,0x00000005de500000)
 Metaspace       used 89857K, capacity 99432K, committed 99528K, reserved 1132544K
  class space    used 13275K, capacity 16109K, committed 16116K, reserved 1048576K
Event: 31.412 GC heap after
Heap after GC invocations=48 (full 4):
 PSYoungGen      total 2644992K, used 0K [0x0000000715e00000, 0x00000007c0000000, 0x00000007c0000000)
  eden space 2546688K, 0% used [0x0000000715e00000,0x0000000715e00000,0x00000007b1500000)
  from space 98304K, 0% used [0x00000007ba000000,0x00000007ba000000,0x00000007c0000000)
  to   space 120320K, 0% used [0x00000007b1500000,0x00000007b1500000,0x00000007b8a80000)
 ParOldGen       total 750592K, used 338038K [0x00000005c1a00000, 0x00000005ef700000, 0x0000000715e00000)
  object space 750592K, 45% used [0x00000005c1a00000,0x00000005d641d960,0x00000005ef700000)
 Metaspace       used 89854K, capacity 99424K, committed 99528K, reserved 1132544K
  class space    used 13274K, capacity 16107K, committed 16116K, reserved 1048576K
}
Event: 42.100 GC heap before
{Heap before GC invocations=49 (full 4):
 PSYoungGen      total 2644992K, used 2546688K [0x0000000715e00000, 0x00000007c0000000, 0x00000007c0000000)
  eden space 2546688K, 100% used [0x0000000715e00000,0x00000007b1500000,0x00000007b1500000)
  from space 98304K, 0% used [0x00000007ba000000,0x00000007ba000000,0x00000007c0000000)
  to   space 120320K, 0% used [0x00000007b1500000,0x00000007b1500000,0x00000007b8a80000)
 ParOldGen       total 750592K, used 338044K [0x00000005c1a00000, 0x00000005ef700000, 0x0000000715e00000)
  object space 750592K, 45% used [0x00000005c1a00000,0x00000005d641f3f8,0x00000005ef700000)
 Metaspace       used 96462K, capacity 108606K, committed 108616K, reserved 1140736K
  class space    used 14403K, capacity 17776K, committed 17780K, reserved 1048576K
Event: 42.112 GC heap after
Heap after GC invocations=49 (full 4):
 PSYoungGen      total 2667008K, used 24051K [0x0000000715e00000, 0x00000007c0000000, 0x00000007c0000000)
  eden space 2546688K, 0% used [0x0000000715e00000,0x0000000715e00000,0x00000007b1500000)
  from space 120320K, 19% used [0x00000007b1500000,0x00000007b2c7cd00,0x00000007b8a80000)
  to   space 119808K, 0% used [0x00000007b8b00000,0x00000007b8b00000,0x00000007c0000000)
 ParOldGen       total 750592K, used 338052K [0x00000005c1a00000, 0x00000005ef700000, 0x0000000715e00000)
  object space 750592K, 45% used [0x00000005c1a00000,0x00000005d64213f8,0x00000005ef700000)
 Metaspace       used 96462K, capacity 108606K, committed 108616K, reserved 1140736K
  class space    used 14403K, capacity 17776K, committed 17780K, reserved 1048576K
}
Event: 52.744 GC heap before
{Heap before GC invocations=50 (full 4):
 PSYoungGen      total 2667008K, used 2570739K [0x0000000715e00000, 0x00000007c0000000, 0x00000007c0000000)
  eden space 2546688K, 100% used [0x0000000715e00000,0x00000007b1500000,0x00000007b1500000)
  from space 120320K, 19% used [0x00000007b1500000,0x00000007b2c7cd00,0x00000007b8a80000)
  to   space 119808K, 0% used [0x00000007b8b00000,0x00000007b8b00000,0x00000007c0000000)
 ParOldGen       total 750592K, used 338052K [0x00000005c1a00000, 0x00000005ef700000, 0x0000000715e00000)
  object space 750592K, 45% used [0x00000005c1a00000,0x00000005d64213f8,0x00000005ef700000)
 Metaspace       used 108796K, capacity 123358K, committed 123464K, reserved 1153024K
  class space    used 16037K, capacity 19807K, committed 19828K, reserved 1048576K
Event: 52.770 GC heap after
Heap after GC invocations=50 (full 4):
 PSYoungGen      total 2665472K, used 70731K [0x0000000715e00000, 0x00000007bfe80000, 0x00000007c0000000)
  eden space 2547200K, 0% used [0x0000000715e00000,0x0000000715e00000,0x00000007b1580000)
  from space 118272K, 59% used [0x00000007b8b00000,0x00000007bd012e20,0x00000007bfe80000)
  to   space 119296K, 0% used [0x00000007b1580000,0x00000007b1580000,0x00000007b8a00000)
 ParOldGen       total 750592K, used 338068K [0x00000005c1a00000, 0x00000005ef700000, 0x0000000715e00000)
  object space 750592K, 45% used [0x00000005c1a00000,0x00000005d64253f8,0x00000005ef700000)
 Metaspace       used 108796K, capacity 123358K, committed 123464K, reserved 1153024K
  class space    used 16037K, capacity 19807K, committed 19828K, reserved 1048576K
}

Deoptimization events (10 events):
Event: 58.303 Thread 0x00000293a81eb800 Uncommon trap: reason=unstable_if action=reinterpret pc=0x00000293f225cf78 method=net.minecraft.entity.LivingEntity.func_241354_r_()Ljava/util/Map; @ 104
Event: 58.309 Thread 0x00000293a81eb800 Uncommon trap: reason=class_check action=maybe_recompile pc=0x00000293f236d4e0 method=net.minecraft.world.server.ServerChunkProvider.func_241098_a_(JLjava/util/function/Consumer;)V @ 23
Event: 58.309 Thread 0x00000293a81eb800 Uncommon trap: reason=class_check action=maybe_recompile pc=0x00000293f236d4e0 method=net.minecraft.world.server.ServerChunkProvider.func_241098_a_(JLjava/util/function/Consumer;)V @ 23
Event: 58.320 Thread 0x00000293a81eb800 Uncommon trap: reason=class_check action=maybe_recompile pc=0x00000293f2461420 method=net.minecraft.entity.MobEntity.updateEntityActionState()V @ 255
Event: 58.338 Thread 0x00000293ed70d000 Uncommon trap: reason=class_check action=maybe_recompile pc=0x00000293f2110a34 method=net.minecraft.client.renderer.FogRenderer.lambda$updateFogColor$0(Lnet/minecraft/client/world/ClientWorld;Lnet/minecraft/world/biome/BiomeManager;FIII)Lnet/minecraft/uti
Event: 58.338 Thread 0x00000293ed70d000 Uncommon trap: reason=class_check action=maybe_recompile pc=0x00000293f224bffc method=net.minecraft.client.renderer.vertex.VertexFormat.setupBufferState(J)V @ 37
Event: 58.338 Thread 0x00000293ed70d000 Uncommon trap: reason=class_check action=maybe_recompile pc=0x00000293f2b9fce0 method=net.minecraft.client.renderer.vertex.VertexFormat.clearBufferState()V @ 22
Event: 58.338 Thread 0x00000293ed70d000 Uncommon trap: reason=class_check action=maybe_recompile pc=0x00000293f224bffc method=net.minecraft.client.renderer.vertex.VertexFormat.setupBufferState(J)V @ 37
Event: 58.338 Thread 0x00000293ed70d000 Uncommon trap: reason=class_check action=maybe_recompile pc=0x00000293f2b9fce0 method=net.minecraft.client.renderer.vertex.VertexFormat.clearBufferState()V @ 22
Event: 58.356 Thread 0x00000293a81eb800 Uncommon trap: reason=class_check action=maybe_recompile pc=0x00000293f2461420 method=net.minecraft.entity.MobEntity.updateEntityActionState()V @ 255

Classes redefined (0 events):
No events

Internal exceptions (10 events):
Event: 58.380 Thread 0x00000293a81e3000 Exception <a 'sun/nio/fs/WindowsException'> (0x000000076b5537c0) thrown at [C:\wsjdk\Corretto8Src\installers\windows\zip\corretto-build\buildRoot\src\hotspot\src\share\vm\prims\jni.cpp, line 711]
Event: 58.380 Thread 0x000002939e5eb000 Exception <a 'sun/nio/fs/WindowsException'> (0x000000076d5bff30) thrown at [C:\wsjdk\Corretto8Src\installers\windows\zip\corretto-build\buildRoot\src\hotspot\src\share\vm\prims\jni.cpp, line 711]
Event: 58.381 Thread 0x00000293a81e3000 Exception <a 'sun/nio/fs/WindowsException'> (0x000000076b558ad0) thrown at [C:\wsjdk\Corretto8Src\installers\windows\zip\corretto-build\buildRoot\src\hotspot\src\share\vm\prims\jni.cpp, line 711]
Event: 58.381 Thread 0x00000293a81ef000 Exception <a 'sun/nio/fs/WindowsException'> (0x000000076c004e08) thrown at [C:\wsjdk\Corretto8Src\installers\windows\zip\corretto-build\buildRoot\src\hotspot\src\share\vm\prims\jni.cpp, line 711]
Event: 58.381 Thread 0x00000293a81e3000 Exception <a 'sun/nio/fs/WindowsException'> (0x000000076b55dee0) thrown at [C:\wsjdk\Corretto8Src\installers\windows\zip\corretto-build\buildRoot\src\hotspot\src\share\vm\prims\jni.cpp, line 711]
Event: 58.382 Thread 0x00000293a81ef000 Exception <a 'sun/nio/fs/WindowsException'> (0x000000076c01ef80) thrown at [C:\wsjdk\Corretto8Src\installers\windows\zip\corretto-build\buildRoot\src\hotspot\src\share\vm\prims\jni.cpp, line 711]
Event: 58.382 Thread 0x00000293a81ee000 Exception <a 'sun/nio/fs/WindowsException'> (0x00000007705ca008) thrown at [C:\wsjdk\Corretto8Src\installers\windows\zip\corretto-build\buildRoot\src\hotspot\src\share\vm\prims\jni.cpp, line 711]
Event: 58.383 Thread 0x00000293a81e3000 Exception <a 'sun/nio/fs/WindowsException'> (0x000000076b57b638) thrown at [C:\wsjdk\Corretto8Src\installers\windows\zip\corretto-build\buildRoot\src\hotspot\src\share\vm\prims\jni.cpp, line 711]
Event: 58.383 Thread 0x00000293a81ee000 Exception <a 'sun/nio/fs/WindowsException'> (0x00000007705cf318) thrown at [C:\wsjdk\Corretto8Src\installers\windows\zip\corretto-build\buildRoot\src\hotspot\src\share\vm\prims\jni.cpp, line 711]
Event: 58.384 Thread 0x00000293a81ef000 Exception <a 'sun/nio/fs/WindowsException'> (0x000000076c0246a0) thrown at [C:\wsjdk\Corretto8Src\installers\windows\zip\corretto-build\buildRoot\src\hotspot\src\share\vm\prims\jni.cpp, line 711]

Events (10 events):
Event: 58.383 Thread 0x00000293a81e3000 DEOPT PACKING pc=0x00000293f257e074 sp=0x000000ea290feba0
Event: 58.383 Thread 0x00000293a81e3000 DEOPT UNPACKING pc=0x00000293ef0175d8 sp=0x000000ea290fe9b0 mode 1
Event: 58.383 Thread 0x00000293a81ee000 DEOPT PACKING pc=0x00000293f07cb994 sp=0x000000ea2a8fe6f0
Event: 58.383 Thread 0x00000293a81ee000 DEOPT UNPACKING pc=0x00000293ef0175d8 sp=0x000000ea2a8fe478 mode 1
Event: 58.383 Thread 0x00000293a81ee000 DEOPT PACKING pc=0x00000293f257e074 sp=0x000000ea2a8fe860
Event: 58.383 Thread 0x00000293a81ee000 DEOPT UNPACKING pc=0x00000293ef0175d8 sp=0x000000ea2a8fe670 mode 1
Event: 58.384 Thread 0x00000293a81ef000 DEOPT PACKING pc=0x00000293f07cb994 sp=0x000000ea2aafe420
Event: 58.384 Thread 0x00000293a81ef000 DEOPT UNPACKING pc=0x00000293ef0175d8 sp=0x000000ea2aafe1a8 mode 1
Event: 58.384 Thread 0x00000293a81ef000 DEOPT PACKING pc=0x00000293f257e074 sp=0x000000ea2aafe590
Event: 58.384 Thread 0x00000293a81ef000 DEOPT UNPACKING pc=0x00000293ef0175d8 sp=0x000000ea2aafe3a0 mode 1


Dynamic libraries:
0x00007ff74e350000 - 0x00007ff74e38a000 	C:\Users\1zaia\.jdks\corretto-1.8.0_292\bin\java.exe
0x00007ff879960000 - 0x00007ff879b50000 	C:\Windows\SYSTEM32\ntdll.dll
0x00007ff878470000 - 0x00007ff878522000 	C:\Windows\System32\KERNEL32.DLL
0x00007ff8769d0000 - 0x00007ff876c75000 	C:\Windows\System32\KERNELBASE.dll
0x00007ff877ea0000 - 0x00007ff877f43000 	C:\Windows\System32\ADVAPI32.dll
0x00007ff878690000 - 0x00007ff87872e000 	C:\Windows\System32\msvcrt.dll
0x00007ff8783c0000 - 0x00007ff878457000 	C:\Windows\System32\sechost.dll
0x00007ff877a10000 - 0x00007ff877b2f000 	C:\Windows\System32\RPCRT4.dll
0x00007ff877be0000 - 0x00007ff877d74000 	C:\Windows\System32\USER32.dll
0x00007ff8778a0000 - 0x00007ff8778c1000 	C:\Windows\System32\win32u.dll
0x00007ff877e00000 - 0x00007ff877e26000 	C:\Windows\System32\GDI32.dll
0x00007ff877550000 - 0x00007ff8776e8000 	C:\Windows\System32\gdi32full.dll
0x00007ff8774b0000 - 0x00007ff87754e000 	C:\Windows\System32\msvcp_win.dll
0x00007ff8768d0000 - 0x00007ff8769ca000 	C:\Windows\System32\ucrtbase.dll
0x00007ff85d190000 - 0x00007ff85d414000 	C:\Windows\WinSxS\amd64_microsoft.windows.common-controls_6595b64144ccf1df_6.0.18362.1556_none_9e7e372fe45e41d5\COMCTL32.dll
0x00007ff877f50000 - 0x00007ff878286000 	C:\Windows\System32\combase.dll
0x00007ff877920000 - 0x00007ff8779a1000 	C:\Windows\System32\bcryptPrimitives.dll
0x00007ff879620000 - 0x00007ff87964e000 	C:\Windows\System32\IMM32.DLL
0x00007ff834d60000 - 0x00007ff834e4f000 	C:\Users\1zaia\.jdks\corretto-1.8.0_292\jre\bin\msvcr120.dll
0x00007ff83e7c0000 - 0x00007ff83e866000 	C:\Users\1zaia\.jdks\corretto-1.8.0_292\jre\bin\msvcp120.dll
0x0000000077550000 - 0x0000000077dbe000 	C:\Users\1zaia\.jdks\corretto-1.8.0_292\jre\bin\server\jvm.dll
0x00007ff879580000 - 0x00007ff879588000 	C:\Windows\System32\PSAPI.DLL
0x00007ff872c00000 - 0x00007ff872c24000 	C:\Windows\SYSTEM32\WINMM.dll
0x00007ff872db0000 - 0x00007ff872db9000 	C:\Windows\SYSTEM32\WSOCK32.dll
0x00007ff879590000 - 0x00007ff8795ff000 	C:\Windows\System32\WS2_32.dll
0x00007ff86fa30000 - 0x00007ff86fa3a000 	C:\Windows\SYSTEM32\VERSION.dll
0x00007ff872bd0000 - 0x00007ff872bfd000 	C:\Windows\SYSTEM32\WINMMBASE.dll
0x00007ff8778d0000 - 0x00007ff87791a000 	C:\Windows\System32\cfgmgr32.dll
0x00007ff866cb0000 - 0x00007ff866cbf000 	C:\Users\1zaia\.jdks\corretto-1.8.0_292\jre\bin\verify.dll
0x00007ff861480000 - 0x00007ff8614a9000 	C:\Users\1zaia\.jdks\corretto-1.8.0_292\jre\bin\java.dll
0x00007ff8632d0000 - 0x00007ff863305000 	C:\Users\1zaia\.jdks\corretto-1.8.0_292\jre\bin\jdwp.dll
0x00007ff8717c0000 - 0x00007ff8717c8000 	C:\Users\1zaia\.jdks\corretto-1.8.0_292\jre\bin\npt.dll
0x00007ff868170000 - 0x00007ff86819a000 	C:\Users\1zaia\.jdks\corretto-1.8.0_292\jre\bin\instrument.dll
0x00007ff862290000 - 0x00007ff8622a6000 	C:\Users\1zaia\.jdks\corretto-1.8.0_292\jre\bin\zip.dll
0x00007ff878c00000 - 0x00007ff8792e7000 	C:\Windows\System32\SHELL32.dll
0x00007ff879870000 - 0x00007ff879918000 	C:\Windows\System32\shcore.dll
0x00007ff876c80000 - 0x00007ff8773fb000 	C:\Windows\System32\windows.storage.dll
0x00007ff876820000 - 0x00007ff87683e000 	C:\Windows\System32\profapi.dll
0x00007ff876880000 - 0x00007ff8768ca000 	C:\Windows\System32\powrprof.dll
0x00007ff876810000 - 0x00007ff876820000 	C:\Windows\System32\UMPDC.dll
0x00007ff879660000 - 0x00007ff8796b2000 	C:\Windows\System32\shlwapi.dll
0x00007ff876860000 - 0x00007ff876871000 	C:\Windows\System32\kernel.appcore.dll
0x00007ff877880000 - 0x00007ff877897000 	C:\Windows\System32\cryptsp.dll
0x00007ff868240000 - 0x00007ff868249000 	C:\Users\1zaia\.jdks\corretto-1.8.0_292\jre\bin\dt_socket.dll
0x00007ff876050000 - 0x00007ff8760b7000 	C:\Windows\system32\mswsock.dll
0x00007ff866a10000 - 0x00007ff866a1d000 	C:\Users\1zaia\.jdks\corretto-1.8.0_292\jre\bin\management.dll
0x00007ff861be0000 - 0x00007ff861bfa000 	C:\Users\1zaia\.jdks\corretto-1.8.0_292\jre\bin\net.dll
0x00007ff84c0f0000 - 0x00007ff84c106000 	C:\Windows\system32\napinsp.dll
0x00007ff84bf80000 - 0x00007ff84bf9a000 	C:\Windows\system32\pnrpnsp.dll
0x00007ff8742a0000 - 0x00007ff8742bc000 	C:\Windows\system32\NLAapi.dll
0x00007ff875d60000 - 0x00007ff875d9a000 	C:\Windows\SYSTEM32\IPHLPAPI.DLL
0x00007ff875da0000 - 0x00007ff875e6b000 	C:\Windows\SYSTEM32\DNSAPI.dll
0x00007ff879650000 - 0x00007ff879658000 	C:\Windows\System32\NSI.dll
0x00007ff84c0e0000 - 0x00007ff84c0ee000 	C:\Windows\System32\winrnr.dll
0x00000000543d0000 - 0x00000000543f6000 	C:\Program Files\Bonjour\mdnsNSP.dll
0x00007ff8724f0000 - 0x00007ff872505000 	C:\Windows\system32\wshbth.dll
0x00007ff870c50000 - 0x00007ff870c5a000 	C:\Windows\System32\rasadhlp.dll
0x00007ff86f560000 - 0x00007ff86f5d7000 	C:\Windows\System32\fwpuclnt.dll
0x00007ff8776f0000 - 0x00007ff877716000 	C:\Windows\System32\bcrypt.dll
0x00007ff860be0000 - 0x00007ff860bf2000 	C:\Users\1zaia\.jdks\corretto-1.8.0_292\jre\bin\nio.dll
0x00007ff85c140000 - 0x00007ff85c163000 	C:\Users\1zaia\.jdks\corretto-1.8.0_292\jre\bin\sunec.dll
0x00007ff875bd0000 - 0x00007ff875c03000 	C:\Windows\system32\rsaenh.dll
0x00007ff876700000 - 0x00007ff876725000 	C:\Windows\SYSTEM32\USERENV.dll
0x00007ff876220000 - 0x00007ff87622c000 	C:\Windows\SYSTEM32\CRYPTBASE.dll
0x00007ff870200000 - 0x00007ff870216000 	C:\Windows\SYSTEM32\dhcpcsvc6.DLL
0x00007ff86f910000 - 0x00007ff86f92c000 	C:\Windows\SYSTEM32\dhcpcsvc.DLL
0x00007ff862e20000 - 0x00007ff862e92000 	C:\Users\1zaia\AppData\Local\Temp\lwjgl1zaia\3.2.2-build-10\lwjgl.dll
0x00007ff836240000 - 0x00007ff836491000 	C:\Users\1zaia\AppData\Local\Temp\lwjgl1zaia\3.2.2-build-10\jemalloc.dll
0x00007ff862dc0000 - 0x00007ff862e1e000 	C:\Users\1zaia\AppData\Local\Temp\lwjgl1zaia\3.2.2-build-10\glfw.dll
0x00007ff874ab0000 - 0x00007ff874b49000 	C:\Windows\system32\uxtheme.dll
0x00007ff81d150000 - 0x00007ff81d193000 	C:\Windows\SYSTEM32\dinput8.dll
0x00007ff8681e0000 - 0x00007ff8681f1000 	C:\Windows\SYSTEM32\xinput1_4.dll
0x00007ff876600000 - 0x00007ff87662a000 	C:\Windows\SYSTEM32\DEVOBJ.dll
0x00007ff874f70000 - 0x00007ff874f9d000 	C:\Windows\SYSTEM32\dwmapi.dll
0x00007ff866210000 - 0x00007ff86632b000 	C:\Windows\SYSTEM32\inputhost.dll
0x00007ff8725f0000 - 0x00007ff872742000 	C:\Windows\SYSTEM32\wintypes.dll
0x00007ff874770000 - 0x00007ff874844000 	C:\Windows\SYSTEM32\CoreMessaging.dll
0x00007ff870ed0000 - 0x00007ff8711fa000 	C:\Windows\SYSTEM32\CoreUIComponents.dll
0x00007ff873160000 - 0x00007ff87324f000 	C:\Windows\SYSTEM32\PROPSYS.dll
0x00007ff8792f0000 - 0x00007ff8793b5000 	C:\Windows\System32\OLEAUT32.dll
0x00007ff875850000 - 0x00007ff875881000 	C:\Windows\SYSTEM32\ntmarta.dll
0x00007ff879440000 - 0x00007ff879575000 	C:\Windows\System32\MSCTF.dll
0x00007ff8753f0000 - 0x00007ff8753fe000 	C:\Windows\SYSTEM32\HID.DLL
0x00007ff878730000 - 0x00007ff878ba0000 	C:\Windows\System32\SETUPAPI.DLL
0x00007ff8779b0000 - 0x00007ff877a0c000 	C:\Windows\System32\WINTRUST.dll
0x00007ff876840000 - 0x00007ff876852000 	C:\Windows\System32\MSASN1.dll
0x00007ff877720000 - 0x00007ff877871000 	C:\Windows\System32\CRYPT32.dll
0x00007ff834720000 - 0x00007ff834876000 	C:\Windows\SYSTEM32\opengl32.dll
0x00007ff862790000 - 0x00007ff8627bc000 	C:\Windows\SYSTEM32\GLU32.dll
0x00007ff875450000 - 0x00007ff875470000 	C:\Windows\SYSTEM32\dxcore.dll
0x00007ff806f30000 - 0x00007ff80990e000 	C:\Windows\System32\DriverStore\FileRepository\nvhdci.inf_amd64_5b345abba51a5621\nvoglv64.dll
0x00007ff878530000 - 0x00007ff878687000 	C:\Windows\System32\ole32.dll
0x00007ff872300000 - 0x00007ff872313000 	C:\Windows\SYSTEM32\WTSAPI32.dll
0x00007ff86e6b0000 - 0x00007ff86e6df000 	C:\Windows\SYSTEM32\cryptnet.dll
0x00007ff84b610000 - 0x00007ff84b8d3000 	C:\Windows\system32\nvspcap64.dll
0x00007ff8758c0000 - 0x00007ff875916000 	C:\Windows\SYSTEM32\WINSTA.dll
0x00007ff8498c0000 - 0x00007ff84993f000 	C:\Users\1zaia\AppData\Local\Temp\lwjgl1zaia\3.2.2-build-10\lwjgl_stb.dll
0x00007ff8702d0000 - 0x00007ff87037e000 	C:\Windows\SYSTEM32\mscms.dll
0x00007ff871e20000 - 0x00007ff871e37000 	C:\Windows\SYSTEM32\ColorAdapterClient.dll
0x00007ff81d600000 - 0x00007ff81d643000 	C:\Windows\SYSTEM32\icm32.dll
0x00007ff868350000 - 0x00007ff8683eb000 	C:\Windows\System32\TextInputFramework.dll
0x00007ff866330000 - 0x00007ff8665d7000 	C:\Windows\System32\iertutil.dll
0x00007ff877b30000 - 0x00007ff877bd2000 	C:\Windows\System32\clbcatq.dll
0x00007ff86c010000 - 0x00007ff86c03a000 	C:\Windows\System32\Speech\SpeechUX\SpTip.dll
0x00007ff81caa0000 - 0x00007ff81cb29000 	D:\Overwolf\0.173.0.16\OWExplorer.dll
0x00007ff862560000 - 0x00007ff8625b8000 	C:\Users\1zaia\AppData\Local\Temp\lwjgl1zaia\3.2.2-build-10\lwjgl_opengl.dll
0x00007ff866730000 - 0x00007ff86673c000 	C:\Users\1zaia\.jdks\corretto-1.8.0_292\jre\bin\sunmscapi.dll
0x00007ff876330000 - 0x00007ff876356000 	C:\Windows\SYSTEM32\ncrypt.dll
0x00007ff8762f0000 - 0x00007ff87632b000 	C:\Windows\SYSTEM32\NTASN1.dll
0x00007ff8645b0000 - 0x00007ff864787000 	C:\Windows\system32\urlmon.dll
0x00007ff848e70000 - 0x00007ff848eb2000 	C:\Users\1zaia\AppData\Local\Temp\jna-48983600\jna1580006225324807577.dll
0x00007ff864200000 - 0x00007ff86421a000 	C:\Users\1zaia\OneDrive\Documents\GitHub\MoreTimeCapsules-1.16\build\natives\SAPIWrapper_x64.dll
0x00007ff81d7e0000 - 0x00007ff81d960000 	C:\Windows\System32\Speech\Common\sapi.dll
0x00007ff843c90000 - 0x00007ff843cac000 	C:\Windows\SYSTEM32\MSACM32.dll
0x00007ff868470000 - 0x00007ff86847b000 	C:\Windows\SYSTEM32\msdmo.dll
0x00007ff870d60000 - 0x00007ff870dd2000 	C:\Windows\System32\MMDevApi.dll
0x00007ff838f30000 - 0x00007ff839044000 	C:\Users\1zaia\AppData\Local\Temp\lwjgl1zaia\3.2.2-build-10\OpenAL.dll
0x00007ff871200000 - 0x00007ff871361000 	C:\Windows\SYSTEM32\AUDIOSES.DLL
0x00007ff874e80000 - 0x00007ff874e94000 	C:\Windows\SYSTEM32\resourcepolicyclient.dll
0x00007ff834fb0000 - 0x00007ff835145000 	C:\Users\1zaia\.jdks\corretto-1.8.0_292\jre\bin\awt.dll
0x00007ff874980000 - 0x00007ff874a0f000 	C:\Windows\SYSTEM32\apphelp.dll

VM Arguments:
jvm_args: -agentlib:jdwp=transport=dt_socket,address=127.0.0.1:60143,suspend=y,server=n -Dforge.logging.console.level=debug -Dforge.logging.markers=SCAN,REGISTRIES,REGISTRYDUMP -XX:HeapDumpPath=MojangTricksIntelDriversForPerformance_javaw.exe_minecraft.exe.heapdump -Dos.name=Windows 10 -Dos.version=10.0 -javaagent:C:\Users\1zaia\AppData\Local\JetBrains\IdeaIC2020.3\groovyHotSwap\gragent.jar -javaagent:C:\Users\1zaia\AppData\Local\JetBrains\IdeaIC2020.3\captureAgent\debugger-agent.jar -Dfile.encoding=UTF-8 
java_command: net.minecraftforge.userdev.LaunchTesting
java_class_path (initial): C:\Users\1zaia\.jdks\corretto-1.8.0_292\jre\lib\charsets.jar;C:\Users\1zaia\.jdks\corretto-1.8.0_292\jre\lib\ext\access-bridge-64.jar;C:\Users\1zaia\.jdks\corretto-1.8.0_292\jre\lib\ext\cldrdata.jar;C:\Users\1zaia\.jdks\corretto-1.8.0_292\jre\lib\ext\dnsns.jar;C:\Users\1zaia\.jdks\corretto-1.8.0_292\jre\lib\ext\jaccess.jar;C:\Users\1zaia\.jdks\corretto-1.8.0_292\jre\lib\ext\jfxrt.jar;C:\Users\1zaia\.jdks\corretto-1.8.0_292\jre\lib\ext\localedata.jar;C:\Users\1zaia\.jdks\corretto-1.8.0_292\jre\lib\ext\nashorn.jar;C:\Users\1zaia\.jdks\corretto-1.8.0_292\jre\lib\ext\sunec.jar;C:\Users\1zaia\.jdks\corretto-1.8.0_292\jre\lib\ext\sunjce_provider.jar;C:\Users\1zaia\.jdks\corretto-1.8.0_292\jre\lib\ext\sunmscapi.jar;C:\Users\1zaia\.jdks\corretto-1.8.0_292\jre\lib\ext\sunpkcs11.jar;C:\Users\1zaia\.jdks\corretto-1.8.0_292\jre\lib\ext\zipfs.jar;C:\Users\1zaia\.jdks\corretto-1.8.0_292\jre\lib\jce.jar;C:\Users\1zaia\.jdks\corretto-1.8.0_292\jre\lib\jfr.jar;C:\Users\1zaia\.jdks\corretto-1.8.0_292\jre\lib\jfxswt.jar;C:\Users\1zaia\.jdks\corretto-1.8.0_292\jre\lib\jsse.jar;C:\Users\1zaia\.jdks\corretto-1.8.0_292\jre\lib\management-agent.jar;C:\Users\1zaia\.jdks\corretto-1.8.0_292\jre\lib\resources.jar;C:\Users\1zaia\.jdks\corretto-1.8.0_292\jre\lib\rt.jar;C:\Users\1zaia\OneDrive\Documents\GitHub\MoreTimeCapsules-1.16\build\classes\java\main;C:\Users\1zaia\OneDrive\Documents\GitHub\MoreTimeCapsules-1.16\build\resources\main;C:\Users\1zaia\.gradle\caches\forge_gradle\deobf_dependencies\com\gitlab\Spectre0987\TardisMod-1-14\1.16-SNAPSHOT_mapped_snapshot_20201028-1.16.3\TardisMod-1-14-1.16-SNAPSHOT_mapped_snapshot_20201028-1.16.3.jar;C:\Users\1zaia\.gradle\caches\forge_gradle\minecraft_user_repo\net\minecraftforge\forge\1.16.5-36.1.32_mapped_snapshot_20201028-1.16.3\forge-1.16.5-36.1.32_mapped_snapshot_20201028-1.16.3-recomp.jar;C:\Users\1zaia\.gradle\caches\forge_gradle\minecraft_user_repo\net\minecraftforge\forge\1.16.5-36.1.32_mapped_snapshot_20201028-1.
Launcher Type: SUN_STANDARD

Environment Variables:
JAVA_HOME=C:\Program Files\AdoptOpenJDK\jdk-8.0.282.8-hotspot
PATH=C:\Program Files (x86)\Common Files\Oracle\Java\javapath;C:\Program Files (x86)\Razer Chroma SDK\bin;C:\Program Files\Razer Chroma SDK\bin;C:\Program Files (x86)\Common Files\Intel\Shared Libraries\redist\intel64_win\compiler;C:\Program Files (x86)\Razer\ChromaBroadcast\bin;C:\Program Files\Razer\ChromaBroadcast\bin;C:\windows\system32;C:\windows;C:\windows\System32\Wbem;C:\windows\System32\WindowsPowerShell\v1.0\;C:\windows\System32\OpenSSH\;C:\Program Files (x86)\Intel\Intel(R) Management Engine Components\DAL;C:\Program Files\Intel\Intel(R) Management Engine Components\DAL;C:\Program Files (x86)\Intel\Intel(R) Management Engine Components\IPT;C:\Program Files\Intel\Intel(R) Management Engine Components\IPT;C:\Windows\system32;C:\Windows;C:\Windows\System32\Wbem;C:\Windows\System32\WindowsPowerShell\v1.0\;C:\Windows\System32\OpenSSH\;C:\Windows\system32\config\systemprofile\AppData\Local\Microsoft\WindowsApps;D:\Program Files\nodejs\;C:\Program Files (x86)\NVIDIA Corporation\PhysX\Common;C:\Program Files\NVIDIA Corporation\NVIDIA NvDLISR;C:\Program Files\remoteit\resources\x64;C:\Program Files\Git\cmd;C:\Users\1zaia\AppData\Local\Microsoft\WindowsApps;C:\Users\1zaia\AppData\Roaming\npm;D:\Users\1zaia\AppData\Local\Programs\Microsoft VS Code\bin;C:\Users\1zaia\spicetify-cli;D:\Program Files\JetBrains\IntelliJ IDEA Community Edition 2020.3.3\bin;;C:\Users\1zaia\AppData\Local\GitHubDesktop\bin
USERNAME=1zaia
OS=Windows_NT
PROCESSOR_IDENTIFIER=Intel64 Family 6 Model 158 Stepping 10, GenuineIntel



---------------  S Y S T E M  ---------------

OS: Windows 10.0 , 64 bit Build 18362 (10.0.18362.1500)

CPU:total 12 (initial active 12) (6 cores per cpu, 2 threads per core) family 6 model 158 stepping 10, cmov, cx8, fxsr, mmx, sse, sse2, sse3, ssse3, sse4.1, sse4.2, popcnt, avx, avx2, aes, clmul, erms, rtm, 3dnowpref, lzcnt, ht, tsc, tscinvbit, bmi1, bmi2, adx

Memory: 4k page, physical 33443044k(16396068k free), swap 135843044k(6552k free)

vm_info: OpenJDK 64-Bit Server VM (25.292-b10) for windows-amd64 JRE (1.8.0_292-b10), built on Apr 14 2021 23:06:53 by "Administrator" with MS VC++ 12.0 (VS2013)

time: Fri Jul 02 04:12:41 2021
timezone: Arab Standard Time
elapsed time: 58.402284 seconds (0d 0h 0m 58s)

