#
# There is insufficient memory for the Java Runtime Environment to continue.
# Native memory allocation (malloc) failed to allocate 32744 bytes for ChunkPool::allocate
# Possible reasons:
#   The system is out of physical RAM or swap space
#   The process is running with CompressedOops enabled, and the Java Heap may be blocking the growth of the native heap
# Possible solutions:
#   Reduce memory load on the system
#   Increase physical memory or swap space
#   Check if swap backing store is full
#   Decrease Java heap size (-Xmx/-Xms)
#   Decrease number of Java threads
#   Decrease Java thread stack sizes (-Xss)
#   Set larger code cache with -XX:ReservedCodeCacheSize=
#   JVM is running with Zero Based Compressed Oops mode in which the Java heap is
#     placed in the first 32GB address space. The Java Heap base address is the
#     maximum limit for the native heap growth. Please use -XX:HeapBaseMinAddress
#     to set the Java Heap base and to place the Java Heap above 32GB virtual address.
# This output file may be truncated or incomplete.
#
#  Out of Memory Error (allocation.cpp:272), pid=68396, tid=0x0000000000010bf4
#
# JRE version: OpenJDK Runtime Environment (8.0_292-b10) (build 1.8.0_292-b10)
# Java VM: OpenJDK 64-Bit Server VM (25.292-b10 mixed mode windows-amd64 compressed oops)
# Failed to write core dump. Minidumps are not enabled by default on client versions of Windows
#

---------------  T H R E A D  ---------------

Current thread (0x0000021fcdc21800):  JavaThread "Worker-Main-12" daemon [_thread_in_Java, id=68596, stack(0x0000007f12100000,0x0000007f12200000)]

Stack: [0x0000007f12100000,0x0000007f12200000]
[error occurred during error reporting (printing stack bounds), id 0xe0000000]

Native frames: (J=compiled Java code, j=interpreted, Vv=VM code, C=native code)

Java frames: (J=compiled Java code, j=interpreted, Vv=VM code)
v  ~DeoptimizationBlob
J 9320 C2 sun.nio.fs.WindowsNativeDispatcher.CreateFile(Ljava/lang/String;IIJII)J (41 bytes) @ 0x0000021f93ca847c [0x0000021f93ca81e0+0x29c]
J 10967 C1 sun.nio.fs.WindowsChannelFactory.open(Ljava/lang/String;Ljava/lang/String;Lsun/nio/fs/WindowsChannelFactory$Flags;J)Ljava/io/FileDescriptor; (423 bytes) @ 0x0000021f929b6464 [0x0000021f929b5200+0x1264]
J 8731 C2 java.nio.file.Files.exists(Ljava/nio/file/Path;[Ljava/nio/file/LinkOption;)Z (44 bytes) @ 0x0000021f937c7338 [0x0000021f937c7140+0x1f8]
J 5879 C1 net.minecraftforge.fml.loading.moddiscovery.ExplodedDirectoryLocator.findPath(Lnet/minecraftforge/forgespi/locating/IModFile;[Ljava/lang/String;)Ljava/nio/file/Path; (134 bytes) @ 0x0000021f934e87ec [0x0000021f934e7fa0+0x84c]
J 9043 C2 net.minecraftforge.fml.loading.LoadingModList$1.hasMoreElements()Z (30 bytes) @ 0x0000021f93affc20 [0x0000021f93affa60+0x1c0]
J 10024 C2 cpw.mods.modlauncher.EnumerationHelper$1.hasMoreElements()Z (30 bytes) @ 0x0000021f935f20e4 [0x0000021f935f2080+0x64]
J 10024 C2 cpw.mods.modlauncher.EnumerationHelper$1.hasMoreElements()Z (30 bytes) @ 0x0000021f935f2138 [0x0000021f935f2080+0xb8]
J 11266 C1 cpw.mods.modlauncher.TransformingClassLoader.findResource(Ljava/lang/String;)Ljava/net/URL; (13 bytes) @ 0x0000021f932f8bfc [0x0000021f932f8880+0x37c]
J 11627 C2 java.lang.ClassLoader.getResource(Ljava/lang/String;)Ljava/net/URL; (36 bytes) @ 0x0000021f93c42210 [0x0000021f93c41ea0+0x370]
J 11178 C1 net.minecraft.resources.VanillaPack.resourceExists(Lnet/minecraft/resources/ResourcePackType;Lnet/minecraft/util/ResourceLocation;)Z (96 bytes) @ 0x0000021f93938d2c [0x0000021f93937a40+0x12ec]
J 11114 C1 net.minecraft.client.resources.VirtualAssetsPack.resourceExists(Lnet/minecraft/resources/ResourcePackType;Lnet/minecraft/util/ResourceLocation;)Z (36 bytes) @ 0x0000021f940013c4 [0x0000021f94001160+0x264]
J 11268 C1 net.minecraft.resources.FallbackResourceManager.getResource(Lnet/minecraft/util/ResourceLocation;)Lnet/minecraft/resources/IResource; (141 bytes) @ 0x0000021f92807394 [0x0000021f92806500+0xe94]
J 11267 C1 net.minecraft.resources.SimpleReloadableResourceManager.getResource(Lnet/minecraft/util/ResourceLocation;)Lnet/minecraft/resources/IResource; (41 bytes) @ 0x0000021f9314b95c [0x0000021f9314b5c0+0x39c]
J 12123 C1 net.minecraft.client.renderer.model.ModelBakery.loadModel(Lnet/minecraft/util/ResourceLocation;)Lnet/minecraft/client/renderer/model/BlockModel; (246 bytes) @ 0x0000021f93e63dcc [0x0000021f93e624e0+0x18ec]
J 11652 C1 net.minecraft.client.renderer.model.ModelBakery.loadBlockstate(Lnet/minecraft/util/ResourceLocation;)V (638 bytes) @ 0x0000021f93b1670c [0x0000021f93b0e8e0+0x7e2c]
J 11471 C1 net.minecraft.client.renderer.model.ModelBakery.getUnbakedModel(Lnet/minecraft/util/ResourceLocation;)Lnet/minecraft/client/renderer/model/IUnbakedModel; (275 bytes) @ 0x0000021f932f5334 [0x0000021f932f44e0+0xe54]
J 11472 C1 net.minecraft.client.renderer.model.ModelBakery$$Lambda$5133.accept(Ljava/lang/Object;)V (12 bytes) @ 0x0000021f932f3484 [0x0000021f932f2c80+0x804]
J 11630 C1 com.google.common.collect.ImmutableList.forEach(Ljava/util/function/Consumer;)V (35 bytes) @ 0x0000021f93c454bc [0x0000021f93c451c0+0x2fc]
j  net.minecraft.client.renderer.model.ModelBakery.processLoading(Lnet/minecraft/profiler/IProfiler;I)V+134
j  net.minecraftforge.client.model.ModelLoader.<init>(Lnet/minecraft/resources/IResourceManager;Lnet/minecraft/client/renderer/color/BlockColors;Lnet/minecraft/profiler/IProfiler;I)V+32
j  net.minecraft.client.renderer.model.ModelManager.prepare(Lnet/minecraft/resources/IResourceManager;Lnet/minecraft/profiler/IProfiler;)Lnet/minecraft/client/renderer/model/ModelBakery;+20
j  net.minecraft.client.renderer.model.ModelManager.prepare(Lnet/minecraft/resources/IResourceManager;Lnet/minecraft/profiler/IProfiler;)Ljava/lang/Object;+3
j  net.minecraft.client.resources.ReloadListener.lambda$reload$0(Lnet/minecraft/resources/IResourceManager;Lnet/minecraft/profiler/IProfiler;)Ljava/lang/Object;+3
j  net.minecraft.client.resources.ReloadListener$$Lambda$4970.get()Ljava/lang/Object;+12
j  java.util.concurrent.CompletableFuture$AsyncSupply.run$$$capture()V+37
j  java.util.concurrent.CompletableFuture$AsyncSupply.run()V+5
j  java.util.concurrent.CompletableFuture$AsyncSupply.exec()Z+1
J 9675 C1 java.util.concurrent.ForkJoinTask.doExec$$$capture()I (37 bytes) @ 0x0000021f924ebe0c [0x0000021f924ebcc0+0x14c]
J 9678 C1 java.util.concurrent.ForkJoinPool$WorkQueue.runTask(Ljava/util/concurrent/ForkJoinTask;)V (86 bytes) @ 0x0000021f9250bf4c [0x0000021f9250bd60+0x1ec]
j  java.util.concurrent.ForkJoinPool.runWorker(Ljava/util/concurrent/ForkJoinPool$WorkQueue;)V+35
j  java.util.concurrent.ForkJoinWorkerThread.run()V+24
v  ~StubRoutines::call_stub

---------------  P R O C E S S  ---------------

Java Threads: ( => current thread )
  0x0000021fcdc25000 JavaThread "Keep-Alive-Timer" daemon [_thread_blocked, id=34276, stack(0x0000007f12500000,0x0000007f12600000)]
  0x0000021fcdc28000 JavaThread "Worker-Main-14" daemon [_thread_blocked, id=68588, stack(0x0000007f12300000,0x0000007f12400000)]
  0x0000021fcdc20000 JavaThread "Worker-Main-13" daemon [_thread_blocked, id=68384, stack(0x0000007f12200000,0x0000007f12300000)]
=>0x0000021fcdc21800 JavaThread "Worker-Main-12" daemon [_thread_in_Java, id=68596, stack(0x0000007f12100000,0x0000007f12200000)]
  0x0000021fcdc1f800 JavaThread "Worker-Main-11" daemon [_thread_blocked, id=68584, stack(0x0000007f12000000,0x0000007f12100000)]
  0x0000021fcdc26800 JavaThread "Worker-Main-10" daemon [_thread_in_vm, id=62252, stack(0x0000007f11f00000,0x0000007f12000000)]
  0x0000021fcdc1e800 JavaThread "Worker-Main-9" daemon [_thread_blocked, id=68260, stack(0x0000007f11e00000,0x0000007f11f00000)]
  0x0000021fc1aa2800 JavaThread "Worker-Main-8" daemon [_thread_blocked, id=68508, stack(0x0000007f11d00000,0x0000007f11e00000)]
  0x0000021fb87dd800 JavaThread "Narrator" [_thread_blocked, id=68268, stack(0x0000007f11800000,0x0000007f11900000)]
  0x0000021fb87dc000 JavaThread "Sound engine" daemon [_thread_blocked, id=49776, stack(0x0000007f11c00000,0x0000007f11d00000)]
  0x0000021fb87db800 JavaThread "modloading-worker-15" daemon [_thread_blocked, id=34872, stack(0x0000007f11b00000,0x0000007f11c00000)]
  0x0000021fb87e1800 JavaThread "modloading-worker-6" daemon [_thread_blocked, id=53220, stack(0x0000007f11a00000,0x0000007f11b00000)]
  0x0000021fb87e0000 JavaThread "modloading-worker-13" daemon [_thread_blocked, id=68156, stack(0x0000007f11900000,0x0000007f11a00000)]
  0x0000021fb87dd000 JavaThread "modloading-worker-4" daemon [_thread_blocked, id=67832, stack(0x0000007f10a00000,0x0000007f10b00000)]
  0x0000021fb87e1000 JavaThread "modloading-worker-11" daemon [_thread_blocked, id=54580, stack(0x0000007f10900000,0x0000007f10a00000)]
  0x0000021fb87de800 JavaThread "modloading-worker-2" daemon [_thread_blocked, id=67840, stack(0x0000007f10800000,0x0000007f10900000)]
  0x0000021fb87da800 JavaThread "modloading-worker-9" daemon [_thread_blocked, id=67800, stack(0x0000007f10700000,0x0000007f10800000)]
  0x0000021fc1aa1800 JavaThread "Snooper Timer" daemon [_thread_blocked, id=45284, stack(0x0000007f11400000,0x0000007f11500000)]
  0x0000021fc1aa5800 JavaThread "Timer hack thread" daemon [_thread_blocked, id=67588, stack(0x0000007f10c00000,0x0000007f10d00000)]
  0x0000021fc1aa6800 JavaThread "Worker-Bootstrap-7" daemon [_thread_in_Java, id=68056, stack(0x0000007f11300000,0x0000007f11400000)]
  0x0000021fc1aa1000 JavaThread "Worker-Bootstrap-6" daemon [_thread_in_Java, id=13864, stack(0x0000007f11200000,0x0000007f11300000)]
  0x0000021fc1aa8000 JavaThread "Worker-Bootstrap-5" daemon [_thread_in_Java, id=67848, stack(0x0000007f11100000,0x0000007f11200000)]
  0x0000021fc1aa5000 JavaThread "Worker-Bootstrap-4" daemon [_thread_in_Java, id=67216, stack(0x0000007f11000000,0x0000007f11100000)]
  0x0000021fc1aa4000 JavaThread "Worker-Bootstrap-3" daemon [_thread_in_Java, id=68224, stack(0x0000007f10f00000,0x0000007f11000000)]
  0x0000021fc1aa7000 JavaThread "Worker-Bootstrap-2" daemon [_thread_in_Java, id=18684, stack(0x0000007f10e00000,0x0000007f10f00000)]
  0x0000021fc1aa3000 JavaThread "Worker-Bootstrap-1" daemon [_thread_in_Java, id=34608, stack(0x0000007f10d00000,0x0000007f10e00000)]
  0x0000021fb8d88000 JavaThread "Thread-2" daemon [_thread_in_native, id=68008, stack(0x0000007f0ff00000,0x0000007f10000000)]
  0x0000021fb8c2e000 JavaThread "Thread-1" daemon [_thread_blocked, id=68000, stack(0x0000007f0fe00000,0x0000007f0ff00000)]
  0x0000021fb992b800 JavaThread "ForkJoinPool.commonPool-worker-9" daemon [_thread_blocked, id=67984, stack(0x0000007f0fd00000,0x0000007f0fe00000)]
  0x0000021fb77a0800 JavaThread "Service Thread" daemon [_thread_blocked, id=16708, stack(0x0000007f0fb00000,0x0000007f0fc00000)]
  0x0000021fb7707800 JavaThread "C1 CompilerThread3" daemon [_thread_in_native, id=68144, stack(0x0000007f0fa00000,0x0000007f0fb00000)]
  0x0000021fb7704800 JavaThread "C2 CompilerThread2" daemon [_thread_in_native, id=55932, stack(0x0000007f0f900000,0x0000007f0fa00000)]
  0x0000021fb76d7000 JavaThread "C2 CompilerThread1" daemon [_thread_in_native, id=60620, stack(0x0000007f0f800000,0x0000007f0f900000)]
  0x0000021fb76d6000 JavaThread "C2 CompilerThread0" daemon [_thread_in_native, id=67804, stack(0x0000007f0f700000,0x0000007f0f800000)]
  0x0000021fb720b000 JavaThread "JDWP Command Reader" daemon [_thread_in_native, id=66188, stack(0x0000007f0f600000,0x0000007f0f700000)]
  0x0000021fb7202800 JavaThread "JDWP Event Helper Thread" daemon [_thread_blocked, id=60472, stack(0x0000007f0f500000,0x0000007f0f600000)]
  0x0000021fb4eae000 JavaThread "JDWP Transport Listener: dt_socket" daemon [_thread_blocked, id=65920, stack(0x0000007f0f400000,0x0000007f0f500000)]
  0x0000021fb4e9b000 JavaThread "Attach Listener" daemon [_thread_blocked, id=38948, stack(0x0000007f0f300000,0x0000007f0f400000)]
  0x0000021fb4e9a000 JavaThread "Signal Dispatcher" daemon [_thread_blocked, id=42664, stack(0x0000007f0f200000,0x0000007f0f300000)]
  0x0000021fb4e89800 JavaThread "Finalizer" daemon [_thread_blocked, id=51556, stack(0x0000007f0f100000,0x0000007f0f200000)]
  0x0000021f90b63000 JavaThread "Reference Handler" daemon [_thread_blocked, id=61544, stack(0x0000007f0f000000,0x0000007f0f100000)]
  0x0000021f90ac9800 JavaThread "Render thread" [_thread_in_Java, id=50660, stack(0x0000007f0e400000,0x0000007f0e500000)]

Other Threads:
  0x0000021fb4e62800 VMThread [stack: 0x0000007f0ef00000,0x0000007f0f000000] [id=26272]
  0x0000021fb77a3800 WatcherThread [stack: 0x0000007f0fc00000,0x0000007f0fd00000] [id=64804]

VM state:not at safepoint (normal execution)

VM Mutex/Monitor currently owned by a thread: None

heap address: 0x00000005c1a00000, size: 8166 MB, Compressed Oops mode: Zero based, Oop shift amount: 3
Narrow klass base: 0x0000000000000000, Narrow klass shift: 3
Compressed class space size: 1073741824 Address: 0x00000007c0000000

Heap:
 PSYoungGen      total 2707456K, used 843295K [0x0000000715e00000, 0x00000007c0000000, 0x00000007c0000000)
  eden space 2641920K, 29% used [0x0000000715e00000,0x0000000745b8b300,0x00000007b7200000)
  from space 65536K, 90% used [0x00000007bc000000,0x00000007bf9fc920,0x00000007c0000000)
  to   space 72704K, 0% used [0x00000007b7200000,0x00000007b7200000,0x00000007bb900000)
 ParOldGen       total 477696K, used 201753K [0x00000005c1a00000, 0x00000005dec80000, 0x0000000715e00000)
  object space 477696K, 42% used [0x00000005c1a00000,0x00000005cdf06548,0x00000005dec80000)
 Metaspace       used 87196K, capacity 96190K, committed 96424K, reserved 1130496K
  class space    used 12958K, capacity 15731K, committed 15784K, reserved 1048576K

Card table byte_map: [0x0000021fa1750000,0x0000021fa2750000] byte_map_base: 0x0000021f9e943000

Marking Bits: (ParMarkBitMap*) 0x0000000077d3f7f0
 Begin Bits: [0x0000021fa3200000, 0x0000021fab198000)
 End Bits:   [0x0000021fab198000, 0x0000021fb3130000)

Polling page: 0x0000021f90a70000

CodeCache: size=245760Kb used=30563Kb max_used=30633Kb free=215196Kb
 bounds [0x0000021f92390000, 0x0000021f941b0000, 0x0000021fa1390000]
 total_blobs=10813 nmethods=9203 adapters=1530
 compilation: enabled

Compilation events (10 events):
Event: 22.021 Thread 0x0000021fb7704800 nmethod 12227 0x0000021f92b30810 code [0x0000021f92b30960, 0x0000021f92b30ad8]
Event: 22.022 Thread 0x0000021fb7704800 12226       4       java.util.ArrayList::listIterator (10 bytes)
Event: 22.023 Thread 0x0000021fb7704800 nmethod 12226 0x0000021f93e5fd50 code [0x0000021f93e5fea0, 0x0000021f93e5ff98]
Event: 22.024 Thread 0x0000021fb7704800 12225       4       java.lang.String::lastIndexOf (11 bytes)
Event: 22.031 Thread 0x0000021fb7704800 nmethod 12225 0x0000021f932bcfd0 code [0x0000021f932bd120, 0x0000021f932bd5b8]
Event: 22.037 Thread 0x0000021fb7704800 12229       4       com.mojang.datafixers.types.templates.TaggedChoice$TaggedChoiceType$$Lambda$1547/1709934772::apply (8 bytes)
Event: 22.038 Thread 0x0000021fb7704800 nmethod 12229 0x0000021f9324ac90 code [0x0000021f9324ade0, 0x0000021f9324ae98]
Event: 22.042 Thread 0x0000021fb7707800 12230       3       java.util.Collections$SetFromMap::forEach (11 bytes)
Event: 22.042 Thread 0x0000021fb7707800 nmethod 12230 0x0000021f93844e10 code [0x0000021f93844f80, 0x0000021f938451b0]
Event: 22.047 Thread 0x0000021fb7704800 12231 % !   4       net.minecraft.client.gui.fonts.providers.UnicodeTextureGlyphProvider::<init> @ 112 (445 bytes)

GC Heap History (10 events):
Event: 19.291 GC heap before
{Heap before GC invocations=37 (full 3):
 PSYoungGen      total 2715648K, used 2715161K [0x0000000715e00000, 0x00000007c0000000, 0x00000007c0000000)
  eden space 2676736K, 100% used [0x0000000715e00000,0x00000007b9400000,0x00000007b9400000)
  from space 38912K, 98% used [0x00000007b9400000,0x00000007bb9866c8,0x00000007bba00000)
  to   space 57344K, 0% used [0x00000007bc800000,0x00000007bc800000,0x00000007c0000000)
 ParOldGen       total 477696K, used 183537K [0x00000005c1a00000, 0x00000005dec80000, 0x0000000715e00000)
  object space 477696K, 38% used [0x00000005c1a00000,0x00000005ccd3c7d0,0x00000005dec80000)
 Metaspace       used 81826K, capacity 89932K, committed 90152K, reserved 1124352K
  class space    used 12223K, capacity 14776K, committed 14888K, reserved 1048576K
Event: 19.303 GC heap after
Heap after GC invocations=37 (full 3):
 PSYoungGen      total 2723840K, used 41831K [0x0000000715e00000, 0x00000007c0000000, 0x00000007c0000000)
  eden space 2666496K, 0% used [0x0000000715e00000,0x0000000715e00000,0x00000007b8a00000)
  from space 57344K, 72% used [0x00000007bc800000,0x00000007bf0d9c50,0x00000007c0000000)
  to   space 60416K, 0% used [0x00000007b8a00000,0x00000007b8a00000,0x00000007bc500000)
 ParOldGen       total 477696K, used 184202K [0x00000005c1a00000, 0x00000005dec80000, 0x0000000715e00000)
  object space 477696K, 38% used [0x00000005c1a00000,0x00000005ccde2950,0x00000005dec80000)
 Metaspace       used 81826K, capacity 89932K, committed 90152K, reserved 1124352K
  class space    used 12223K, capacity 14776K, committed 14888K, reserved 1048576K
}
Event: 19.694 GC heap before
{Heap before GC invocations=38 (full 3):
 PSYoungGen      total 2723840K, used 2708327K [0x0000000715e00000, 0x00000007c0000000, 0x00000007c0000000)
  eden space 2666496K, 100% used [0x0000000715e00000,0x00000007b8a00000,0x00000007b8a00000)
  from space 57344K, 72% used [0x00000007bc800000,0x00000007bf0d9c50,0x00000007c0000000)
  to   space 60416K, 0% used [0x00000007b8a00000,0x00000007b8a00000,0x00000007bc500000)
 ParOldGen       total 477696K, used 184202K [0x00000005c1a00000, 0x00000005dec80000, 0x0000000715e00000)
  object space 477696K, 38% used [0x00000005c1a00000,0x00000005ccde2950,0x00000005dec80000)
 Metaspace       used 82913K, capacity 91270K, committed 91432K, reserved 1126400K
  class space    used 12428K, capacity 15035K, committed 15144K, reserved 1048576K
Event: 19.708 GC heap after
Heap after GC invocations=38 (full 3):
 PSYoungGen      total 2707968K, used 41173K [0x0000000715e00000, 0x00000007c0000000, 0x00000007c0000000)
  eden space 2666496K, 0% used [0x0000000715e00000,0x0000000715e00000,0x00000007b8a00000)
  from space 41472K, 99% used [0x00000007b8a00000,0x00000007bb235608,0x00000007bb280000)
  to   space 62464K, 0% used [0x00000007bc300000,0x00000007bc300000,0x00000007c0000000)
 ParOldGen       total 477696K, used 185795K [0x00000005c1a00000, 0x00000005dec80000, 0x0000000715e00000)
  object space 477696K, 38% used [0x00000005c1a00000,0x00000005ccf70c48,0x00000005dec80000)
 Metaspace       used 82913K, capacity 91270K, committed 91432K, reserved 1126400K
  class space    used 12428K, capacity 15035K, committed 15144K, reserved 1048576K
}
Event: 20.496 GC heap before
{Heap before GC invocations=39 (full 3):
 PSYoungGen      total 2707968K, used 2707669K [0x0000000715e00000, 0x00000007c0000000, 0x00000007c0000000)
  eden space 2666496K, 100% used [0x0000000715e00000,0x00000007b8a00000,0x00000007b8a00000)
  from space 41472K, 99% used [0x00000007b8a00000,0x00000007bb235608,0x00000007bb280000)
  to   space 62464K, 0% used [0x00000007bc300000,0x00000007bc300000,0x00000007c0000000)
 ParOldGen       total 477696K, used 185795K [0x00000005c1a00000, 0x00000005dec80000, 0x0000000715e00000)
  object space 477696K, 38% used [0x00000005c1a00000,0x00000005ccf70c48,0x00000005dec80000)
 Metaspace       used 84253K, capacity 92882K, committed 92968K, reserved 1126400K
  class space    used 12665K, capacity 15367K, committed 15400K, reserved 1048576K
Event: 20.527 GC heap after
Heap after GC invocations=39 (full 3):
 PSYoungGen      total 2726912K, used 31166K [0x0000000715e00000, 0x00000007c0000000, 0x00000007c0000000)
  eden space 2664448K, 0% used [0x0000000715e00000,0x0000000715e00000,0x00000007b8800000)
  from space 62464K, 49% used [0x00000007bc300000,0x00000007be16fa00,0x00000007c0000000)
  to   space 60416K, 0% used [0x00000007b8800000,0x00000007b8800000,0x00000007bc300000)
 ParOldGen       total 477696K, used 200222K [0x00000005c1a00000, 0x00000005dec80000, 0x0000000715e00000)
  object space 477696K, 41% used [0x00000005c1a00000,0x00000005cdd879e0,0x00000005dec80000)
 Metaspace       used 84253K, capacity 92882K, committed 92968K, reserved 1126400K
  class space    used 12665K, capacity 15367K, committed 15400K, reserved 1048576K
}
Event: 21.219 GC heap before
{Heap before GC invocations=40 (full 3):
 PSYoungGen      total 2726912K, used 2695614K [0x0000000715e00000, 0x00000007c0000000, 0x00000007c0000000)
  eden space 2664448K, 100% used [0x0000000715e00000,0x00000007b8800000,0x00000007b8800000)
  from space 62464K, 49% used [0x00000007bc300000,0x00000007be16fa00,0x00000007c0000000)
  to   space 60416K, 0% used [0x00000007b8800000,0x00000007b8800000,0x00000007bc300000)
 ParOldGen       total 477696K, used 200222K [0x00000005c1a00000, 0x00000005dec80000, 0x0000000715e00000)
  object space 477696K, 41% used [0x00000005c1a00000,0x00000005cdd879e0,0x00000005dec80000)
 Metaspace       used 86592K, capacity 95418K, committed 95528K, reserved 1128448K
  class space    used 12877K, capacity 15617K, committed 15656K, reserved 1048576K
Event: 21.237 GC heap after
Heap after GC invocations=40 (full 3):
 PSYoungGen      total 2715648K, used 51086K [0x0000000715e00000, 0x00000007c0000000, 0x00000007c0000000)
  eden space 2664448K, 0% used [0x0000000715e00000,0x0000000715e00000,0x00000007b8800000)
  from space 51200K, 99% used [0x00000007b8800000,0x00000007bb9e3908,0x00000007bba00000)
  to   space 65536K, 0% used [0x00000007bc000000,0x00000007bc000000,0x00000007c0000000)
 ParOldGen       total 477696K, used 200808K [0x00000005c1a00000, 0x00000005dec80000, 0x0000000715e00000)
  object space 477696K, 42% used [0x00000005c1a00000,0x00000005cde1a310,0x00000005dec80000)
 Metaspace       used 86592K, capacity 95418K, committed 95528K, reserved 1128448K
  class space    used 12877K, capacity 15617K, committed 15656K, reserved 1048576K
}
Event: 21.833 GC heap before
{Heap before GC invocations=41 (full 3):
 PSYoungGen      total 2715648K, used 2715534K [0x0000000715e00000, 0x00000007c0000000, 0x00000007c0000000)
  eden space 2664448K, 100% used [0x0000000715e00000,0x00000007b8800000,0x00000007b8800000)
  from space 51200K, 99% used [0x00000007b8800000,0x00000007bb9e3908,0x00000007bba00000)
  to   space 65536K, 0% used [0x00000007bc000000,0x00000007bc000000,0x00000007c0000000)
 ParOldGen       total 477696K, used 200808K [0x00000005c1a00000, 0x00000005dec80000, 0x0000000715e00000)
  object space 477696K, 42% used [0x00000005c1a00000,0x00000005cde1a310,0x00000005dec80000)
 Metaspace       used 87158K, capacity 96126K, committed 96424K, reserved 1130496K
  class space    used 12953K, capacity 15731K, committed 15784K, reserved 1048576K
Event: 21.871 GC heap after
Heap after GC invocations=41 (full 3):
 PSYoungGen      total 2707456K, used 59378K [0x0000000715e00000, 0x00000007c0000000, 0x00000007c0000000)
  eden space 2641920K, 0% used [0x0000000715e00000,0x0000000715e00000,0x00000007b7200000)
  from space 65536K, 90% used [0x00000007bc000000,0x00000007bf9fc920,0x00000007c0000000)
  to   space 72704K, 0% used [0x00000007b7200000,0x00000007b7200000,0x00000007bb900000)
 ParOldGen       total 477696K, used 201753K [0x00000005c1a00000, 0x00000005dec80000, 0x0000000715e00000)
  object space 477696K, 42% used [0x00000005c1a00000,0x00000005cdf06548,0x00000005dec80000)
 Metaspace       used 87158K, capacity 96126K, committed 96424K, reserved 1130496K
  class space    used 12953K, capacity 15731K, committed 15784K, reserved 1048576K
}

Deoptimization events (10 events):
Event: 21.319 Thread 0x0000021fcdc21800 Uncommon trap: reason=class_check action=maybe_recompile pc=0x0000021f940fea10 method=com.google.common.collect.SortedLists.binarySearch(Ljava/util/List;Ljava/lang/Object;Ljava/util/Comparator;Lcom/google/common/collect/SortedLists$KeyPresentBehavior;Lcom
Event: 21.319 Thread 0x0000021fcdc21800 Uncommon trap: reason=class_check action=maybe_recompile pc=0x0000021f940fea10 method=com.google.common.collect.SortedLists.binarySearch(Ljava/util/List;Ljava/lang/Object;Ljava/util/Comparator;Lcom/google/common/collect/SortedLists$KeyPresentBehavior;Lcom
Event: 21.320 Thread 0x0000021fcdc21800 Uncommon trap: reason=class_check action=maybe_recompile pc=0x0000021f940fea10 method=com.google.common.collect.SortedLists.binarySearch(Ljava/util/List;Ljava/lang/Object;Ljava/util/Comparator;Lcom/google/common/collect/SortedLists$KeyPresentBehavior;Lcom
Event: 21.530 Thread 0x0000021fcdc27000 Uncommon trap: reason=class_check action=maybe_recompile pc=0x0000021f940592f0 method=java.util.Collections$UnmodifiableCollection.isEmpty()Z @ 4
Event: 21.530 Thread 0x0000021fcdc27000 Uncommon trap: reason=class_check action=maybe_recompile pc=0x0000021f940592f0 method=java.util.Collections$UnmodifiableCollection.isEmpty()Z @ 4
Event: 21.531 Thread 0x0000021fcdc27000 Uncommon trap: reason=class_check action=maybe_recompile pc=0x0000021f940592f0 method=java.util.Collections$UnmodifiableCollection.isEmpty()Z @ 4
Event: 21.538 Thread 0x0000021fcdc27000 Uncommon trap: reason=bimorphic action=maybe_recompile pc=0x0000021f9249899c method=sun.security.provider.DigestBase.engineUpdate([BII)V @ 128
Event: 21.539 Thread 0x0000021fcdc27000 Uncommon trap: reason=bimorphic action=maybe_recompile pc=0x0000021f9249899c method=sun.security.provider.DigestBase.engineUpdate([BII)V @ 128
Event: 21.539 Thread 0x0000021fcdc27000 Uncommon trap: reason=bimorphic action=maybe_recompile pc=0x0000021f9249899c method=sun.security.provider.DigestBase.engineUpdate([BII)V @ 128
Event: 21.967 Thread 0x0000021fcdc27000 Uncommon trap: reason=unstable_if action=reinterpret pc=0x0000021f936575c4 method=org.apache.logging.log4j.util.StringBuilders.appendSpecificTypes(Ljava/lang/StringBuilder;Ljava/lang/Object;)Z @ 1

Classes redefined (0 events):
No events

Internal exceptions (10 events):
Event: 22.056 Thread 0x0000021fcdc21800 Exception <a 'sun/nio/fs/WindowsException'> (0x000000073fe00d18) thrown at [C:\wsjdk\Corretto8Src\installers\windows\zip\corretto-build\buildRoot\src\hotspot\src\share\vm\prims\jni.cpp, line 711]
Event: 22.056 Thread 0x0000021fcdc26800 Exception <a 'sun/nio/fs/WindowsException'> (0x000000073ee5ccb0) thrown at [C:\wsjdk\Corretto8Src\installers\windows\zip\corretto-build\buildRoot\src\hotspot\src\share\vm\prims\jni.cpp, line 711]
Event: 22.057 Thread 0x0000021fcdc21800 Exception <a 'sun/nio/fs/WindowsException'> (0x000000073fe01d30) thrown at [C:\wsjdk\Corretto8Src\installers\windows\zip\corretto-build\buildRoot\src\hotspot\src\share\vm\prims\jni.cpp, line 711]
Event: 22.057 Thread 0x0000021fcdc26800 Exception <a 'sun/nio/fs/WindowsException'> (0x000000073ee5d390) thrown at [C:\wsjdk\Corretto8Src\installers\windows\zip\corretto-build\buildRoot\src\hotspot\src\share\vm\prims\jni.cpp, line 711]
Event: 22.057 Thread 0x0000021fcdc21800 Exception <a 'sun/nio/fs/WindowsException'> (0x000000073fe02410) thrown at [C:\wsjdk\Corretto8Src\installers\windows\zip\corretto-build\buildRoot\src\hotspot\src\share\vm\prims\jni.cpp, line 711]
Event: 22.057 Thread 0x0000021fcdc26800 Exception <a 'sun/nio/fs/WindowsException'> (0x000000073ee5e0e8) thrown at [C:\wsjdk\Corretto8Src\installers\windows\zip\corretto-build\buildRoot\src\hotspot\src\share\vm\prims\jni.cpp, line 711]
Event: 22.057 Thread 0x0000021fcdc21800 Exception <a 'sun/nio/fs/WindowsException'> (0x000000073fe03168) thrown at [C:\wsjdk\Corretto8Src\installers\windows\zip\corretto-build\buildRoot\src\hotspot\src\share\vm\prims\jni.cpp, line 711]
Event: 22.057 Thread 0x0000021fcdc26800 Exception <a 'sun/nio/fs/WindowsException'> (0x000000073ee5e7b8) thrown at [C:\wsjdk\Corretto8Src\installers\windows\zip\corretto-build\buildRoot\src\hotspot\src\share\vm\prims\jni.cpp, line 711]
Event: 22.057 Thread 0x0000021fcdc21800 Exception <a 'sun/nio/fs/WindowsException'> (0x000000073fe03838) thrown at [C:\wsjdk\Corretto8Src\installers\windows\zip\corretto-build\buildRoot\src\hotspot\src\share\vm\prims\jni.cpp, line 711]
Event: 22.058 Thread 0x0000021fcdc21800 Exception <a 'sun/nio/fs/WindowsException'> (0x000000073fe206e0) thrown at [C:\wsjdk\Corretto8Src\installers\windows\zip\corretto-build\buildRoot\src\hotspot\src\share\vm\prims\jni.cpp, line 711]

Events (10 events):
Event: 22.057 Thread 0x0000021fcdc21800 DEOPT PACKING pc=0x0000021f93ca847c sp=0x0000007f121fdd00
Event: 22.057 Thread 0x0000021fcdc21800 DEOPT UNPACKING pc=0x0000021f923d75d8 sp=0x0000007f121fda58 mode 1
Event: 22.057 Thread 0x0000021fcdc21800 DEOPT PACKING pc=0x0000021f929b6464 sp=0x0000007f121fddc0
Event: 22.057 Thread 0x0000021fcdc21800 DEOPT UNPACKING pc=0x0000021f923d75d8 sp=0x0000007f121fdb80 mode 1
Event: 22.057 Thread 0x0000021fcdc21800 DEOPT PACKING pc=0x0000021f937c7338 sp=0x0000007f121fdf00
Event: 22.057 Thread 0x0000021fcdc21800 DEOPT UNPACKING pc=0x0000021f923d75d8 sp=0x0000007f121fdb78 mode 1
Event: 22.057 Thread 0x0000021fcdc26800 DEOPT PACKING pc=0x0000021f934259e0 sp=0x0000007f11ffe490
Event: 22.057 Thread 0x0000021fcdc26800 DEOPT UNPACKING pc=0x0000021f923d75d8 sp=0x0000007f11ffe1d0 mode 1
Event: 22.057 Thread 0x0000021fcdc21800 DEOPT PACKING pc=0x0000021f934259e0 sp=0x0000007f121fddb0
Event: 22.057 Thread 0x0000021fcdc21800 DEOPT UNPACKING pc=0x0000021f923d75d8 sp=0x0000007f121fdaf0 mode 1


Dynamic libraries:
0x00007ff74e350000 - 0x00007ff74e38a000 	C:\Users\1zaia\.jdks\corretto-1.8.0_292\bin\java.exe
0x00007ff879960000 - 0x00007ff879b50000 	C:\Windows\SYSTEM32\ntdll.dll
0x00007ff878470000 - 0x00007ff878522000 	C:\Windows\System32\KERNEL32.DLL
0x00007ff8769d0000 - 0x00007ff876c75000 	C:\Windows\System32\KERNELBASE.dll
0x00007ff877ea0000 - 0x00007ff877f43000 	C:\Windows\System32\ADVAPI32.dll
0x00007ff878690000 - 0x00007ff87872e000 	C:\Windows\System32\msvcrt.dll
0x00007ff8783c0000 - 0x00007ff878457000 	C:\Windows\System32\sechost.dll
0x00007ff877a10000 - 0x00007ff877b2f000 	C:\Windows\System32\RPCRT4.dll
0x00007ff877be0000 - 0x00007ff877d74000 	C:\Windows\System32\USER32.dll
0x00007ff8778a0000 - 0x00007ff8778c1000 	C:\Windows\System32\win32u.dll
0x00007ff877e00000 - 0x00007ff877e26000 	C:\Windows\System32\GDI32.dll
0x00007ff877550000 - 0x00007ff8776e8000 	C:\Windows\System32\gdi32full.dll
0x00007ff8774b0000 - 0x00007ff87754e000 	C:\Windows\System32\msvcp_win.dll
0x00007ff8768d0000 - 0x00007ff8769ca000 	C:\Windows\System32\ucrtbase.dll
0x00007ff85d190000 - 0x00007ff85d414000 	C:\Windows\WinSxS\amd64_microsoft.windows.common-controls_6595b64144ccf1df_6.0.18362.1556_none_9e7e372fe45e41d5\COMCTL32.dll
0x00007ff877f50000 - 0x00007ff878286000 	C:\Windows\System32\combase.dll
0x00007ff877920000 - 0x00007ff8779a1000 	C:\Windows\System32\bcryptPrimitives.dll
0x00007ff879620000 - 0x00007ff87964e000 	C:\Windows\System32\IMM32.DLL
0x00007ff834d60000 - 0x00007ff834e4f000 	C:\Users\1zaia\.jdks\corretto-1.8.0_292\jre\bin\msvcr120.dll
0x00007ff83e7c0000 - 0x00007ff83e866000 	C:\Users\1zaia\.jdks\corretto-1.8.0_292\jre\bin\msvcp120.dll
0x0000000077550000 - 0x0000000077dbe000 	C:\Users\1zaia\.jdks\corretto-1.8.0_292\jre\bin\server\jvm.dll
0x00007ff879580000 - 0x00007ff879588000 	C:\Windows\System32\PSAPI.DLL
0x00007ff872db0000 - 0x00007ff872db9000 	C:\Windows\SYSTEM32\WSOCK32.dll
0x00007ff872c00000 - 0x00007ff872c24000 	C:\Windows\SYSTEM32\WINMM.dll
0x00007ff86fa30000 - 0x00007ff86fa3a000 	C:\Windows\SYSTEM32\VERSION.dll
0x00007ff879590000 - 0x00007ff8795ff000 	C:\Windows\System32\WS2_32.dll
0x00007ff872bd0000 - 0x00007ff872bfd000 	C:\Windows\SYSTEM32\WINMMBASE.dll
0x00007ff8778d0000 - 0x00007ff87791a000 	C:\Windows\System32\cfgmgr32.dll
0x00007ff866cb0000 - 0x00007ff866cbf000 	C:\Users\1zaia\.jdks\corretto-1.8.0_292\jre\bin\verify.dll
0x00007ff861480000 - 0x00007ff8614a9000 	C:\Users\1zaia\.jdks\corretto-1.8.0_292\jre\bin\java.dll
0x00007ff864090000 - 0x00007ff8640c5000 	C:\Users\1zaia\.jdks\corretto-1.8.0_292\jre\bin\jdwp.dll
0x00007ff866760000 - 0x00007ff866768000 	C:\Users\1zaia\.jdks\corretto-1.8.0_292\jre\bin\npt.dll
0x00007ff864060000 - 0x00007ff86408a000 	C:\Users\1zaia\.jdks\corretto-1.8.0_292\jre\bin\instrument.dll
0x00007ff862290000 - 0x00007ff8622a6000 	C:\Users\1zaia\.jdks\corretto-1.8.0_292\jre\bin\zip.dll
0x00007ff878c00000 - 0x00007ff8792e7000 	C:\Windows\System32\SHELL32.dll
0x00007ff879870000 - 0x00007ff879918000 	C:\Windows\System32\shcore.dll
0x00007ff876c80000 - 0x00007ff8773fb000 	C:\Windows\System32\windows.storage.dll
0x00007ff876820000 - 0x00007ff87683e000 	C:\Windows\System32\profapi.dll
0x00007ff876880000 - 0x00007ff8768ca000 	C:\Windows\System32\powrprof.dll
0x00007ff876810000 - 0x00007ff876820000 	C:\Windows\System32\UMPDC.dll
0x00007ff879660000 - 0x00007ff8796b2000 	C:\Windows\System32\shlwapi.dll
0x00007ff876860000 - 0x00007ff876871000 	C:\Windows\System32\kernel.appcore.dll
0x00007ff877880000 - 0x00007ff877897000 	C:\Windows\System32\cryptsp.dll
0x00007ff866740000 - 0x00007ff866749000 	C:\Users\1zaia\.jdks\corretto-1.8.0_292\jre\bin\dt_socket.dll
0x00007ff876050000 - 0x00007ff8760b7000 	C:\Windows\system32\mswsock.dll
0x00007ff866a10000 - 0x00007ff866a1d000 	C:\Users\1zaia\.jdks\corretto-1.8.0_292\jre\bin\management.dll
0x00007ff861be0000 - 0x00007ff861bfa000 	C:\Users\1zaia\.jdks\corretto-1.8.0_292\jre\bin\net.dll
0x00007ff84c0f0000 - 0x00007ff84c106000 	C:\Windows\system32\napinsp.dll
0x00007ff84bf80000 - 0x00007ff84bf9a000 	C:\Windows\system32\pnrpnsp.dll
0x00007ff8742a0000 - 0x00007ff8742bc000 	C:\Windows\system32\NLAapi.dll
0x00007ff875d60000 - 0x00007ff875d9a000 	C:\Windows\SYSTEM32\IPHLPAPI.DLL
0x00007ff875da0000 - 0x00007ff875e6b000 	C:\Windows\SYSTEM32\DNSAPI.dll
0x00007ff879650000 - 0x00007ff879658000 	C:\Windows\System32\NSI.dll
0x00007ff84c0e0000 - 0x00007ff84c0ee000 	C:\Windows\System32\winrnr.dll
0x00000000543d0000 - 0x00000000543f6000 	C:\Program Files\Bonjour\mdnsNSP.dll
0x00007ff8724f0000 - 0x00007ff872505000 	C:\Windows\system32\wshbth.dll
0x00007ff870c50000 - 0x00007ff870c5a000 	C:\Windows\System32\rasadhlp.dll
0x00007ff86f560000 - 0x00007ff86f5d7000 	C:\Windows\System32\fwpuclnt.dll
0x00007ff8776f0000 - 0x00007ff877716000 	C:\Windows\System32\bcrypt.dll
0x00007ff860be0000 - 0x00007ff860bf2000 	C:\Users\1zaia\.jdks\corretto-1.8.0_292\jre\bin\nio.dll
0x00007ff85c140000 - 0x00007ff85c163000 	C:\Users\1zaia\.jdks\corretto-1.8.0_292\jre\bin\sunec.dll
0x00007ff875bd0000 - 0x00007ff875c03000 	C:\Windows\system32\rsaenh.dll
0x00007ff876700000 - 0x00007ff876725000 	C:\Windows\SYSTEM32\USERENV.dll
0x00007ff876220000 - 0x00007ff87622c000 	C:\Windows\SYSTEM32\CRYPTBASE.dll
0x00007ff870200000 - 0x00007ff870216000 	C:\Windows\SYSTEM32\dhcpcsvc6.DLL
0x00007ff86f910000 - 0x00007ff86f92c000 	C:\Windows\SYSTEM32\dhcpcsvc.DLL
0x00007ff862d00000 - 0x00007ff862d72000 	C:\Users\1zaia\AppData\Local\Temp\lwjgl1zaia\3.2.2-build-10\lwjgl.dll
0x00007ff837550000 - 0x00007ff8377a1000 	C:\Users\1zaia\AppData\Local\Temp\lwjgl1zaia\3.2.2-build-10\jemalloc.dll
0x00007ff862910000 - 0x00007ff86296e000 	C:\Users\1zaia\AppData\Local\Temp\lwjgl1zaia\3.2.2-build-10\glfw.dll
0x00007ff874ab0000 - 0x00007ff874b49000 	C:\Windows\system32\uxtheme.dll
0x00007ff81d150000 - 0x00007ff81d193000 	C:\Windows\SYSTEM32\dinput8.dll
0x00007ff868240000 - 0x00007ff868251000 	C:\Windows\SYSTEM32\xinput1_4.dll
0x00007ff876600000 - 0x00007ff87662a000 	C:\Windows\SYSTEM32\DEVOBJ.dll
0x00007ff874f70000 - 0x00007ff874f9d000 	C:\Windows\SYSTEM32\dwmapi.dll
0x00007ff866210000 - 0x00007ff86632b000 	C:\Windows\SYSTEM32\inputhost.dll
0x00007ff874770000 - 0x00007ff874844000 	C:\Windows\SYSTEM32\CoreMessaging.dll
0x00007ff873160000 - 0x00007ff87324f000 	C:\Windows\SYSTEM32\PROPSYS.dll
0x00007ff8725f0000 - 0x00007ff872742000 	C:\Windows\SYSTEM32\wintypes.dll
0x00007ff870ed0000 - 0x00007ff8711fa000 	C:\Windows\SYSTEM32\CoreUIComponents.dll
0x00007ff8792f0000 - 0x00007ff8793b5000 	C:\Windows\System32\OLEAUT32.dll
0x00007ff875850000 - 0x00007ff875881000 	C:\Windows\SYSTEM32\ntmarta.dll
0x00007ff879440000 - 0x00007ff879575000 	C:\Windows\System32\MSCTF.dll
0x00007ff8753f0000 - 0x00007ff8753fe000 	C:\Windows\SYSTEM32\HID.DLL
0x00007ff878730000 - 0x00007ff878ba0000 	C:\Windows\System32\SETUPAPI.DLL
0x00007ff8779b0000 - 0x00007ff877a0c000 	C:\Windows\System32\WINTRUST.dll
0x00007ff876840000 - 0x00007ff876852000 	C:\Windows\System32\MSASN1.dll
0x00007ff877720000 - 0x00007ff877871000 	C:\Windows\System32\CRYPT32.dll
0x00007ff834720000 - 0x00007ff834876000 	C:\Windows\SYSTEM32\opengl32.dll
0x00007ff862790000 - 0x00007ff8627bc000 	C:\Windows\SYSTEM32\GLU32.dll
0x00007ff875450000 - 0x00007ff875470000 	C:\Windows\SYSTEM32\dxcore.dll
0x00007ffff4f70000 - 0x00007ffff794e000 	C:\Windows\System32\DriverStore\FileRepository\nvhdci.inf_amd64_5b345abba51a5621\nvoglv64.dll
0x00007ff878530000 - 0x00007ff878687000 	C:\Windows\System32\ole32.dll
0x00007ff872300000 - 0x00007ff872313000 	C:\Windows\SYSTEM32\WTSAPI32.dll
0x00007ff86e6b0000 - 0x00007ff86e6df000 	C:\Windows\SYSTEM32\cryptnet.dll
0x00007ff84b610000 - 0x00007ff84b8d3000 	C:\Windows\system32\nvspcap64.dll
0x00007ff8758c0000 - 0x00007ff875916000 	C:\Windows\SYSTEM32\WINSTA.dll
0x00007ff861790000 - 0x00007ff86180f000 	C:\Users\1zaia\AppData\Local\Temp\lwjgl1zaia\3.2.2-build-10\lwjgl_stb.dll
0x00007ff8702d0000 - 0x00007ff87037e000 	C:\Windows\SYSTEM32\mscms.dll
0x00007ff871e20000 - 0x00007ff871e37000 	C:\Windows\SYSTEM32\ColorAdapterClient.dll
0x00007ff81d600000 - 0x00007ff81d643000 	C:\Windows\SYSTEM32\icm32.dll
0x00007ff868350000 - 0x00007ff8683eb000 	C:\Windows\System32\TextInputFramework.dll
0x00007ff866330000 - 0x00007ff8665d7000 	C:\Windows\System32\iertutil.dll
0x00007ff877b30000 - 0x00007ff877bd2000 	C:\Windows\System32\clbcatq.dll
0x00007ff86c010000 - 0x00007ff86c03a000 	C:\Windows\System32\Speech\SpeechUX\SpTip.dll
0x00007ff861730000 - 0x00007ff861788000 	C:\Users\1zaia\AppData\Local\Temp\lwjgl1zaia\3.2.2-build-10\lwjgl_opengl.dll
0x00007ff81caa0000 - 0x00007ff81cb29000 	D:\Overwolf\0.173.0.16\OWExplorer.dll
0x00007ff866730000 - 0x00007ff86673c000 	C:\Users\1zaia\.jdks\corretto-1.8.0_292\jre\bin\sunmscapi.dll
0x00007ff876330000 - 0x00007ff876356000 	C:\Windows\SYSTEM32\ncrypt.dll
0x00007ff8762f0000 - 0x00007ff87632b000 	C:\Windows\SYSTEM32\NTASN1.dll
0x00007ff8645b0000 - 0x00007ff864787000 	C:\Windows\system32\urlmon.dll
0x00007ff8616e0000 - 0x00007ff861722000 	C:\Users\1zaia\AppData\Local\Temp\jna-48983600\jna5707191904515735392.dll
0x00007ff862ee0000 - 0x00007ff862efa000 	C:\Users\1zaia\OneDrive\Documents\GitHub\MoreTimeCapsules-1.16\build\natives\SAPIWrapper_x64.dll
0x00007ff81d7e0000 - 0x00007ff81d960000 	C:\Windows\System32\Speech\Common\sapi.dll
0x00007ff868470000 - 0x00007ff86847b000 	C:\Windows\SYSTEM32\msdmo.dll
0x00007ff843c90000 - 0x00007ff843cac000 	C:\Windows\SYSTEM32\MSACM32.dll
0x00007ff870d60000 - 0x00007ff870dd2000 	C:\Windows\System32\MMDevApi.dll

VM Arguments:
jvm_args: -agentlib:jdwp=transport=dt_socket,address=127.0.0.1:50125,suspend=y,server=n -Dforge.logging.console.level=debug -Dforge.logging.markers=SCAN,REGISTRIES,REGISTRYDUMP -XX:HeapDumpPath=MojangTricksIntelDriversForPerformance_javaw.exe_minecraft.exe.heapdump -Dos.name=Windows 10 -Dos.version=10.0 -javaagent:C:\Users\1zaia\AppData\Local\JetBrains\IdeaIC2020.3\groovyHotSwap\gragent.jar -javaagent:C:\Users\1zaia\AppData\Local\JetBrains\IdeaIC2020.3\captureAgent\debugger-agent.jar -Dfile.encoding=UTF-8 
java_command: net.minecraftforge.userdev.LaunchTesting
java_class_path (initial): C:\Users\1zaia\.jdks\corretto-1.8.0_292\jre\lib\charsets.jar;C:\Users\1zaia\.jdks\corretto-1.8.0_292\jre\lib\ext\access-bridge-64.jar;C:\Users\1zaia\.jdks\corretto-1.8.0_292\jre\lib\ext\cldrdata.jar;C:\Users\1zaia\.jdks\corretto-1.8.0_292\jre\lib\ext\dnsns.jar;C:\Users\1zaia\.jdks\corretto-1.8.0_292\jre\lib\ext\jaccess.jar;C:\Users\1zaia\.jdks\corretto-1.8.0_292\jre\lib\ext\jfxrt.jar;C:\Users\1zaia\.jdks\corretto-1.8.0_292\jre\lib\ext\localedata.jar;C:\Users\1zaia\.jdks\corretto-1.8.0_292\jre\lib\ext\nashorn.jar;C:\Users\1zaia\.jdks\corretto-1.8.0_292\jre\lib\ext\sunec.jar;C:\Users\1zaia\.jdks\corretto-1.8.0_292\jre\lib\ext\sunjce_provider.jar;C:\Users\1zaia\.jdks\corretto-1.8.0_292\jre\lib\ext\sunmscapi.jar;C:\Users\1zaia\.jdks\corretto-1.8.0_292\jre\lib\ext\sunpkcs11.jar;C:\Users\1zaia\.jdks\corretto-1.8.0_292\jre\lib\ext\zipfs.jar;C:\Users\1zaia\.jdks\corretto-1.8.0_292\jre\lib\jce.jar;C:\Users\1zaia\.jdks\corretto-1.8.0_292\jre\lib\jfr.jar;C:\Users\1zaia\.jdks\corretto-1.8.0_292\jre\lib\jfxswt.jar;C:\Users\1zaia\.jdks\corretto-1.8.0_292\jre\lib\jsse.jar;C:\Users\1zaia\.jdks\corretto-1.8.0_292\jre\lib\management-agent.jar;C:\Users\1zaia\.jdks\corretto-1.8.0_292\jre\lib\resources.jar;C:\Users\1zaia\.jdks\corretto-1.8.0_292\jre\lib\rt.jar;C:\Users\1zaia\OneDrive\Documents\GitHub\MoreTimeCapsules-1.16\build\classes\java\main;C:\Users\1zaia\OneDrive\Documents\GitHub\MoreTimeCapsules-1.16\build\resources\main;C:\Users\1zaia\.gradle\caches\forge_gradle\deobf_dependencies\com\gitlab\Spectre0987\TardisMod-1-14\1.16-SNAPSHOT_mapped_snapshot_20201028-1.16.3\TardisMod-1-14-1.16-SNAPSHOT_mapped_snapshot_20201028-1.16.3.jar;C:\Users\1zaia\.gradle\caches\forge_gradle\minecraft_user_repo\net\minecraftforge\forge\1.16.5-36.1.32_mapped_snapshot_20201028-1.16.3\forge-1.16.5-36.1.32_mapped_snapshot_20201028-1.16.3-recomp.jar;C:\Users\1zaia\.gradle\caches\forge_gradle\minecraft_user_repo\net\minecraftforge\forge\1.16.5-36.1.32_mapped_snapshot_20201028-1.
Launcher Type: SUN_STANDARD

Environment Variables:
JAVA_HOME=C:\Program Files\AdoptOpenJDK\jdk-8.0.282.8-hotspot
PATH=C:\Program Files (x86)\Common Files\Oracle\Java\javapath;C:\Program Files (x86)\Razer Chroma SDK\bin;C:\Program Files\Razer Chroma SDK\bin;C:\Program Files (x86)\Common Files\Intel\Shared Libraries\redist\intel64_win\compiler;C:\Program Files (x86)\Razer\ChromaBroadcast\bin;C:\Program Files\Razer\ChromaBroadcast\bin;C:\windows\system32;C:\windows;C:\windows\System32\Wbem;C:\windows\System32\WindowsPowerShell\v1.0\;C:\windows\System32\OpenSSH\;C:\Program Files (x86)\Intel\Intel(R) Management Engine Components\DAL;C:\Program Files\Intel\Intel(R) Management Engine Components\DAL;C:\Program Files (x86)\Intel\Intel(R) Management Engine Components\IPT;C:\Program Files\Intel\Intel(R) Management Engine Components\IPT;C:\Windows\system32;C:\Windows;C:\Windows\System32\Wbem;C:\Windows\System32\WindowsPowerShell\v1.0\;C:\Windows\System32\OpenSSH\;C:\Windows\system32\config\systemprofile\AppData\Local\Microsoft\WindowsApps;D:\Program Files\nodejs\;C:\Program Files (x86)\NVIDIA Corporation\PhysX\Common;C:\Program Files\NVIDIA Corporation\NVIDIA NvDLISR;C:\Program Files\remoteit\resources\x64;C:\Program Files\Git\cmd;C:\Users\1zaia\AppData\Local\Microsoft\WindowsApps;C:\Users\1zaia\AppData\Roaming\npm;D:\Users\1zaia\AppData\Local\Programs\Microsoft VS Code\bin;C:\Users\1zaia\spicetify-cli;D:\Program Files\JetBrains\IntelliJ IDEA Community Edition 2020.3.3\bin;;C:\Users\1zaia\AppData\Local\GitHubDesktop\bin
USERNAME=1zaia
OS=Windows_NT
PROCESSOR_IDENTIFIER=Intel64 Family 6 Model 158 Stepping 10, GenuineIntel



---------------  S Y S T E M  ---------------

OS: Windows 10.0 , 64 bit Build 18362 (10.0.18362.1500)

CPU:total 12 (initial active 12) (6 cores per cpu, 2 threads per core) family 6 model 158 stepping 10, cmov, cx8, fxsr, mmx, sse, sse2, sse3, ssse3, sse4.1, sse4.2, popcnt, avx, avx2, aes, clmul, erms, rtm, 3dnowpref, lzcnt, ht, tsc, tscinvbit, bmi1, bmi2, adx

Memory: 4k page, physical 33443044k(15478032k free), swap 135843044k(6096k free)

vm_info: OpenJDK 64-Bit Server VM (25.292-b10) for windows-amd64 JRE (1.8.0_292-b10), built on Apr 14 2021 23:06:53 by "Administrator" with MS VC++ 12.0 (VS2013)

time: Fri Jul 02 02:02:19 2021
timezone: Arab Standard Time
elapsed time: 22.079667 seconds (0d 0h 0m 22s)

