#
# There is insufficient memory for the Java Runtime Environment to continue.
# Native memory allocation (malloc) failed to allocate 1609136 bytes for Chunk::new
# Possible reasons:
#   The system is out of physical RAM or swap space
#   The process is running with CompressedOops enabled, and the Java Heap may be blocking the growth of the native heap
# Possible solutions:
#   Reduce memory load on the system
#   Increase physical memory or swap space
#   Check if swap backing store is full
#   Decrease Java heap size (-Xmx/-Xms)
#   Decrease number of Java threads
#   Decrease Java thread stack sizes (-Xss)
#   Set larger code cache with -XX:ReservedCodeCacheSize=
#   JVM is running with Zero Based Compressed Oops mode in which the Java heap is
#     placed in the first 32GB address space. The Java Heap base address is the
#     maximum limit for the native heap growth. Please use -XX:HeapBaseMinAddress
#     to set the Java Heap base and to place the Java Heap above 32GB virtual address.
# This output file may be truncated or incomplete.
#
#  Out of Memory Error (allocation.cpp:389), pid=48140, tid=0x000000000000f818
#
# JRE version: OpenJDK Runtime Environment (8.0_292-b10) (build 1.8.0_292-b10)
# Java VM: OpenJDK 64-Bit Server VM (25.292-b10 mixed mode windows-amd64 compressed oops)
# Failed to write core dump. Minidumps are not enabled by default on client versions of Windows
#

---------------  T H R E A D  ---------------

Current thread (0x0000026840e6f800):  JavaThread "C2 CompilerThread2" daemon [_thread_in_native, id=63512, stack(0x000000be0bd00000,0x000000be0be00000)]

Stack: [0x000000be0bd00000,0x000000be0be00000]
[error occurred during error reporting (printing stack bounds), id 0xc0000005]

Native frames: (J=compiled Java code, j=interpreted, Vv=VM code, C=native code)


Current CompileTask:
C2:  58044 24693       4       net.minecraft.client.renderer.BlockModelRenderer::renderModelSmooth (202 bytes)


---------------  P R O C E S S  ---------------

Java Threads: ( => current thread )
  0x000002685126b000 JavaThread "IO-Worker-24" [_thread_blocked, id=43996, stack(0x000000be0f500000,0x000000be0f600000)]
  0x0000026851263000 JavaThread "IO-Worker-23" [_thread_blocked, id=67532, stack(0x000000be0e900000,0x000000be0ea00000)]
  0x0000026851260000 JavaThread "Worker-Main-22" daemon [_thread_in_Java, id=12976, stack(0x000000be0cf00000,0x000000be0d000000)]
  0x0000026851267000 JavaThread "Sound engine" daemon [_thread_blocked, id=39428, stack(0x000000be0f400000,0x000000be0f500000)]
  0x0000026851262800 JavaThread "Netty Server IO #1" daemon [_thread_in_native, id=40188, stack(0x000000be0f300000,0x000000be0f400000)]
  0x000002685125f000 JavaThread "Netty Local Client IO #0" daemon [_thread_blocked, id=56496, stack(0x000000be0f200000,0x000000be0f300000)]
  0x0000026851266800 JavaThread "Keep-Alive-Timer" daemon [_thread_blocked, id=56304, stack(0x000000be0f100000,0x000000be0f200000)]
  0x0000026851265800 JavaThread "Worker-Main-21" daemon [_thread_in_Java, id=54752, stack(0x000000be0e600000,0x000000be0e700000)]
  0x000002685125d800 JavaThread "Netty Server IO #0" daemon [_thread_in_native, id=36576, stack(0x000000be0f000000,0x000000be0f100000)]
  0x0000026851264800 JavaThread "ObjectCleanerThread" daemon [_thread_blocked, id=60872, stack(0x000000be0ef00000,0x000000be0f000000)]
  0x0000026851264000 JavaThread "Java2D Disposer" daemon [_thread_blocked, id=63168, stack(0x000000be0e700000,0x000000be0e800000)]
  0x0000026851261800 JavaThread "IO-Worker-20" [_thread_blocked, id=47312, stack(0x000000be0e500000,0x000000be0e600000)]
  0x000002685125e800 JavaThread "IO-Worker-19" [_thread_blocked, id=66168, stack(0x000000be0e400000,0x000000be0e500000)]
  0x000002684d1bb000 JavaThread "Worker-Main-18" daemon [_thread_blocked, id=68768, stack(0x000000be0e200000,0x000000be0e300000)]
  0x000002684d1b9800 JavaThread "Thread-11" daemon [_thread_in_native, id=54404, stack(0x000000be0dc00000,0x000000be0dd00000)]
  0x0000026852b7f000 JavaThread "Server thread" [_thread_blocked, id=68356, stack(0x000000be0d700000,0x000000be0d800000)]
  0x0000026852b7c000 JavaThread "Snooper Timer" daemon [_thread_blocked, id=63000, stack(0x000000be0d300000,0x000000be0d400000)]
  0x0000026852b7c800 JavaThread "Worker-Main-17" daemon [_thread_blocked, id=50904, stack(0x000000be0d200000,0x000000be0d300000)]
  0x000002684d1ba000 JavaThread "Worker-Main-16" daemon [_thread_blocked, id=52564, stack(0x000000be0d600000,0x000000be0d700000)]
  0x0000026852b84800 JavaThread "ForkJoinPool.commonPool-worker-2" daemon [_thread_blocked, id=42584, stack(0x000000be0cd00000,0x000000be0ce00000)]
  0x0000026852b87800 JavaThread "Worker-Main-14" daemon [_thread_blocked, id=19360, stack(0x000000be0ea00000,0x000000be0eb00000)]
  0x0000026852b86000 JavaThread "Worker-Main-12" daemon [_thread_in_Java, id=66596, stack(0x000000be0e800000,0x000000be0e900000)]
  0x0000026852b84000 JavaThread "Narrator" [_thread_blocked, id=56716, stack(0x000000be0e300000,0x000000be0e400000)]
  0x0000026852b82000 JavaThread "modloading-worker-1" daemon [_thread_blocked, id=65700, stack(0x000000be0e100000,0x000000be0e200000)]
  0x0000026852b83000 JavaThread "modloading-worker-8" daemon [_thread_blocked, id=63124, stack(0x000000be0e000000,0x000000be0e100000)]
  0x0000026852b7e800 JavaThread "modloading-worker-15" daemon [_thread_blocked, id=70612, stack(0x000000be0df00000,0x000000be0e000000)]
  0x0000026852b81800 JavaThread "modloading-worker-6" daemon [_thread_blocked, id=64824, stack(0x000000be0de00000,0x000000be0df00000)]
  0x0000026852b80800 JavaThread "modloading-worker-13" daemon [_thread_blocked, id=41640, stack(0x000000be0dd00000,0x000000be0de00000)]
  0x0000026852b79000 JavaThread "modloading-worker-11" daemon [_thread_blocked, id=68612, stack(0x000000be0ce00000,0x000000be0cf00000)]
  0x0000026852b80000 JavaThread "modloading-worker-9" daemon [_thread_blocked, id=59196, stack(0x000000be0cc00000,0x000000be0cd00000)]
  0x0000026852b7a800 JavaThread "Snooper Timer" daemon [_thread_blocked, id=38188, stack(0x000000be0d800000,0x000000be0d900000)]
  0x000002684d1b8800 JavaThread "Timer hack thread" daemon [_thread_blocked, id=51400, stack(0x000000be0d000000,0x000000be0d100000)]
  0x000002684d1be000 JavaThread "Worker-Bootstrap-5" daemon [_thread_blocked, id=69172, stack(0x000000be0d500000,0x000000be0d600000)]
  0x000002684d1bd800 JavaThread "Worker-Bootstrap-1" daemon [_thread_blocked, id=53376, stack(0x000000be0d100000,0x000000be0d200000)]
  0x0000026842232000 JavaThread "Thread-2" daemon [_thread_in_native, id=69308, stack(0x000000be0c300000,0x000000be0c400000)]
  0x0000026842482800 JavaThread "Thread-1" daemon [_thread_blocked, id=64112, stack(0x000000be0c200000,0x000000be0c300000)]
  0x0000026840f0d800 JavaThread "Service Thread" daemon [_thread_blocked, id=4144, stack(0x000000be0bf00000,0x000000be0c000000)]
  0x0000026840e73800 JavaThread "C1 CompilerThread3" daemon [_thread_blocked, id=62648, stack(0x000000be0be00000,0x000000be0bf00000)]
=>0x0000026840e6f800 JavaThread "C2 CompilerThread2" daemon [_thread_in_native, id=63512, stack(0x000000be0bd00000,0x000000be0be00000)]
  0x0000026840e6e800 JavaThread "C2 CompilerThread1" daemon [_thread_in_native, id=57824, stack(0x000000be0bc00000,0x000000be0bd00000)]
  0x0000026840e6d800 JavaThread "C2 CompilerThread0" daemon [_thread_in_native, id=68896, stack(0x000000be0bb00000,0x000000be0bc00000)]
  0x000002684097f000 JavaThread "JDWP Command Reader" daemon [_thread_in_native, id=68920, stack(0x000000be0ba00000,0x000000be0bb00000)]
  0x0000026840976000 JavaThread "JDWP Event Helper Thread" daemon [_thread_blocked, id=70504, stack(0x000000be0b900000,0x000000be0ba00000)]
  0x000002683e61e800 JavaThread "JDWP Transport Listener: dt_socket" daemon [_thread_blocked, id=68300, stack(0x000000be0b800000,0x000000be0b900000)]
  0x000002683e614800 JavaThread "Attach Listener" daemon [_thread_blocked, id=69568, stack(0x000000be0b700000,0x000000be0b800000)]
  0x000002683e614000 JavaThread "Signal Dispatcher" daemon [_thread_blocked, id=68632, stack(0x000000be0b600000,0x000000be0b700000)]
  0x000002681a2c9000 JavaThread "Finalizer" daemon [_thread_blocked, id=70236, stack(0x000000be0b500000,0x000000be0b600000)]
  0x000002681a2c2000 JavaThread "Reference Handler" daemon [_thread_blocked, id=49552, stack(0x000000be0b400000,0x000000be0b500000)]
  0x000002681a229800 JavaThread "Render thread" [_thread_in_Java, id=69256, stack(0x000000be0a800000,0x000000be0a900000)]

Other Threads:
  0x000002683e5d2000 VMThread [stack: 0x000000be0b300000,0x000000be0b400000] [id=69444]
  0x0000026840f14800 WatcherThread [stack: 0x000000be0c000000,0x000000be0c100000] [id=61292]

VM state:not at safepoint (normal execution)

VM Mutex/Monitor currently owned by a thread: None

OutOfMemory and StackOverflow Exception counts:
OutOfMemoryError java_heap_errors=1

heap address: 0x00000005c1a00000, size: 8166 MB, Compressed Oops mode: Zero based, Oop shift amount: 3
Narrow klass base: 0x0000000000000000, Narrow klass shift: 3
Compressed class space size: 1073741824 Address: 0x00000007c0000000

Heap:
 PSYoungGen      total 2668032K, used 1625855K [0x0000000715e00000, 0x00000007c0000000, 0x00000007c0000000)
  eden space 2564096K, 63% used [0x0000000715e00000,0x00000007791bff00,0x00000007b2600000)
  from space 103936K, 0% used [0x00000007b9a80000,0x00000007b9a80000,0x00000007c0000000)
  to   space 111616K, 0% used [0x00000007b2600000,0x00000007b2600000,0x00000007b9300000)
 ParOldGen       total 838656K, used 404121K [0x00000005c1a00000, 0x00000005f4d00000, 0x0000000715e00000)
  object space 838656K, 48% used [0x00000005c1a00000,0x00000005da4a65a8,0x00000005f4d00000)
 Metaspace       used 113326K, capacity 128878K, committed 129176K, reserved 1157120K
  class space    used 16568K, capacity 20541K, committed 20648K, reserved 1048576K

Card table byte_map: [0x000002682aed0000,0x000002682bed0000] byte_map_base: 0x00000268280c3000

Marking Bits: (ParMarkBitMap*) 0x0000000077d3f7f0
 Begin Bits: [0x000002682c980000, 0x0000026834918000)
 End Bits:   [0x0000026834918000, 0x000002683c8b0000)

Polling page: 0x000002681a1d0000

CodeCache: size=245760Kb used=61264Kb max_used=61264Kb free=184495Kb
 bounds [0x000002681bb10000, 0x000002681f730000, 0x000002682ab10000]
 total_blobs=19865 nmethods=18015 adapters=1766
 compilation: enabled

Compilation events (10 events):
Event: 58.023 Thread 0x0000026840e73800 24710       2       org.lwjgl.openal.ALC::check (16 bytes)
Event: 58.023 Thread 0x0000026840e73800 nmethod 24710 0x000002681f721610 code [0x000002681f721780, 0x000002681f721970]
Event: 58.024 Thread 0x0000026840e73800 24711 % !   3       com.electronwill.nightconfig.core.file.FileWatcher$WatcherThread::run @ 30 (352 bytes)
Event: 58.026 Thread 0x0000026840e73800 nmethod 24711% 0x000002681f721a50 code [0x000002681f721f40, 0x000002681f724f10]
Event: 58.029 Thread 0x0000026840e73800 24712       1       net.minecraft.client.renderer.chunk.ChunkRenderDispatcher::getRenderPosition (5 bytes)
Event: 58.029 Thread 0x0000026840e73800 nmethod 24712 0x000002681f726f10 code [0x000002681f727060, 0x000002681f727178]
Event: 58.030 Thread 0x0000026840e73800 24713       2       net.minecraft.server.MinecraftServer::getWorld (14 bytes)
Event: 58.031 Thread 0x0000026840e73800 nmethod 24713 0x000002681f7271d0 code [0x000002681f727340, 0x000002681f727510]
Event: 58.031 Thread 0x0000026840e73800 24714       2       net.minecraft.stats.Stat::equals (35 bytes)
Event: 58.031 Thread 0x0000026840e73800 nmethod 24714 0x000002681f7275d0 code [0x000002681f727740, 0x000002681f7279d0]

GC Heap History (10 events):
Event: 29.119 GC heap before
{Heap before GC invocations=49 (full 3):
 PSYoungGen      total 2686976K, used 665545K [0x0000000715e00000, 0x00000007c0000000, 0x00000007c0000000)
  eden space 2612224K, 22% used [0x0000000715e00000,0x0000000739ef96f0,0x00000007b5500000)
  from space 74752K, 99% used [0x00000007b5500000,0x00000007b9df8eb8,0x00000007b9e00000)
  to   space 94720K, 0% used [0x00000007ba380000,0x00000007ba380000,0x00000007c0000000)
 ParOldGen       total 521216K, used 236624K [0x00000005c1a00000, 0x00000005e1700000, 0x0000000715e00000)
  object space 521216K, 45% used [0x00000005c1a00000,0x00000005d01142b8,0x00000005e1700000)
 Metaspace       used 89268K, capacity 98578K, committed 98600K, reserved 1132544K
  class space    used 13193K, capacity 16018K, committed 16040K, reserved 1048576K
Event: 29.157 GC heap after
Heap after GC invocations=49 (full 3):
 PSYoungGen      total 2672128K, used 87869K [0x0000000715e00000, 0x00000007c0000000, 0x00000007c0000000)
  eden space 2577408K, 0% used [0x0000000715e00000,0x0000000715e00000,0x00000007b3300000)
  from space 94720K, 92% used [0x00000007ba380000,0x00000007bf94f7a8,0x00000007c0000000)
  to   space 104960K, 0% used [0x00000007b3300000,0x00000007b3300000,0x00000007b9980000)
 ParOldGen       total 521216K, used 261205K [0x00000005c1a00000, 0x00000005e1700000, 0x0000000715e00000)
  object space 521216K, 50% used [0x00000005c1a00000,0x00000005d19157e8,0x00000005e1700000)
 Metaspace       used 89268K, capacity 98578K, committed 98600K, reserved 1132544K
  class space    used 13193K, capacity 16018K, committed 16040K, reserved 1048576K
}
Event: 29.157 GC heap before
{Heap before GC invocations=50 (full 4):
 PSYoungGen      total 2672128K, used 87869K [0x0000000715e00000, 0x00000007c0000000, 0x00000007c0000000)
  eden space 2577408K, 0% used [0x0000000715e00000,0x0000000715e00000,0x00000007b3300000)
  from space 94720K, 92% used [0x00000007ba380000,0x00000007bf94f7a8,0x00000007c0000000)
  to   space 104960K, 0% used [0x00000007b3300000,0x00000007b3300000,0x00000007b9980000)
 ParOldGen       total 521216K, used 261205K [0x00000005c1a00000, 0x00000005e1700000, 0x0000000715e00000)
  object space 521216K, 50% used [0x00000005c1a00000,0x00000005d19157e8,0x00000005e1700000)
 Metaspace       used 89268K, capacity 98578K, committed 98600K, reserved 1132544K
  class space    used 13193K, capacity 16018K, committed 16040K, reserved 1048576K
Event: 29.727 GC heap after
Heap after GC invocations=50 (full 4):
 PSYoungGen      total 2672128K, used 0K [0x0000000715e00000, 0x00000007c0000000, 0x00000007c0000000)
  eden space 2577408K, 0% used [0x0000000715e00000,0x0000000715e00000,0x00000007b3300000)
  from space 94720K, 0% used [0x00000007ba380000,0x00000007ba380000,0x00000007c0000000)
  to   space 104960K, 0% used [0x00000007b3300000,0x00000007b3300000,0x00000007b9980000)
 ParOldGen       total 838656K, used 337416K [0x00000005c1a00000, 0x00000005f4d00000, 0x0000000715e00000)
  object space 838656K, 40% used [0x00000005c1a00000,0x00000005d63822d8,0x00000005f4d00000)
 Metaspace       used 89260K, capacity 98560K, committed 98600K, reserved 1132544K
  class space    used 13190K, capacity 16013K, committed 16040K, reserved 1048576K
}
Event: 43.104 GC heap before
{Heap before GC invocations=51 (full 4):
 PSYoungGen      total 2672128K, used 2577408K [0x0000000715e00000, 0x00000007c0000000, 0x00000007c0000000)
  eden space 2577408K, 100% used [0x0000000715e00000,0x00000007b3300000,0x00000007b3300000)
  from space 94720K, 0% used [0x00000007ba380000,0x00000007ba380000,0x00000007c0000000)
  to   space 104960K, 0% used [0x00000007b3300000,0x00000007b3300000,0x00000007b9980000)
 ParOldGen       total 838656K, used 337416K [0x00000005c1a00000, 0x00000005f4d00000, 0x0000000715e00000)
  object space 838656K, 40% used [0x00000005c1a00000,0x00000005d63822d8,0x00000005f4d00000)
 Metaspace       used 96525K, capacity 108612K, committed 108696K, reserved 1140736K
  class space    used 14402K, capacity 17775K, committed 17832K, reserved 1048576K
Event: 43.117 GC heap after
Heap after GC invocations=51 (full 4):
 PSYoungGen      total 2682368K, used 24487K [0x0000000715e00000, 0x00000007c0000000, 0x00000007c0000000)
  eden space 2577408K, 0% used [0x0000000715e00000,0x0000000715e00000,0x00000007b3300000)
  from space 104960K, 23% used [0x00000007b3300000,0x00000007b4ae9dd8,0x00000007b9980000)
  to   space 103936K, 0% used [0x00000007b9a80000,0x00000007b9a80000,0x00000007c0000000)
 ParOldGen       total 838656K, used 337432K [0x00000005c1a00000, 0x00000005f4d00000, 0x0000000715e00000)
  object space 838656K, 40% used [0x00000005c1a00000,0x00000005d63862d8,0x00000005f4d00000)
 Metaspace       used 96525K, capacity 108612K, committed 108696K, reserved 1140736K
  class space    used 14402K, capacity 17775K, committed 17832K, reserved 1048576K
}
Event: 53.532 GC heap before
{Heap before GC invocations=52 (full 4):
 PSYoungGen      total 2682368K, used 2529034K [0x0000000715e00000, 0x00000007c0000000, 0x00000007c0000000)
  eden space 2577408K, 97% used [0x0000000715e00000,0x00000007aebd8d48,0x00000007b3300000)
  from space 104960K, 23% used [0x00000007b3300000,0x00000007b4ae9dd8,0x00000007b9980000)
  to   space 103936K, 0% used [0x00000007b9a80000,0x00000007b9a80000,0x00000007c0000000)
 ParOldGen       total 838656K, used 337432K [0x00000005c1a00000, 0x00000005f4d00000, 0x0000000715e00000)
  object space 838656K, 40% used [0x00000005c1a00000,0x00000005d63862d8,0x00000005f4d00000)
 Metaspace       used 108933K, capacity 123372K, committed 123544K, reserved 1153024K
  class space    used 16022K, capacity 19782K, committed 19880K, reserved 1048576K
Event: 53.556 GC heap after
Heap after GC invocations=52 (full 4):
 PSYoungGen      total 2668032K, used 83921K [0x0000000715e00000, 0x00000007c0000000, 0x00000007c0000000)
  eden space 2564096K, 0% used [0x0000000715e00000,0x0000000715e00000,0x00000007b2600000)
  from space 103936K, 80% used [0x00000007b9a80000,0x00000007bec74778,0x00000007c0000000)
  to   space 111616K, 0% used [0x00000007b2600000,0x00000007b2600000,0x00000007b9300000)
 ParOldGen       total 838656K, used 337456K [0x00000005c1a00000, 0x00000005f4d00000, 0x0000000715e00000)
  object space 838656K, 40% used [0x00000005c1a00000,0x00000005d638c2d8,0x00000005f4d00000)
 Metaspace       used 108933K, capacity 123372K, committed 123544K, reserved 1153024K
  class space    used 16022K, capacity 19782K, committed 19880K, reserved 1048576K
}
Event: 53.556 GC heap before
{Heap before GC invocations=53 (full 5):
 PSYoungGen      total 2668032K, used 83921K [0x0000000715e00000, 0x00000007c0000000, 0x00000007c0000000)
  eden space 2564096K, 0% used [0x0000000715e00000,0x0000000715e00000,0x00000007b2600000)
  from space 103936K, 80% used [0x00000007b9a80000,0x00000007bec74778,0x00000007c0000000)
  to   space 111616K, 0% used [0x00000007b2600000,0x00000007b2600000,0x00000007b9300000)
 ParOldGen       total 838656K, used 337456K [0x00000005c1a00000, 0x00000005f4d00000, 0x0000000715e00000)
  object space 838656K, 40% used [0x00000005c1a00000,0x00000005d638c2d8,0x00000005f4d00000)
 Metaspace       used 108933K, capacity 123372K, committed 123544K, reserved 1153024K
  class space    used 16022K, capacity 19782K, committed 19880K, reserved 1048576K
Event: 54.690 GC heap after
Heap after GC invocations=53 (full 5):
 PSYoungGen      total 2668032K, used 0K [0x0000000715e00000, 0x00000007c0000000, 0x00000007c0000000)
  eden space 2564096K, 0% used [0x0000000715e00000,0x0000000715e00000,0x00000007b2600000)
  from space 103936K, 0% used [0x00000007b9a80000,0x00000007b9a80000,0x00000007c0000000)
  to   space 111616K, 0% used [0x00000007b2600000,0x00000007b2600000,0x00000007b9300000)
 ParOldGen       total 838656K, used 404121K [0x00000005c1a00000, 0x00000005f4d00000, 0x0000000715e00000)
  object space 838656K, 48% used [0x00000005c1a00000,0x00000005da4a65a8,0x00000005f4d00000)
 Metaspace       used 108927K, capacity 123364K, committed 123544K, reserved 1153024K
  class space    used 16020K, capacity 19778K, committed 19880K, reserved 1048576K
}

Deoptimization events (10 events):
Event: 57.180 Thread 0x0000026852b7f000 Uncommon trap: reason=unstable_if action=reinterpret pc=0x000002681ece8540 method=net.minecraft.pathfinding.GroundPathNavigator.canNavigate()Z @ 14
Event: 57.331 Thread 0x000002681a229800 Uncommon trap: reason=class_check action=maybe_recompile pc=0x000002681f618b74 method=net.minecraftforge.common.ForgeHooks.isLivingOnLadder(Lnet/minecraft/block/BlockState;Lnet/minecraft/world/World;Lnet/minecraft/util/math/BlockPos;Lnet/minecraft/entity/
Event: 57.331 Thread 0x000002681a229800 Uncommon trap: reason=class_check action=maybe_recompile pc=0x000002681f618b74 method=net.minecraftforge.common.ForgeHooks.isLivingOnLadder(Lnet/minecraft/block/BlockState;Lnet/minecraft/world/World;Lnet/minecraft/util/math/BlockPos;Lnet/minecraft/entity/
Event: 57.369 Thread 0x000002681a229800 Uncommon trap: reason=class_check action=maybe_recompile pc=0x000002681f618b74 method=net.minecraftforge.common.ForgeHooks.isLivingOnLadder(Lnet/minecraft/block/BlockState;Lnet/minecraft/world/World;Lnet/minecraft/util/math/BlockPos;Lnet/minecraft/entity/
Event: 57.369 Thread 0x000002681a229800 Uncommon trap: reason=class_check action=maybe_recompile pc=0x000002681f618b74 method=net.minecraftforge.common.ForgeHooks.isLivingOnLadder(Lnet/minecraft/block/BlockState;Lnet/minecraft/world/World;Lnet/minecraft/util/math/BlockPos;Lnet/minecraft/entity/
Event: 57.412 Thread 0x0000026851265800 Uncommon trap: reason=unstable_if action=reinterpret pc=0x000002681f56856c method=net.minecraft.world.gen.layer.MixOceansLayer.apply(Lnet/minecraft/world/gen/INoiseRandom;Lnet/minecraft/world/gen/area/IArea;Lnet/minecraft/world/gen/area/IArea;II)I @ 128
Event: 57.651 Thread 0x000002681a229800 Uncommon trap: reason=unstable_if action=reinterpret pc=0x000002681f6ae84c method=net.minecraft.client.renderer.IRenderTypeBuffer$Impl.getBuffer(Lnet/minecraft/client/renderer/RenderType;)Lcom/mojang/blaze3d/vertex/IVertexBuilder; @ 74
Event: 57.832 Thread 0x0000026852b87800 Uncommon trap: reason=unstable_if action=reinterpret pc=0x000002681f54160c method=net.minecraft.client.renderer.BlockModelRenderer.renderModelSmooth(Lnet/minecraft/world/IBlockDisplayReader;Lnet/minecraft/client/renderer/model/IBakedModel;Lnet/minecraft/b
Event: 57.832 Thread 0x0000026852b87800 Uncommon trap: reason=unstable_if action=reinterpret pc=0x000002681f5d49fc method=net.minecraft.client.renderer.BlockModelRenderer.fillQuadBounds(Lnet/minecraft/world/IBlockDisplayReader;Lnet/minecraft/block/BlockState;Lnet/minecraft/util/math/BlockPos;[I
Event: 57.941 Thread 0x000002681a229800 Uncommon trap: reason=unstable_if action=reinterpret pc=0x000002681d239b70 method=net.minecraft.client.renderer.texture.NativeImage.setWrapST(Z)V @ 9

Classes redefined (0 events):
No events

Internal exceptions (10 events):
Event: 56.491 Thread 0x000002681a229800 Exception <a 'sun/nio/fs/WindowsException'> (0x00000007408ec580) thrown at [C:\wsjdk\Corretto8Src\installers\windows\zip\corretto-build\buildRoot\src\hotspot\src\share\vm\prims\jni.cpp, line 711]
Event: 56.491 Thread 0x000002681a229800 Exception <a 'sun/nio/fs/WindowsException'> (0x00000007408ed2e8) thrown at [C:\wsjdk\Corretto8Src\installers\windows\zip\corretto-build\buildRoot\src\hotspot\src\share\vm\prims\jni.cpp, line 711]
Event: 56.491 Thread 0x000002681a229800 Exception <a 'sun/nio/fs/WindowsException'> (0x00000007408edde0) thrown at [C:\wsjdk\Corretto8Src\installers\windows\zip\corretto-build\buildRoot\src\hotspot\src\share\vm\prims\jni.cpp, line 711]
Event: 56.555 Thread 0x000002681a229800 Implicit null exception at 0x000002681e7e8430 to 0x000002681e7e845d
Event: 56.613 Thread 0x000002681a229800 Exception <a 'sun/nio/fs/WindowsException'> (0x0000000742383010) thrown at [C:\wsjdk\Corretto8Src\installers\windows\zip\corretto-build\buildRoot\src\hotspot\src\share\vm\prims\jni.cpp, line 711]
Event: 56.613 Thread 0x000002681a229800 Exception <a 'sun/nio/fs/WindowsException'> (0x0000000742383a90) thrown at [C:\wsjdk\Corretto8Src\installers\windows\zip\corretto-build\buildRoot\src\hotspot\src\share\vm\prims\jni.cpp, line 711]
Event: 56.613 Thread 0x000002681a229800 Exception <a 'sun/nio/fs/WindowsException'> (0x0000000742384aa8) thrown at [C:\wsjdk\Corretto8Src\installers\windows\zip\corretto-build\buildRoot\src\hotspot\src\share\vm\prims\jni.cpp, line 711]
Event: 56.613 Thread 0x000002681a229800 Exception <a 'sun/nio/fs/WindowsException'> (0x0000000742385540) thrown at [C:\wsjdk\Corretto8Src\installers\windows\zip\corretto-build\buildRoot\src\hotspot\src\share\vm\prims\jni.cpp, line 711]
Event: 56.613 Thread 0x000002681a229800 Exception <a 'sun/nio/fs/WindowsException'> (0x0000000742386290) thrown at [C:\wsjdk\Corretto8Src\installers\windows\zip\corretto-build\buildRoot\src\hotspot\src\share\vm\prims\jni.cpp, line 711]
Event: 56.613 Thread 0x000002681a229800 Exception <a 'sun/nio/fs/WindowsException'> (0x0000000742386d10) thrown at [C:\wsjdk\Corretto8Src\installers\windows\zip\corretto-build\buildRoot\src\hotspot\src\share\vm\prims\jni.cpp, line 711]

Events (10 events):
Event: 58.033 Thread 0x000002681a229800 DEOPT UNPACKING pc=0x000002681bb575d8 sp=0x000000be0a8fc608 mode 0
Event: 58.033 Thread 0x0000026852b87800 DEOPT UNPACKING pc=0x000002681bb575d8 sp=0x000000be0eafde68 mode 0
Event: 58.036 Thread 0x000002681a229800 DEOPT PACKING pc=0x000002681f468c5a sp=0x000000be0a8fc830
Event: 58.036 Thread 0x000002681a229800 DEOPT UNPACKING pc=0x000002681bb575d8 sp=0x000000be0a8fc608 mode 0
Event: 58.038 Thread 0x0000026851260000 DEOPT PACKING pc=0x000002681f468c5a sp=0x000000be0cffe290
Event: 58.038 Thread 0x0000026851260000 DEOPT UNPACKING pc=0x000002681bb575d8 sp=0x000000be0cffe068 mode 0
Event: 58.040 Thread 0x0000026852b86000 DEOPT PACKING pc=0x000002681f468c5a sp=0x000000be0e8fe3e0
Event: 58.040 Thread 0x0000026852b86000 DEOPT UNPACKING pc=0x000002681bb575d8 sp=0x000000be0e8fe1b8 mode 0
Event: 58.043 Thread 0x0000026852b86000 DEOPT PACKING pc=0x000002681f468c5a sp=0x000000be0e8fe3e0
Event: 58.043 Thread 0x0000026852b86000 DEOPT UNPACKING pc=0x000002681bb575d8 sp=0x000000be0e8fe1b8 mode 0


Dynamic libraries:
0x00007ff74e350000 - 0x00007ff74e38a000 	C:\Users\1zaia\.jdks\corretto-1.8.0_292\bin\java.exe
0x00007ff879960000 - 0x00007ff879b50000 	C:\Windows\SYSTEM32\ntdll.dll
0x00007ff878470000 - 0x00007ff878522000 	C:\Windows\System32\KERNEL32.DLL
0x00007ff8769d0000 - 0x00007ff876c75000 	C:\Windows\System32\KERNELBASE.dll
0x00007ff877ea0000 - 0x00007ff877f43000 	C:\Windows\System32\ADVAPI32.dll
0x00007ff878690000 - 0x00007ff87872e000 	C:\Windows\System32\msvcrt.dll
0x00007ff8783c0000 - 0x00007ff878457000 	C:\Windows\System32\sechost.dll
0x00007ff877a10000 - 0x00007ff877b2f000 	C:\Windows\System32\RPCRT4.dll
0x00007ff877be0000 - 0x00007ff877d74000 	C:\Windows\System32\USER32.dll
0x00007ff8778a0000 - 0x00007ff8778c1000 	C:\Windows\System32\win32u.dll
0x00007ff877e00000 - 0x00007ff877e26000 	C:\Windows\System32\GDI32.dll
0x00007ff877550000 - 0x00007ff8776e8000 	C:\Windows\System32\gdi32full.dll
0x00007ff8774b0000 - 0x00007ff87754e000 	C:\Windows\System32\msvcp_win.dll
0x00007ff8768d0000 - 0x00007ff8769ca000 	C:\Windows\System32\ucrtbase.dll
0x00007ff85d190000 - 0x00007ff85d414000 	C:\Windows\WinSxS\amd64_microsoft.windows.common-controls_6595b64144ccf1df_6.0.18362.1556_none_9e7e372fe45e41d5\COMCTL32.dll
0x00007ff877f50000 - 0x00007ff878286000 	C:\Windows\System32\combase.dll
0x00007ff877920000 - 0x00007ff8779a1000 	C:\Windows\System32\bcryptPrimitives.dll
0x00007ff879620000 - 0x00007ff87964e000 	C:\Windows\System32\IMM32.DLL
0x00007ff834d60000 - 0x00007ff834e4f000 	C:\Users\1zaia\.jdks\corretto-1.8.0_292\jre\bin\msvcr120.dll
0x00007ff83e7c0000 - 0x00007ff83e866000 	C:\Users\1zaia\.jdks\corretto-1.8.0_292\jre\bin\msvcp120.dll
0x0000000077550000 - 0x0000000077dbe000 	C:\Users\1zaia\.jdks\corretto-1.8.0_292\jre\bin\server\jvm.dll
0x00007ff879580000 - 0x00007ff879588000 	C:\Windows\System32\PSAPI.DLL
0x00007ff872db0000 - 0x00007ff872db9000 	C:\Windows\SYSTEM32\WSOCK32.dll
0x00007ff86fa30000 - 0x00007ff86fa3a000 	C:\Windows\SYSTEM32\VERSION.dll
0x00007ff879590000 - 0x00007ff8795ff000 	C:\Windows\System32\WS2_32.dll
0x00007ff872c00000 - 0x00007ff872c24000 	C:\Windows\SYSTEM32\WINMM.dll
0x00007ff872bd0000 - 0x00007ff872bfd000 	C:\Windows\SYSTEM32\WINMMBASE.dll
0x00007ff8778d0000 - 0x00007ff87791a000 	C:\Windows\System32\cfgmgr32.dll
0x00007ff866cb0000 - 0x00007ff866cbf000 	C:\Users\1zaia\.jdks\corretto-1.8.0_292\jre\bin\verify.dll
0x00007ff861480000 - 0x00007ff8614a9000 	C:\Users\1zaia\.jdks\corretto-1.8.0_292\jre\bin\java.dll
0x00007ff8632d0000 - 0x00007ff863305000 	C:\Users\1zaia\.jdks\corretto-1.8.0_292\jre\bin\jdwp.dll
0x00007ff871950000 - 0x00007ff871958000 	C:\Users\1zaia\.jdks\corretto-1.8.0_292\jre\bin\npt.dll
0x00007ff868170000 - 0x00007ff86819a000 	C:\Users\1zaia\.jdks\corretto-1.8.0_292\jre\bin\instrument.dll
0x00007ff862290000 - 0x00007ff8622a6000 	C:\Users\1zaia\.jdks\corretto-1.8.0_292\jre\bin\zip.dll
0x00007ff878c00000 - 0x00007ff8792e7000 	C:\Windows\System32\SHELL32.dll
0x00007ff879870000 - 0x00007ff879918000 	C:\Windows\System32\shcore.dll
0x00007ff876c80000 - 0x00007ff8773fb000 	C:\Windows\System32\windows.storage.dll
0x00007ff876820000 - 0x00007ff87683e000 	C:\Windows\System32\profapi.dll
0x00007ff876880000 - 0x00007ff8768ca000 	C:\Windows\System32\powrprof.dll
0x00007ff876810000 - 0x00007ff876820000 	C:\Windows\System32\UMPDC.dll
0x00007ff879660000 - 0x00007ff8796b2000 	C:\Windows\System32\shlwapi.dll
0x00007ff876860000 - 0x00007ff876871000 	C:\Windows\System32\kernel.appcore.dll
0x00007ff877880000 - 0x00007ff877897000 	C:\Windows\System32\cryptsp.dll
0x00007ff8717c0000 - 0x00007ff8717c9000 	C:\Users\1zaia\.jdks\corretto-1.8.0_292\jre\bin\dt_socket.dll
0x00007ff876050000 - 0x00007ff8760b7000 	C:\Windows\system32\mswsock.dll
0x00007ff866a10000 - 0x00007ff866a1d000 	C:\Users\1zaia\.jdks\corretto-1.8.0_292\jre\bin\management.dll
0x00007ff861be0000 - 0x00007ff861bfa000 	C:\Users\1zaia\.jdks\corretto-1.8.0_292\jre\bin\net.dll
0x00007ff84c0f0000 - 0x00007ff84c106000 	C:\Windows\system32\napinsp.dll
0x00007ff84bf80000 - 0x00007ff84bf9a000 	C:\Windows\system32\pnrpnsp.dll
0x00007ff8742a0000 - 0x00007ff8742bc000 	C:\Windows\system32\NLAapi.dll
0x00007ff875d60000 - 0x00007ff875d9a000 	C:\Windows\SYSTEM32\IPHLPAPI.DLL
0x00007ff875da0000 - 0x00007ff875e6b000 	C:\Windows\SYSTEM32\DNSAPI.dll
0x00007ff879650000 - 0x00007ff879658000 	C:\Windows\System32\NSI.dll
0x00007ff84c0e0000 - 0x00007ff84c0ee000 	C:\Windows\System32\winrnr.dll
0x00000000543d0000 - 0x00000000543f6000 	C:\Program Files\Bonjour\mdnsNSP.dll
0x00007ff8724f0000 - 0x00007ff872505000 	C:\Windows\system32\wshbth.dll
0x00007ff870c50000 - 0x00007ff870c5a000 	C:\Windows\System32\rasadhlp.dll
0x00007ff86f560000 - 0x00007ff86f5d7000 	C:\Windows\System32\fwpuclnt.dll
0x00007ff8776f0000 - 0x00007ff877716000 	C:\Windows\System32\bcrypt.dll
0x00007ff860be0000 - 0x00007ff860bf2000 	C:\Users\1zaia\.jdks\corretto-1.8.0_292\jre\bin\nio.dll
0x00007ff85c140000 - 0x00007ff85c163000 	C:\Users\1zaia\.jdks\corretto-1.8.0_292\jre\bin\sunec.dll
0x00007ff875bd0000 - 0x00007ff875c03000 	C:\Windows\system32\rsaenh.dll
0x00007ff876700000 - 0x00007ff876725000 	C:\Windows\SYSTEM32\USERENV.dll
0x00007ff876220000 - 0x00007ff87622c000 	C:\Windows\SYSTEM32\CRYPTBASE.dll
0x00007ff870200000 - 0x00007ff870216000 	C:\Windows\SYSTEM32\dhcpcsvc6.DLL
0x00007ff86f910000 - 0x00007ff86f92c000 	C:\Windows\SYSTEM32\dhcpcsvc.DLL
0x00007ff862e80000 - 0x00007ff862ef2000 	C:\Users\1zaia\AppData\Local\Temp\lwjgl1zaia\3.2.2-build-10\lwjgl.dll
0x00007ff83e100000 - 0x00007ff83e351000 	C:\Users\1zaia\AppData\Local\Temp\lwjgl1zaia\3.2.2-build-10\jemalloc.dll
0x00007ff862e20000 - 0x00007ff862e7e000 	C:\Users\1zaia\AppData\Local\Temp\lwjgl1zaia\3.2.2-build-10\glfw.dll
0x00007ff874ab0000 - 0x00007ff874b49000 	C:\Windows\system32\uxtheme.dll
0x00007ff81d150000 - 0x00007ff81d193000 	C:\Windows\SYSTEM32\dinput8.dll
0x00007ff864200000 - 0x00007ff864211000 	C:\Windows\SYSTEM32\xinput1_4.dll
0x00007ff876600000 - 0x00007ff87662a000 	C:\Windows\SYSTEM32\DEVOBJ.dll
0x00007ff874f70000 - 0x00007ff874f9d000 	C:\Windows\SYSTEM32\dwmapi.dll
0x00007ff866210000 - 0x00007ff86632b000 	C:\Windows\SYSTEM32\inputhost.dll
0x00007ff8725f0000 - 0x00007ff872742000 	C:\Windows\SYSTEM32\wintypes.dll
0x00007ff874770000 - 0x00007ff874844000 	C:\Windows\SYSTEM32\CoreMessaging.dll
0x00007ff870ed0000 - 0x00007ff8711fa000 	C:\Windows\SYSTEM32\CoreUIComponents.dll
0x00007ff873160000 - 0x00007ff87324f000 	C:\Windows\SYSTEM32\PROPSYS.dll
0x00007ff8792f0000 - 0x00007ff8793b5000 	C:\Windows\System32\OLEAUT32.dll
0x00007ff875850000 - 0x00007ff875881000 	C:\Windows\SYSTEM32\ntmarta.dll
0x00007ff879440000 - 0x00007ff879575000 	C:\Windows\System32\MSCTF.dll
0x00007ff8753f0000 - 0x00007ff8753fe000 	C:\Windows\SYSTEM32\HID.DLL
0x00007ff878730000 - 0x00007ff878ba0000 	C:\Windows\System32\SETUPAPI.DLL
0x00007ff8779b0000 - 0x00007ff877a0c000 	C:\Windows\System32\WINTRUST.dll
0x00007ff876840000 - 0x00007ff876852000 	C:\Windows\System32\MSASN1.dll
0x00007ff877720000 - 0x00007ff877871000 	C:\Windows\System32\CRYPT32.dll
0x00007ff834720000 - 0x00007ff834876000 	C:\Windows\SYSTEM32\opengl32.dll
0x00007ff862790000 - 0x00007ff8627bc000 	C:\Windows\SYSTEM32\GLU32.dll
0x00007ff875450000 - 0x00007ff875470000 	C:\Windows\SYSTEM32\dxcore.dll
0x00007ff806f30000 - 0x00007ff80990e000 	C:\Windows\System32\DriverStore\FileRepository\nvhdci.inf_amd64_5b345abba51a5621\nvoglv64.dll
0x00007ff878530000 - 0x00007ff878687000 	C:\Windows\System32\ole32.dll
0x00007ff872300000 - 0x00007ff872313000 	C:\Windows\SYSTEM32\WTSAPI32.dll
0x00007ff86e6b0000 - 0x00007ff86e6df000 	C:\Windows\SYSTEM32\cryptnet.dll
0x00007ff84b610000 - 0x00007ff84b8d3000 	C:\Windows\system32\nvspcap64.dll
0x00007ff8758c0000 - 0x00007ff875916000 	C:\Windows\SYSTEM32\WINSTA.dll
0x00007ff8498c0000 - 0x00007ff84993f000 	C:\Users\1zaia\AppData\Local\Temp\lwjgl1zaia\3.2.2-build-10\lwjgl_stb.dll
0x00007ff8702d0000 - 0x00007ff87037e000 	C:\Windows\SYSTEM32\mscms.dll
0x00007ff871e20000 - 0x00007ff871e37000 	C:\Windows\SYSTEM32\ColorAdapterClient.dll
0x00007ff81d600000 - 0x00007ff81d643000 	C:\Windows\SYSTEM32\icm32.dll
0x00007ff868350000 - 0x00007ff8683eb000 	C:\Windows\System32\TextInputFramework.dll
0x00007ff866330000 - 0x00007ff8665d7000 	C:\Windows\System32\iertutil.dll
0x00007ff877b30000 - 0x00007ff877bd2000 	C:\Windows\System32\clbcatq.dll
0x00007ff86c010000 - 0x00007ff86c03a000 	C:\Windows\System32\Speech\SpeechUX\SpTip.dll
0x00007ff81caa0000 - 0x00007ff81cb29000 	D:\Overwolf\0.173.0.16\OWExplorer.dll
0x00007ff862dc0000 - 0x00007ff862e18000 	C:\Users\1zaia\AppData\Local\Temp\lwjgl1zaia\3.2.2-build-10\lwjgl_opengl.dll
0x00007ff866730000 - 0x00007ff86673c000 	C:\Users\1zaia\.jdks\corretto-1.8.0_292\jre\bin\sunmscapi.dll
0x00007ff876330000 - 0x00007ff876356000 	C:\Windows\SYSTEM32\ncrypt.dll
0x00007ff8762f0000 - 0x00007ff87632b000 	C:\Windows\SYSTEM32\NTASN1.dll
0x00007ff8645b0000 - 0x00007ff864787000 	C:\Windows\system32\urlmon.dll
0x00007ff862570000 - 0x00007ff8625b2000 	C:\Users\1zaia\AppData\Local\Temp\jna-48983600\jna5932061635030802430.dll
0x00007ff864060000 - 0x00007ff86407a000 	C:\Users\1zaia\OneDrive\Documents\GitHub\MoreTimeCapsules-1.16\build\natives\SAPIWrapper_x64.dll
0x00007ff81d7e0000 - 0x00007ff81d960000 	C:\Windows\System32\Speech\Common\sapi.dll
0x00007ff868470000 - 0x00007ff86847b000 	C:\Windows\SYSTEM32\msdmo.dll
0x00007ff843c90000 - 0x00007ff843cac000 	C:\Windows\SYSTEM32\MSACM32.dll
0x00007ff870d60000 - 0x00007ff870dd2000 	C:\Windows\System32\MMDevApi.dll
0x00007ff838f30000 - 0x00007ff839044000 	C:\Users\1zaia\AppData\Local\Temp\lwjgl1zaia\3.2.2-build-10\OpenAL.dll
0x00007ff871200000 - 0x00007ff871361000 	C:\Windows\SYSTEM32\AUDIOSES.DLL
0x00007ff874e80000 - 0x00007ff874e94000 	C:\Windows\SYSTEM32\resourcepolicyclient.dll
0x00007ff836300000 - 0x00007ff836495000 	C:\Users\1zaia\.jdks\corretto-1.8.0_292\jre\bin\awt.dll
0x00007ff874980000 - 0x00007ff874a0f000 	C:\Windows\SYSTEM32\apphelp.dll

VM Arguments:
jvm_args: -agentlib:jdwp=transport=dt_socket,address=127.0.0.1:60258,suspend=y,server=n -Dforge.logging.console.level=debug -Dforge.logging.markers=SCAN,REGISTRIES,REGISTRYDUMP -XX:HeapDumpPath=MojangTricksIntelDriversForPerformance_javaw.exe_minecraft.exe.heapdump -Dos.name=Windows 10 -Dos.version=10.0 -javaagent:C:\Users\1zaia\AppData\Local\JetBrains\IdeaIC2020.3\groovyHotSwap\gragent.jar -javaagent:C:\Users\1zaia\AppData\Local\JetBrains\IdeaIC2020.3\captureAgent\debugger-agent.jar -Dfile.encoding=UTF-8 
java_command: net.minecraftforge.userdev.LaunchTesting
java_class_path (initial): C:\Users\1zaia\.jdks\corretto-1.8.0_292\jre\lib\charsets.jar;C:\Users\1zaia\.jdks\corretto-1.8.0_292\jre\lib\ext\access-bridge-64.jar;C:\Users\1zaia\.jdks\corretto-1.8.0_292\jre\lib\ext\cldrdata.jar;C:\Users\1zaia\.jdks\corretto-1.8.0_292\jre\lib\ext\dnsns.jar;C:\Users\1zaia\.jdks\corretto-1.8.0_292\jre\lib\ext\jaccess.jar;C:\Users\1zaia\.jdks\corretto-1.8.0_292\jre\lib\ext\jfxrt.jar;C:\Users\1zaia\.jdks\corretto-1.8.0_292\jre\lib\ext\localedata.jar;C:\Users\1zaia\.jdks\corretto-1.8.0_292\jre\lib\ext\nashorn.jar;C:\Users\1zaia\.jdks\corretto-1.8.0_292\jre\lib\ext\sunec.jar;C:\Users\1zaia\.jdks\corretto-1.8.0_292\jre\lib\ext\sunjce_provider.jar;C:\Users\1zaia\.jdks\corretto-1.8.0_292\jre\lib\ext\sunmscapi.jar;C:\Users\1zaia\.jdks\corretto-1.8.0_292\jre\lib\ext\sunpkcs11.jar;C:\Users\1zaia\.jdks\corretto-1.8.0_292\jre\lib\ext\zipfs.jar;C:\Users\1zaia\.jdks\corretto-1.8.0_292\jre\lib\jce.jar;C:\Users\1zaia\.jdks\corretto-1.8.0_292\jre\lib\jfr.jar;C:\Users\1zaia\.jdks\corretto-1.8.0_292\jre\lib\jfxswt.jar;C:\Users\1zaia\.jdks\corretto-1.8.0_292\jre\lib\jsse.jar;C:\Users\1zaia\.jdks\corretto-1.8.0_292\jre\lib\management-agent.jar;C:\Users\1zaia\.jdks\corretto-1.8.0_292\jre\lib\resources.jar;C:\Users\1zaia\.jdks\corretto-1.8.0_292\jre\lib\rt.jar;C:\Users\1zaia\OneDrive\Documents\GitHub\MoreTimeCapsules-1.16\build\classes\java\main;C:\Users\1zaia\OneDrive\Documents\GitHub\MoreTimeCapsules-1.16\build\resources\main;C:\Users\1zaia\.gradle\caches\forge_gradle\deobf_dependencies\com\gitlab\Spectre0987\TardisMod-1-14\1.16-SNAPSHOT_mapped_snapshot_20201028-1.16.3\TardisMod-1-14-1.16-SNAPSHOT_mapped_snapshot_20201028-1.16.3.jar;C:\Users\1zaia\.gradle\caches\forge_gradle\minecraft_user_repo\net\minecraftforge\forge\1.16.5-36.1.32_mapped_snapshot_20201028-1.16.3\forge-1.16.5-36.1.32_mapped_snapshot_20201028-1.16.3-recomp.jar;C:\Users\1zaia\.gradle\caches\forge_gradle\minecraft_user_repo\net\minecraftforge\forge\1.16.5-36.1.32_mapped_snapshot_20201028-1.
Launcher Type: SUN_STANDARD

Environment Variables:
JAVA_HOME=C:\Program Files\AdoptOpenJDK\jdk-8.0.282.8-hotspot
PATH=C:\Program Files (x86)\Common Files\Oracle\Java\javapath;C:\Program Files (x86)\Razer Chroma SDK\bin;C:\Program Files\Razer Chroma SDK\bin;C:\Program Files (x86)\Common Files\Intel\Shared Libraries\redist\intel64_win\compiler;C:\Program Files (x86)\Razer\ChromaBroadcast\bin;C:\Program Files\Razer\ChromaBroadcast\bin;C:\windows\system32;C:\windows;C:\windows\System32\Wbem;C:\windows\System32\WindowsPowerShell\v1.0\;C:\windows\System32\OpenSSH\;C:\Program Files (x86)\Intel\Intel(R) Management Engine Components\DAL;C:\Program Files\Intel\Intel(R) Management Engine Components\DAL;C:\Program Files (x86)\Intel\Intel(R) Management Engine Components\IPT;C:\Program Files\Intel\Intel(R) Management Engine Components\IPT;C:\Windows\system32;C:\Windows;C:\Windows\System32\Wbem;C:\Windows\System32\WindowsPowerShell\v1.0\;C:\Windows\System32\OpenSSH\;C:\Windows\system32\config\systemprofile\AppData\Local\Microsoft\WindowsApps;D:\Program Files\nodejs\;C:\Program Files (x86)\NVIDIA Corporation\PhysX\Common;C:\Program Files\NVIDIA Corporation\NVIDIA NvDLISR;C:\Program Files\remoteit\resources\x64;C:\Program Files\Git\cmd;C:\Users\1zaia\AppData\Local\Microsoft\WindowsApps;C:\Users\1zaia\AppData\Roaming\npm;D:\Users\1zaia\AppData\Local\Programs\Microsoft VS Code\bin;C:\Users\1zaia\spicetify-cli;D:\Program Files\JetBrains\IntelliJ IDEA Community Edition 2020.3.3\bin;;C:\Users\1zaia\AppData\Local\GitHubDesktop\bin
USERNAME=1zaia
OS=Windows_NT
PROCESSOR_IDENTIFIER=Intel64 Family 6 Model 158 Stepping 10, GenuineIntel



---------------  S Y S T E M  ---------------

OS: Windows 10.0 , 64 bit Build 18362 (10.0.18362.1500)

CPU:total 12 (initial active 12) (6 cores per cpu, 2 threads per core) family 6 model 158 stepping 10, cmov, cx8, fxsr, mmx, sse, sse2, sse3, ssse3, sse4.1, sse4.2, popcnt, avx, avx2, aes, clmul, erms, rtm, 3dnowpref, lzcnt, ht, tsc, tscinvbit, bmi1, bmi2, adx

Memory: 4k page, physical 33443044k(16957980k free), swap 135843044k(5496k free)

vm_info: OpenJDK 64-Bit Server VM (25.292-b10) for windows-amd64 JRE (1.8.0_292-b10), built on Apr 14 2021 23:06:53 by "Administrator" with MS VC++ 12.0 (VS2013)

time: Fri Jul 02 04:16:27 2021
timezone: Arab Standard Time
elapsed time: 58.060649 seconds (0d 0h 0m 58s)

