#
# There is insufficient memory for the Java Runtime Environment to continue.
# Native memory allocation (malloc) failed to allocate 2464688 bytes for Chunk::new
# Possible reasons:
#   The system is out of physical RAM or swap space
#   The process is running with CompressedOops enabled, and the Java Heap may be blocking the growth of the native heap
# Possible solutions:
#   Reduce memory load on the system
#   Increase physical memory or swap space
#   Check if swap backing store is full
#   Decrease Java heap size (-Xmx/-Xms)
#   Decrease number of Java threads
#   Decrease Java thread stack sizes (-Xss)
#   Set larger code cache with -XX:ReservedCodeCacheSize=
#   JVM is running with Zero Based Compressed Oops mode in which the Java heap is
#     placed in the first 32GB address space. The Java Heap base address is the
#     maximum limit for the native heap growth. Please use -XX:HeapBaseMinAddress
#     to set the Java Heap base and to place the Java Heap above 32GB virtual address.
# This output file may be truncated or incomplete.
#
#  Out of Memory Error (allocation.cpp:389), pid=67772, tid=0x0000000000010930
#
# JRE version: OpenJDK Runtime Environment (8.0_292-b10) (build 1.8.0_292-b10)
# Java VM: OpenJDK 64-Bit Server VM (25.292-b10 mixed mode windows-amd64 compressed oops)
# Failed to write core dump. Minidumps are not enabled by default on client versions of Windows
#

---------------  T H R E A D  ---------------

Current thread (0x000002113313a800):  JavaThread "C2 CompilerThread1" daemon [_thread_in_native, id=67888, stack(0x00000092a2300000,0x00000092a2400000)]

Stack: [0x00000092a2300000,0x00000092a2400000]
[error occurred during error reporting (printing stack bounds), id 0xc0000005]

Native frames: (J=compiled Java code, j=interpreted, Vv=VM code, C=native code)


Current CompileTask:
C2:  22281 11232 %     4       sun.misc.URLClassPath::findResource @ 10 (47 bytes)


---------------  P R O C E S S  ---------------

Java Threads: ( => current thread )
  0x0000021143551000 JavaThread "Thread-9" daemon [_thread_in_Java, id=45260, stack(0x00000092a2e00000,0x00000092a2f00000)]
  0x000002114354f800 JavaThread "Forge Version Check" daemon [_thread_in_native, id=57796, stack(0x00000092a5000000,0x00000092a5100000)]
  0x0000021143553000 JavaThread "Worker-Main-14" daemon [_thread_blocked, id=58864, stack(0x00000092a4f00000,0x00000092a5000000)]
  0x000002114354b800 JavaThread "Worker-Main-13" daemon [_thread_blocked, id=57888, stack(0x00000092a4e00000,0x00000092a4f00000)]
  0x00000211360df000 JavaThread "Worker-Main-12" daemon [_thread_in_native, id=67092, stack(0x00000092a4d00000,0x00000092a4e00000)]
  0x0000021140107800 JavaThread "Worker-Main-11" daemon [_thread_in_native, id=56468, stack(0x00000092a4c00000,0x00000092a4d00000)]
  0x0000021140106000 JavaThread "Worker-Main-10" daemon [_thread_in_native, id=67736, stack(0x00000092a4b00000,0x00000092a4c00000)]
  0x0000021140104800 JavaThread "Worker-Main-9" daemon [_thread_blocked, id=68592, stack(0x00000092a4a00000,0x00000092a4b00000)]
  0x0000021140102800 JavaThread "Worker-Main-8" daemon [_thread_in_vm, id=68568, stack(0x00000092a4900000,0x00000092a4a00000)]
  0x0000021140105000 JavaThread "Narrator" [_thread_blocked, id=68388, stack(0x00000092a4800000,0x00000092a4900000)]
  0x0000021140106800 JavaThread "Sound engine" daemon [_thread_blocked, id=68564, stack(0x00000092a4700000,0x00000092a4800000)]
  0x0000021140101000 JavaThread "modloading-worker-15" daemon [_thread_blocked, id=68600, stack(0x00000092a4600000,0x00000092a4700000)]
  0x00000211400fc800 JavaThread "modloading-worker-6" daemon [_thread_blocked, id=68604, stack(0x00000092a4500000,0x00000092a4600000)]
  0x0000021140103800 JavaThread "modloading-worker-13" daemon [_thread_blocked, id=67608, stack(0x00000092a4400000,0x00000092a4500000)]
  0x0000021140102000 JavaThread "modloading-worker-4" daemon [_thread_blocked, id=30664, stack(0x00000092a3600000,0x00000092a3700000)]
  0x00000211400f8800 JavaThread "modloading-worker-11" daemon [_thread_blocked, id=68524, stack(0x00000092a3500000,0x00000092a3600000)]
  0x00000211400fb000 JavaThread "modloading-worker-2" daemon [_thread_blocked, id=68532, stack(0x00000092a3400000,0x00000092a3500000)]
  0x00000211400fb800 JavaThread "modloading-worker-9" daemon [_thread_blocked, id=68528, stack(0x00000092a3300000,0x00000092a3400000)]
  0x00000211400ff800 JavaThread "Keep-Alive-Timer" daemon [_thread_blocked, id=68244, stack(0x00000092a4300000,0x00000092a4400000)]
  0x00000211400fa000 JavaThread "Snooper Timer" daemon [_thread_blocked, id=68328, stack(0x00000092a4100000,0x00000092a4200000)]
  0x00000211400fe000 JavaThread "Timer hack thread" daemon [_thread_blocked, id=68360, stack(0x00000092a3700000,0x00000092a3800000)]
  0x00000211360dd800 JavaThread "Worker-Bootstrap-7" daemon [_thread_in_Java, id=62684, stack(0x00000092a3e00000,0x00000092a3f00000)]
  0x00000211360dd000 JavaThread "Worker-Bootstrap-6" daemon [_thread_in_Java, id=67828, stack(0x00000092a3d00000,0x00000092a3e00000)]
  0x00000211360da800 JavaThread "Worker-Bootstrap-5" daemon [_thread_in_Java, id=67908, stack(0x00000092a3c00000,0x00000092a3d00000)]
  0x00000211360d9800 JavaThread "Worker-Bootstrap-4" daemon [_thread_in_Java, id=36472, stack(0x00000092a3b00000,0x00000092a3c00000)]
  0x00000211360de800 JavaThread "Worker-Bootstrap-3" daemon [_thread_in_Java, id=52336, stack(0x00000092a3a00000,0x00000092a3b00000)]
  0x00000211360d9000 JavaThread "Worker-Bootstrap-2" daemon [_thread_in_Java, id=65396, stack(0x00000092a3900000,0x00000092a3a00000)]
  0x00000211360dc000 JavaThread "Worker-Bootstrap-1" daemon [_thread_in_Java, id=67284, stack(0x00000092a3800000,0x00000092a3900000)]
  0x0000021134268000 JavaThread "Thread-2" daemon [_thread_in_native, id=42664, stack(0x00000092a2a00000,0x00000092a2b00000)]
  0x0000021134267800 JavaThread "Thread-1" daemon [_thread_blocked, id=16708, stack(0x00000092a2900000,0x00000092a2a00000)]
  0x000002113472a000 JavaThread "ForkJoinPool.commonPool-worker-9" daemon [_thread_blocked, id=38948, stack(0x00000092a2800000,0x00000092a2900000)]
  0x00000211332f5800 JavaThread "Service Thread" daemon [_thread_blocked, id=34256, stack(0x00000092a2600000,0x00000092a2700000)]
  0x0000021133261800 JavaThread "C1 CompilerThread3" daemon [_thread_blocked, id=67892, stack(0x00000092a2500000,0x00000092a2600000)]
  0x000002113313b800 JavaThread "C2 CompilerThread2" daemon [_thread_in_native, id=60472, stack(0x00000092a2400000,0x00000092a2500000)]
=>0x000002113313a800 JavaThread "C2 CompilerThread1" daemon [_thread_in_native, id=67888, stack(0x00000092a2300000,0x00000092a2400000)]
  0x000002113313a000 JavaThread "C2 CompilerThread0" daemon [_thread_in_native, id=55932, stack(0x00000092a2200000,0x00000092a2300000)]
  0x0000021132d68800 JavaThread "JDWP Command Reader" daemon [_thread_in_native, id=64804, stack(0x00000092a2100000,0x00000092a2200000)]
  0x0000021132d63000 JavaThread "JDWP Event Helper Thread" daemon [_thread_blocked, id=63056, stack(0x00000092a2000000,0x00000092a2100000)]
  0x0000021132d44800 JavaThread "JDWP Transport Listener: dt_socket" daemon [_thread_blocked, id=60620, stack(0x00000092a1f00000,0x00000092a2000000)]
  0x0000021130a06000 JavaThread "Attach Listener" daemon [_thread_blocked, id=67424, stack(0x00000092a1e00000,0x00000092a1f00000)]
  0x0000021130a05000 JavaThread "Signal Dispatcher" daemon [_thread_blocked, id=60132, stack(0x00000092a1d00000,0x00000092a1e00000)]
  0x000002110c5ee800 JavaThread "Finalizer" daemon [_thread_blocked, id=68144, stack(0x00000092a1c00000,0x00000092a1d00000)]
  0x000002110c5e7800 JavaThread "Reference Handler" daemon [_thread_blocked, id=66232, stack(0x00000092a1b00000,0x00000092a1c00000)]
  0x000002110c55c800 JavaThread "Render thread" [_thread_in_native, id=67940, stack(0x00000092a0f00000,0x00000092a1000000)]

Other Threads:
  0x00000211309c3000 VMThread [stack: 0x00000092a1a00000,0x00000092a1b00000] [id=67860]
  0x00000211332f9800 WatcherThread [stack: 0x00000092a2700000,0x00000092a2800000] [id=65920]

VM state:not at safepoint (normal execution)

VM Mutex/Monitor currently owned by a thread: None

heap address: 0x00000005c1a00000, size: 8166 MB, Compressed Oops mode: Zero based, Oop shift amount: 3
Narrow klass base: 0x0000000000000000, Narrow klass shift: 3
Compressed class space size: 1073741824 Address: 0x00000007c0000000

Heap:
 PSYoungGen      total 2736128K, used 1949540K [0x0000000715e00000, 0x00000007c0000000, 0x00000007c0000000)
  eden space 2692096K, 70% used [0x0000000715e00000,0x000000078a79ef98,0x00000007ba300000)
  from space 44032K, 88% used [0x00000007bd500000,0x00000007bfb3a360,0x00000007c0000000)
  to   space 47616K, 0% used [0x00000007ba300000,0x00000007ba300000,0x00000007bd180000)
 ParOldGen       total 504320K, used 203739K [0x00000005c1a00000, 0x00000005e0680000, 0x0000000715e00000)
  object space 504320K, 40% used [0x00000005c1a00000,0x00000005ce0f6d20,0x00000005e0680000)
 Metaspace       used 84219K, capacity 92854K, committed 92952K, reserved 1126400K
  class space    used 12658K, capacity 15360K, committed 15400K, reserved 1048576K

Card table byte_map: [0x000002111d2b0000,0x000002111e2b0000] byte_map_base: 0x000002111a4a3000

Marking Bits: (ParMarkBitMap*) 0x0000000077d3f7f0
 Begin Bits: [0x000002111ed60000, 0x0000021126cf8000)
 End Bits:   [0x0000021126cf8000, 0x000002112ec90000)

Polling page: 0x000002110c4f0000

CodeCache: size=245760Kb used=27561Kb max_used=28042Kb free=218198Kb
 bounds [0x000002110def0000, 0x000002110fa80000, 0x000002111cef0000]
 total_blobs=10000 nmethods=8415 adapters=1504
 compilation: enabled

Compilation events (10 events):
Event: 22.269 Thread 0x0000021133261800 11375       3       net.minecraftforge.fml.packs.DelegatingResourcePack::resourceExists (51 bytes)
Event: 22.270 Thread 0x0000021133261800 nmethod 11375 0x000002110f064710 code [0x000002110f0648e0, 0x000002110f064fb0]
Event: 22.270 Thread 0x0000021133261800 11376       3       net.minecraft.resources.ResourcePack::getFullPath (31 bytes)
Event: 22.271 Thread 0x0000021133261800 nmethod 11376 0x000002110f062c10 code [0x000002110f062e60, 0x000002110f063eb0]
Event: 22.277 Thread 0x0000021133261800 11378       3       java.util.IdentityHashMap::unmaskNull (13 bytes)
Event: 22.277 Thread 0x0000021133261800 nmethod 11378 0x000002110f062890 code [0x000002110f0629e0, 0x000002110f062b78]
Event: 22.277 Thread 0x0000021133261800 11379       1       java.util.IdentityHashMap::size (5 bytes)
Event: 22.277 Thread 0x0000021133261800 nmethod 11379 0x000002110f0625d0 code [0x000002110f062720, 0x000002110f062838]
Event: 22.279 Thread 0x0000021133261800 11380       1       net.minecraft.state.StateContainer::getOwner (5 bytes)
Event: 22.280 Thread 0x0000021133261800 nmethod 11380 0x000002110f062310 code [0x000002110f062460, 0x000002110f062578]

GC Heap History (10 events):
Event: 19.425 GC heap before
{Heap before GC invocations=37 (full 3):
 PSYoungGen      total 2735616K, used 2735439K [0x0000000715e00000, 0x00000007c0000000, 0x00000007c0000000)
  eden space 2701312K, 100% used [0x0000000715e00000,0x00000007bac00000,0x00000007bac00000)
  from space 34304K, 99% used [0x00000007bac00000,0x00000007bcd53e60,0x00000007bcd80000)
  to   space 46080K, 0% used [0x00000007bd300000,0x00000007bd300000,0x00000007c0000000)
 ParOldGen       total 504320K, used 186589K [0x00000005c1a00000, 0x00000005e0680000, 0x0000000715e00000)
  object space 504320K, 36% used [0x00000005c1a00000,0x00000005cd037490,0x00000005e0680000)
 Metaspace       used 78370K, capacity 86018K, committed 86040K, reserved 1122304K
  class space    used 11705K, capacity 14116K, committed 14120K, reserved 1048576K
Event: 19.436 GC heap after
Heap after GC invocations=37 (full 3):
 PSYoungGen      total 2737152K, used 33617K [0x0000000715e00000, 0x00000007c0000000, 0x00000007c0000000)
  eden space 2691072K, 0% used [0x0000000715e00000,0x0000000715e00000,0x00000007ba200000)
  from space 46080K, 72% used [0x00000007bd300000,0x00000007bf3d4528,0x00000007c0000000)
  to   space 48128K, 0% used [0x00000007ba200000,0x00000007ba200000,0x00000007bd100000)
 ParOldGen       total 504320K, used 188317K [0x00000005c1a00000, 0x00000005e0680000, 0x0000000715e00000)
  object space 504320K, 37% used [0x00000005c1a00000,0x00000005cd1e7788,0x00000005e0680000)
 Metaspace       used 78370K, capacity 86018K, committed 86040K, reserved 1122304K
  class space    used 11705K, capacity 14116K, committed 14120K, reserved 1048576K
}
Event: 19.840 GC heap before
{Heap before GC invocations=38 (full 3):
 PSYoungGen      total 2737152K, used 2724689K [0x0000000715e00000, 0x00000007c0000000, 0x00000007c0000000)
  eden space 2691072K, 100% used [0x0000000715e00000,0x00000007ba200000,0x00000007ba200000)
  from space 46080K, 72% used [0x00000007bd300000,0x00000007bf3d4528,0x00000007c0000000)
  to   space 48128K, 0% used [0x00000007ba200000,0x00000007ba200000,0x00000007bd100000)
 ParOldGen       total 504320K, used 188317K [0x00000005c1a00000, 0x00000005e0680000, 0x0000000715e00000)
  object space 504320K, 37% used [0x00000005c1a00000,0x00000005cd1e7788,0x00000005e0680000)
 Metaspace       used 79676K, capacity 87546K, committed 87704K, reserved 1122304K
  class space    used 11934K, capacity 14394K, committed 14504K, reserved 1048576K
Event: 19.852 GC heap after
Heap after GC invocations=38 (full 3):
 PSYoungGen      total 2739200K, used 20477K [0x0000000715e00000, 0x00000007bfe00000, 0x00000007c0000000)
  eden space 2691072K, 0% used [0x0000000715e00000,0x0000000715e00000,0x00000007ba200000)
  from space 48128K, 42% used [0x00000007ba200000,0x00000007bb5ff7b0,0x00000007bd100000)
  to   space 46080K, 0% used [0x00000007bd100000,0x00000007bd100000,0x00000007bfe00000)
 ParOldGen       total 504320K, used 202653K [0x00000005c1a00000, 0x00000005e0680000, 0x0000000715e00000)
  object space 504320K, 40% used [0x00000005c1a00000,0x00000005cdfe7530,0x00000005e0680000)
 Metaspace       used 79676K, capacity 87546K, committed 87704K, reserved 1122304K
  class space    used 11934K, capacity 14394K, committed 14504K, reserved 1048576K
}
Event: 20.369 GC heap before
{Heap before GC invocations=39 (full 3):
 PSYoungGen      total 2739200K, used 2711549K [0x0000000715e00000, 0x00000007bfe00000, 0x00000007c0000000)
  eden space 2691072K, 100% used [0x0000000715e00000,0x00000007ba200000,0x00000007ba200000)
  from space 48128K, 42% used [0x00000007ba200000,0x00000007bb5ff7b0,0x00000007bd100000)
  to   space 46080K, 0% used [0x00000007bd100000,0x00000007bd100000,0x00000007bfe00000)
 ParOldGen       total 504320K, used 202655K [0x00000005c1a00000, 0x00000005e0680000, 0x0000000715e00000)
  object space 504320K, 40% used [0x00000005c1a00000,0x00000005cdfe7fd8,0x00000005e0680000)
 Metaspace       used 80779K, capacity 88724K, committed 88856K, reserved 1124352K
  class space    used 12096K, capacity 14623K, committed 14632K, reserved 1048576K
Event: 20.383 GC heap after
Heap after GC invocations=39 (full 3):
 PSYoungGen      total 2734080K, used 22904K [0x0000000715e00000, 0x00000007bf900000, 0x00000007c0000000)
  eden space 2693120K, 0% used [0x0000000715e00000,0x0000000715e00000,0x00000007ba400000)
  from space 40960K, 55% used [0x00000007bd100000,0x00000007be75e118,0x00000007bf900000)
  to   space 43520K, 0% used [0x00000007ba400000,0x00000007ba400000,0x00000007bce80000)
 ParOldGen       total 504320K, used 203202K [0x00000005c1a00000, 0x00000005e0680000, 0x0000000715e00000)
  object space 504320K, 40% used [0x00000005c1a00000,0x00000005ce070908,0x00000005e0680000)
 Metaspace       used 80779K, capacity 88724K, committed 88856K, reserved 1124352K
  class space    used 12096K, capacity 14623K, committed 14632K, reserved 1048576K
}
Event: 21.001 GC heap before
{Heap before GC invocations=40 (full 3):
 PSYoungGen      total 2734080K, used 2716024K [0x0000000715e00000, 0x00000007bf900000, 0x00000007c0000000)
  eden space 2693120K, 100% used [0x0000000715e00000,0x00000007ba400000,0x00000007ba400000)
  from space 40960K, 55% used [0x00000007bd100000,0x00000007be75e118,0x00000007bf900000)
  to   space 43520K, 0% used [0x00000007ba400000,0x00000007ba400000,0x00000007bce80000)
 ParOldGen       total 504320K, used 203203K [0x00000005c1a00000, 0x00000005e0680000, 0x0000000715e00000)
  object space 504320K, 40% used [0x00000005c1a00000,0x00000005ce070d20,0x00000005e0680000)
 Metaspace       used 81892K, capacity 90012K, committed 90136K, reserved 1124352K
  class space    used 12241K, capacity 14787K, committed 14888K, reserved 1048576K
Event: 21.013 GC heap after
Heap after GC invocations=40 (full 3):
 PSYoungGen      total 2736640K, used 28455K [0x0000000715e00000, 0x00000007c0000000, 0x00000007c0000000)
  eden space 2693120K, 0% used [0x0000000715e00000,0x0000000715e00000,0x00000007ba400000)
  from space 43520K, 65% used [0x00000007ba400000,0x00000007bbfc9e90,0x00000007bce80000)
  to   space 44032K, 0% used [0x00000007bd500000,0x00000007bd500000,0x00000007c0000000)
 ParOldGen       total 504320K, used 203491K [0x00000005c1a00000, 0x00000005e0680000, 0x0000000715e00000)
  object space 504320K, 40% used [0x00000005c1a00000,0x00000005ce0b8d20,0x00000005e0680000)
 Metaspace       used 81892K, capacity 90012K, committed 90136K, reserved 1124352K
  class space    used 12241K, capacity 14787K, committed 14888K, reserved 1048576K
}
Event: 21.601 GC heap before
{Heap before GC invocations=41 (full 3):
 PSYoungGen      total 2736640K, used 2721575K [0x0000000715e00000, 0x00000007c0000000, 0x00000007c0000000)
  eden space 2693120K, 100% used [0x0000000715e00000,0x00000007ba400000,0x00000007ba400000)
  from space 43520K, 65% used [0x00000007ba400000,0x00000007bbfc9e90,0x00000007bce80000)
  to   space 44032K, 0% used [0x00000007bd500000,0x00000007bd500000,0x00000007c0000000)
 ParOldGen       total 504320K, used 203491K [0x00000005c1a00000, 0x00000005e0680000, 0x0000000715e00000)
  object space 504320K, 40% used [0x00000005c1a00000,0x00000005ce0b8d20,0x00000005e0680000)
 Metaspace       used 83604K, capacity 92080K, committed 92312K, reserved 1126400K
  class space    used 12562K, capacity 15217K, committed 15272K, reserved 1048576K
Event: 21.626 GC heap after
Heap after GC invocations=41 (full 3):
 PSYoungGen      total 2736128K, used 39144K [0x0000000715e00000, 0x00000007c0000000, 0x00000007c0000000)
  eden space 2692096K, 0% used [0x0000000715e00000,0x0000000715e00000,0x00000007ba300000)
  from space 44032K, 88% used [0x00000007bd500000,0x00000007bfb3a360,0x00000007c0000000)
  to   space 47616K, 0% used [0x00000007ba300000,0x00000007ba300000,0x00000007bd180000)
 ParOldGen       total 504320K, used 203739K [0x00000005c1a00000, 0x00000005e0680000, 0x0000000715e00000)
  object space 504320K, 40% used [0x00000005c1a00000,0x00000005ce0f6d20,0x00000005e0680000)
 Metaspace       used 83604K, capacity 92080K, committed 92312K, reserved 1126400K
  class space    used 12562K, capacity 15217K, committed 15272K, reserved 1048576K
}

Deoptimization events (10 events):
Event: 22.146 Thread 0x0000021143551000 Uncommon trap: reason=unstable_if action=reinterpret pc=0x000002110f86f8dc method=org.apache.logging.log4j.core.filter.CompositeFilter.filter(Lorg/apache/logging/log4j/core/Logger;Lorg/apache/logging/log4j/Level;Lorg/apache/logging/log4j/Marker;Ljava/lang
Event: 22.147 Thread 0x0000021143551000 Uncommon trap: reason=unstable_if action=reinterpret pc=0x000002110f860124 method=org.apache.logging.log4j.core.filter.CompositeFilter.filter(Lorg/apache/logging/log4j/core/Logger;Lorg/apache/logging/log4j/Level;Lorg/apache/logging/log4j/Marker;Ljava/lang
Event: 22.151 Thread 0x000002110c55c800 Uncommon trap: reason=unstable_if action=reinterpret pc=0x000002110f248d48 method=org.apache.logging.log4j.Level.isMoreSpecificThan(Lorg/apache/logging/log4j/Level;)Z @ 8
Event: 22.218 Thread 0x000002110c55c800 Uncommon trap: reason=unstable_if action=reinterpret pc=0x000002110e5864b0 method=java.util.stream.StreamOpFlag.fromCharacteristics(Ljava/util/Spliterator;)I @ 10
Event: 22.223 Thread 0x000002110c55c800 Uncommon trap: reason=unstable_if action=reinterpret pc=0x000002110f82aa80 method=com.google.common.collect.HashBiMap.put(Ljava/lang/Object;Ljava/lang/Object;Z)Ljava/lang/Object; @ 23
Event: 22.223 Thread 0x000002110c55c800 Uncommon trap: reason=unstable_if action=reinterpret pc=0x000002110f824df8 method=com.google.common.collect.HashBiMap.put(Ljava/lang/Object;Ljava/lang/Object;Z)Ljava/lang/Object; @ 23
Event: 22.223 Thread 0x000002110c55c800 Uncommon trap: reason=unstable_if action=reinterpret pc=0x000002110f0dff00 method=java.util.stream.StreamOpFlag.fromCharacteristics(Ljava/util/Spliterator;)I @ 10
Event: 22.223 Thread 0x000002110c55c800 Uncommon trap: reason=class_check action=maybe_recompile pc=0x000002110eef0b74 method=java.util.stream.StreamOpFlag.fromCharacteristics(Ljava/util/Spliterator;)I @ 14
Event: 22.233 Thread 0x0000021140107800 Uncommon trap: reason=unstable_if action=reinterpret pc=0x000002110f2edad8 method=java.util.concurrent.CompletableFuture.postComplete()V @ 13
Event: 22.246 Thread 0x0000021143551000 Uncommon trap: reason=unstable_if action=reinterpret pc=0x000002110f640ab4 method=org.apache.logging.log4j.core.filter.CompositeFilter.filter(Lorg/apache/logging/log4j/core/Logger;Lorg/apache/logging/log4j/Level;Lorg/apache/logging/log4j/Marker;Ljava/lang

Classes redefined (0 events):
No events

Internal exceptions (10 events):
Event: 22.278 Thread 0x00000211360df000 Exception <a 'sun/nio/fs/WindowsException'> (0x00000007814eea48) thrown at [C:\wsjdk\Corretto8Src\installers\windows\zip\corretto-build\buildRoot\src\hotspot\src\share\vm\prims\jni.cpp, line 711]
Event: 22.278 Thread 0x0000021140106000 Exception <a 'sun/nio/fs/WindowsException'> (0x0000000781fe0330) thrown at [C:\wsjdk\Corretto8Src\installers\windows\zip\corretto-build\buildRoot\src\hotspot\src\share\vm\prims\jni.cpp, line 711]
Event: 22.278 Thread 0x0000021140102800 Exception <a 'sun/nio/fs/WindowsException'> (0x00000007832ded30) thrown at [C:\wsjdk\Corretto8Src\installers\windows\zip\corretto-build\buildRoot\src\hotspot\src\share\vm\prims\jni.cpp, line 711]
Event: 22.278 Thread 0x0000021140107800 Exception <a 'sun/nio/fs/WindowsException'> (0x0000000782249118) thrown at [C:\wsjdk\Corretto8Src\installers\windows\zip\corretto-build\buildRoot\src\hotspot\src\share\vm\prims\jni.cpp, line 711]
Event: 22.278 Thread 0x00000211360df000 Exception <a 'sun/nio/fs/WindowsException'> (0x00000007814ef790) thrown at [C:\wsjdk\Corretto8Src\installers\windows\zip\corretto-build\buildRoot\src\hotspot\src\share\vm\prims\jni.cpp, line 711]
Event: 22.278 Thread 0x0000021140106000 Exception <a 'sun/nio/fs/WindowsException'> (0x0000000781fe1088) thrown at [C:\wsjdk\Corretto8Src\installers\windows\zip\corretto-build\buildRoot\src\hotspot\src\share\vm\prims\jni.cpp, line 711]
Event: 22.278 Thread 0x0000021140102800 Exception <a 'sun/nio/fs/WindowsException'> (0x00000007832df218) thrown at [C:\wsjdk\Corretto8Src\installers\windows\zip\corretto-build\buildRoot\src\hotspot\src\share\vm\prims\jni.cpp, line 711]
Event: 22.278 Thread 0x0000021140107800 Exception <a 'sun/nio/fs/WindowsException'> (0x0000000782249600) thrown at [C:\wsjdk\Corretto8Src\installers\windows\zip\corretto-build\buildRoot\src\hotspot\src\share\vm\prims\jni.cpp, line 711]
Event: 22.278 Thread 0x00000211360df000 Exception <a 'sun/nio/fs/WindowsException'> (0x00000007814efe40) thrown at [C:\wsjdk\Corretto8Src\installers\windows\zip\corretto-build\buildRoot\src\hotspot\src\share\vm\prims\jni.cpp, line 711]
Event: 22.278 Thread 0x0000021140106000 Exception <a 'sun/nio/fs/WindowsException'> (0x0000000781fe1758) thrown at [C:\wsjdk\Corretto8Src\installers\windows\zip\corretto-build\buildRoot\src\hotspot\src\share\vm\prims\jni.cpp, line 711]

Events (10 events):
Event: 22.278 Thread 0x0000021140107800 DEOPT UNPACKING pc=0x000002110df375d8 sp=0x00000092a4cfe1f0 mode 1
Event: 22.278 Thread 0x0000021140106000 DEOPT UNPACKING pc=0x000002110df375d8 sp=0x00000092a4bfe270 mode 1
Event: 22.278 Thread 0x00000211360df000 DEOPT PACKING pc=0x000002110f4cd25c sp=0x00000092a4dfe1d0
Event: 22.278 Thread 0x00000211360df000 DEOPT UNPACKING pc=0x000002110df375d8 sp=0x00000092a4dfdf10 mode 1
Event: 22.278 Thread 0x0000021140106000 DEOPT PACKING pc=0x000002110e8672b5 sp=0x00000092a4bfe550
Event: 22.278 Thread 0x0000021140106000 DEOPT UNPACKING pc=0x000002110df375d8 sp=0x00000092a4bfe280 mode 1
Event: 22.278 Thread 0x0000021140106000 DEOPT PACKING pc=0x000002110f4cd25c sp=0x00000092a4bfe5c0
Event: 22.278 Thread 0x0000021140106000 DEOPT UNPACKING pc=0x000002110df375d8 sp=0x00000092a4bfe300 mode 1
Event: 22.279 Executing VM operation: RevokeBias
Event: 22.279 Executing VM operation: RevokeBias done


Dynamic libraries:
0x00007ff74e350000 - 0x00007ff74e38a000 	C:\Users\1zaia\.jdks\corretto-1.8.0_292\bin\java.exe
0x00007ff879960000 - 0x00007ff879b50000 	C:\Windows\SYSTEM32\ntdll.dll
0x00007ff878470000 - 0x00007ff878522000 	C:\Windows\System32\KERNEL32.DLL
0x00007ff8769d0000 - 0x00007ff876c75000 	C:\Windows\System32\KERNELBASE.dll
0x00007ff877ea0000 - 0x00007ff877f43000 	C:\Windows\System32\ADVAPI32.dll
0x00007ff878690000 - 0x00007ff87872e000 	C:\Windows\System32\msvcrt.dll
0x00007ff8783c0000 - 0x00007ff878457000 	C:\Windows\System32\sechost.dll
0x00007ff877a10000 - 0x00007ff877b2f000 	C:\Windows\System32\RPCRT4.dll
0x00007ff877be0000 - 0x00007ff877d74000 	C:\Windows\System32\USER32.dll
0x00007ff8778a0000 - 0x00007ff8778c1000 	C:\Windows\System32\win32u.dll
0x00007ff877e00000 - 0x00007ff877e26000 	C:\Windows\System32\GDI32.dll
0x00007ff877550000 - 0x00007ff8776e8000 	C:\Windows\System32\gdi32full.dll
0x00007ff8774b0000 - 0x00007ff87754e000 	C:\Windows\System32\msvcp_win.dll
0x00007ff8768d0000 - 0x00007ff8769ca000 	C:\Windows\System32\ucrtbase.dll
0x00007ff85d190000 - 0x00007ff85d414000 	C:\Windows\WinSxS\amd64_microsoft.windows.common-controls_6595b64144ccf1df_6.0.18362.1556_none_9e7e372fe45e41d5\COMCTL32.dll
0x00007ff877f50000 - 0x00007ff878286000 	C:\Windows\System32\combase.dll
0x00007ff877920000 - 0x00007ff8779a1000 	C:\Windows\System32\bcryptPrimitives.dll
0x00007ff879620000 - 0x00007ff87964e000 	C:\Windows\System32\IMM32.DLL
0x00007ff834d60000 - 0x00007ff834e4f000 	C:\Users\1zaia\.jdks\corretto-1.8.0_292\jre\bin\msvcr120.dll
0x00007ff83e7c0000 - 0x00007ff83e866000 	C:\Users\1zaia\.jdks\corretto-1.8.0_292\jre\bin\msvcp120.dll
0x0000000077550000 - 0x0000000077dbe000 	C:\Users\1zaia\.jdks\corretto-1.8.0_292\jre\bin\server\jvm.dll
0x00007ff879580000 - 0x00007ff879588000 	C:\Windows\System32\PSAPI.DLL
0x00007ff872c00000 - 0x00007ff872c24000 	C:\Windows\SYSTEM32\WINMM.dll
0x00007ff86fa30000 - 0x00007ff86fa3a000 	C:\Windows\SYSTEM32\VERSION.dll
0x00007ff872db0000 - 0x00007ff872db9000 	C:\Windows\SYSTEM32\WSOCK32.dll
0x00007ff879590000 - 0x00007ff8795ff000 	C:\Windows\System32\WS2_32.dll
0x00007ff872bd0000 - 0x00007ff872bfd000 	C:\Windows\SYSTEM32\winmmbase.dll
0x00007ff8778d0000 - 0x00007ff87791a000 	C:\Windows\System32\cfgmgr32.dll
0x00007ff866cb0000 - 0x00007ff866cbf000 	C:\Users\1zaia\.jdks\corretto-1.8.0_292\jre\bin\verify.dll
0x00007ff861480000 - 0x00007ff8614a9000 	C:\Users\1zaia\.jdks\corretto-1.8.0_292\jre\bin\java.dll
0x00007ff8641e0000 - 0x00007ff864215000 	C:\Users\1zaia\.jdks\corretto-1.8.0_292\jre\bin\jdwp.dll
0x00007ff866760000 - 0x00007ff866768000 	C:\Users\1zaia\.jdks\corretto-1.8.0_292\jre\bin\npt.dll
0x00007ff8641b0000 - 0x00007ff8641da000 	C:\Users\1zaia\.jdks\corretto-1.8.0_292\jre\bin\instrument.dll
0x00007ff862290000 - 0x00007ff8622a6000 	C:\Users\1zaia\.jdks\corretto-1.8.0_292\jre\bin\zip.dll
0x00007ff878c00000 - 0x00007ff8792e7000 	C:\Windows\System32\SHELL32.dll
0x00007ff879870000 - 0x00007ff879918000 	C:\Windows\System32\shcore.dll
0x00007ff876c80000 - 0x00007ff8773fb000 	C:\Windows\System32\windows.storage.dll
0x00007ff876820000 - 0x00007ff87683e000 	C:\Windows\System32\profapi.dll
0x00007ff876880000 - 0x00007ff8768ca000 	C:\Windows\System32\powrprof.dll
0x00007ff876810000 - 0x00007ff876820000 	C:\Windows\System32\UMPDC.dll
0x00007ff879660000 - 0x00007ff8796b2000 	C:\Windows\System32\shlwapi.dll
0x00007ff876860000 - 0x00007ff876871000 	C:\Windows\System32\kernel.appcore.dll
0x00007ff877880000 - 0x00007ff877897000 	C:\Windows\System32\cryptsp.dll
0x00007ff866740000 - 0x00007ff866749000 	C:\Users\1zaia\.jdks\corretto-1.8.0_292\jre\bin\dt_socket.dll
0x00007ff876050000 - 0x00007ff8760b7000 	C:\Windows\system32\mswsock.dll
0x00007ff866a10000 - 0x00007ff866a1d000 	C:\Users\1zaia\.jdks\corretto-1.8.0_292\jre\bin\management.dll
0x00007ff861be0000 - 0x00007ff861bfa000 	C:\Users\1zaia\.jdks\corretto-1.8.0_292\jre\bin\net.dll
0x00007ff84c0f0000 - 0x00007ff84c106000 	C:\Windows\system32\napinsp.dll
0x00007ff84bf80000 - 0x00007ff84bf9a000 	C:\Windows\system32\pnrpnsp.dll
0x00007ff8742a0000 - 0x00007ff8742bc000 	C:\Windows\system32\NLAapi.dll
0x00007ff875d60000 - 0x00007ff875d9a000 	C:\Windows\SYSTEM32\IPHLPAPI.DLL
0x00007ff875da0000 - 0x00007ff875e6b000 	C:\Windows\SYSTEM32\DNSAPI.dll
0x00007ff879650000 - 0x00007ff879658000 	C:\Windows\System32\NSI.dll
0x00007ff84c0e0000 - 0x00007ff84c0ee000 	C:\Windows\System32\winrnr.dll
0x00000000543d0000 - 0x00000000543f6000 	C:\Program Files\Bonjour\mdnsNSP.dll
0x00007ff8724f0000 - 0x00007ff872505000 	C:\Windows\system32\wshbth.dll
0x00007ff870c50000 - 0x00007ff870c5a000 	C:\Windows\System32\rasadhlp.dll
0x00007ff86f560000 - 0x00007ff86f5d7000 	C:\Windows\System32\fwpuclnt.dll
0x00007ff8776f0000 - 0x00007ff877716000 	C:\Windows\System32\bcrypt.dll
0x00007ff860be0000 - 0x00007ff860bf2000 	C:\Users\1zaia\.jdks\corretto-1.8.0_292\jre\bin\nio.dll
0x00007ff85c140000 - 0x00007ff85c163000 	C:\Users\1zaia\.jdks\corretto-1.8.0_292\jre\bin\sunec.dll
0x00007ff875bd0000 - 0x00007ff875c03000 	C:\Windows\system32\rsaenh.dll
0x00007ff876700000 - 0x00007ff876725000 	C:\Windows\SYSTEM32\USERENV.dll
0x00007ff876220000 - 0x00007ff87622c000 	C:\Windows\SYSTEM32\CRYPTBASE.dll
0x00007ff870200000 - 0x00007ff870216000 	C:\Windows\SYSTEM32\dhcpcsvc6.DLL
0x00007ff86f910000 - 0x00007ff86f92c000 	C:\Windows\SYSTEM32\dhcpcsvc.DLL
0x00007ff864130000 - 0x00007ff8641a2000 	C:\Users\1zaia\AppData\Local\Temp\lwjgl1zaia\3.2.2-build-10\lwjgl.dll
0x00007ff837550000 - 0x00007ff8377a1000 	C:\Users\1zaia\AppData\Local\Temp\lwjgl1zaia\3.2.2-build-10\jemalloc.dll
0x00007ff8640d0000 - 0x00007ff86412e000 	C:\Users\1zaia\AppData\Local\Temp\lwjgl1zaia\3.2.2-build-10\glfw.dll
0x00007ff874ab0000 - 0x00007ff874b49000 	C:\Windows\system32\uxtheme.dll
0x00007ff81d150000 - 0x00007ff81d193000 	C:\Windows\SYSTEM32\dinput8.dll
0x00007ff868240000 - 0x00007ff868251000 	C:\Windows\SYSTEM32\xinput1_4.dll
0x00007ff876600000 - 0x00007ff87662a000 	C:\Windows\SYSTEM32\DEVOBJ.dll
0x00007ff874f70000 - 0x00007ff874f9d000 	C:\Windows\SYSTEM32\dwmapi.dll
0x00007ff866210000 - 0x00007ff86632b000 	C:\Windows\SYSTEM32\inputhost.dll
0x00007ff8725f0000 - 0x00007ff872742000 	C:\Windows\SYSTEM32\wintypes.dll
0x00007ff874770000 - 0x00007ff874844000 	C:\Windows\SYSTEM32\CoreMessaging.dll
0x00007ff870ed0000 - 0x00007ff8711fa000 	C:\Windows\SYSTEM32\CoreUIComponents.dll
0x00007ff873160000 - 0x00007ff87324f000 	C:\Windows\SYSTEM32\PROPSYS.dll
0x00007ff8792f0000 - 0x00007ff8793b5000 	C:\Windows\System32\OLEAUT32.dll
0x00007ff875850000 - 0x00007ff875881000 	C:\Windows\SYSTEM32\ntmarta.dll
0x00007ff879440000 - 0x00007ff879575000 	C:\Windows\System32\MSCTF.dll
0x00007ff8753f0000 - 0x00007ff8753fe000 	C:\Windows\SYSTEM32\HID.DLL
0x00007ff878730000 - 0x00007ff878ba0000 	C:\Windows\System32\SETUPAPI.DLL
0x00007ff8779b0000 - 0x00007ff877a0c000 	C:\Windows\System32\WINTRUST.dll
0x00007ff876840000 - 0x00007ff876852000 	C:\Windows\System32\MSASN1.dll
0x00007ff877720000 - 0x00007ff877871000 	C:\Windows\System32\CRYPT32.dll
0x00007ff834720000 - 0x00007ff834876000 	C:\Windows\SYSTEM32\opengl32.dll
0x00007ff862790000 - 0x00007ff8627bc000 	C:\Windows\SYSTEM32\GLU32.dll
0x00007ff875450000 - 0x00007ff875470000 	C:\Windows\SYSTEM32\dxcore.dll
0x00007ffff4f70000 - 0x00007ffff794e000 	C:\Windows\System32\DriverStore\FileRepository\nvhdci.inf_amd64_5b345abba51a5621\nvoglv64.dll
0x00007ff878530000 - 0x00007ff878687000 	C:\Windows\System32\ole32.dll
0x00007ff872300000 - 0x00007ff872313000 	C:\Windows\SYSTEM32\WTSAPI32.dll
0x00007ff86e6b0000 - 0x00007ff86e6df000 	C:\Windows\SYSTEM32\cryptnet.dll
0x00007ff84b610000 - 0x00007ff84b8d3000 	C:\Windows\system32\nvspcap64.dll
0x00007ff8758c0000 - 0x00007ff875916000 	C:\Windows\SYSTEM32\WINSTA.dll
0x00007ff862d00000 - 0x00007ff862d7f000 	C:\Users\1zaia\AppData\Local\Temp\lwjgl1zaia\3.2.2-build-10\lwjgl_stb.dll
0x00007ff8702d0000 - 0x00007ff87037e000 	C:\Windows\SYSTEM32\mscms.dll
0x00007ff871e20000 - 0x00007ff871e37000 	C:\Windows\SYSTEM32\ColorAdapterClient.dll
0x00007ff81d600000 - 0x00007ff81d643000 	C:\Windows\SYSTEM32\icm32.dll
0x00007ff868350000 - 0x00007ff8683eb000 	C:\Windows\System32\TextInputFramework.dll
0x00007ff866330000 - 0x00007ff8665d7000 	C:\Windows\System32\iertutil.dll
0x00007ff877b30000 - 0x00007ff877bd2000 	C:\Windows\System32\clbcatq.dll
0x00007ff86c010000 - 0x00007ff86c03a000 	C:\Windows\System32\Speech\SpeechUX\SpTip.dll
0x00007ff81caa0000 - 0x00007ff81cb29000 	D:\Overwolf\0.173.0.16\OWExplorer.dll
0x00007ff864070000 - 0x00007ff8640c8000 	C:\Users\1zaia\AppData\Local\Temp\lwjgl1zaia\3.2.2-build-10\lwjgl_opengl.dll
0x00007ff866730000 - 0x00007ff86673c000 	C:\Users\1zaia\.jdks\corretto-1.8.0_292\jre\bin\sunmscapi.dll
0x00007ff876330000 - 0x00007ff876356000 	C:\Windows\SYSTEM32\ncrypt.dll
0x00007ff8762f0000 - 0x00007ff87632b000 	C:\Windows\SYSTEM32\NTASN1.dll
0x00007ff8645b0000 - 0x00007ff864787000 	C:\Windows\system32\urlmon.dll
0x00007ff862920000 - 0x00007ff862962000 	C:\Users\1zaia\AppData\Local\Temp\jna-48983600\jna5941043482515539897.dll
0x00007ff862ee0000 - 0x00007ff862efa000 	C:\Users\1zaia\OneDrive\Documents\GitHub\MoreTimeCapsules-1.16\build\natives\SAPIWrapper_x64.dll
0x00007ff81d7e0000 - 0x00007ff81d960000 	C:\Windows\System32\Speech\Common\sapi.dll
0x00007ff843c90000 - 0x00007ff843cac000 	C:\Windows\SYSTEM32\MSACM32.dll
0x00007ff868470000 - 0x00007ff86847b000 	C:\Windows\SYSTEM32\msdmo.dll
0x00007ff870d60000 - 0x00007ff870dd2000 	C:\Windows\System32\MMDevApi.dll

VM Arguments:
jvm_args: -agentlib:jdwp=transport=dt_socket,address=127.0.0.1:50097,suspend=y,server=n -Dforge.logging.console.level=debug -Dforge.logging.markers=SCAN,REGISTRIES,REGISTRYDUMP -XX:HeapDumpPath=MojangTricksIntelDriversForPerformance_javaw.exe_minecraft.exe.heapdump -Dos.name=Windows 10 -Dos.version=10.0 -javaagent:C:\Users\1zaia\AppData\Local\JetBrains\IdeaIC2020.3\groovyHotSwap\gragent.jar -javaagent:C:\Users\1zaia\AppData\Local\JetBrains\IdeaIC2020.3\captureAgent\debugger-agent.jar -Dfile.encoding=UTF-8 
java_command: net.minecraftforge.userdev.LaunchTesting
java_class_path (initial): C:\Users\1zaia\.jdks\corretto-1.8.0_292\jre\lib\charsets.jar;C:\Users\1zaia\.jdks\corretto-1.8.0_292\jre\lib\ext\access-bridge-64.jar;C:\Users\1zaia\.jdks\corretto-1.8.0_292\jre\lib\ext\cldrdata.jar;C:\Users\1zaia\.jdks\corretto-1.8.0_292\jre\lib\ext\dnsns.jar;C:\Users\1zaia\.jdks\corretto-1.8.0_292\jre\lib\ext\jaccess.jar;C:\Users\1zaia\.jdks\corretto-1.8.0_292\jre\lib\ext\jfxrt.jar;C:\Users\1zaia\.jdks\corretto-1.8.0_292\jre\lib\ext\localedata.jar;C:\Users\1zaia\.jdks\corretto-1.8.0_292\jre\lib\ext\nashorn.jar;C:\Users\1zaia\.jdks\corretto-1.8.0_292\jre\lib\ext\sunec.jar;C:\Users\1zaia\.jdks\corretto-1.8.0_292\jre\lib\ext\sunjce_provider.jar;C:\Users\1zaia\.jdks\corretto-1.8.0_292\jre\lib\ext\sunmscapi.jar;C:\Users\1zaia\.jdks\corretto-1.8.0_292\jre\lib\ext\sunpkcs11.jar;C:\Users\1zaia\.jdks\corretto-1.8.0_292\jre\lib\ext\zipfs.jar;C:\Users\1zaia\.jdks\corretto-1.8.0_292\jre\lib\jce.jar;C:\Users\1zaia\.jdks\corretto-1.8.0_292\jre\lib\jfr.jar;C:\Users\1zaia\.jdks\corretto-1.8.0_292\jre\lib\jfxswt.jar;C:\Users\1zaia\.jdks\corretto-1.8.0_292\jre\lib\jsse.jar;C:\Users\1zaia\.jdks\corretto-1.8.0_292\jre\lib\management-agent.jar;C:\Users\1zaia\.jdks\corretto-1.8.0_292\jre\lib\resources.jar;C:\Users\1zaia\.jdks\corretto-1.8.0_292\jre\lib\rt.jar;C:\Users\1zaia\OneDrive\Documents\GitHub\MoreTimeCapsules-1.16\build\classes\java\main;C:\Users\1zaia\OneDrive\Documents\GitHub\MoreTimeCapsules-1.16\build\resources\main;C:\Users\1zaia\.gradle\caches\forge_gradle\deobf_dependencies\com\gitlab\Spectre0987\TardisMod-1-14\1.16-SNAPSHOT_mapped_snapshot_20201028-1.16.3\TardisMod-1-14-1.16-SNAPSHOT_mapped_snapshot_20201028-1.16.3.jar;C:\Users\1zaia\.gradle\caches\forge_gradle\minecraft_user_repo\net\minecraftforge\forge\1.16.5-36.1.32_mapped_snapshot_20201028-1.16.3\forge-1.16.5-36.1.32_mapped_snapshot_20201028-1.16.3-recomp.jar;C:\Users\1zaia\.gradle\caches\forge_gradle\minecraft_user_repo\net\minecraftforge\forge\1.16.5-36.1.32_mapped_snapshot_20201028-1.
Launcher Type: SUN_STANDARD

Environment Variables:
JAVA_HOME=C:\Program Files\AdoptOpenJDK\jdk-8.0.282.8-hotspot
PATH=C:\Program Files (x86)\Common Files\Oracle\Java\javapath;C:\Program Files (x86)\Razer Chroma SDK\bin;C:\Program Files\Razer Chroma SDK\bin;C:\Program Files (x86)\Common Files\Intel\Shared Libraries\redist\intel64_win\compiler;C:\Program Files (x86)\Razer\ChromaBroadcast\bin;C:\Program Files\Razer\ChromaBroadcast\bin;C:\windows\system32;C:\windows;C:\windows\System32\Wbem;C:\windows\System32\WindowsPowerShell\v1.0\;C:\windows\System32\OpenSSH\;C:\Program Files (x86)\Intel\Intel(R) Management Engine Components\DAL;C:\Program Files\Intel\Intel(R) Management Engine Components\DAL;C:\Program Files (x86)\Intel\Intel(R) Management Engine Components\IPT;C:\Program Files\Intel\Intel(R) Management Engine Components\IPT;C:\Windows\system32;C:\Windows;C:\Windows\System32\Wbem;C:\Windows\System32\WindowsPowerShell\v1.0\;C:\Windows\System32\OpenSSH\;C:\Windows\system32\config\systemprofile\AppData\Local\Microsoft\WindowsApps;D:\Program Files\nodejs\;C:\Program Files (x86)\NVIDIA Corporation\PhysX\Common;C:\Program Files\NVIDIA Corporation\NVIDIA NvDLISR;C:\Program Files\remoteit\resources\x64;C:\Program Files\Git\cmd;C:\Users\1zaia\AppData\Local\Microsoft\WindowsApps;C:\Users\1zaia\AppData\Roaming\npm;D:\Users\1zaia\AppData\Local\Programs\Microsoft VS Code\bin;C:\Users\1zaia\spicetify-cli;D:\Program Files\JetBrains\IntelliJ IDEA Community Edition 2020.3.3\bin;;C:\Users\1zaia\AppData\Local\GitHubDesktop\bin
USERNAME=1zaia
OS=Windows_NT
PROCESSOR_IDENTIFIER=Intel64 Family 6 Model 158 Stepping 10, GenuineIntel



---------------  S Y S T E M  ---------------

OS: Windows 10.0 , 64 bit Build 18362 (10.0.18362.1500)

CPU:total 12 (initial active 12) (6 cores per cpu, 2 threads per core) family 6 model 158 stepping 10, cmov, cx8, fxsr, mmx, sse, sse2, sse3, ssse3, sse4.1, sse4.2, popcnt, avx, avx2, aes, clmul, erms, rtm, 3dnowpref, lzcnt, ht, tsc, tscinvbit, bmi1, bmi2, adx

Memory: 4k page, physical 33443044k(15556124k free), swap 135843044k(6064k free)

vm_info: OpenJDK 64-Bit Server VM (25.292-b10) for windows-amd64 JRE (1.8.0_292-b10), built on Apr 14 2021 23:06:53 by "Administrator" with MS VC++ 12.0 (VS2013)

time: Fri Jul 02 02:01:39 2021
timezone: Arab Standard Time
elapsed time: 22.301309 seconds (0d 0h 0m 22s)

