#
# There is insufficient memory for the Java Runtime Environment to continue.
# Native memory allocation (malloc) failed to allocate 2078400 bytes for Chunk::new
# Possible reasons:
#   The system is out of physical RAM or swap space
#   The process is running with CompressedOops enabled, and the Java Heap may be blocking the growth of the native heap
# Possible solutions:
#   Reduce memory load on the system
#   Increase physical memory or swap space
#   Check if swap backing store is full
#   Decrease Java heap size (-Xmx/-Xms)
#   Decrease number of Java threads
#   Decrease Java thread stack sizes (-Xss)
#   Set larger code cache with -XX:ReservedCodeCacheSize=
#   JVM is running with Zero Based Compressed Oops mode in which the Java heap is
#     placed in the first 32GB address space. The Java Heap base address is the
#     maximum limit for the native heap growth. Please use -XX:HeapBaseMinAddress
#     to set the Java Heap base and to place the Java Heap above 32GB virtual address.
# This output file may be truncated or incomplete.
#
#  Out of Memory Error (allocation.cpp:389), pid=76508, tid=0x0000000000012d94
#
# JRE version: OpenJDK Runtime Environment (8.0_292-b10) (build 1.8.0_292-b10)
# Java VM: OpenJDK 64-Bit Server VM (25.292-b10 mixed mode windows-amd64 compressed oops)
# Failed to write core dump. Minidumps are not enabled by default on client versions of Windows
#

---------------  T H R E A D  ---------------

Current thread (0x000002992ce5a800):  JavaThread "C2 CompilerThread0" daemon [_thread_in_native, id=77204, stack(0x000000c00e400000,0x000000c00e500000)]

Stack: [0x000000c00e400000,0x000000c00e500000]
[error occurred during error reporting (printing stack bounds), id 0xc0000005]

Native frames: (J=compiled Java code, j=interpreted, Vv=VM code, C=native code)


Current CompileTask:
C2:  11868 9340       4       org.objectweb.asm.ClassReader::accept (1383 bytes)


---------------  P R O C E S S  ---------------

Java Threads: ( => current thread )
  0x0000029940ed8800 JavaThread "Worker-Bootstrap-7" daemon [_thread_in_Java, id=77556, stack(0x000000c010000000,0x000000c010100000)]
  0x0000029940eda800 JavaThread "Worker-Bootstrap-6" daemon [_thread_in_Java, id=75760, stack(0x000000c00ff00000,0x000000c010000000)]
  0x0000029940eda000 JavaThread "Worker-Bootstrap-5" daemon [_thread_in_Java, id=77552, stack(0x000000c00fe00000,0x000000c00ff00000)]
  0x0000029940edd000 JavaThread "Worker-Bootstrap-4" daemon [_thread_in_Java, id=77544, stack(0x000000c00fd00000,0x000000c00fe00000)]
  0x0000029940edc000 JavaThread "Worker-Bootstrap-3" daemon [_thread_in_Java, id=72408, stack(0x000000c00fc00000,0x000000c00fd00000)]
  0x0000029940ed5000 JavaThread "Worker-Bootstrap-2" daemon [_thread_in_Java, id=77516, stack(0x000000c00fb00000,0x000000c00fc00000)]
  0x0000029940ed7800 JavaThread "Worker-Bootstrap-1" daemon [_thread_in_Java, id=73432, stack(0x000000c00fa00000,0x000000c00fb00000)]
  0x000002993aa84800 JavaThread "pool-3-thread-1" [_thread_blocked, id=77480, stack(0x000000c00f900000,0x000000c00fa00000)]
  0x0000029938d9c000 JavaThread "pool-2-thread-1" daemon [_thread_blocked, id=56240, stack(0x000000c00f800000,0x000000c00f900000)]
  0x000002992fb92800 JavaThread "Thread-3" daemon [_thread_in_vm, id=77188, stack(0x000000c00f500000,0x000000c00f600000)]
  0x000002992dc1b000 JavaThread "Thread-2" daemon [_thread_in_native, id=77340, stack(0x000000c00ec00000,0x000000c00ed00000)]
  0x000002992df63800 JavaThread "Thread-1" daemon [_thread_blocked, id=77364, stack(0x000000c00eb00000,0x000000c00ec00000)]
  0x000002992c96d800 JavaThread "ForkJoinPool.commonPool-worker-9" daemon [_thread_blocked, id=77328, stack(0x000000c00ea00000,0x000000c00eb00000)]
  0x000002992ceed800 JavaThread "Service Thread" daemon [_thread_blocked, id=77280, stack(0x000000c00e800000,0x000000c00e900000)]
  0x000002992ce32000 JavaThread "C1 CompilerThread3" daemon [_thread_blocked, id=77284, stack(0x000000c00e700000,0x000000c00e800000)]
  0x000002992ce5c000 JavaThread "C2 CompilerThread2" daemon [_thread_in_native, id=77288, stack(0x000000c00e600000,0x000000c00e700000)]
  0x000002992ce5b800 JavaThread "C2 CompilerThread1" daemon [_thread_in_native, id=77292, stack(0x000000c00e500000,0x000000c00e600000)]
=>0x000002992ce5a800 JavaThread "C2 CompilerThread0" daemon [_thread_in_native, id=77204, stack(0x000000c00e400000,0x000000c00e500000)]
  0x000002992c961000 JavaThread "JDWP Command Reader" daemon [_thread_in_native, id=77208, stack(0x000000c00e300000,0x000000c00e400000)]
  0x000002992c958000 JavaThread "JDWP Event Helper Thread" daemon [_thread_blocked, id=77212, stack(0x000000c00e200000,0x000000c00e300000)]
  0x000002992a62d000 JavaThread "JDWP Transport Listener: dt_socket" daemon [_thread_blocked, id=77088, stack(0x000000c00e100000,0x000000c00e200000)]
  0x000002992a620800 JavaThread "Attach Listener" daemon [_thread_blocked, id=77116, stack(0x000000c00e000000,0x000000c00e100000)]
  0x000002992a620000 JavaThread "Signal Dispatcher" daemon [_thread_blocked, id=77120, stack(0x000000c00df00000,0x000000c00e000000)]
  0x00000299060be000 JavaThread "Finalizer" daemon [_thread_blocked, id=77124, stack(0x000000c00de00000,0x000000c00df00000)]
  0x00000299060b6000 JavaThread "Reference Handler" daemon [_thread_blocked, id=77112, stack(0x000000c00dd00000,0x000000c00de00000)]
  0x000002990602c000 JavaThread "main" [_thread_blocked, id=77180, stack(0x000000c00d100000,0x000000c00d200000)]

Other Threads:
  0x000002992a5e3000 VMThread [stack: 0x000000c00dc00000,0x000000c00dd00000] [id=77152]
  0x000002992cef0800 WatcherThread [stack: 0x000000c00e900000,0x000000c00ea00000] [id=77268]

VM state:not at safepoint (normal execution)

VM Mutex/Monitor currently owned by a thread:  ([mutex/lock_event])
[0x000002990602aa40] AdapterHandlerLibrary_lock - owner thread: 0x000002992fb92800

heap address: 0x00000005c1a00000, size: 8166 MB, Compressed Oops mode: Zero based, Oop shift amount: 3
Narrow klass base: 0x0000000000000000, Narrow klass shift: 3
Compressed class space size: 1073741824 Address: 0x00000007c0000000

Heap:
 PSYoungGen      total 2178560K, used 578526K [0x0000000715e00000, 0x00000007b1700000, 0x00000007c0000000)
  eden space 2106880K, 27% used [0x0000000715e00000,0x000000073900d848,0x0000000796780000)
  from space 71680K, 4% used [0x0000000796780000,0x0000000796a6a190,0x000000079ad80000)
  to   space 69120K, 0% used [0x00000007ad380000,0x00000007ad380000,0x00000007b1700000)
 ParOldGen       total 499712K, used 181576K [0x00000005c1a00000, 0x00000005e0200000, 0x0000000715e00000)
  object space 499712K, 36% used [0x00000005c1a00000,0x00000005ccb523b8,0x00000005e0200000)
 Metaspace       used 61918K, capacity 67730K, committed 67956K, reserved 1107968K
  class space    used 8777K, capacity 10328K, committed 10356K, reserved 1048576K

Card table byte_map: [0x0000029916f70000,0x0000029917f70000] byte_map_base: 0x0000029914163000

Marking Bits: (ParMarkBitMap*) 0x0000000077d3f7f0
 Begin Bits: [0x0000029918a20000, 0x00000299209b8000)
 End Bits:   [0x00000299209b8000, 0x0000029928950000)

Polling page: 0x0000029906280000

CodeCache: size=245760Kb used=25246Kb max_used=25246Kb free=220513Kb
 bounds [0x0000029907bb0000, 0x0000029909480000, 0x0000029916bb0000]
 total_blobs=8963 nmethods=7617 adapters=1264
 compilation: enabled

Compilation events (10 events):
Event: 11.806 Thread 0x000002992ce5c000 nmethod 9384 0x000002990942a110 code [0x000002990942a2c0, 0x000002990942a750]
Event: 11.806 Thread 0x000002992ce5c000 9383       4       org.objectweb.asm.Frame::getAbstractTypeFromDescriptor (415 bytes)
Event: 11.825 Thread 0x000002992ce32000 9390       3       net.minecraftforge.eventbus.service.ModLauncherService::processClassWithFlags (23 bytes)
Event: 11.825 Thread 0x000002992ce32000 nmethod 9390 0x000002990941a910 code [0x000002990941aaa0, 0x000002990941aec0]
Event: 11.842 Thread 0x000002992ce32000 9391       3       org.objectweb.asm.Type::getDescriptor (93 bytes)
Event: 11.843 Thread 0x000002992ce32000 nmethod 9391 0x0000029909424790 code [0x0000029909424a20, 0x0000029909425d50]
Event: 11.855 Thread 0x000002992ce5c000 nmethod 9383 0x000002990946c850 code [0x000002990946cca0, 0x000002990946f138]
Event: 11.855 Thread 0x000002992ce5c000 9389       4       org.objectweb.asm.Type::getArgumentsAndReturnSizes (140 bytes)
Event: 11.862 Thread 0x000002992ce5c000 nmethod 9389 0x0000029909419bd0 code [0x0000029909419d40, 0x000002990941a398]
Event: 11.862 Thread 0x000002992ce5c000 9388       4       org.objectweb.asm.SymbolTable::addType (81 bytes)

GC Heap History (10 events):
Event: 10.494 GC heap before
{Heap before GC invocations=16 (full 3):
 PSYoungGen      total 1393664K, used 1320576K [0x0000000715e00000, 0x0000000771300000, 0x00000007c0000000)
  eden space 1317888K, 100% used [0x0000000715e00000,0x0000000766500000,0x0000000766500000)
  from space 75776K, 3% used [0x000000076af80000,0x000000076b220010,0x000000076f980000)
  to   space 76288K, 0% used [0x0000000766500000,0x0000000766500000,0x000000076af80000)
 ParOldGen       total 499712K, used 176570K [0x00000005c1a00000, 0x00000005e0200000, 0x0000000715e00000)
  object space 499712K, 35% used [0x00000005c1a00000,0x00000005cc66e950,0x00000005e0200000)
 Metaspace       used 58267K, capacity 63706K, committed 63860K, reserved 1103872K
  class space    used 8091K, capacity 9485K, committed 9588K, reserved 1048576K
Event: 10.500 GC heap after
Heap after GC invocations=16 (full 3):
 PSYoungGen      total 1394176K, used 3000K [0x0000000715e00000, 0x0000000787780000, 0x00000007c0000000)
  eden space 1317888K, 0% used [0x0000000715e00000,0x0000000715e00000,0x0000000766500000)
  from space 76288K, 3% used [0x0000000766500000,0x00000007667ee1e8,0x000000076af80000)
  to   space 75776K, 0% used [0x0000000782d80000,0x0000000782d80000,0x0000000787780000)
 ParOldGen       total 499712K, used 178858K [0x00000005c1a00000, 0x00000005e0200000, 0x0000000715e00000)
  object space 499712K, 35% used [0x00000005c1a00000,0x00000005cc8aa960,0x00000005e0200000)
 Metaspace       used 58267K, capacity 63706K, committed 63860K, reserved 1103872K
  class space    used 8091K, capacity 9485K, committed 9588K, reserved 1048576K
}
Event: 10.707 GC heap before
{Heap before GC invocations=17 (full 3):
 PSYoungGen      total 1394176K, used 1320888K [0x0000000715e00000, 0x0000000787780000, 0x00000007c0000000)
  eden space 1317888K, 100% used [0x0000000715e00000,0x0000000766500000,0x0000000766500000)
  from space 76288K, 3% used [0x0000000766500000,0x00000007667ee1e8,0x000000076af80000)
  to   space 75776K, 0% used [0x0000000782d80000,0x0000000782d80000,0x0000000787780000)
 ParOldGen       total 499712K, used 178858K [0x00000005c1a00000, 0x00000005e0200000, 0x0000000715e00000)
  object space 499712K, 35% used [0x00000005c1a00000,0x00000005cc8aa960,0x00000005e0200000)
 Metaspace       used 58892K, capacity 64410K, committed 64500K, reserved 1103872K
  class space    used 8255K, capacity 9657K, committed 9716K, reserved 1048576K
Event: 10.714 GC heap after
Heap after GC invocations=17 (full 3):
 PSYoungGen      total 1769984K, used 544K [0x0000000715e00000, 0x0000000786f80000, 0x00000007c0000000)
  eden space 1702400K, 0% used [0x0000000715e00000,0x0000000715e00000,0x000000077dc80000)
  from space 67584K, 0% used [0x0000000782d80000,0x0000000782e08000,0x0000000786f80000)
  to   space 75264K, 0% used [0x000000077dc80000,0x000000077dc80000,0x0000000782600000)
 ParOldGen       total 499712K, used 181272K [0x00000005c1a00000, 0x00000005e0200000, 0x0000000715e00000)
  object space 499712K, 36% used [0x00000005c1a00000,0x00000005ccb063b8,0x00000005e0200000)
 Metaspace       used 58892K, capacity 64410K, committed 64500K, reserved 1103872K
  class space    used 8255K, capacity 9657K, committed 9716K, reserved 1048576K
}
Event: 11.089 GC heap before
{Heap before GC invocations=18 (full 3):
 PSYoungGen      total 1769984K, used 1702944K [0x0000000715e00000, 0x0000000786f80000, 0x00000007c0000000)
  eden space 1702400K, 100% used [0x0000000715e00000,0x000000077dc80000,0x000000077dc80000)
  from space 67584K, 0% used [0x0000000782d80000,0x0000000782e08000,0x0000000786f80000)
  to   space 75264K, 0% used [0x000000077dc80000,0x000000077dc80000,0x0000000782600000)
 ParOldGen       total 499712K, used 181272K [0x00000005c1a00000, 0x00000005e0200000, 0x0000000715e00000)
  object space 499712K, 36% used [0x00000005c1a00000,0x00000005ccb063b8,0x00000005e0200000)
 Metaspace       used 60006K, capacity 65614K, committed 65780K, reserved 1105920K
  class space    used 8438K, capacity 9858K, committed 9972K, reserved 1048576K
Event: 11.094 GC heap after
Heap after GC invocations=18 (full 3):
 PSYoungGen      total 1777664K, used 2030K [0x0000000715e00000, 0x00000007a2080000, 0x00000007c0000000)
  eden space 1702400K, 0% used [0x0000000715e00000,0x0000000715e00000,0x000000077dc80000)
  from space 75264K, 2% used [0x000000077dc80000,0x000000077de7b920,0x0000000782600000)
  to   space 73728K, 0% used [0x000000079d880000,0x000000079d880000,0x00000007a2080000)
 ParOldGen       total 499712K, used 181560K [0x00000005c1a00000, 0x00000005e0200000, 0x0000000715e00000)
  object space 499712K, 36% used [0x00000005c1a00000,0x00000005ccb4e3b8,0x00000005e0200000)
 Metaspace       used 60006K, capacity 65614K, committed 65780K, reserved 1105920K
  class space    used 8438K, capacity 9858K, committed 9972K, reserved 1048576K
}
Event: 11.394 GC heap before
{Heap before GC invocations=19 (full 3):
 PSYoungGen      total 1777664K, used 1704430K [0x0000000715e00000, 0x00000007a2080000, 0x00000007c0000000)
  eden space 1702400K, 100% used [0x0000000715e00000,0x000000077dc80000,0x000000077dc80000)
  from space 75264K, 2% used [0x000000077dc80000,0x000000077de7b920,0x0000000782600000)
  to   space 73728K, 0% used [0x000000079d880000,0x000000079d880000,0x00000007a2080000)
 ParOldGen       total 499712K, used 181560K [0x00000005c1a00000, 0x00000005e0200000, 0x0000000715e00000)
  object space 499712K, 36% used [0x00000005c1a00000,0x00000005ccb4e3b8,0x00000005e0200000)
 Metaspace       used 60657K, capacity 66348K, committed 66420K, reserved 1105920K
  class space    used 8552K, capacity 10047K, committed 10100K, reserved 1048576K
Event: 11.397 GC heap after
Heap after GC invocations=19 (full 3):
 PSYoungGen      total 2134528K, used 2368K [0x0000000715e00000, 0x000000079f380000, 0x00000007c0000000)
  eden space 2106880K, 0% used [0x0000000715e00000,0x0000000715e00000,0x0000000796780000)
  from space 27648K, 8% used [0x000000079d880000,0x000000079dad0010,0x000000079f380000)
  to   space 71680K, 0% used [0x0000000796780000,0x0000000796780000,0x000000079ad80000)
 ParOldGen       total 499712K, used 181568K [0x00000005c1a00000, 0x00000005e0200000, 0x0000000715e00000)
  object space 499712K, 36% used [0x00000005c1a00000,0x00000005ccb503b8,0x00000005e0200000)
 Metaspace       used 60657K, capacity 66348K, committed 66420K, reserved 1105920K
  class space    used 8552K, capacity 10047K, committed 10100K, reserved 1048576K
}
Event: 11.753 GC heap before
{Heap before GC invocations=20 (full 3):
 PSYoungGen      total 2134528K, used 2109248K [0x0000000715e00000, 0x000000079f380000, 0x00000007c0000000)
  eden space 2106880K, 100% used [0x0000000715e00000,0x0000000796780000,0x0000000796780000)
  from space 27648K, 8% used [0x000000079d880000,0x000000079dad0010,0x000000079f380000)
  to   space 71680K, 0% used [0x0000000796780000,0x0000000796780000,0x000000079ad80000)
 ParOldGen       total 499712K, used 181568K [0x00000005c1a00000, 0x00000005e0200000, 0x0000000715e00000)
  object space 499712K, 36% used [0x00000005c1a00000,0x00000005ccb503b8,0x00000005e0200000)
 Metaspace       used 61709K, capacity 67498K, committed 67700K, reserved 1105920K
  class space    used 8737K, capacity 10294K, committed 10356K, reserved 1048576K
Event: 11.758 GC heap after
Heap after GC invocations=20 (full 3):
 PSYoungGen      total 2178560K, used 2984K [0x0000000715e00000, 0x00000007b1700000, 0x00000007c0000000)
  eden space 2106880K, 0% used [0x0000000715e00000,0x0000000715e00000,0x0000000796780000)
  from space 71680K, 4% used [0x0000000796780000,0x0000000796a6a190,0x000000079ad80000)
  to   space 69120K, 0% used [0x00000007ad380000,0x00000007ad380000,0x00000007b1700000)
 ParOldGen       total 499712K, used 181576K [0x00000005c1a00000, 0x00000005e0200000, 0x0000000715e00000)
  object space 499712K, 36% used [0x00000005c1a00000,0x00000005ccb523b8,0x00000005e0200000)
 Metaspace       used 61709K, capacity 67498K, committed 67700K, reserved 1105920K
  class space    used 8737K, capacity 10294K, committed 10356K, reserved 1048576K
}

Deoptimization events (10 events):
Event: 10.920 Thread 0x000002993aa84800 Uncommon trap: reason=array_check action=maybe_recompile pc=0x000002990918f130 method=com.google.common.collect.ImmutableSet.construct(I[Ljava/lang/Object;)Lcom/google/common/collect/ImmutableSet; @ 122
Event: 11.113 Thread 0x000002993aa84800 Uncommon trap: reason=unstable_if action=reinterpret pc=0x00000299092c6af0 method=java.lang.invoke.InnerClassLambdaMetafactory.getOpcodeOffset(Ljava/lang/Class;)I @ 20
Event: 11.141 Thread 0x000002993aa84800 Uncommon trap: reason=class_check action=maybe_recompile pc=0x00000299092d8224 method=java.util.stream.ReferencePipeline$7$1.accept(Ljava/lang/Object;)V @ 36
Event: 11.141 Thread 0x000002993aa84800 Uncommon trap: reason=class_check action=maybe_recompile pc=0x00000299092d8224 method=java.util.stream.ReferencePipeline$7$1.accept(Ljava/lang/Object;)V @ 36
Event: 11.141 Thread 0x000002993aa84800 Uncommon trap: reason=class_check action=maybe_recompile pc=0x00000299092d8224 method=java.util.stream.ReferencePipeline$7$1.accept(Ljava/lang/Object;)V @ 36
Event: 11.141 Thread 0x000002993aa84800 Uncommon trap: reason=class_check action=maybe_recompile pc=0x00000299092d8224 method=java.util.stream.ReferencePipeline$7$1.accept(Ljava/lang/Object;)V @ 36
Event: 11.849 Thread 0x000002993aa84800 Uncommon trap: reason=speculate_class_check action=maybe_recompile pc=0x0000029907d29fc8 method=java.util.concurrent.locks.ReentrantReadWriteLock$Sync.tryAcquireShared(I)I @ 33
Event: 11.849 Thread 0x000002993aa84800 Uncommon trap: reason=speculate_class_check action=maybe_recompile pc=0x0000029907d29fc8 method=java.util.concurrent.locks.ReentrantReadWriteLock$Sync.tryAcquireShared(I)I @ 33
Event: 11.849 Thread 0x000002993aa84800 Uncommon trap: reason=speculate_class_check action=maybe_recompile pc=0x0000029907d29fc8 method=java.util.concurrent.locks.ReentrantReadWriteLock$Sync.tryAcquireShared(I)I @ 33
Event: 11.849 Thread 0x000002993aa84800 Uncommon trap: reason=speculate_class_check action=maybe_recompile pc=0x0000029907d29fc8 method=java.util.concurrent.locks.ReentrantReadWriteLock$Sync.tryAcquireShared(I)I @ 33

Classes redefined (0 events):
No events

Internal exceptions (10 events):
Event: 11.841 Thread 0x000002993aa84800 Exception <a 'sun/nio/fs/WindowsException'> (0x000000072e555fd8) thrown at [C:\wsjdk\Corretto8Src\installers\windows\zip\corretto-build\buildRoot\src\hotspot\src\share\vm\prims\jni.cpp, line 711]
Event: 11.841 Thread 0x000002993aa84800 Exception <a 'sun/nio/fs/WindowsException'> (0x000000072e556b38) thrown at [C:\wsjdk\Corretto8Src\installers\windows\zip\corretto-build\buildRoot\src\hotspot\src\share\vm\prims\jni.cpp, line 711]
Event: 11.841 Thread 0x000002993aa84800 Exception <a 'sun/nio/fs/WindowsException'> (0x000000072e5578b0) thrown at [C:\wsjdk\Corretto8Src\installers\windows\zip\corretto-build\buildRoot\src\hotspot\src\share\vm\prims\jni.cpp, line 711]
Event: 11.841 Thread 0x000002993aa84800 Exception <a 'sun/nio/fs/WindowsException'> (0x000000072e5583f8) thrown at [C:\wsjdk\Corretto8Src\installers\windows\zip\corretto-build\buildRoot\src\hotspot\src\share\vm\prims\jni.cpp, line 711]
Event: 11.850 Thread 0x000002993aa84800 Exception <a 'sun/nio/fs/WindowsException'> (0x000000072e5a1c20) thrown at [C:\wsjdk\Corretto8Src\installers\windows\zip\corretto-build\buildRoot\src\hotspot\src\share\vm\prims\jni.cpp, line 711]
Event: 11.850 Thread 0x000002993aa84800 Exception <a 'sun/nio/fs/WindowsException'> (0x000000072e5a2640) thrown at [C:\wsjdk\Corretto8Src\installers\windows\zip\corretto-build\buildRoot\src\hotspot\src\share\vm\prims\jni.cpp, line 711]
Event: 11.850 Thread 0x000002993aa84800 Exception <a 'sun/nio/fs/WindowsException'> (0x000000072e5a38b0) thrown at [C:\wsjdk\Corretto8Src\installers\windows\zip\corretto-build\buildRoot\src\hotspot\src\share\vm\prims\jni.cpp, line 711]
Event: 11.850 Thread 0x000002993aa84800 Exception <a 'sun/nio/fs/WindowsException'> (0x000000072e5a42f0) thrown at [C:\wsjdk\Corretto8Src\installers\windows\zip\corretto-build\buildRoot\src\hotspot\src\share\vm\prims\jni.cpp, line 711]
Event: 11.851 Thread 0x000002993aa84800 Exception <a 'sun/nio/fs/WindowsException'> (0x000000072e5a5030) thrown at [C:\wsjdk\Corretto8Src\installers\windows\zip\corretto-build\buildRoot\src\hotspot\src\share\vm\prims\jni.cpp, line 711]
Event: 11.851 Thread 0x000002993aa84800 Exception <a 'sun/nio/fs/WindowsException'> (0x000000072e5a5a50) thrown at [C:\wsjdk\Corretto8Src\installers\windows\zip\corretto-build\buildRoot\src\hotspot\src\share\vm\prims\jni.cpp, line 711]

Events (10 events):
Event: 11.855 loading class net/minecraftforge/eventbus/api/IEventListener
Event: 11.855 loading class net/minecraftforge/eventbus/api/IEventListener done
Event: 11.855 Thread 0x000002993aa84800 DEOPT PACKING pc=0x0000029907e1f389 sp=0x000000c00f9fb570
Event: 11.855 Thread 0x000002993aa84800 DEOPT UNPACKING pc=0x0000029907bf75d8 sp=0x000000c00f9fb2c0 mode 1
Event: 11.855 Thread 0x000002993aa84800 DEOPT PACKING pc=0x0000029908cb8010 sp=0x000000c00f9fb5f0
Event: 11.855 Thread 0x000002993aa84800 DEOPT UNPACKING pc=0x0000029907bf75d8 sp=0x000000c00f9fb2c0 mode 1
Event: 11.856 loading class net/minecraftforge/eventbus/ListenerList
Event: 11.856 loading class net/minecraftforge/eventbus/ListenerList done
Event: 11.856 loading class net/minecraftforge/eventbus/ListenerList
Event: 11.856 loading class net/minecraftforge/eventbus/ListenerList done


Dynamic libraries:
0x00007ff74e350000 - 0x00007ff74e38a000 	C:\Users\1zaia\.jdks\corretto-1.8.0_292\bin\java.exe
0x00007ff879960000 - 0x00007ff879b50000 	C:\Windows\SYSTEM32\ntdll.dll
0x00007ff878470000 - 0x00007ff878522000 	C:\Windows\System32\KERNEL32.DLL
0x00007ff8769d0000 - 0x00007ff876c75000 	C:\Windows\System32\KERNELBASE.dll
0x00007ff877ea0000 - 0x00007ff877f43000 	C:\Windows\System32\TextInputFramework.dll
0x00007ff878690000 - 0x00007ff87872e000 	C:\Windows\System32\msvcrt.dll
0x00007ff8783c0000 - 0x00007ff878457000 	C:\Windows\System32\sechost.dll
0x00007ff877a10000 - 0x00007ff877b2f000 	C:\Windows\System32\RPCRT4.dll
0x00007ff877be0000 - 0x00007ff877d74000 	C:\Windows\System32\USER32.dll
0x00007ff8778a0000 - 0x00007ff8778c1000 	C:\Windows\System32\win32u.dll
0x00007ff877e00000 - 0x00007ff877e26000 	C:\Windows\System32\GDI32.dll
0x00007ff877550000 - 0x00007ff8776e8000 	C:\Windows\System32\gdi32full.dll
0x00007ff8774b0000 - 0x00007ff87754e000 	C:\Windows\System32\msvcp_win.dll
0x00007ff8768d0000 - 0x00007ff8769ca000 	C:\Windows\System32\ucrtbase.dll
0x00007ff85d190000 - 0x00007ff85d414000 	C:\Windows\System32\clbcatq.dll
0x00007ff877f50000 - 0x00007ff878286000 	C:\Windows\System32\combase.dll
0x00007ff877920000 - 0x00007ff8779a1000 	C:\Windows\System32\bcryptPrimitives.dll
0x00007ff879620000 - 0x00007ff87964e000 	C:\Windows\System32\IMM32.DLL
0x00007ff834d60000 - 0x00007ff834e4f000 	C:\Users\1zaia\.jdks\corretto-1.8.0_292\jre\bin\msvcr120.dll
0x00007ff83e7c0000 - 0x00007ff83e866000 	C:\Users\1zaia\.jdks\corretto-1.8.0_292\jre\bin\msvcp120.dll
0x0000000077550000 - 0x0000000077dbe000 	C:\Users\1zaia\.jdks\corretto-1.8.0_292\jre\bin\server\jvm.dll
0x00007ff879580000 - 0x00007ff879588000 	C:\Windows\System32\PSAPI.DLL
0x00007ff872db0000 - 0x00007ff872db9000 	C:\Windows\SYSTEM32\WSOCK32.dll
0x00007ff879590000 - 0x00007ff8795ff000 	C:\Windows\System32\WS2_32.dll
0x00007ff86fa30000 - 0x00007ff86fa3a000 	C:\Windows\SYSTEM32\VERSION.dll
0x00007ff872c00000 - 0x00007ff872c24000 	C:\Windows\SYSTEM32\WINMM.dll
0x00007ff872bd0000 - 0x00007ff872bfd000 	C:\Windows\SYSTEM32\winmmbase.dll
0x00007ff8778d0000 - 0x00007ff87791a000 	C:\Windows\System32\cfgmgr32.dll
0x00007ff866cb0000 - 0x00007ff866cbf000 	C:\Windows\System32\ADVAPI32.dll
0x00007ff861480000 - 0x00007ff8614a9000 	C:\Windows\System32\USER32.dll
0x00007ff842600000 - 0x00007ff842635000 	C:\Windows\System32\gdi32full.dll
0x00007ff871920000 - 0x00007ff871928000 	C:\Windows\WinSxS\amd64_microsoft.windows.common-controls_6595b64144ccf1df_6.0.18362.1556_none_9e7e372fe45e41d5\COMCTL32.dll
0x00007ff859960000 - 0x00007ff85998a000 	C:\Windows\System32\bcryptPrimitives.dll
0x00007ff862290000 - 0x00007ff8622a6000 	C:\Users\1zaia\.jdks\corretto-1.8.0_292\jre\bin\msvcr120.dll
0x00007ff878c00000 - 0x00007ff8792e7000 	C:\Users\1zaia\.jdks\corretto-1.8.0_292\jre\bin\server\jvm.dll
0x00007ff879870000 - 0x00007ff879918000 	C:\Windows\SYSTEM32\WSOCK32.dll
0x00007ff876c80000 - 0x00007ff8773fb000 	C:\Windows\System32\windows.storage.dll
0x00007ff876820000 - 0x00007ff87683e000 	C:\Windows\SYSTEM32\WINMM.dll
0x00007ff876880000 - 0x00007ff8768ca000 	C:\Windows\System32\cfgmgr32.dll
0x00007ff876810000 - 0x00007ff876820000 	C:\Windows\System32\UMPDC.dll
0x00007ff879660000 - 0x00007ff8796b2000 	C:\Users\1zaia\.jdks\corretto-1.8.0_292\jre\bin\jdwp.dll
0x00007ff876860000 - 0x00007ff876871000 	C:\Windows\System32\kernel.appcore.dll
0x00007ff877880000 - 0x00007ff877897000 	C:\Users\1zaia\.jdks\corretto-1.8.0_292\jre\bin\zip.dll
0x00007ff8681c0000 - 0x00007ff8681c9000 	C:\Windows\System32\shcore.dll
0x00007ff876050000 - 0x00007ff8760b7000 	C:\Windows\system32\mswsock.dll
0x00007ff866a10000 - 0x00007ff866a1d000 	C:\Windows\System32\powrprof.dll
0x00007ff861be0000 - 0x00007ff861bfa000 	C:\Users\1zaia\.jdks\corretto-1.8.0_292\jre\bin\net.dll
0x00007ff84c0f0000 - 0x00007ff84c106000 	C:\Windows\System32\kernel.appcore.dll
0x00007ff84bf80000 - 0x00007ff84bf9a000 	C:\Windows\System32\cryptsp.dll
0x00007ff8742a0000 - 0x00007ff8742bc000 	C:\Windows\system32\NLAapi.dll
0x00007ff875d60000 - 0x00007ff875d9a000 	C:\Users\1zaia\.jdks\corretto-1.8.0_292\jre\bin\management.dll
0x00007ff875da0000 - 0x00007ff875e6b000 	C:\Windows\SYSTEM32\DNSAPI.dll
0x00007ff879650000 - 0x00007ff879658000 	C:\Windows\system32\pnrpnsp.dll
0x00007ff84c0e0000 - 0x00007ff84c0ee000 	C:\Windows\system32\NLAapi.dll
0x00000000543d0000 - 0x00000000543f6000 	C:\Program Files\Bonjour\mdnsNSP.dll
0x00007ff8724f0000 - 0x00007ff872505000 	C:\Windows\system32\wshbth.dll
0x00007ff870c50000 - 0x00007ff870c5a000 	C:\Windows\System32\winrnr.dll
0x00007ff86f560000 - 0x00007ff86f5d7000 	C:\Program Files\Bonjour\mdnsNSP.dll
0x00007ff8776f0000 - 0x00007ff877716000 	C:\Windows\System32\rasadhlp.dll
0x00007ff860be0000 - 0x00007ff860bf2000 	C:\Windows\System32\fwpuclnt.dll
0x00007ff85c140000 - 0x00007ff85c163000 	C:\Users\1zaia\.jdks\corretto-1.8.0_292\jre\bin\sunec.dll
0x00007ff875bd0000 - 0x00007ff875c03000 	C:\Windows\system32\rsaenh.dll
0x00007ff876700000 - 0x00007ff876725000 	C:\Windows\system32\rsaenh.dll
0x00007ff876220000 - 0x00007ff87622c000 	C:\Windows\SYSTEM32\USERENV.dll
0x00007ff870200000 - 0x00007ff870216000 	C:\Windows\SYSTEM32\CRYPTBASE.dll
0x00007ff86f910000 - 0x00007ff86f92c000 	C:\Windows\SYSTEM32\dhcpcsvc.DLL
0x00007ff838730000 - 0x00007ff8387a2000 	C:\Users\1zaia\AppData\Local\Temp\lwjgl1zaia\3.2.2-build-10\lwjgl.dll
0x00007ff8261b0000 - 0x00007ff826401000 	C:\Users\1zaia\AppData\Local\Temp\lwjgl1zaia\3.2.2-build-10\jemalloc.dll
0x00007ff83a270000 - 0x00007ff83a2ce000 	C:\Users\1zaia\AppData\Local\Temp\lwjgl1zaia\3.2.2-build-10\glfw.dll
0x00007ff874ab0000 - 0x00007ff874b49000 	C:\Windows\system32\uxtheme.dll
0x00007ff81d150000 - 0x00007ff81d193000 	C:\Windows\SYSTEM32\dinput8.dll
0x00007ff861a20000 - 0x00007ff861a31000 	C:\Windows\SYSTEM32\xinput1_4.dll
0x00007ff876600000 - 0x00007ff87662a000 	C:\Windows\SYSTEM32\dwmapi.dll
0x00007ff874f70000 - 0x00007ff874f9d000 	C:\Windows\SYSTEM32\dwmapi.dll
0x00007ff866210000 - 0x00007ff86632b000 	C:\Windows\SYSTEM32\inputhost.dll
0x00007ff874770000 - 0x00007ff874844000 	C:\Windows\SYSTEM32\CoreMessaging.dll
0x00007ff870ed0000 - 0x00007ff8711fa000 	C:\Windows\SYSTEM32\wintypes.dll
0x00007ff873160000 - 0x00007ff87324f000 	C:\Windows\System32\OLEAUT32.dll
0x00007ff8725f0000 - 0x00007ff872742000 	C:\Windows\SYSTEM32\ntmarta.dll
0x00007ff8792f0000 - 0x00007ff8793b5000 	C:\Windows\System32\OLEAUT32.dll
0x00007ff875850000 - 0x00007ff875881000 	C:\Windows\SYSTEM32\ntmarta.dll
0x00007ff879440000 - 0x00007ff879575000 	C:\Windows\System32\MSCTF.dll
0x00007ff8753f0000 - 0x00007ff8753fe000 	C:\Windows\SYSTEM32\HID.DLL
0x00007ff878730000 - 0x00007ff878ba0000 	C:\Windows\System32\CRYPT32.dll
0x00007ff8779b0000 - 0x00007ff877a0c000 	C:\Windows\SYSTEM32\opengl32.dll
0x00007ff876840000 - 0x00007ff876852000 	C:\Windows\SYSTEM32\GLU32.dll
0x00007ff877720000 - 0x00007ff877871000 	C:\Windows\SYSTEM32\dxcore.dll
0x00007ff834720000 - 0x00007ff834876000 	C:\Windows\SYSTEM32\opengl32.dll
0x00007ff862790000 - 0x00007ff8627bc000 	C:\Windows\SYSTEM32\GLU32.dll
0x00007ff875450000 - 0x00007ff875470000 	C:\Windows\SYSTEM32\dxcore.dll
0x00007ff806f30000 - 0x00007ff80990e000 	C:\Windows\System32\DriverStore\FileRepository\nvhdci.inf_amd64_5b345abba51a5621\nvoglv64.dll
0x00007ff878530000 - 0x00007ff878687000 	C:\Windows\SYSTEM32\WINSTA.dll
0x00007ff872300000 - 0x00007ff872313000 	C:\Users\1zaia\AppData\Local\Temp\lwjgl1zaia\3.2.2-build-10\lwjgl_stb.dll
0x00007ff86e6b0000 - 0x00007ff86e6df000 	C:\Windows\SYSTEM32\mscms.dll
0x00007ff84b610000 - 0x00007ff84b8d3000 	C:\Windows\SYSTEM32\ColorAdapterClient.dll
0x00007ff8758c0000 - 0x00007ff875916000 	C:\Windows\SYSTEM32\icm32.dll
0x00007ff836210000 - 0x00007ff83628f000 	C:\Users\1zaia\AppData\Local\Temp\lwjgl1zaia\3.2.2-build-10\lwjgl_stb.dll
0x00007ff8702d0000 - 0x00007ff87037e000 	C:\Windows\SYSTEM32\mscms.dll
0x00007ff871e20000 - 0x00007ff871e37000 	C:\Windows\System32\Speech\SpeechUX\SpTip.dll
0x00007ff81d600000 - 0x00007ff81d643000 	D:\Overwolf\0.173.0.16\OWExplorer.dll
0x00007ff868350000 - 0x00007ff8683eb000 	C:\Users\1zaia\AppData\Local\Temp\lwjgl1zaia\3.2.2-build-10\lwjgl_opengl.dll
0x00007ff866330000 - 0x00007ff8665d7000 	C:\Windows\System32\KERNELBASE.dll
0x00007ff877b30000 - 0x00007ff877bd2000 	C:\Windows\System32\msvcp_win.dll
0x00007ff86c010000 - 0x00007ff86c03a000 	C:\Users\1zaia\.jdks\corretto-1.8.0_292\jre\bin\msvcr120.dll
0x00007ff81caa0000 - 0x00007ff81cb29000 	C:\Windows\SYSTEM32\WSOCK32.dll
0x00007ff8393a0000 - 0x00007ff8393f8000 	C:\Windows\SYSTEM32\winmmbase.dll

VM Arguments:
jvm_args: -agentlib:jdwp=transport=dt_socket,address=127.0.0.1:60018,suspend=y,server=n -Dforge.logging.console.level=debug -Dforge.logging.markers=SCAN,REGISTRIES,REGISTRYDUMP -XX:HeapDumpPath=MojangTricksIntelDriversForPerformance_javaw.exe_minecraft.exe.heapdump -Dos.name=Windows 10 -Dos.version=10.0 -javaagent:C:\Users\1zaia\AppData\Local\JetBrains\IdeaIC2020.3\groovyHotSwap\gragent.jar -javaagent:C:\Users\1zaia\AppData\Local\JetBrains\IdeaIC2020.3\captureAgent\debugger-agent.jar -Dfile.encoding=UTF-8 
java_command: net.minecraftforge.userdev.LaunchTesting
java_class_path (initial): C:\Users\1zaia\.jdks\corretto-1.8.0_292\jre\lib\charsets.jar;C:\Users\1zaia\.jdks\corretto-1.8.0_292\jre\lib\ext\access-bridge-64.jar;C:\Users\1zaia\.jdks\corretto-1.8.0_292\jre\lib\ext\cldrdata.jar;C:\Users\1zaia\.jdks\corretto-1.8.0_292\jre\lib\ext\dnsns.jar;C:\Users\1zaia\.jdks\corretto-1.8.0_292\jre\lib\ext\jaccess.jar;C:\Users\1zaia\.jdks\corretto-1.8.0_292\jre\lib\ext\jfxrt.jar;C:\Users\1zaia\.jdks\corretto-1.8.0_292\jre\lib\ext\localedata.jar;C:\Users\1zaia\.jdks\corretto-1.8.0_292\jre\lib\ext\nashorn.jar;C:\Users\1zaia\.jdks\corretto-1.8.0_292\jre\lib\ext\sunec.jar;C:\Users\1zaia\.jdks\corretto-1.8.0_292\jre\lib\ext\sunjce_provider.jar;C:\Users\1zaia\.jdks\corretto-1.8.0_292\jre\lib\ext\sunmscapi.jar;C:\Users\1zaia\.jdks\corretto-1.8.0_292\jre\lib\ext\sunpkcs11.jar;C:\Users\1zaia\.jdks\corretto-1.8.0_292\jre\lib\ext\zipfs.jar;C:\Users\1zaia\.jdks\corretto-1.8.0_292\jre\lib\jce.jar;C:\Users\1zaia\.jdks\corretto-1.8.0_292\jre\lib\jfr.jar;C:\Users\1zaia\.jdks\corretto-1.8.0_292\jre\lib\jfxswt.jar;C:\Users\1zaia\.jdks\corretto-1.8.0_292\jre\lib\jsse.jar;C:\Users\1zaia\.jdks\corretto-1.8.0_292\jre\lib\management-agent.jar;C:\Users\1zaia\.jdks\corretto-1.8.0_292\jre\lib\resources.jar;C:\Users\1zaia\.jdks\corretto-1.8.0_292\jre\lib\rt.jar;C:\Users\1zaia\OneDrive\Documents\GitHub\MoreTimeCapsules-1.16\build\classes\java\main;C:\Users\1zaia\OneDrive\Documents\GitHub\MoreTimeCapsules-1.16\build\resources\main;C:\Users\1zaia\.gradle\caches\forge_gradle\deobf_dependencies\com\gitlab\Spectre0987\TardisMod-1-14\1.16-SNAPSHOT_mapped_snapshot_20201028-1.16.3\TardisMod-1-14-1.16-SNAPSHOT_mapped_snapshot_20201028-1.16.3.jar;C:\Users\1zaia\.gradle\caches\forge_gradle\minecraft_user_repo\net\minecraftforge\forge\1.16.5-36.1.32_mapped_snapshot_20201028-1.16.3\forge-1.16.5-36.1.32_mapped_snapshot_20201028-1.16.3-recomp.jar;C:\Users\1zaia\.gradle\caches\forge_gradle\minecraft_user_repo\net\minecraftforge\forge\1.16.5-36.1.32_mapped_snapshot_20201028-1.
Launcher Type: SUN_STANDARD

Environment Variables:
JAVA_HOME=C:\Program Files\AdoptOpenJDK\jdk-8.0.282.8-hotspot
PATH=C:\Program Files (x86)\Common Files\Oracle\Java\javapath;C:\Program Files (x86)\Razer Chroma SDK\bin;C:\Program Files\Razer Chroma SDK\bin;C:\Program Files (x86)\Common Files\Intel\Shared Libraries\redist\intel64_win\compiler;C:\Program Files (x86)\Razer\ChromaBroadcast\bin;C:\Program Files\Razer\ChromaBroadcast\bin;C:\windows\system32;C:\windows;C:\windows\System32\Wbem;C:\windows\System32\WindowsPowerShell\v1.0\;C:\windows\System32\OpenSSH\;C:\Program Files (x86)\Intel\Intel(R) Management Engine Components\DAL;C:\Program Files\Intel\Intel(R) Management Engine Components\DAL;C:\Program Files (x86)\Intel\Intel(R) Management Engine Components\IPT;C:\Program Files\Intel\Intel(R) Management Engine Components\IPT;C:\Windows\system32;C:\Windows;C:\Windows\System32\Wbem;C:\Windows\System32\WindowsPowerShell\v1.0\;C:\Windows\System32\OpenSSH\;C:\Windows\system32\config\systemprofile\AppData\Local\Microsoft\WindowsApps;D:\Program Files\nodejs\;C:\Program Files (x86)\NVIDIA Corporation\PhysX\Common;C:\Program Files\NVIDIA Corporation\NVIDIA NvDLISR;C:\Program Files\remoteit\resources\x64;C:\Program Files\Git\cmd;C:\Users\1zaia\AppData\Local\Microsoft\WindowsApps;C:\Users\1zaia\AppData\Roaming\npm;D:\Users\1zaia\AppData\Local\Programs\Microsoft VS Code\bin;C:\Users\1zaia\spicetify-cli;D:\Program Files\JetBrains\IntelliJ IDEA Community Edition 2020.3.3\bin;;C:\Users\1zaia\AppData\Local\GitHubDesktop\bin
USERNAME=1zaia
OS=Windows_NT
PROCESSOR_IDENTIFIER=Intel64 Family 6 Model 158 Stepping 10, GenuineIntel



---------------  S Y S T E M  ---------------

OS: Windows 10.0 , 64 bit Build 18362 (10.0.18362.1500)

CPU:total 12 (initial active 12) (6 cores per cpu, 2 threads per core) family 6 model 158 stepping 10, cmov, cx8, fxsr, mmx, sse, sse2, sse3, ssse3, sse4.1, sse4.2, popcnt, avx, avx2, aes, clmul, erms, rtm, 3dnowpref, lzcnt, ht, tsc, tscinvbit, bmi1, bmi2, adx

Memory: 4k page, physical 33443044k(16919068k free), swap 135843044k(8656k free)

vm_info: OpenJDK 64-Bit Server VM (25.292-b10) for windows-amd64 JRE (1.8.0_292-b10), built on Apr 14 2021 23:06:53 by "Administrator" with MS VC++ 12.0 (VS2013)

time: Fri Jul 02 05:41:51 2021
timezone: Arab Standard Time
elapsed time: 11.884325 seconds (0d 0h 0m 11s)

