#
# There is insufficient memory for the Java Runtime Environment to continue.
# Native memory allocation (malloc) failed to allocate 1203056 bytes for Chunk::new
# Possible reasons:
#   The system is out of physical RAM or swap space
#   The process is running with CompressedOops enabled, and the Java Heap may be blocking the growth of the native heap
# Possible solutions:
#   Reduce memory load on the system
#   Increase physical memory or swap space
#   Check if swap backing store is full
#   Decrease Java heap size (-Xmx/-Xms)
#   Decrease number of Java threads
#   Decrease Java thread stack sizes (-Xss)
#   Set larger code cache with -XX:ReservedCodeCacheSize=
#   JVM is running with Zero Based Compressed Oops mode in which the Java heap is
#     placed in the first 32GB address space. The Java Heap base address is the
#     maximum limit for the native heap growth. Please use -XX:HeapBaseMinAddress
#     to set the Java Heap base and to place the Java Heap above 32GB virtual address.
# This output file may be truncated or incomplete.
#
#  Out of Memory Error (allocation.cpp:389), pid=54420, tid=0x0000000000010be0
#
# JRE version: OpenJDK Runtime Environment (8.0_292-b10) (build 1.8.0_292-b10)
# Java VM: OpenJDK 64-Bit Server VM (25.292-b10 mixed mode windows-amd64 compressed oops)
# Failed to write core dump. Minidumps are not enabled by default on client versions of Windows
#

---------------  T H R E A D  ---------------

Current thread (0x0000022b7c792000):  JavaThread "C2 CompilerThread2" daemon [_thread_in_native, id=68576, stack(0x000000cb3d200000,0x000000cb3d300000)]

Stack: [0x000000cb3d200000,0x000000cb3d300000]
[error occurred during error reporting (printing stack bounds), id 0xc0000005]

Native frames: (J=compiled Java code, j=interpreted, Vv=VM code, C=native code)


Current CompileTask:
C2: 113829 29455       4       net.minecraft.world.lighting.SectionLightStorage::setLevel (248 bytes)


---------------  P R O C E S S  ---------------

Java Threads: ( => current thread )
  0x0000022b1bed2000 JavaThread "Worker-Main-27" daemon [_thread_in_Java, id=17896, stack(0x000000cb3e100000,0x000000cb3e200000)]
  0x0000022b19ade800 JavaThread "Worker-Main-28" daemon [_thread_blocked, id=65592, stack(0x000000cb3bb00000,0x000000cb3bc00000)]
  0x0000022b19add800 JavaThread "Worker-Main-26" daemon [_thread_blocked, id=73816, stack(0x000000cb3ba00000,0x000000cb3bb00000)]
  0x0000022b1bed6800 JavaThread "Sound engine" daemon [_thread_blocked, id=77200, stack(0x000000cb3e200000,0x000000cb3e300000)]
  0x0000022b1bece800 JavaThread "Worker-Main-25" daemon [_thread_blocked, id=75168, stack(0x000000cb3bc00000,0x000000cb3bd00000)]
  0x0000022b1bed5000 JavaThread "IO-Worker-22" [_thread_blocked, id=75320, stack(0x000000cb3e600000,0x000000cb3e700000)]
  0x0000022b1bed4000 JavaThread "IO-Worker-21" [_thread_blocked, id=76064, stack(0x000000cb3e400000,0x000000cb3e500000)]
  0x0000022b1bed0800 JavaThread "Netty Server IO #1" daemon [_thread_in_native, id=76176, stack(0x000000cb40700000,0x000000cb40800000)]
  0x0000022b1becf800 JavaThread "Netty Local Client IO #0" daemon [_thread_blocked, id=73724, stack(0x000000cb40600000,0x000000cb40700000)]
  0x0000022b1becd000 JavaThread "Netty Server IO #0" daemon [_thread_in_native, id=78100, stack(0x000000cb40400000,0x000000cb40500000)]
  0x0000022b1becc800 JavaThread "ObjectCleanerThread" daemon [_thread_blocked, id=77652, stack(0x000000cb40300000,0x000000cb40400000)]
  0x0000022b19adf000 JavaThread "Java2D Disposer" daemon [_thread_blocked, id=77856, stack(0x000000cb40200000,0x000000cb40300000)]
  0x0000022b19ad9000 JavaThread "IO-Worker-20" [_thread_blocked, id=57988, stack(0x000000cb3fb00000,0x000000cb3fc00000)]
  0x0000022b19adc000 JavaThread "IO-Worker-19" [_thread_blocked, id=77260, stack(0x000000cb3f800000,0x000000cb3f900000)]
  0x0000022b19adb800 JavaThread "Thread-11" daemon [_thread_in_native, id=64068, stack(0x000000cb3f500000,0x000000cb3f600000)]
  0x0000022b1b78e000 JavaThread "Server thread" [_thread_blocked, id=78632, stack(0x000000cb3f100000,0x000000cb3f200000)]
  0x0000022b1b788800 JavaThread "Snooper Timer" daemon [_thread_blocked, id=72188, stack(0x000000cb3ec00000,0x000000cb3ed00000)]
  0x0000022b1b78a000 JavaThread "Worker-Main-15" daemon [_thread_blocked, id=55992, stack(0x000000cb3ea00000,0x000000cb3eb00000)]
  0x0000022b1b794000 JavaThread "Worker-Main-14" daemon [_thread_blocked, id=78608, stack(0x000000cb3fd00000,0x000000cb3fe00000)]
  0x0000022b1b791800 JavaThread "Worker-Main-13" daemon [_thread_blocked, id=78016, stack(0x000000cb3fc00000,0x000000cb3fd00000)]
  0x0000022b1b78e800 JavaThread "Narrator" [_thread_blocked, id=78652, stack(0x000000cb3f600000,0x000000cb3f700000)]
  0x0000022b1b789000 JavaThread "modloading-worker-6" daemon [_thread_blocked, id=69916, stack(0x000000cb3f300000,0x000000cb3f400000)]
  0x0000022b1b78d000 JavaThread "modloading-worker-13" daemon [_thread_blocked, id=70788, stack(0x000000cb3f200000,0x000000cb3f300000)]
  0x0000022b19add000 JavaThread "Snooper Timer" daemon [_thread_blocked, id=78392, stack(0x000000cb3ef00000,0x000000cb3f000000)]
  0x0000022b19ad9800 JavaThread "Timer hack thread" daemon [_thread_blocked, id=78244, stack(0x000000cb3e500000,0x000000cb3e600000)]
  0x0000022b7dc65800 JavaThread "Thread-2" daemon [_thread_in_native, id=78504, stack(0x000000cb3d800000,0x000000cb3d900000)]
  0x0000022b7dc69000 JavaThread "Thread-1" daemon [_thread_blocked, id=72784, stack(0x000000cb3d700000,0x000000cb3d800000)]
  0x0000022b7c7a6800 JavaThread "Service Thread" daemon [_thread_blocked, id=77848, stack(0x000000cb3d400000,0x000000cb3d500000)]
  0x0000022b7c79d000 JavaThread "C1 CompilerThread3" daemon [_thread_blocked, id=77832, stack(0x000000cb3d300000,0x000000cb3d400000)]
=>0x0000022b7c792000 JavaThread "C2 CompilerThread2" daemon [_thread_in_native, id=68576, stack(0x000000cb3d200000,0x000000cb3d300000)]
  0x0000022b7c791000 JavaThread "C2 CompilerThread1" daemon [_thread_blocked, id=43340, stack(0x000000cb3d100000,0x000000cb3d200000)]
  0x0000022b7c75a000 JavaThread "C2 CompilerThread0" daemon [_thread_blocked, id=28124, stack(0x000000cb3d000000,0x000000cb3d100000)]
  0x0000022b7c2aa800 JavaThread "JDWP Command Reader" daemon [_thread_in_native, id=64644, stack(0x000000cb3cf00000,0x000000cb3d000000)]
  0x0000022b7c298000 JavaThread "JDWP Event Helper Thread" daemon [_thread_blocked, id=71808, stack(0x000000cb3ce00000,0x000000cb3cf00000)]
  0x0000022b7c291000 JavaThread "JDWP Transport Listener: dt_socket" daemon [_thread_blocked, id=59776, stack(0x000000cb3cd00000,0x000000cb3ce00000)]
  0x0000022b79f40000 JavaThread "Attach Listener" daemon [_thread_blocked, id=16868, stack(0x000000cb3cc00000,0x000000cb3cd00000)]
  0x0000022b79f3f000 JavaThread "Signal Dispatcher" daemon [_thread_blocked, id=72212, stack(0x000000cb3cb00000,0x000000cb3cc00000)]
  0x0000022b65a7b000 JavaThread "Finalizer" daemon [_thread_blocked, id=70988, stack(0x000000cb3ca00000,0x000000cb3cb00000)]
  0x0000022b65a72800 JavaThread "Reference Handler" daemon [_thread_blocked, id=72940, stack(0x000000cb3c900000,0x000000cb3ca00000)]
  0x0000022b659d9000 JavaThread "Render thread" [_thread_in_Java, id=70736, stack(0x000000cb3bd00000,0x000000cb3be00000)]

Other Threads:
  0x0000022b79f03800 VMThread [stack: 0x000000cb3c800000,0x000000cb3c900000] [id=64028]
  0x0000022b7c83b000 WatcherThread [stack: 0x000000cb3d500000,0x000000cb3d600000] [id=77996]

VM state:not at safepoint (normal execution)

VM Mutex/Monitor currently owned by a thread: None

heap address: 0x00000005c1a00000, size: 8166 MB, Compressed Oops mode: Zero based, Oop shift amount: 3
Narrow klass base: 0x0000000000000000, Narrow klass shift: 3
Compressed class space size: 1073741824 Address: 0x00000007c0000000

Heap:
 PSYoungGen      total 2599936K, used 2071179K [0x0000000715e00000, 0x00000007c0000000, 0x00000007c0000000)
  eden space 2419712K, 80% used [0x0000000715e00000,0x000000078cf745b0,0x00000007a9900000)
  from space 180224K, 66% used [0x00000007b5000000,0x00000007bc52ea18,0x00000007c0000000)
  to   space 183808K, 0% used [0x00000007a9900000,0x00000007a9900000,0x00000007b4c80000)
 ParOldGen       total 839680K, used 336672K [0x00000005c1a00000, 0x00000005f4e00000, 0x0000000715e00000)
  object space 839680K, 40% used [0x00000005c1a00000,0x00000005d62c8258,0x00000005f4e00000)
 Metaspace       used 115051K, capacity 131224K, committed 131328K, reserved 1159168K
  class space    used 16672K, capacity 20712K, committed 20736K, reserved 1048576K

Card table byte_map: [0x0000022b767c0000,0x0000022b777c0000] byte_map_base: 0x0000022b739b3000

Marking Bits: (ParMarkBitMap*) 0x0000000077d3f7f0
 Begin Bits: [0x0000022b00000000, 0x0000022b07f98000)
 End Bits:   [0x0000022b07f98000, 0x0000022b0ff30000)

Polling page: 0x0000022b65b10000

CodeCache: size=245760Kb used=72979Kb max_used=73704Kb free=172780Kb
 bounds [0x0000022b67400000, 0x0000022b6bc60000, 0x0000022b76400000]
 total_blobs=21449 nmethods=19584 adapters=1780
 compilation: enabled

Compilation events (10 events):
Event: 113.776 Thread 0x0000022b7c79d000 29466       1       net.minecraft.client.settings.KeyBinding::setPressed (6 bytes)
Event: 113.776 Thread 0x0000022b7c79d000 nmethod 29466 0x0000022b692d81d0 code [0x0000022b692d8320, 0x0000022b692d8438]
Event: 113.787 Thread 0x0000022b7c75a000 29467       4       net.minecraft.client.renderer.WorldRenderer::getRenderChunkOffset (90 bytes)
Event: 113.791 Thread 0x0000022b7c75a000 nmethod 29467 0x0000022b6abd3710 code [0x0000022b6abd3880, 0x0000022b6abd3f38]
Event: 113.804 Thread 0x0000022b7c79d000 29468       3       net.minecraft.entity.LivingEntity::updateFallState (200 bytes)
Event: 113.807 Thread 0x0000022b7c79d000 nmethod 29468 0x0000022b69e55910 code [0x0000022b69e55d00, 0x0000022b69e58590]
Event: 113.819 Thread 0x0000022b7c79d000 29469       3       net.tardis.mod.registries.ExteriorRegistry::getExterior (21 bytes)
Event: 113.819 Thread 0x0000022b7c79d000 nmethod 29469 0x0000022b6a516890 code [0x0000022b6a516a20, 0x0000022b6a516ee0]
Event: 113.819 Thread 0x0000022b7c79d000 29470       3       com.google.common.collect.AbstractSetMultimap::<init> (6 bytes)
Event: 113.820 Thread 0x0000022b7c79d000 nmethod 29470 0x0000022b6a310790 code [0x0000022b6a310940, 0x0000022b6a310e00]

GC Heap History (10 events):
Event: 80.334 GC heap before
{Heap before GC invocations=56 (full 4):
 PSYoungGen      total 2631168K, used 2631070K [0x0000000715e00000, 0x00000007c0000000, 0x00000007c0000000)
  eden space 2515968K, 100% used [0x0000000715e00000,0x00000007af700000,0x00000007af700000)
  from space 115200K, 99% used [0x00000007af700000,0x00000007b6767968,0x00000007b6780000)
  to   space 148480K, 0% used [0x00000007b6f00000,0x00000007b6f00000,0x00000007c0000000)
 ParOldGen       total 839680K, used 336632K [0x00000005c1a00000, 0x00000005f4e00000, 0x0000000715e00000)
  object space 839680K, 40% used [0x00000005c1a00000,0x00000005d62be258,0x00000005f4e00000)
 Metaspace       used 114704K, capacity 130856K, committed 131072K, reserved 1159168K
  class space    used 16666K, capacity 20678K, committed 20736K, reserved 1048576K
Event: 80.368 GC heap after
Heap after GC invocations=56 (full 4):
 PSYoungGen      total 2617344K, used 116409K [0x0000000715e00000, 0x00000007c0000000, 0x00000007c0000000)
  eden space 2468864K, 0% used [0x0000000715e00000,0x0000000715e00000,0x00000007ac900000)
  from space 148480K, 78% used [0x00000007b6f00000,0x00000007be0ae640,0x00000007c0000000)
  to   space 159232K, 0% used [0x00000007ac900000,0x00000007ac900000,0x00000007b6480000)
 ParOldGen       total 839680K, used 336640K [0x00000005c1a00000, 0x00000005f4e00000, 0x0000000715e00000)
  object space 839680K, 40% used [0x00000005c1a00000,0x00000005d62c0258,0x00000005f4e00000)
 Metaspace       used 114704K, capacity 130856K, committed 131072K, reserved 1159168K
  class space    used 16666K, capacity 20678K, committed 20736K, reserved 1048576K
}
Event: 89.107 GC heap before
{Heap before GC invocations=57 (full 4):
 PSYoungGen      total 2617344K, used 2585273K [0x0000000715e00000, 0x00000007c0000000, 0x00000007c0000000)
  eden space 2468864K, 100% used [0x0000000715e00000,0x00000007ac900000,0x00000007ac900000)
  from space 148480K, 78% used [0x00000007b6f00000,0x00000007be0ae640,0x00000007c0000000)
  to   space 159232K, 0% used [0x00000007ac900000,0x00000007ac900000,0x00000007b6480000)
 ParOldGen       total 839680K, used 336640K [0x00000005c1a00000, 0x00000005f4e00000, 0x0000000715e00000)
  object space 839680K, 40% used [0x00000005c1a00000,0x00000005d62c0258,0x00000005f4e00000)
 Metaspace       used 114879K, capacity 131050K, committed 131328K, reserved 1159168K
  class space    used 16668K, capacity 20711K, committed 20736K, reserved 1048576K
Event: 89.134 GC heap after
Heap after GC invocations=57 (full 4):
 PSYoungGen      total 2587648K, used 118741K [0x0000000715e00000, 0x00000007c0000000, 0x00000007c0000000)
  eden space 2468864K, 0% used [0x0000000715e00000,0x0000000715e00000,0x00000007ac900000)
  from space 118784K, 99% used [0x00000007ac900000,0x00000007b3cf5568,0x00000007b3d00000)
  to   space 168448K, 0% used [0x00000007b5b80000,0x00000007b5b80000,0x00000007c0000000)
 ParOldGen       total 839680K, used 336648K [0x00000005c1a00000, 0x00000005f4e00000, 0x0000000715e00000)
  object space 839680K, 40% used [0x00000005c1a00000,0x00000005d62c2258,0x00000005f4e00000)
 Metaspace       used 114879K, capacity 131050K, committed 131328K, reserved 1159168K
  class space    used 16668K, capacity 20711K, committed 20736K, reserved 1048576K
}
Event: 97.876 GC heap before
{Heap before GC invocations=58 (full 4):
 PSYoungGen      total 2587648K, used 2587605K [0x0000000715e00000, 0x00000007c0000000, 0x00000007c0000000)
  eden space 2468864K, 100% used [0x0000000715e00000,0x00000007ac900000,0x00000007ac900000)
  from space 118784K, 99% used [0x00000007ac900000,0x00000007b3cf5568,0x00000007b3d00000)
  to   space 168448K, 0% used [0x00000007b5b80000,0x00000007b5b80000,0x00000007c0000000)
 ParOldGen       total 839680K, used 336648K [0x00000005c1a00000, 0x00000005f4e00000, 0x0000000715e00000)
  object space 839680K, 40% used [0x00000005c1a00000,0x00000005d62c2258,0x00000005f4e00000)
 Metaspace       used 114927K, capacity 131118K, committed 131328K, reserved 1159168K
  class space    used 16669K, capacity 20711K, committed 20736K, reserved 1048576K
Event: 97.906 GC heap after
Heap after GC invocations=58 (full 4):
 PSYoungGen      total 2606592K, used 117580K [0x0000000715e00000, 0x00000007c0000000, 0x00000007c0000000)
  eden space 2438144K, 0% used [0x0000000715e00000,0x0000000715e00000,0x00000007aab00000)
  from space 168448K, 69% used [0x00000007b5b80000,0x00000007bce533b0,0x00000007c0000000)
  to   space 174592K, 0% used [0x00000007aab00000,0x00000007aab00000,0x00000007b5580000)
 ParOldGen       total 839680K, used 336656K [0x00000005c1a00000, 0x00000005f4e00000, 0x0000000715e00000)
  object space 839680K, 40% used [0x00000005c1a00000,0x00000005d62c4258,0x00000005f4e00000)
 Metaspace       used 114927K, capacity 131118K, committed 131328K, reserved 1159168K
  class space    used 16669K, capacity 20711K, committed 20736K, reserved 1048576K
}
Event: 105.926 GC heap before
{Heap before GC invocations=59 (full 4):
 PSYoungGen      total 2606592K, used 2555724K [0x0000000715e00000, 0x00000007c0000000, 0x00000007c0000000)
  eden space 2438144K, 100% used [0x0000000715e00000,0x00000007aab00000,0x00000007aab00000)
  from space 168448K, 69% used [0x00000007b5b80000,0x00000007bce533b0,0x00000007c0000000)
  to   space 174592K, 0% used [0x00000007aab00000,0x00000007aab00000,0x00000007b5580000)
 ParOldGen       total 839680K, used 336656K [0x00000005c1a00000, 0x00000005f4e00000, 0x0000000715e00000)
  object space 839680K, 40% used [0x00000005c1a00000,0x00000005d62c4258,0x00000005f4e00000)
 Metaspace       used 114975K, capacity 131128K, committed 131328K, reserved 1159168K
  class space    used 16671K, capacity 20712K, committed 20736K, reserved 1048576K
Event: 105.954 GC heap after
Heap after GC invocations=59 (full 4):
 PSYoungGen      total 2557952K, used 119697K [0x0000000715e00000, 0x00000007c0000000, 0x00000007c0000000)
  eden space 2438144K, 0% used [0x0000000715e00000,0x0000000715e00000,0x00000007aab00000)
  from space 119808K, 99% used [0x00000007aab00000,0x00000007b1fe45c0,0x00000007b2000000)
  to   space 180224K, 0% used [0x00000007b5000000,0x00000007b5000000,0x00000007c0000000)
 ParOldGen       total 839680K, used 336664K [0x00000005c1a00000, 0x00000005f4e00000, 0x0000000715e00000)
  object space 839680K, 40% used [0x00000005c1a00000,0x00000005d62c6258,0x00000005f4e00000)
 Metaspace       used 114975K, capacity 131128K, committed 131328K, reserved 1159168K
  class space    used 16671K, capacity 20712K, committed 20736K, reserved 1048576K
}
Event: 110.456 GC heap before
{Heap before GC invocations=60 (full 4):
 PSYoungGen      total 2557952K, used 2557841K [0x0000000715e00000, 0x00000007c0000000, 0x00000007c0000000)
  eden space 2438144K, 100% used [0x0000000715e00000,0x00000007aab00000,0x00000007aab00000)
  from space 119808K, 99% used [0x00000007aab00000,0x00000007b1fe45c0,0x00000007b2000000)
  to   space 180224K, 0% used [0x00000007b5000000,0x00000007b5000000,0x00000007c0000000)
 ParOldGen       total 839680K, used 336664K [0x00000005c1a00000, 0x00000005f4e00000, 0x0000000715e00000)
  object space 839680K, 40% used [0x00000005c1a00000,0x00000005d62c6258,0x00000005f4e00000)
 Metaspace       used 115013K, capacity 131204K, committed 131328K, reserved 1159168K
  class space    used 16671K, capacity 20712K, committed 20736K, reserved 1048576K
Event: 110.484 GC heap after
Heap after GC invocations=60 (full 4):
 PSYoungGen      total 2599936K, used 119994K [0x0000000715e00000, 0x00000007c0000000, 0x00000007c0000000)
  eden space 2419712K, 0% used [0x0000000715e00000,0x0000000715e00000,0x00000007a9900000)
  from space 180224K, 66% used [0x00000007b5000000,0x00000007bc52ea18,0x00000007c0000000)
  to   space 183808K, 0% used [0x00000007a9900000,0x00000007a9900000,0x00000007b4c80000)
 ParOldGen       total 839680K, used 336672K [0x00000005c1a00000, 0x00000005f4e00000, 0x0000000715e00000)
  object space 839680K, 40% used [0x00000005c1a00000,0x00000005d62c8258,0x00000005f4e00000)
 Metaspace       used 115013K, capacity 131204K, committed 131328K, reserved 1159168K
  class space    used 16671K, capacity 20712K, committed 20736K, reserved 1048576K
}

Deoptimization events (10 events):
Event: 113.370 Thread 0x0000022b659d9000 Uncommon trap: reason=class_check action=maybe_recompile pc=0x0000022b69e43924 method=net.minecraft.client.renderer.entity.model.BipedModel.setLivingAnimations(Lnet/minecraft/entity/Entity;FFF)V @ 2
Event: 113.370 Thread 0x0000022b659d9000 Uncommon trap: reason=class_check action=maybe_recompile pc=0x0000022b67f99578 method=net.minecraft.client.renderer.entity.layers.AbstractEyesLayer.render(Lcom/mojang/blaze3d/matrix/MatrixStack;Lnet/minecraft/client/renderer/IRenderTypeBuffer;ILnet/minecr
Event: 113.373 Thread 0x0000022b1b791800 Uncommon trap: reason=unstable_if action=reinterpret pc=0x0000022b6b9ca904 method=net.minecraft.client.renderer.FluidBlockRenderer.render(Lnet/minecraft/world/IBlockDisplayReader;Lnet/minecraft/util/math/BlockPos;Lcom/mojang/blaze3d/vertex/IVertexBuilder;
Event: 113.374 Thread 0x0000022b659d9000 Uncommon trap: reason=class_check action=maybe_recompile pc=0x0000022b69e43924 method=net.minecraft.client.renderer.entity.model.BipedModel.setLivingAnimations(Lnet/minecraft/entity/Entity;FFF)V @ 2
Event: 113.374 Thread 0x0000022b659d9000 Uncommon trap: reason=class_check action=maybe_recompile pc=0x0000022b67f99578 method=net.minecraft.client.renderer.entity.layers.AbstractEyesLayer.render(Lcom/mojang/blaze3d/matrix/MatrixStack;Lnet/minecraft/client/renderer/IRenderTypeBuffer;ILnet/minecr
Event: 113.377 Thread 0x0000022b659d9000 Uncommon trap: reason=class_check action=maybe_recompile pc=0x0000022b69e43924 method=net.minecraft.client.renderer.entity.model.BipedModel.setLivingAnimations(Lnet/minecraft/entity/Entity;FFF)V @ 2
Event: 113.377 Thread 0x0000022b659d9000 Uncommon trap: reason=class_check action=maybe_recompile pc=0x0000022b67f99578 method=net.minecraft.client.renderer.entity.layers.AbstractEyesLayer.render(Lcom/mojang/blaze3d/matrix/MatrixStack;Lnet/minecraft/client/renderer/IRenderTypeBuffer;ILnet/minecr
Event: 113.769 Thread 0x0000022b659d9000 Uncommon trap: reason=unstable_if action=reinterpret pc=0x0000022b6aadfaf0 method=net.minecraft.client.renderer.WorldRenderer.getRenderChunkOffset(Lnet/minecraft/util/math/BlockPos;Lnet/minecraft/client/renderer/chunk/ChunkRenderDispatcher$ChunkRender;Lne
Event: 113.769 Thread 0x0000022b659d9000 Uncommon trap: reason=unstable_if action=reinterpret pc=0x0000022b67d296bc method=net.minecraft.client.renderer.WorldRenderer.getRenderChunkOffset(Lnet/minecraft/util/math/BlockPos;Lnet/minecraft/client/renderer/chunk/ChunkRenderDispatcher$ChunkRender;Lne
Event: 113.797 Thread 0x0000022b1b78e000 Uncommon trap: reason=unstable_if action=reinterpret pc=0x0000022b6a5478c4 method=net.minecraft.entity.LivingEntity.updateFallState(DZLnet/minecraft/block/BlockState;Lnet/minecraft/util/math/BlockPos;)V @ 59

Classes redefined (0 events):
No events

Internal exceptions (10 events):
Event: 113.362 Thread 0x0000022b659d9000 Exception <a 'sun/nio/fs/WindowsException'> (0x0000000770ea7e50) thrown at [C:\wsjdk\Corretto8Src\installers\windows\zip\corretto-build\buildRoot\src\hotspot\src\share\vm\prims\jni.cpp, line 711]
Event: 113.362 Thread 0x0000022b659d9000 Exception <a 'sun/nio/fs/WindowsException'> (0x0000000770ea8928) thrown at [C:\wsjdk\Corretto8Src\installers\windows\zip\corretto-build\buildRoot\src\hotspot\src\share\vm\prims\jni.cpp, line 711]
Event: 113.362 Thread 0x0000022b659d9000 Exception <a 'sun/nio/fs/WindowsException'> (0x0000000770ea9688) thrown at [C:\wsjdk\Corretto8Src\installers\windows\zip\corretto-build\buildRoot\src\hotspot\src\share\vm\prims\jni.cpp, line 711]
Event: 113.362 Thread 0x0000022b659d9000 Exception <a 'sun/nio/fs/WindowsException'> (0x0000000770eaa140) thrown at [C:\wsjdk\Corretto8Src\installers\windows\zip\corretto-build\buildRoot\src\hotspot\src\share\vm\prims\jni.cpp, line 711]
Event: 113.364 Thread 0x0000022b659d9000 Exception <a 'sun/nio/fs/WindowsException'> (0x0000000770ec0cb8) thrown at [C:\wsjdk\Corretto8Src\installers\windows\zip\corretto-build\buildRoot\src\hotspot\src\share\vm\prims\jni.cpp, line 711]
Event: 113.364 Thread 0x0000022b659d9000 Exception <a 'sun/nio/fs/WindowsException'> (0x0000000770ec1988) thrown at [C:\wsjdk\Corretto8Src\installers\windows\zip\corretto-build\buildRoot\src\hotspot\src\share\vm\prims\jni.cpp, line 711]
Event: 113.364 Thread 0x0000022b659d9000 Exception <a 'sun/nio/fs/WindowsException'> (0x0000000770ec2bb8) thrown at [C:\wsjdk\Corretto8Src\installers\windows\zip\corretto-build\buildRoot\src\hotspot\src\share\vm\prims\jni.cpp, line 711]
Event: 113.364 Thread 0x0000022b659d9000 Exception <a 'sun/nio/fs/WindowsException'> (0x0000000770ec38a8) thrown at [C:\wsjdk\Corretto8Src\installers\windows\zip\corretto-build\buildRoot\src\hotspot\src\share\vm\prims\jni.cpp, line 711]
Event: 113.364 Thread 0x0000022b659d9000 Exception <a 'sun/nio/fs/WindowsException'> (0x0000000770ec4bc8) thrown at [C:\wsjdk\Corretto8Src\installers\windows\zip\corretto-build\buildRoot\src\hotspot\src\share\vm\prims\jni.cpp, line 711]
Event: 113.365 Thread 0x0000022b659d9000 Exception <a 'sun/nio/fs/WindowsException'> (0x0000000770ec56b0) thrown at [C:\wsjdk\Corretto8Src\installers\windows\zip\corretto-build\buildRoot\src\hotspot\src\share\vm\prims\jni.cpp, line 711]

Events (10 events):
Event: 113.813 Thread 0x0000022b1becf800 DEOPT PACKING pc=0x0000022b6ba61be4 sp=0x000000cb406fea40
Event: 113.813 Thread 0x0000022b1becf800 DEOPT UNPACKING pc=0x0000022b674475d8 sp=0x000000cb406fe460 mode 1
Event: 113.814 Thread 0x0000022b1becf800 DEOPT PACKING pc=0x0000022b6ba61be4 sp=0x000000cb406fe920
Event: 113.814 Thread 0x0000022b1becf800 DEOPT UNPACKING pc=0x0000022b674475d8 sp=0x000000cb406fe340 mode 1
Event: 113.814 Thread 0x0000022b1becf800 DEOPT PACKING pc=0x0000022b6ba61be4 sp=0x000000cb406ff1c0
Event: 113.814 Thread 0x0000022b1becf800 DEOPT UNPACKING pc=0x0000022b674475d8 sp=0x000000cb406febe0 mode 1
Event: 113.814 Thread 0x0000022b1becf800 DEOPT PACKING pc=0x0000022b6ba61be4 sp=0x000000cb406ff060
Event: 113.814 Thread 0x0000022b1becf800 DEOPT UNPACKING pc=0x0000022b674475d8 sp=0x000000cb406fea80 mode 1
Event: 113.817 Thread 0x0000022b1becf800 DEOPT PACKING pc=0x0000022b6ba61be4 sp=0x000000cb406ff220
Event: 113.817 Thread 0x0000022b1becf800 DEOPT UNPACKING pc=0x0000022b674475d8 sp=0x000000cb406fec40 mode 1


Dynamic libraries:
0x00007ff74e350000 - 0x00007ff74e38a000 	C:\Users\1zaia\.jdks\corretto-1.8.0_292\bin\java.exe
0x00007ff879960000 - 0x00007ff879b50000 	C:\Windows\SYSTEM32\ntdll.dll
0x00007ff878470000 - 0x00007ff878522000 	C:\Windows\System32\KERNEL32.DLL
0x00007ff8769d0000 - 0x00007ff876c75000 	C:\Windows\System32\KERNELBASE.dll
0x00007ff877ea0000 - 0x00007ff877f43000 	C:\Windows\System32\ADVAPI32.dll
0x00007ff878690000 - 0x00007ff87872e000 	C:\Windows\System32\msvcrt.dll
0x00007ff8783c0000 - 0x00007ff878457000 	C:\Windows\System32\sechost.dll
0x00007ff877a10000 - 0x00007ff877b2f000 	C:\Windows\System32\RPCRT4.dll
0x00007ff877be0000 - 0x00007ff877d74000 	C:\Windows\System32\USER32.dll
0x00007ff8778a0000 - 0x00007ff8778c1000 	C:\Windows\System32\win32u.dll
0x00007ff877e00000 - 0x00007ff877e26000 	C:\Windows\System32\GDI32.dll
0x00007ff877550000 - 0x00007ff8776e8000 	C:\Windows\System32\gdi32full.dll
0x00007ff8774b0000 - 0x00007ff87754e000 	C:\Windows\System32\msvcp_win.dll
0x00007ff8768d0000 - 0x00007ff8769ca000 	C:\Windows\System32\ucrtbase.dll
0x00007ff85d190000 - 0x00007ff85d414000 	C:\Windows\WinSxS\amd64_microsoft.windows.common-controls_6595b64144ccf1df_6.0.18362.1556_none_9e7e372fe45e41d5\COMCTL32.dll
0x00007ff877f50000 - 0x00007ff878286000 	C:\Windows\System32\combase.dll
0x00007ff877920000 - 0x00007ff8779a1000 	C:\Windows\System32\bcryptPrimitives.dll
0x00007ff879620000 - 0x00007ff87964e000 	C:\Windows\System32\IMM32.DLL
0x00007ff834d60000 - 0x00007ff834e4f000 	C:\Users\1zaia\.jdks\corretto-1.8.0_292\jre\bin\msvcr120.dll
0x00007ff83e7c0000 - 0x00007ff83e866000 	C:\Users\1zaia\.jdks\corretto-1.8.0_292\jre\bin\msvcp120.dll
0x0000000077550000 - 0x0000000077dbe000 	C:\Users\1zaia\.jdks\corretto-1.8.0_292\jre\bin\server\jvm.dll
0x00007ff879580000 - 0x00007ff879588000 	C:\Windows\System32\PSAPI.DLL
0x00007ff872c00000 - 0x00007ff872c24000 	C:\Windows\SYSTEM32\WINMM.dll
0x00007ff86fa30000 - 0x00007ff86fa3a000 	C:\Windows\SYSTEM32\VERSION.dll
0x00007ff872db0000 - 0x00007ff872db9000 	C:\Windows\SYSTEM32\WSOCK32.dll
0x00007ff879590000 - 0x00007ff8795ff000 	C:\Windows\System32\WS2_32.dll
0x00007ff872bd0000 - 0x00007ff872bfd000 	C:\Windows\SYSTEM32\winmmbase.dll
0x00007ff8778d0000 - 0x00007ff87791a000 	C:\Windows\System32\cfgmgr32.dll
0x00007ff866cb0000 - 0x00007ff866cbf000 	C:\Users\1zaia\.jdks\corretto-1.8.0_292\jre\bin\verify.dll
0x00007ff861480000 - 0x00007ff8614a9000 	C:\Users\1zaia\.jdks\corretto-1.8.0_292\jre\bin\java.dll
0x00007ff843df0000 - 0x00007ff843e25000 	C:\Users\1zaia\.jdks\corretto-1.8.0_292\jre\bin\jdwp.dll
0x00007ff868240000 - 0x00007ff868248000 	C:\Users\1zaia\.jdks\corretto-1.8.0_292\jre\bin\npt.dll
0x00007ff859960000 - 0x00007ff85998a000 	C:\Users\1zaia\.jdks\corretto-1.8.0_292\jre\bin\instrument.dll
0x00007ff862290000 - 0x00007ff8622a6000 	C:\Users\1zaia\.jdks\corretto-1.8.0_292\jre\bin\zip.dll
0x00007ff878c00000 - 0x00007ff8792e7000 	C:\Windows\System32\SHELL32.dll
0x00007ff879870000 - 0x00007ff879918000 	C:\Windows\System32\shcore.dll
0x00007ff876c80000 - 0x00007ff8773fb000 	C:\Windows\System32\windows.storage.dll
0x00007ff876820000 - 0x00007ff87683e000 	C:\Windows\System32\profapi.dll
0x00007ff876880000 - 0x00007ff8768ca000 	C:\Windows\System32\powrprof.dll
0x00007ff876810000 - 0x00007ff876820000 	C:\Windows\System32\UMPDC.dll
0x00007ff879660000 - 0x00007ff8796b2000 	C:\Windows\System32\shlwapi.dll
0x00007ff876860000 - 0x00007ff876871000 	C:\Windows\System32\kernel.appcore.dll
0x00007ff877880000 - 0x00007ff877897000 	C:\Windows\System32\cryptsp.dll
0x00007ff8681c0000 - 0x00007ff8681c9000 	C:\Users\1zaia\.jdks\corretto-1.8.0_292\jre\bin\dt_socket.dll
0x00007ff876050000 - 0x00007ff8760b7000 	C:\Windows\system32\mswsock.dll
0x00007ff866a10000 - 0x00007ff866a1d000 	C:\Users\1zaia\.jdks\corretto-1.8.0_292\jre\bin\management.dll
0x00007ff861be0000 - 0x00007ff861bfa000 	C:\Users\1zaia\.jdks\corretto-1.8.0_292\jre\bin\net.dll
0x00007ff84c0f0000 - 0x00007ff84c106000 	C:\Windows\system32\napinsp.dll
0x00007ff84bf80000 - 0x00007ff84bf9a000 	C:\Windows\system32\pnrpnsp.dll
0x00007ff8742a0000 - 0x00007ff8742bc000 	C:\Windows\system32\NLAapi.dll
0x00007ff875d60000 - 0x00007ff875d9a000 	C:\Windows\SYSTEM32\IPHLPAPI.DLL
0x00007ff875da0000 - 0x00007ff875e6b000 	C:\Windows\SYSTEM32\DNSAPI.dll
0x00007ff879650000 - 0x00007ff879658000 	C:\Windows\System32\NSI.dll
0x00007ff84c0e0000 - 0x00007ff84c0ee000 	C:\Windows\System32\winrnr.dll
0x00000000543d0000 - 0x00000000543f6000 	C:\Program Files\Bonjour\mdnsNSP.dll
0x00007ff8724f0000 - 0x00007ff872505000 	C:\Windows\system32\wshbth.dll
0x00007ff870c50000 - 0x00007ff870c5a000 	C:\Windows\System32\rasadhlp.dll
0x00007ff86f560000 - 0x00007ff86f5d7000 	C:\Windows\System32\fwpuclnt.dll
0x00007ff8776f0000 - 0x00007ff877716000 	C:\Windows\System32\bcrypt.dll
0x00007ff860be0000 - 0x00007ff860bf2000 	C:\Users\1zaia\.jdks\corretto-1.8.0_292\jre\bin\nio.dll
0x00007ff85c140000 - 0x00007ff85c163000 	C:\Users\1zaia\.jdks\corretto-1.8.0_292\jre\bin\sunec.dll
0x00007ff875bd0000 - 0x00007ff875c03000 	C:\Windows\system32\rsaenh.dll
0x00007ff876700000 - 0x00007ff876725000 	C:\Windows\SYSTEM32\USERENV.dll
0x00007ff876220000 - 0x00007ff87622c000 	C:\Windows\SYSTEM32\CRYPTBASE.dll
0x00007ff870200000 - 0x00007ff870216000 	C:\Windows\SYSTEM32\dhcpcsvc6.DLL
0x00007ff86f910000 - 0x00007ff86f92c000 	C:\Windows\SYSTEM32\dhcpcsvc.DLL
0x00007ff83c8f0000 - 0x00007ff83c962000 	C:\Users\1zaia\AppData\Local\Temp\lwjgl1zaia\3.2.2-build-10\lwjgl.dll
0x00007ff82d330000 - 0x00007ff82d581000 	C:\Users\1zaia\AppData\Local\Temp\lwjgl1zaia\3.2.2-build-10\jemalloc.dll
0x00007ff83c890000 - 0x00007ff83c8ee000 	C:\Users\1zaia\AppData\Local\Temp\lwjgl1zaia\3.2.2-build-10\glfw.dll
0x00007ff874ab0000 - 0x00007ff874b49000 	C:\Windows\system32\uxtheme.dll
0x00007ff81d150000 - 0x00007ff81d193000 	C:\Windows\SYSTEM32\dinput8.dll
0x00007ff861a20000 - 0x00007ff861a31000 	C:\Windows\SYSTEM32\xinput1_4.dll
0x00007ff876600000 - 0x00007ff87662a000 	C:\Windows\SYSTEM32\DEVOBJ.dll
0x00007ff874f70000 - 0x00007ff874f9d000 	C:\Windows\SYSTEM32\dwmapi.dll
0x00007ff866210000 - 0x00007ff86632b000 	C:\Windows\SYSTEM32\inputhost.dll
0x00007ff874770000 - 0x00007ff874844000 	C:\Windows\SYSTEM32\CoreMessaging.dll
0x00007ff8725f0000 - 0x00007ff872742000 	C:\Windows\SYSTEM32\wintypes.dll
0x00007ff873160000 - 0x00007ff87324f000 	C:\Windows\SYSTEM32\PROPSYS.dll
0x00007ff870ed0000 - 0x00007ff8711fa000 	C:\Windows\SYSTEM32\CoreUIComponents.dll
0x00007ff8792f0000 - 0x00007ff8793b5000 	C:\Windows\System32\OLEAUT32.dll
0x00007ff875850000 - 0x00007ff875881000 	C:\Windows\SYSTEM32\ntmarta.dll
0x00007ff879440000 - 0x00007ff879575000 	C:\Windows\System32\MSCTF.dll
0x00007ff8753f0000 - 0x00007ff8753fe000 	C:\Windows\SYSTEM32\HID.DLL
0x00007ff878730000 - 0x00007ff878ba0000 	C:\Windows\System32\SETUPAPI.DLL
0x00007ff8779b0000 - 0x00007ff877a0c000 	C:\Windows\System32\WINTRUST.dll
0x00007ff876840000 - 0x00007ff876852000 	C:\Windows\System32\MSASN1.dll
0x00007ff877720000 - 0x00007ff877871000 	C:\Windows\System32\CRYPT32.dll
0x00007ff834720000 - 0x00007ff834876000 	C:\Windows\SYSTEM32\opengl32.dll
0x00007ff862790000 - 0x00007ff8627bc000 	C:\Windows\SYSTEM32\GLU32.dll
0x00007ff875450000 - 0x00007ff875470000 	C:\Windows\SYSTEM32\dxcore.dll
0x00007ff806f30000 - 0x00007ff80990e000 	C:\Windows\System32\DriverStore\FileRepository\nvhdci.inf_amd64_5b345abba51a5621\nvoglv64.dll
0x00007ff878530000 - 0x00007ff878687000 	C:\Windows\System32\ole32.dll
0x00007ff872300000 - 0x00007ff872313000 	C:\Windows\SYSTEM32\WTSAPI32.dll
0x00007ff86e6b0000 - 0x00007ff86e6df000 	C:\Windows\SYSTEM32\cryptnet.dll
0x00007ff84b610000 - 0x00007ff84b8d3000 	C:\Windows\system32\nvspcap64.dll
0x00007ff8758c0000 - 0x00007ff875916000 	C:\Windows\SYSTEM32\WINSTA.dll
0x00007ff8391e0000 - 0x00007ff83925f000 	C:\Users\1zaia\AppData\Local\Temp\lwjgl1zaia\3.2.2-build-10\lwjgl_stb.dll
0x00007ff8702d0000 - 0x00007ff87037e000 	C:\Windows\SYSTEM32\mscms.dll
0x00007ff871e20000 - 0x00007ff871e37000 	C:\Windows\SYSTEM32\ColorAdapterClient.dll
0x00007ff81d600000 - 0x00007ff81d643000 	C:\Windows\SYSTEM32\icm32.dll
0x00007ff868350000 - 0x00007ff8683eb000 	C:\Windows\System32\TextInputFramework.dll
0x00007ff866330000 - 0x00007ff8665d7000 	C:\Windows\System32\iertutil.dll
0x00007ff877b30000 - 0x00007ff877bd2000 	C:\Windows\System32\clbcatq.dll
0x00007ff86c010000 - 0x00007ff86c03a000 	C:\Windows\System32\Speech\SpeechUX\SpTip.dll
0x00007ff81caa0000 - 0x00007ff81cb29000 	D:\Overwolf\0.173.0.16\OWExplorer.dll
0x00007ff83c830000 - 0x00007ff83c888000 	C:\Users\1zaia\AppData\Local\Temp\lwjgl1zaia\3.2.2-build-10\lwjgl_opengl.dll
0x00007ff866730000 - 0x00007ff86673c000 	C:\Users\1zaia\.jdks\corretto-1.8.0_292\jre\bin\sunmscapi.dll
0x00007ff876330000 - 0x00007ff876356000 	C:\Windows\SYSTEM32\ncrypt.dll
0x00007ff8762f0000 - 0x00007ff87632b000 	C:\Windows\SYSTEM32\NTASN1.dll
0x00007ff8645b0000 - 0x00007ff864787000 	C:\Windows\system32\urlmon.dll
0x00007ff8393b0000 - 0x00007ff8393f2000 	C:\Users\1zaia\AppData\Local\Temp\jna-48983600\jna8961910325521029411.dll
0x00007ff860c00000 - 0x00007ff860c1a000 	C:\Users\1zaia\OneDrive\Documents\GitHub\MoreTimeCapsules-1.16\build\natives\SAPIWrapper_x64.dll
0x00007ff81d7e0000 - 0x00007ff81d960000 	C:\Windows\System32\Speech\Common\sapi.dll
0x00007ff843c90000 - 0x00007ff843cac000 	C:\Windows\SYSTEM32\MSACM32.dll
0x00007ff868470000 - 0x00007ff86847b000 	C:\Windows\SYSTEM32\msdmo.dll
0x00007ff870d60000 - 0x00007ff870dd2000 	C:\Windows\System32\MMDevApi.dll
0x00007ff834020000 - 0x00007ff834134000 	C:\Users\1zaia\AppData\Local\Temp\lwjgl1zaia\3.2.2-build-10\OpenAL.dll
0x00007ff871200000 - 0x00007ff871361000 	C:\Windows\SYSTEM32\AUDIOSES.DLL
0x00007ff874e80000 - 0x00007ff874e94000 	C:\Windows\SYSTEM32\resourcepolicyclient.dll
0x00007ff82c830000 - 0x00007ff82c9c5000 	C:\Users\1zaia\.jdks\corretto-1.8.0_292\jre\bin\awt.dll
0x00007ff874980000 - 0x00007ff874a0f000 	C:\Windows\SYSTEM32\apphelp.dll

VM Arguments:
jvm_args: -agentlib:jdwp=transport=dt_socket,address=127.0.0.1:55074,suspend=y,server=n -Dforge.logging.console.level=debug -Dforge.logging.markers=SCAN,REGISTRIES,REGISTRYDUMP -XX:HeapDumpPath=MojangTricksIntelDriversForPerformance_javaw.exe_minecraft.exe.heapdump -Dos.name=Windows 10 -Dos.version=10.0 -javaagent:C:\Users\1zaia\AppData\Local\JetBrains\IdeaIC2020.3\groovyHotSwap\gragent.jar -javaagent:C:\Users\1zaia\AppData\Local\JetBrains\IdeaIC2020.3\captureAgent\debugger-agent.jar -Dfile.encoding=UTF-8 
java_command: net.minecraftforge.userdev.LaunchTesting
java_class_path (initial): C:\Users\1zaia\.jdks\corretto-1.8.0_292\jre\lib\charsets.jar;C:\Users\1zaia\.jdks\corretto-1.8.0_292\jre\lib\ext\access-bridge-64.jar;C:\Users\1zaia\.jdks\corretto-1.8.0_292\jre\lib\ext\cldrdata.jar;C:\Users\1zaia\.jdks\corretto-1.8.0_292\jre\lib\ext\dnsns.jar;C:\Users\1zaia\.jdks\corretto-1.8.0_292\jre\lib\ext\jaccess.jar;C:\Users\1zaia\.jdks\corretto-1.8.0_292\jre\lib\ext\jfxrt.jar;C:\Users\1zaia\.jdks\corretto-1.8.0_292\jre\lib\ext\localedata.jar;C:\Users\1zaia\.jdks\corretto-1.8.0_292\jre\lib\ext\nashorn.jar;C:\Users\1zaia\.jdks\corretto-1.8.0_292\jre\lib\ext\sunec.jar;C:\Users\1zaia\.jdks\corretto-1.8.0_292\jre\lib\ext\sunjce_provider.jar;C:\Users\1zaia\.jdks\corretto-1.8.0_292\jre\lib\ext\sunmscapi.jar;C:\Users\1zaia\.jdks\corretto-1.8.0_292\jre\lib\ext\sunpkcs11.jar;C:\Users\1zaia\.jdks\corretto-1.8.0_292\jre\lib\ext\zipfs.jar;C:\Users\1zaia\.jdks\corretto-1.8.0_292\jre\lib\jce.jar;C:\Users\1zaia\.jdks\corretto-1.8.0_292\jre\lib\jfr.jar;C:\Users\1zaia\.jdks\corretto-1.8.0_292\jre\lib\jfxswt.jar;C:\Users\1zaia\.jdks\corretto-1.8.0_292\jre\lib\jsse.jar;C:\Users\1zaia\.jdks\corretto-1.8.0_292\jre\lib\management-agent.jar;C:\Users\1zaia\.jdks\corretto-1.8.0_292\jre\lib\resources.jar;C:\Users\1zaia\.jdks\corretto-1.8.0_292\jre\lib\rt.jar;C:\Users\1zaia\OneDrive\Documents\GitHub\MoreTimeCapsules-1.16\build\classes\java\main;C:\Users\1zaia\OneDrive\Documents\GitHub\MoreTimeCapsules-1.16\build\resources\main;C:\Users\1zaia\.gradle\caches\forge_gradle\deobf_dependencies\com\gitlab\Spectre0987\TardisMod-1-14\1.16-SNAPSHOT_mapped_snapshot_20201028-1.16.3\TardisMod-1-14-1.16-SNAPSHOT_mapped_snapshot_20201028-1.16.3.jar;C:\Users\1zaia\.gradle\caches\forge_gradle\minecraft_user_repo\net\minecraftforge\forge\1.16.5-36.1.32_mapped_snapshot_20201028-1.16.3\forge-1.16.5-36.1.32_mapped_snapshot_20201028-1.16.3-recomp.jar;C:\Users\1zaia\.gradle\caches\forge_gradle\minecraft_user_repo\net\minecraftforge\forge\1.16.5-36.1.32_mapped_snapshot_20201028-1.
Launcher Type: SUN_STANDARD

Environment Variables:
JAVA_HOME=C:\Program Files\AdoptOpenJDK\jdk-8.0.282.8-hotspot
PATH=C:\Program Files (x86)\Common Files\Oracle\Java\javapath;C:\Program Files (x86)\Razer Chroma SDK\bin;C:\Program Files\Razer Chroma SDK\bin;C:\Program Files (x86)\Common Files\Intel\Shared Libraries\redist\intel64_win\compiler;C:\Program Files (x86)\Razer\ChromaBroadcast\bin;C:\Program Files\Razer\ChromaBroadcast\bin;C:\windows\system32;C:\windows;C:\windows\System32\Wbem;C:\windows\System32\WindowsPowerShell\v1.0\;C:\windows\System32\OpenSSH\;C:\Program Files (x86)\Intel\Intel(R) Management Engine Components\DAL;C:\Program Files\Intel\Intel(R) Management Engine Components\DAL;C:\Program Files (x86)\Intel\Intel(R) Management Engine Components\IPT;C:\Program Files\Intel\Intel(R) Management Engine Components\IPT;C:\Windows\system32;C:\Windows;C:\Windows\System32\Wbem;C:\Windows\System32\WindowsPowerShell\v1.0\;C:\Windows\System32\OpenSSH\;C:\Windows\system32\config\systemprofile\AppData\Local\Microsoft\WindowsApps;D:\Program Files\nodejs\;C:\Program Files (x86)\NVIDIA Corporation\PhysX\Common;C:\Program Files\NVIDIA Corporation\NVIDIA NvDLISR;C:\Program Files\remoteit\resources\x64;C:\Program Files\Git\cmd;C:\Users\1zaia\AppData\Local\Microsoft\WindowsApps;C:\Users\1zaia\AppData\Roaming\npm;D:\Users\1zaia\AppData\Local\Programs\Microsoft VS Code\bin;C:\Users\1zaia\spicetify-cli;D:\Program Files\JetBrains\IntelliJ IDEA Community Edition 2020.3.3\bin;;C:\Users\1zaia\AppData\Local\GitHubDesktop\bin
USERNAME=1zaia
OS=Windows_NT
PROCESSOR_IDENTIFIER=Intel64 Family 6 Model 158 Stepping 10, GenuineIntel



---------------  S Y S T E M  ---------------

OS: Windows 10.0 , 64 bit Build 18362 (10.0.18362.1500)

CPU:total 12 (initial active 12) (6 cores per cpu, 2 threads per core) family 6 model 158 stepping 10, cmov, cx8, fxsr, mmx, sse, sse2, sse3, ssse3, sse4.1, sse4.2, popcnt, avx, avx2, aes, clmul, erms, rtm, 3dnowpref, lzcnt, ht, tsc, tscinvbit, bmi1, bmi2, adx

Memory: 4k page, physical 33443044k(16500448k free), swap 135843044k(5308k free)

vm_info: OpenJDK 64-Bit Server VM (25.292-b10) for windows-amd64 JRE (1.8.0_292-b10), built on Apr 14 2021 23:06:53 by "Administrator" with MS VC++ 12.0 (VS2013)

time: Fri Jul 02 05:56:25 2021
timezone: Arab Standard Time
elapsed time: 113.843628 seconds (0d 0h 1m 53s)

